Log file open, 04/17/18 21:42:20
LogWindows: Failed to load 'aqProf.dll' (GetLastError=126)
LogWindows: File 'aqProf.dll' does not exist
LogWindows: Failed to load 'VtuneApi.dll' (GetLastError=126)
LogWindows: File 'VtuneApi.dll' does not exist
LogWindows: Failed to load 'VtuneApi32e.dll' (GetLastError=126)
LogWindows: File 'VtuneApi32e.dll' does not exist
LogInit: Display: Running engine for game: VRaporwave
LogPlatformFile: Not using cached read wrapper
LogInit: Display: RandInit(437070664) SRandInit(437070664).
LogInit: Read version file with build ID '3709383'
LogInit: Overriding engine version to CL 3832480, compatible CL 3709383
LogInit: Registered custom module enumerator with build ID '3709383'
LogTaskGraph: Started task graph with 5 named threads and 14 total threads with 3 sets of task threads.
LogStats: Stats thread started at 0.180879
LogD3D11RHI: Aftermath initialized
LogModuleManager: Display: Found up-to-date module file ../../../Engine/Plugins/2D/Paper2D/Binaries/Win64/UE4Editor-Paper2D.dll (API version 3709383).
LogModuleManager: Display: Found up-to-date module file ../../../Engine/Plugins/2D/Paper2D/Binaries/Win64/UE4Editor-Paper2DEditor.dll (API version 3709383).
LogModuleManager: Display: Found up-to-date module file ../../../Engine/Plugins/2D/Paper2D/Binaries/Win64/UE4Editor-PaperSpriteSheetImporter.dll (API version 3709383).
LogModuleManager: Display: Found up-to-date module file ../../../Engine/Plugins/2D/Paper2D/Binaries/Win64/UE4Editor-PaperTiledImporter.dll (API version 3709383).
LogModuleManager: Display: Found up-to-date module file ../../../Engine/Plugins/2D/Paper2D/Binaries/Win64/UE4Editor-SmartSnapping.dll (API version 3709383).
LogModuleManager: Display: Found up-to-date module file ../../../Engine/Plugins/Blendables/LightPropagationVolume/Binaries/Win64/UE4Editor-LightPropagationVolumeRuntime.dll (API version 3709383).
LogModuleManager: Display: Found up-to-date module file ../../../Engine/Plugins/Blendables/LightPropagationVolume/Binaries/Win64/UE4Editor-LightPropagationVolumeEditor.dll (API version 3709383).
LogModuleManager: Display: Found up-to-date module file ../../../Engine/Plugins/Developer/GitSourceControl/Binaries/Win64/UE4Editor-GitSourceControl.dll (API version 3709383).
LogModuleManager: Display: Found up-to-date module file ../../../Engine/Plugins/Developer/PerforceSourceControl/Binaries/Win64/UE4Editor-PerforceSourceControl.dll (API version 3709383).
LogModuleManager: Display: Found up-to-date module file ../../../Engine/Plugins/Developer/SubversionSourceControl/Binaries/Win64/UE4Editor-SubversionSourceControl.dll (API version 3709383).
LogModuleManager: Display: Found up-to-date module file ../../../Engine/Plugins/Developer/UObjectPlugin/Binaries/Win64/UE4Editor-UObjectPlugin.dll (API version 3709383).
LogModuleManager: Display: Found up-to-date module file ../../../Engine/Plugins/Developer/VisualStudioCodeSourceCodeAccess/Binaries/Win64/UE4Editor-VisualStudioCodeSourceCodeAccess.dll (API version 3709383).
LogModuleManager: Display: Found up-to-date module file ../../../Engine/Plugins/Developer/VisualStudioSourceCodeAccess/Binaries/Win64/UE4Editor-VisualStudioSourceCodeAccess.dll (API version 3709383).
LogModuleManager: Display: Found up-to-date module file ../../../Engine/Plugins/Editor/AssetManagerEditor/Binaries/Win64/UE4Editor-AssetManagerEditor.dll (API version 3709383).
LogModuleManager: Display: Found up-to-date module file ../../../Engine/Plugins/Editor/AudioCapture/Binaries/Win64/UE4Editor-AudioCapture.dll (API version 3709383).
LogModuleManager: Display: Found up-to-date module file ../../../Engine/Plugins/Editor/FacialAnimation/Binaries/Win64/UE4Editor-FacialAnimation.dll (API version 3709383).
LogModuleManager: Display: Found up-to-date module file ../../../Engine/Plugins/Editor/FacialAnimation/Binaries/Win64/UE4Editor-FacialAnimationEditor.dll (API version 3709383).
LogModuleManager: Display: Found up-to-date module file ../../../Engine/Plugins/Editor/GameplayTagsEditor/Binaries/Win64/UE4Editor-GameplayTagsEditor.dll (API version 3709383).
LogModuleManager: Display: Found up-to-date module file ../../../Engine/Plugins/Editor/MobileLauncherProfileWizard/Binaries/Win64/UE4Editor-MobileLauncherProfileWizard.dll (API version 3709383).
LogModuleManager: Display: Found up-to-date module file ../../../Engine/Plugins/Editor/PluginBrowser/Binaries/Win64/UE4Editor-PluginBrowser.dll (API version 3709383).
LogModuleManager: Display: Found up-to-date module file ../../../Engine/Plugins/Editor/SpeedTreeImporter/Binaries/Win64/UE4Editor-SpeedTreeImporter.dll (API version 3709383).
LogModuleManager: Display: Found up-to-date module file ../../../Engine/Plugins/Experimental/AlembicImporter/Binaries/Win64/UE4Editor-AlembicImporter.dll (API version 3709383).
LogModuleManager: Display: Found up-to-date module file ../../../Engine/Plugins/Experimental/AlembicImporter/Binaries/Win64/UE4Editor-AlembicLibrary.dll (API version 3709383).
LogModuleManager: Display: Found up-to-date module file ../../../Engine/Plugins/Experimental/CharacterAI/Binaries/Win64/UE4Editor-CharacterAI.dll (API version 3709383).
LogModuleManager: Display: Found up-to-date module file ../../../Engine/Plugins/Experimental/HTML5Networking/Binaries/Win64/UE4Editor-HTML5Networking.dll (API version 3709383).
LogModuleManager: Display: Found up-to-date module file ../../../Engine/Plugins/Media/AndroidMedia/Binaries/Win64/UE4Editor-AndroidMediaEditor.dll (API version 3709383).
LogModuleManager: Display: Found up-to-date module file ../../../Engine/Plugins/Media/AndroidMedia/Binaries/Win64/UE4Editor-AndroidMediaFactory.dll (API version 3709383).
LogModuleManager: Display: Found up-to-date module file ../../../Engine/Plugins/Media/AvfMedia/Binaries/Win64/UE4Editor-AvfMediaEditor.dll (API version 3709383).
LogModuleManager: Display: Found up-to-date module file ../../../Engine/Plugins/Media/AvfMedia/Binaries/Win64/UE4Editor-AvfMediaFactory.dll (API version 3709383).
LogModuleManager: Display: Found up-to-date module file ../../../Engine/Plugins/Media/AvfMedia/Binaries/Win64/UE4Editor-AvfMediaFactory.dll (API version 3709383).
LogModuleManager: Display: Found up-to-date module file ../../../Engine/Plugins/Media/ImgMedia/Binaries/Win64/UE4Editor-ImgMedia.dll (API version 3709383).
LogModuleManager: Display: Found up-to-date module file ../../../Engine/Plugins/Media/ImgMedia/Binaries/Win64/UE4Editor-ImgMediaEditor.dll (API version 3709383).
LogModuleManager: Display: Found up-to-date module file ../../../Engine/Plugins/Media/ImgMedia/Binaries/Win64/UE4Editor-ImgMediaFactory.dll (API version 3709383).
LogModuleManager: Display: Found up-to-date module file ../../../Engine/Plugins/Media/ImgMedia/Binaries/Win64/UE4Editor-ImgMediaFactory.dll (API version 3709383).
LogModuleManager: Display: Found up-to-date module file ../../../Engine/Plugins/Media/ImgMedia/Binaries/Win64/UE4Editor-OpenExrWrapper.dll (API version 3709383).
LogModuleManager: Display: Found up-to-date module file ../../../Engine/Plugins/Media/MediaCompositing/Binaries/Win64/UE4Editor-MediaCompositing.dll (API version 3709383).
LogModuleManager: Display: Found up-to-date module file ../../../Engine/Plugins/Media/MediaCompositing/Binaries/Win64/UE4Editor-MediaCompositingEditor.dll (API version 3709383).
LogModuleManager: Display: Found up-to-date module file ../../../Engine/Plugins/Media/MediaPlayerEditor/Binaries/Win64/UE4Editor-MediaPlayerEditor.dll (API version 3709383).
LogModuleManager: Display: Found up-to-date module file ../../../Engine/Plugins/Media/WmfMedia/Binaries/Win64/UE4Editor-WmfMedia.dll (API version 3709383).
LogModuleManager: Display: Found up-to-date module file ../../../Engine/Plugins/Media/WmfMedia/Binaries/Win64/UE4Editor-WmfMediaEditor.dll (API version 3709383).
LogModuleManager: Display: Found up-to-date module file ../../../Engine/Plugins/Media/WmfMedia/Binaries/Win64/UE4Editor-WmfMediaFactory.dll (API version 3709383).
LogModuleManager: Display: Found up-to-date module file ../../../Engine/Plugins/Media/WmfMedia/Binaries/Win64/UE4Editor-WmfMediaFactory.dll (API version 3709383).
LogModuleManager: Display: Found up-to-date module file ../../../Engine/Plugins/Messaging/TcpMessaging/Binaries/Win64/UE4Editor-TcpMessaging.dll (API version 3709383).
LogModuleManager: Display: Found up-to-date module file ../../../Engine/Plugins/Messaging/UdpMessaging/Binaries/Win64/UE4Editor-UdpMessaging.dll (API version 3709383).
LogModuleManager: Display: Found up-to-date module file ../../../Engine/Plugins/MovieScene/ActorSequence/Binaries/Win64/UE4Editor-ActorSequence.dll (API version 3709383).
LogModuleManager: Display: Found up-to-date module file ../../../Engine/Plugins/MovieScene/LevelSequenceEditor/Binaries/Win64/UE4Editor-LevelSequenceEditor.dll (API version 3709383).
LogModuleManager: Display: Found up-to-date module file ../../../Engine/Plugins/MovieScene/MatineeToLevelSequence/Binaries/Win64/UE4Editor-MatineeToLevelSequence.dll (API version 3709383).
LogModuleManager: Display: Found up-to-date module file ../../../Engine/Plugins/Online/OnlineSubsystem/Binaries/Win64/UE4Editor-OnlineSubsystem.dll (API version 3709383).
LogModuleManager: Display: Found up-to-date module file ../../../Engine/Plugins/Runtime/AndroidPermission/Binaries/Win64/UE4Editor-AndroidPermission.dll (API version 3709383).
LogModuleManager: Display: Found up-to-date module file ../../../Engine/Plugins/Online/OnlineSubsystemNull/Binaries/Win64/UE4Editor-OnlineSubsystemNull.dll (API version 3709383).
LogModuleManager: Display: Found up-to-date module file ../../../Engine/Plugins/Online/OnlineSubsystemUtils/Binaries/Win64/UE4Editor-OnlineSubsystemUtils.dll (API version 3709383).
LogModuleManager: Display: Found up-to-date module file ../../../Engine/Plugins/Online/OnlineSubsystemUtils/Binaries/Win64/UE4Editor-OnlineBlueprintSupport.dll (API version 3709383).
LogModuleManager: Display: Found up-to-date module file ../../../Engine/Plugins/Runtime/AndroidDeviceProfileSelector/Binaries/Win64/UE4Editor-AndroidDeviceProfileSelector.dll (API version 3709383).
LogModuleManager: Display: Found up-to-date module file ../../../Engine/Plugins/Runtime/AppleARKit/Binaries/Win64/UE4Editor-AppleARKit.dll (API version 3709383).
LogModuleManager: Display: Found up-to-date module file ../../../Engine/Plugins/Runtime/ArchVisCharacter/Binaries/Win64/UE4Editor-ArchVisCharacter.dll (API version 3709383).
LogModuleManager: Display: Found up-to-date module file ../../../Engine/Plugins/Runtime/CableComponent/Binaries/Win64/UE4Editor-CableComponent.dll (API version 3709383).
LogModuleManager: Display: Found up-to-date module file ../../../Engine/Plugins/Runtime/CustomMeshComponent/Binaries/Win64/UE4Editor-CustomMeshComponent.dll (API version 3709383).
LogModuleManager: Display: Found up-to-date module file ../../../Engine/Plugins/Runtime/ExampleDeviceProfileSelector/Binaries/Win64/UE4Editor-ExampleDeviceProfileSelector.dll (API version 3709383).
LogModuleManager: Display: Found up-to-date module file ../../../Engine/Plugins/Runtime/ImmediatePhysics/Binaries/Win64/UE4Editor-ImmediatePhysics.dll (API version 3709383).
LogModuleManager: Display: Found up-to-date module file ../../../Engine/Plugins/Runtime/ImmediatePhysics/Binaries/Win64/UE4Editor-ImmediatePhysicsEditor.dll (API version 3709383).
LogModuleManager: Display: Found up-to-date module file ../../../Engine/Plugins/Runtime/LocationServicesBPLibrary/Binaries/Win64/UE4Editor-LocationServicesBPLibrary.dll (API version 3709383).
LogModuleManager: Display: Found up-to-date module file ../../../Engine/Plugins/Runtime/MobilePatchingUtils/Binaries/Win64/UE4Editor-MobilePatchingUtils.dll (API version 3709383).
LogModuleManager: Display: Found up-to-date module file ../../../Engine/Plugins/Runtime/Oculus/OculusVR/Binaries/Win64/UE4Editor-OculusHMD.dll (API version 3709383).
LogModuleManager: Display: Found up-to-date module file ../../../Engine/Plugins/Runtime/Oculus/OculusVR/Binaries/Win64/UE4Editor-OculusInput.dll (API version 3709383).
LogModuleManager: Display: Found up-to-date module file ../../../Engine/Plugins/Runtime/Oculus/OculusVR/Binaries/Win64/UE4Editor-OculusEditor.dll (API version 3709383).
LogModuleManager: Display: Found up-to-date module file ../../../Engine/Plugins/Runtime/PhysXVehicles/Binaries/Win64/UE4Editor-PhysXVehicles.dll (API version 3709383).
LogModuleManager: Display: Found up-to-date module file ../../../Engine/Plugins/Runtime/PhysXVehicles/Binaries/Win64/UE4Editor-PhysXVehiclesEditor.dll (API version 3709383).
LogModuleManager: Display: Found up-to-date module file ../../../Engine/Plugins/Runtime/ProceduralMeshComponent/Binaries/Win64/UE4Editor-ProceduralMeshComponent.dll (API version 3709383).
LogModuleManager: Display: Found up-to-date module file ../../../Engine/Plugins/Runtime/ProceduralMeshComponent/Binaries/Win64/UE4Editor-ProceduralMeshComponentEditor.dll (API version 3709383).
LogModuleManager: Display: Found up-to-date module file ../../../Engine/Plugins/Runtime/RuntimePhysXCooking/Binaries/Win64/UE4Editor-RuntimePhysXCooking.dll (API version 3709383).
LogModuleManager: Display: Found up-to-date module file ../../../Engine/Plugins/Runtime/Steam/SteamVR/Binaries/Win64/UE4Editor-SteamVR.dll (API version 3709383).
LogModuleManager: Display: Found up-to-date module file ../../../Engine/Plugins/Runtime/Steam/SteamVR/Binaries/Win64/UE4Editor-SteamVRController.dll (API version 3709383).
LogModuleManager: Display: Found up-to-date module file ../../../Engine/Plugins/Runtime/WindowsMoviePlayer/Binaries/Win64/UE4Editor-WindowsMoviePlayer.dll (API version 3709383).
LogPluginManager: Mounting plugin Paper2D
LogPluginManager: Mounting plugin LightPropagationVolume
LogPluginManager: Mounting plugin CodeLiteSourceCodeAccess
LogPluginManager: Mounting plugin GitSourceControl
LogPluginManager: Mounting plugin KDevelopSourceCodeAccess
LogPluginManager: Mounting plugin NullSourceCodeAccess
LogPluginManager: Mounting plugin PerforceSourceControl
LogPluginManager: Mounting plugin SubversionSourceControl
LogPluginManager: Mounting plugin UObjectPlugin
LogPluginManager: Mounting plugin VisualStudioCodeSourceCodeAccess
LogPluginManager: Mounting plugin VisualStudioSourceCodeAccess
LogPluginManager: Mounting plugin XCodeSourceCodeAccess
LogPluginManager: Mounting plugin AssetManagerEditor
LogPluginManager: Mounting plugin AudioCapture
LogPluginManager: Mounting plugin FacialAnimation
LogPluginManager: Mounting plugin GameplayTagsEditor
LogPluginManager: Mounting plugin MobileLauncherProfileWizard
LogPluginManager: Mounting plugin PluginBrowser
LogPluginManager: Mounting plugin SpeedTreeImporter
LogPluginManager: Mounting plugin AlembicImporter
LogPluginManager: Mounting plugin CharacterAI
LogPluginManager: Mounting plugin HTML5Networking
LogPluginManager: Mounting plugin AndroidMedia
LogPluginManager: Mounting plugin AvfMedia
LogPluginManager: Mounting plugin ImgMedia
LogPluginManager: Mounting plugin MediaCompositing
LogPluginManager: Mounting plugin MediaPlayerEditor
LogPluginManager: Mounting plugin WmfMedia
LogPluginManager: Mounting plugin TcpMessaging
LogPluginManager: Mounting plugin UdpMessaging
LogPluginManager: Mounting plugin ActorSequence
LogPluginManager: Mounting plugin LevelSequenceEditor
LogPluginManager: Mounting plugin MatineeToLevelSequence
LogPluginManager: Mounting plugin OnlineSubsystemGooglePlay
LogPluginManager: Mounting plugin OnlineSubsystemIOS
LogPluginManager: Mounting plugin OnlineSubsystem
LogPluginManager: Mounting plugin OnlineSubsystemNull
LogPluginManager: Mounting plugin OnlineSubsystemUtils
LogPluginManager: Mounting plugin AndroidDeviceProfileSelector
LogPluginManager: Mounting plugin AndroidMoviePlayer
LogPluginManager: Mounting plugin AndroidPermission
LogPluginManager: Mounting plugin AppleARKit
LogPluginManager: Mounting plugin AppleMoviePlayer
LogPluginManager: Mounting plugin ArchVisCharacter
LogPluginManager: Mounting plugin CableComponent
LogPluginManager: Mounting plugin CustomMeshComponent
LogPluginManager: Mounting plugin ExampleDeviceProfileSelector
LogPluginManager: Mounting plugin GoogleCloudMessaging
LogPluginManager: Mounting plugin ImmediatePhysics
LogPluginManager: Mounting plugin IOSDeviceProfileSelector
LogPluginManager: Mounting plugin LinuxDeviceProfileSelector
LogPluginManager: Mounting plugin LocationServicesBPLibrary
LogPluginManager: Mounting plugin MobilePatchingUtils
LogPluginManager: Mounting plugin OculusVR
LogPluginManager: Plugin shader directory ../../../Engine/Plugins/Runtime/Oculus/OculusVR/Shaders found
LogPluginManager: Mapping shader source directory ../../../Engine/Plugins/Runtime/Oculus/OculusVR/Shaders to virtual directory /Plugin/OculusVR
LogPluginManager: Mounting plugin PhysXVehicles
LogPluginManager: Mounting plugin ProceduralMeshComponent
LogPluginManager: Mounting plugin RuntimePhysXCooking
LogPluginManager: Mounting plugin SteamVR
LogPluginManager: Mounting plugin WindowsMoviePlayer
LogInit: Using libcurl 7.47.1
LogInit:  - built for x86_64-pc-win32
LogInit:  - supports SSL with OpenSSL/1.0.2g
LogInit:  - supports HTTP deflate (compression) using libz 1.2.8
LogInit:  - other features:
LogInit:      CURL_VERSION_SSL
LogInit:      CURL_VERSION_LIBZ
LogInit:      CURL_VERSION_IPV6
LogInit:      CURL_VERSION_ASYNCHDNS
LogInit:      CURL_VERSION_LARGEFILE
LogInit:      CURL_VERSION_IDN
LogInit:  CurlRequestOptions (configurable via config and command line):
LogInit:  - bVerifyPeer = false  - Libcurl will NOT verify peer certificate
LogInit:  - bUseHttpProxy = false  - Libcurl will NOT use HTTP proxy
LogInit:  - bDontReuseConnections = false  - Libcurl will reuse connections
LogInit:  - CertBundlePath = nullptr  - Libcurl will use whatever was configured at build time.
LogInit: Build: ++UE4+Release-4.18-CL-3832480
LogInit: Engine Version: 4.18.3-3832480+++UE4+Release-4.18
LogInit: Compatible Engine Version: 4.18.0-3709383+++UE4+Release-4.18
LogInit: Net CL: 3709383
LogDevObjectVersion: Number of dev versions registered: 16
LogDevObjectVersion:   Dev-Blueprints (B0D832E4-1F89-4F0D-ACCF-7EB736FD4AA2): 10
LogDevObjectVersion:   Dev-Build (E1C64328-A22C-4D53-A36C-8E866417BD8C): 0
LogDevObjectVersion:   Dev-Core (375EC13C-06E4-48FB-B500-84F0262A717E): 2
LogDevObjectVersion:   Dev-Editor (E4B068ED-F494-42E9-A231-DA0B2E46BB41): 20
LogDevObjectVersion:   Dev-Framework (CFFC743F-43B0-4480-9391-14DF171D2073): 30
LogDevObjectVersion:   Dev-Mobile (B02B49B5-BB20-44E9-A304-32B752E40360): 0
LogDevObjectVersion:   Dev-Networking (A4E4105C-59A1-49B5-A7C5-40C4547EDFEE): 0
LogDevObjectVersion:   Dev-Online (39C831C9-5AE6-47DC-9A44-9C173E1C8E7C): 0
LogDevObjectVersion:   Dev-Physics (78F01B33-EBEA-4F98-B9B4-84EACCB95AA2): 0
LogDevObjectVersion:   Dev-Platform (6631380F-2D4D-43E0-8009-CF276956A95A): 0
LogDevObjectVersion:   Dev-Rendering (12F88B9F-8875-4AFC-A67C-D90C383ABD29): 20
LogDevObjectVersion:   Dev-Sequencer (7B5AE74C-D270-4C10-A958-57980B212A5A): 4
LogDevObjectVersion:   Dev-VR (D7296918-1DD6-4BDD-9DE2-64A83CC13884): 0
LogDevObjectVersion:   Dev-LoadTimes (C2A15278-BFE7-4AFE-6C17-90FF531DF755): 1
LogDevObjectVersion:   Private-Geometry (6EACA3D4-40EC-4CC1-B786-8BED09428FC5): 1
LogDevObjectVersion:   Dev-AnimPhys (29E575DD-E0A3-4627-9D10-D276232CDCEA): 12
LogInit: Compiled (64-bit): Jan 12 2018 02:04:55
LogInit: Compiled with Visual C++: 19.00.24215.01
LogInit: Build Configuration: Development
LogInit: Branch Name: ++UE4+Release-4.18
LogInit: Command line:  
LogInit: Base directory: C:/Program Files/Epic Games/UE_4.18/Engine/Binaries/Win64/
LogInit: Installed Engine Build: 1
LogInit: Presizing for max 8388607 objects, including 0 objects not considered by GC, pre-allocating 0 bytes for permanent pool.
LogInit: Object subsystem initialized
[2018.04.17-20.42.22:305][  0]LogInit: Selected Device Profile: [Windows]
[2018.04.17-20.42.22:305][  0]LogInit: Applying CVar settings loaded from the selected device profile: [Windows]
[2018.04.17-20.42.22:316][  0]LogInit: Computer: DUMAT
[2018.04.17-20.42.22:316][  0]LogInit: User: User
[2018.04.17-20.42.22:316][  0]LogInit: CPU Page size=4096, Cores=4
[2018.04.17-20.42.22:316][  0]LogInit: High frequency timer resolution =3.914060 MHz
[2018.04.17-20.42.22:316][  0]LogMemory: Memory total: Physical=31.9GB (32GB approx)
[2018.04.17-20.42.22:316][  0]LogMemory: Platform Memory Stats for Windows
[2018.04.17-20.42.22:316][  0]LogMemory: Process Physical Memory: 272.58 MB used, 272.58 MB peak
[2018.04.17-20.42.22:316][  0]LogMemory: Process Virtual Memory: 269.84 MB used, 269.84 MB peak
[2018.04.17-20.42.22:316][  0]LogMemory: Physical Memory: 13963.25 MB used,  18741.02 MB free, 32704.27 MB total
[2018.04.17-20.42.22:316][  0]LogMemory: Virtual Memory: 677.70 MB used,  18741.02 MB free, 134217728.00 MB total
[2018.04.17-20.42.22:455][  0]LogInit: Using OS detected language (en-GB).
[2018.04.17-20.42.22:455][  0]LogInit: Using OS detected locale (en-GB).
[2018.04.17-20.42.22:457][  0]LogTextLocalizationManager: No specific localization for 'en-GB' exists, so the 'en' localization will be used.
[2018.04.17-20.42.22:852][  0]LogInit: Setting process to per monitor DPI aware
[2018.04.17-20.42.23:151][  0]LogD3D11RHI: D3D11 adapters:
[2018.04.17-20.42.23:207][  0]LogD3D11RHI:    0. 'NVIDIA GeForce GTX 1080' (Feature Level 11_0)
[2018.04.17-20.42.23:207][  0]LogD3D11RHI:       8079/0/16352 MB DedicatedVideo/DedicatedSystem/SharedSystem, Outputs:1, VendorId:0x10de
[2018.04.17-20.42.23:209][  0]LogD3D11RHI:    1. 'Microsoft Basic Render Driver' (Feature Level 11_0)
[2018.04.17-20.42.23:209][  0]LogD3D11RHI:       0/0/16352 MB DedicatedVideo/DedicatedSystem/SharedSystem, Outputs:0, VendorId:0x1414
[2018.04.17-20.42.23:209][  0]LogD3D11RHI: Chosen D3D11 Adapter: 0
[2018.04.17-20.42.23:219][  0]LogD3D11RHI: Creating new Direct3DDevice
[2018.04.17-20.42.23:219][  0]LogD3D11RHI:     GPU DeviceId: 0x1b80 (for the marketing name, search the web for "GPU Device Id")
[2018.04.17-20.42.23:219][  0]LogWindows: EnumDisplayDevices:
[2018.04.17-20.42.23:219][  0]LogWindows:    0. 'NVIDIA GeForce GTX 1080' (P:1 D:1)
[2018.04.17-20.42.23:219][  0]LogWindows:    1. 'NVIDIA GeForce GTX 1080' (P:0 D:0)
[2018.04.17-20.42.23:219][  0]LogWindows:    2. 'NVIDIA GeForce GTX 1080' (P:0 D:0)
[2018.04.17-20.42.23:219][  0]LogWindows:    3. 'NVIDIA GeForce GTX 1080' (P:0 D:0)
[2018.04.17-20.42.23:219][  0]LogWindows: DebugString: GetVideoDriverDetailsInvalid PrimaryIsNotTheChoosenAdapter GetVideoDriverDetailsInvalid PrimaryIsNotTheChoosenAdapter GetVideoDriverDetailsInvalid PrimaryIsNotTheChoosenAdapter GetVideoDriverDetailsInvalid PrimaryIsNotTheChoosenAdapter FoundDriverCount:0 
[2018.04.17-20.42.23:219][  0]LogD3D11RHI:     Adapter Name: NVIDIA GeForce GTX 1080
[2018.04.17-20.42.23:219][  0]LogD3D11RHI:   Driver Version: Unknown (internal:Unknown, unified:Unknown)
[2018.04.17-20.42.23:219][  0]LogD3D11RHI:      Driver Date: Unknown
[2018.04.17-20.42.23:219][  0]LogRHI: Texture pool is 5655 MB (70% of 8079 MB)
[2018.04.17-20.42.23:249][  0]LogD3D11RHI: Async texture creation enabled
[2018.04.17-20.42.23:271][  0]LogD3D11RHI: GPU Timing Frequency: 1000.000000 (Debug: 2 2)
[2018.04.17-20.42.23:318][  0]LogShaderCompilers: Guid format shader working directory is -26 characters bigger than the processId version (D:/Toby/Projects/00_ University/Term2/VR_Project/VRaporwave/VRaporwave/Intermediate/Shaders/WorkingDirectory/21396/).
[2018.04.17-20.42.23:318][  0]LogShaderCompilers: Cleaned the shader compiler working directory 'C:/Users/User/AppData/Local/Temp/UnrealShaderWorkingDir/82ED4AAC4FBF2C8A46EDB288550920F3/'.
[2018.04.17-20.42.23:318][  0]LogShaderCompilers: Display: Using Local Shader Compiler.
[2018.04.17-20.42.24:291][  0]LogTemp: Display: Loaded TP AllDesktopTargetPlatform
[2018.04.17-20.42.24:343][  0]LogTemp: Display: Loaded TP MacClientTargetPlatform
[2018.04.17-20.42.24:395][  0]LogTemp: Display: Loaded TP MacNoEditorTargetPlatform
[2018.04.17-20.42.24:448][  0]LogTemp: Display: Loaded TP MacServerTargetPlatform
[2018.04.17-20.42.24:502][  0]LogTemp: Display: Loaded TP MacTargetPlatform
[2018.04.17-20.42.24:553][  0]LogTemp: Display: Loaded TP WindowsClientTargetPlatform
[2018.04.17-20.42.24:610][  0]LogTemp: Display: Loaded TP WindowsNoEditorTargetPlatform
[2018.04.17-20.42.24:663][  0]LogTemp: Display: Loaded TP WindowsServerTargetPlatform
[2018.04.17-20.42.24:707][  0]LogTemp: Display: Loaded TP WindowsTargetPlatform
[2018.04.17-20.42.24:758][  0]LogTemp: Display: Loaded TP Android_ASTCTargetPlatform
[2018.04.17-20.42.24:811][  0]LogTemp: Display: Loaded TP Android_ATCTargetPlatform
[2018.04.17-20.42.24:862][  0]LogTemp: Display: Loaded TP Android_DXTTargetPlatform
[2018.04.17-20.42.24:911][  0]LogTemp: Display: Loaded TP Android_ETC1TargetPlatform
[2018.04.17-20.42.24:964][  0]LogTemp: Display: Loaded TP Android_ETC2TargetPlatform
[2018.04.17-20.42.25:066][  0]LogTemp: Display: Loaded TP Android_MultiTargetPlatform
[2018.04.17-20.42.25:066][  0]LogTemp: Display: Loaded TP Android_PVRTCTargetPlatform
[2018.04.17-20.42.25:116][  0]LogTemp: Display: Loaded TP AndroidTargetPlatform
[2018.04.17-20.42.25:155][  0]LogTemp: Display: Loaded TP HTML5TargetPlatform
[2018.04.17-20.42.25:246][  0]LogTemp: Display: Loaded TP IOSTargetPlatform
[2018.04.17-20.42.25:274][  0]LogTemp: Display: Loaded TP TVOSTargetPlatform
[2018.04.17-20.42.25:325][  0]LogTemp: Display: Loaded TP LinuxClientTargetPlatform
[2018.04.17-20.42.25:377][  0]LogTemp: Display: Loaded TP LinuxNoEditorTargetPlatform
[2018.04.17-20.42.25:427][  0]LogTemp: Display: Loaded TP LinuxServerTargetPlatform
[2018.04.17-20.42.25:477][  0]LogTemp: Display: Loaded TP LinuxTargetPlatform
[2018.04.17-20.42.25:477][  0]LogTargetPlatformManager: Display: Building Assets For Windows
[2018.04.17-20.42.25:919][  0]LogDerivedDataCache: Display: Max Cache Size: 512 MB
[2018.04.17-20.42.25:987][  0]LogDerivedDataCache: Loaded boot cache 0.07s 82MB C:/Users/User/AppData/Local/UnrealEngine/4.18/DerivedDataCache/Boot.ddc.
[2018.04.17-20.42.25:987][  0]LogDerivedDataCache: Display: Loaded Boot cache: C:/Users/User/AppData/Local/UnrealEngine/4.18/DerivedDataCache/Boot.ddc
[2018.04.17-20.42.25:987][  0]LogDerivedDataCache: FDerivedDataBackendGraph:  Pak pak cache file D:/Toby/Projects/00_ University/Term2/VR_Project/VRaporwave/VRaporwave/DerivedDataCache/DDC.ddp not found, will not use a pak cache.
[2018.04.17-20.42.25:987][  0]LogDerivedDataCache: Unable to find inner node Pak for hierarchical cache Hierarchy.
[2018.04.17-20.42.25:987][  0]LogDerivedDataCache: FDerivedDataBackendGraph:  CompressedPak pak cache file D:/Toby/Projects/00_ University/Term2/VR_Project/VRaporwave/VRaporwave/DerivedDataCache/Compressed.ddp not found, will not use a pak cache.
[2018.04.17-20.42.25:987][  0]LogDerivedDataCache: Unable to find inner node CompressedPak for hierarchical cache Hierarchy.
[2018.04.17-20.42.26:003][  0]LogDerivedDataCache: Display: Pak cache opened for reading ../../../Engine/DerivedDataCache/Compressed.ddp.
[2018.04.17-20.42.26:015][  0]LogDerivedDataCache: Using Local data cache path C:/Users/User/AppData/Local/UnrealEngine/Common/DerivedDataCache: Writable
[2018.04.17-20.42.26:027][  0]LogMaterial: Verifying Global Shaders for PCD3D_SM5
[2018.04.17-20.42.26:028][  0]LogSlate: Using Freetype 2.6.0
[2018.04.17-20.42.26:028][  0]LogSlate: SlateFontCache - WITH_FREETYPE: 1, WITH_HARFBUZZ: 1
[2018.04.17-20.42.26:028][  0]LogSlate: SlateFontCache - WITH_FREETYPE: 1, WITH_HARFBUZZ: 1
[2018.04.17-20.42.26:730][  0]LogInit: Selected Device Profile: [Windows]
[2018.04.17-20.42.27:253][  0]LogSimplygon: Simplygon DLL not present - disabling.
[2018.04.17-20.42.27:311][  0]LogMeshReduction: Using SimplygonSwarm for distributed automatic mesh merging
[2018.04.17-20.42.27:311][  0]LogMeshReduction: Using QuadricMeshReduction for automatic static mesh reduction
[2018.04.17-20.42.27:311][  0]LogMeshReduction: No automatic skeletal mesh reduction module available
[2018.04.17-20.42.27:311][  0]LogMeshReduction: No automatic mesh merging module available
[2018.04.17-20.42.27:311][  0]LogMeshMerging: No automatic mesh merging module available
[2018.04.17-20.42.27:345][  0]LogNetVersion: VRaporwave , NetCL: 3709383, EngineNetVer: 2, GameNetVer: 0 (Checksum: 722213230)
[2018.04.17-20.42.27:587][  0]LogAssetRegistry: FAssetRegistry took 0.0313 seconds to start up
[2018.04.17-20.42.28:745][  0]LogPackageLocalizationCache: Processed 7 localized package path(s) for 2 prioritized culture(s) in 0.309562 seconds
[2018.04.17-20.42.28:756][  0]LogUObjectArray: 35870 objects as part of root set at end of initial load.
[2018.04.17-20.42.28:756][  0]LogUObjectAllocator: 7363704 out of 0 bytes used by permanent object pool.
[2018.04.17-20.42.28:756][  0]LogUObjectArray: CloseDisregardForGC: 0/0 objects in disregard for GC pool
[2018.04.17-20.42.28:932][  0]LogInit: WinSock: version 1.1 (2.2), MaxSocks=32767, MaxUdp=65467
[2018.04.17-20.42.35:290][  0]LogTcpMessaging: Initializing TcpMessaging bridge
[2018.04.17-20.42.35:358][  0]LogUdpMessaging: Initializing bridge on interface 0.0.0.0:0 to multicast group 230.0.0.1:6666.
[2018.04.17-20.42.37:008][  0]LogMaterial: Uniform references updated for custom material expression Custom.
[2018.04.17-20.42.37:776][  0]SourceControl: Source control is disabled
[2018.04.17-20.42.40:478][  0]LogAndroidPermission: UAndroidPermissionCallbackProxy::GetInstance
[2018.04.17-20.42.40:897][  0]LogOcInput: OculusInput pre-init called
[2018.04.17-20.42.41:450][  0]LogEngine: Initializing Engine...
[2018.04.17-20.42.41:454][  0]LogHMD: Failed to initialize OpenVR with code 110
[2018.04.17-20.42.41:493][  0]LogMaterial: Missing cached shader map for material LevelColorationLitMaterial, compiling. Is special engine material.
[2018.04.17-20.42.42:962][  0]LogMaterial: Missing cached shader map for material LevelColorationUnlitMaterial, compiling. Is special engine material.
[2018.04.17-20.42.43:604][  0]LogMaterial: Missing cached shader map for material MAT_LevelColorationLitLightmapUV, compiling. Is special engine material.
[2018.04.17-20.42.45:558][  0]LogMaterial: Missing cached shader map for material ShadedLevelColorationLitMaterial, compiling. Is special engine material.
[2018.04.17-20.42.47:560][  0]LogMaterial: Missing cached shader map for material ShadedLevelColorationUnlitMateri, compiling. Is special engine material.
[2018.04.17-20.42.48:132][  0]LogMaterial: Missing cached shader map for material VertexColorMaterial, compiling. 
[2018.04.17-20.42.48:499][  0]LogMaterial: Missing cached shader map for material VertexColorViewMode_ColorOnly, compiling. 
[2018.04.17-20.42.48:537][  0]LogMaterial: Missing cached shader map for material VertexColorViewMode_AlphaAsColor, compiling. 
[2018.04.17-20.42.48:573][  0]LogMaterial: Missing cached shader map for material VertexColorViewMode_RedOnly, compiling. 
[2018.04.17-20.42.48:608][  0]LogMaterial: Missing cached shader map for material VertexColorViewMode_GreenOnly, compiling. 
[2018.04.17-20.42.48:707][  0]LogMaterial: Missing cached shader map for material VertexColorViewMode_BlueOnly, compiling. 
[2018.04.17-20.42.48:734][  0]LogMaterial: Missing cached shader map for material RemoveSurfaceMaterial, compiling. 
[2018.04.17-20.42.48:758][  0]LogMaterial: Missing cached shader map for material DebugMeshMaterial, compiling. 
[2018.04.17-20.42.48:840][  0]LogMaterial: Missing cached shader map for material M_InvalidLightmapSettings, compiling. 
[2018.04.17-20.42.48:995][  0]LogMaterial: Missing cached shader map for material GizmoMaterial, compiling. 
[2018.04.17-20.42.49:030][  0]LogMaterial: Missing cached shader map for material PhAT_JointLimitMaterial, compiling. 
[2018.04.17-20.42.49:117][  0]LogMaterial: Missing cached shader map for material GeomMaterial, compiling. 
[2018.04.17-20.42.49:153][  0]LogMaterial: Missing cached shader map for material EditorBrushMaterial, compiling. 
[2018.04.17-20.42.49:221][  0]LogMaterial: Missing cached shader map for material BoneWeightMaterial, compiling. 
[2018.04.17-20.42.49:561][  0]LogMaterial: Missing cached shader map for material ClothMaterial, compiling. 
[2018.04.17-20.42.49:609][  0]LogMaterial: Missing cached shader map for material ClothMaterial_WF, compiling. 
[2018.04.17-20.42.49:667][  0]LogMaterial: Missing cached shader map for material DebugEditorMaterial, compiling. 
[2018.04.17-20.42.49:688][  0]LogMaterial: Missing cached shader map for material PreviewShadowIndicatorMaterial, compiling. 
[2018.04.17-20.42.49:844][  0]LogStats: UGameplayTagsManager::ConstructGameplayTagTree: Construct from data asset -  0.000 s
[2018.04.17-20.42.49:844][  0]LogStats: UGameplayTagsManager::ConstructGameplayTagTree: GameplayTagTreeChangedEvent.Broadcast -  0.000 s
[2018.04.17-20.42.50:202][  0]LogAIModule: Creating AISystem for world Untitled
[2018.04.17-20.42.50:229][  0]LogInit: XAudio2 using 'Speakers (6- Logitech G933 Gaming Headset)' : 6 channels at 48 kHz using 16 bits per sample (channel mask 0x3f)
[2018.04.17-20.42.50:346][  0]LogInit: FAudioDevice initialized.
[2018.04.17-20.42.50:501][  0]LogDerivedDataCache: Saved boot cache 0.15s 85MB C:/Users/User/AppData/Local/UnrealEngine/4.18/DerivedDataCache/Boot.ddc.
[2018.04.17-20.42.50:530][  0]LogInit: Texture streaming: Enabled
[2018.04.17-20.42.50:844][  0]LogEngineSessionManager: EngineSessionManager initialized
[2018.04.17-20.42.51:166][  0]LogInit: Transaction tracking system initialized
[2018.04.17-20.42.52:046][  0]BlueprintLog: New page: Editor Load
[2018.04.17-20.42.53:895][  0]LocalizationService: Localization service is disabled
[2018.04.17-20.42.54:586][  0]LogConsoleResponse: Display: 
[2018.04.17-20.42.54:608][  0]LogMaterial: Missing cached shader map for material Cross_Mat, compiling. 
[2018.04.17-20.42.54:634][  0]LogMaterial: Missing cached shader map for material PhAT_BoneSelectedMaterial, compiling. 
[2018.04.17-20.42.54:652][  0]LogMaterial: Missing cached shader map for material PhAT_ElemSelectedMaterial, compiling. 
[2018.04.17-20.42.54:668][  0]LogMaterial: Missing cached shader map for material PhAT_NoCollisionMaterial, compiling. 
[2018.04.17-20.42.54:687][  0]LogMaterial: Missing cached shader map for material PhAT_UnselectedMaterial, compiling. 
[2018.04.17-20.42.54:703][  0]LogMaterial: Missing cached shader map for material Tick_Mat, compiling. 
[2018.04.17-20.42.54:730][  0]LogMaterial: Missing cached shader map for material WidgetGridVertexColorMaterial_Ma, compiling. 
[2018.04.17-20.42.54:747][  0]LogMaterial: Missing cached shader map for material WidgetMaterial, compiling. 
[2018.04.17-20.42.54:765][  0]LogMaterial: Missing cached shader map for material WidgetMaterial_Current, compiling. 
[2018.04.17-20.42.54:780][  0]LogMaterial: Missing cached shader map for material WidgetMaterial_X, compiling. 
[2018.04.17-20.42.54:797][  0]LogMaterial: Missing cached shader map for material WidgetMaterial_Y, compiling. 
[2018.04.17-20.42.54:812][  0]LogMaterial: Missing cached shader map for material WidgetMaterial_Z, compiling. 
[2018.04.17-20.42.54:826][  0]LogMaterial: Missing cached shader map for material WidgetVertexColorMaterial, compiling. 
[2018.04.17-20.42.54:869][  0]LogMaterial: Missing cached shader map for material LevelGridMaterial, compiling. 
[2018.04.17-20.42.54:911][  0]LogMaterial: Missing cached shader map for material BlinkingCaret, compiling. 
[2018.04.17-20.42.54:944][  0]LogMaterial: Missing cached shader map for material M_StreamingPause, compiling. 
[2018.04.17-20.42.54:978][  0]LogCook: Display: Max memory allowance for cook 16384mb min free memory 0mb
[2018.04.17-20.42.54:978][  0]LogCook: Display: Mobile HDR setting 1
[2018.04.17-20.42.54:978][  0]LogGameplayTags: Display: UGameplayTagsManager::DoneAddingNativeTags. DelegateIsBound: 0
[2018.04.17-20.42.56:140][  0]LogFileCache: Scanning file cache for directory 'D:/Toby/Projects/00_ University/Term2/VR_Project/VRaporwave/VRaporwave/Content/' took 0.02s
[2018.04.17-20.42.56:255][  0]Cmd: MAP LOAD FILE="D:/Toby/Projects/00_ University/Term2/VR_Project/VRaporwave/VRaporwave/Content/VirtualRealityBP/Maps/MotionControllerMap.umap" TEMPLATE=0 SHOWPROGRESS=1 FEATURELEVEL=3
[2018.04.17-20.42.56:256][  0]LightingResults: New page: Lighting Build
[2018.04.17-20.42.56:476][  0]MapCheck: New page: Map Check
[2018.04.17-20.42.56:476][  0]LightingResults: New page: Lighting Build
[2018.04.17-20.42.56:521][  0]LogLinker: Warning: Can't find file '/Game/StarterContent/Props/Materials/M_Frame'
[2018.04.17-20.42.56:522][  0]LogLinker: Warning: Can't find file for asset '/Game/StarterContent/Props/Materials/M_Frame' while loading D:/Toby/Projects/00_ University/Term2/VR_Project/VRaporwave/VRaporwave/Content/Modular_Room/SM_DoorFrame.uasset.
[2018.04.17-20.42.56:522][  0]LoadErrors: Error: /Game/Modular_Room/SM_DoorFrame : Can't find file for asset. /Game/StarterContent/Props/Materials/M_Frame
[2018.04.17-20.42.56:522][  0]LogLinker: Warning: Can't find file '/Game/StarterContent/Props/Materials/M_Frame'
[2018.04.17-20.42.56:522][  0]LogLinker: Warning: Can't find file for asset '/Game/StarterContent/Props/Materials/M_Frame' while loading D:/Toby/Projects/00_ University/Term2/VR_Project/VRaporwave/VRaporwave/Content/Modular_Room/SM_DoorFrame.uasset.
[2018.04.17-20.42.56:522][  0]LoadErrors: Error: /Game/Modular_Room/SM_DoorFrame : Can't find file for asset. /Game/StarterContent/Props/Materials/M_Frame
[2018.04.17-20.42.57:961][  0]LogLinker: Warning: Can't find file '/Game/Assets/Ang/CoffeeTables/Rio1_SHD'
[2018.04.17-20.42.57:961][  0]LogLinker: Warning: Can't find file for asset '/Game/Assets/Ang/CoffeeTables/Rio1_SHD' while loading D:/Toby/Projects/00_ University/Term2/VR_Project/VRaporwave/VRaporwave/Content/VirtualRealityBP/Blueprints/Bottle.uasset.
[2018.04.17-20.42.57:961][  0]LoadErrors: Error: /Game/VirtualRealityBP/Blueprints/Bottle : Can't find file for asset. /Game/Assets/Ang/CoffeeTables/Rio1_SHD
[2018.04.17-20.42.57:972][  0]LogLinker: Warning: Can't find file '/Game/Assets/Ang/CoffeeTables/Rio1_SHD'
[2018.04.17-20.42.57:972][  0]LogLinker: Warning: Can't find file for asset '/Game/Assets/Ang/CoffeeTables/Rio1_SHD' while loading D:/Toby/Projects/00_ University/Term2/VR_Project/VRaporwave/VRaporwave/Content/VirtualRealityBP/Blueprints/Bottle.uasset.
[2018.04.17-20.42.57:972][  0]LoadErrors: Error: /Game/VirtualRealityBP/Blueprints/Bottle : Can't find file for asset. /Game/Assets/Ang/CoffeeTables/Rio1_SHD
[2018.04.17-20.42.57:973][  0]LogLinker: Warning: Can't find file '/Game/Assets/Ang/CoffeeTables/Rio1_SHD'
[2018.04.17-20.42.57:973][  0]LogLinker: Warning: Can't find file for asset '/Game/Assets/Ang/CoffeeTables/Rio1_SHD' while loading D:/Toby/Projects/00_ University/Term2/VR_Project/VRaporwave/VRaporwave/Content/VirtualRealityBP/Maps/MotionControllerMap.umap.
[2018.04.17-20.42.57:974][  0]LoadErrors: Error: /Game/VirtualRealityBP/Maps/MotionControllerMap : Can't find file for asset. /Game/Assets/Ang/CoffeeTables/Rio1_SHD
[2018.04.17-20.42.57:974][  0]LogLinker: Warning: Can't find file '/Game/Assets/Ang/CoffeeTables/Rio1_SHD'
[2018.04.17-20.42.57:974][  0]LogLinker: Warning: Can't find file for asset '/Game/Assets/Ang/CoffeeTables/Rio1_SHD' while loading D:/Toby/Projects/00_ University/Term2/VR_Project/VRaporwave/VRaporwave/Content/VirtualRealityBP/Maps/MotionControllerMap.umap.
[2018.04.17-20.42.57:974][  0]LoadErrors: Error: /Game/VirtualRealityBP/Maps/MotionControllerMap : Can't find file for asset. /Game/Assets/Ang/CoffeeTables/Rio1_SHD
[2018.04.17-20.42.57:974][  0]LogLinker: Warning: Can't find file '/Game/Assets/Ang/CoffeeTables/Rio1_SHD'
[2018.04.17-20.42.57:974][  0]LoadErrors: Failed to load /Game/Assets/Ang/CoffeeTables/Rio1_SHD.Rio1_SHD Referenced by StaticMeshComponent0
[2018.04.17-20.42.57:974][  0]LogLinker: Warning: Can't find file for asset '/Game/Assets/Ang/CoffeeTables/Rio1_SHD' while loading D:/Toby/Projects/00_ University/Term2/VR_Project/VRaporwave/VRaporwave/Content/VirtualRealityBP/Maps/MotionControllerMap.umap.
[2018.04.17-20.42.57:974][  0]LoadErrors: Failed to load /Game/Assets/Ang/CoffeeTables/Rio1_SHD.Rio1_SHD Referenced by StaticMeshComponent0
[2018.04.17-20.42.57:974][  0]LoadErrors: Error: /Game/VirtualRealityBP/Maps/MotionControllerMap : Can't find file for asset. /Game/Assets/Ang/CoffeeTables/Rio1_SHD
[2018.04.17-20.42.58:257][  0]LogLinker: Warning: Can't find file '/Game/VirtualRealityBP/Maps/MotionControllerMap_BuiltData'
[2018.04.17-20.42.58:257][  0]LogLinker: Warning: Can't find file for asset '/Game/VirtualRealityBP/Maps/MotionControllerMap_BuiltData' while loading D:/Toby/Projects/00_ University/Term2/VR_Project/VRaporwave/VRaporwave/Content/VirtualRealityBP/Maps/MotionControllerMap.umap.
[2018.04.17-20.42.58:258][  0]LoadErrors: Error: /Game/VirtualRealityBP/Maps/MotionControllerMap : Can't find file for asset. /Game/VirtualRealityBP/Maps/MotionControllerMap_BuiltData
[2018.04.17-20.42.58:710][  0]LogLinker: Warning: Can't find file '/Game/VirtualRealityBP/Maps/MotionControllerMap_BuiltData'
[2018.04.17-20.42.58:710][  0]LogLinker: Warning: Can't find file for asset '/Game/VirtualRealityBP/Maps/MotionControllerMap_BuiltData' while loading D:/Toby/Projects/00_ University/Term2/VR_Project/VRaporwave/VRaporwave/Content/VirtualRealityBP/Maps/MotionControllerMap.umap.
[2018.04.17-20.42.58:710][  0]LoadErrors: Error: /Game/VirtualRealityBP/Maps/MotionControllerMap : Can't find file for asset. /Game/VirtualRealityBP/Maps/MotionControllerMap_BuiltData
[2018.04.17-20.42.58:747][  0]LogLinker: Warning: Can't find file '/Game/VirtualRealityBP/Maps/MotionControllerMap_BuiltData'
[2018.04.17-20.42.58:747][  0]LogLinker: Warning: Can't find file for asset '/Game/VirtualRealityBP/Maps/MotionControllerMap_BuiltData' while loading NULL.
[2018.04.17-20.42.58:747][  0]LogLinker: Warning: Can't find file '/Game/VirtualRealityBP/Maps/MotionControllerMap_BuiltData'
[2018.04.17-20.42.58:747][  0]LogLinker: Warning: Can't find file for asset '/Game/VirtualRealityBP/Maps/MotionControllerMap_BuiltData' while loading NULL.
[2018.04.17-20.42.58:885][  0]LogLinker: Warning: Can't find file '/Game/StarterContent/Props/Materials/M_Frame'
[2018.04.17-20.42.58:885][  0]LoadErrors: Failed to load /Game/StarterContent/Props/Materials/M_Frame.M_Frame Referenced by SM_DoorFrame
[2018.04.17-20.42.58:885][  0]LogLinker: Warning: Can't find file for asset '/Game/StarterContent/Props/Materials/M_Frame' while loading NULL.
[2018.04.17-20.42.58:885][  0]LoadErrors: Failed to load /Game/StarterContent/Props/Materials/M_Frame.M_Frame Referenced by SM_DoorFrame
[2018.04.17-20.42.58:922][  0]LogLinker: Warning: Can't find file '/Game/VirtualRealityBP/Maps/MotionControllerMap_BuiltData'
[2018.04.17-20.42.58:922][  0]LoadErrors: Failed to load /Game/VirtualRealityBP/Maps/MotionControllerMap_BuiltData.MotionControllerMap_BuiltData Referenced by PersistentLevel
[2018.04.17-20.42.58:922][  0]LogLinker: Warning: Can't find file for asset '/Game/VirtualRealityBP/Maps/MotionControllerMap_BuiltData' while loading NULL.
[2018.04.17-20.42.58:922][  0]LoadErrors: Failed to load /Game/VirtualRealityBP/Maps/MotionControllerMap_BuiltData.MotionControllerMap_BuiltData Referenced by PersistentLevel
[2018.04.17-20.42.59:284][  0]LogMaterial: Missing cached shader map for material Base, compiling. 
[2018.04.17-20.42.59:337][  0]LogMaterial: Missing cached shader map for material Portal1-RT2_Mat, compiling. 
[2018.04.17-20.42.59:381][  0]LogMaterial: Missing cached shader map for material M_Sky_Panning_Clouds2, compiling. 
[2018.04.17-20.42.59:393][  0]LogMaterial: Missing cached shader map for material white_SHD, compiling. 
[2018.04.17-20.42.59:447][  0]LogMaterial: Missing cached shader map for material white_SHD, compiling. 
[2018.04.17-20.42.59:585][  0]LogMaterial: Missing cached shader map for material Portal1-RT_Mat, compiling. 
[2018.04.17-20.42.59:689][  0]LogMaterial: Missing cached shader map for material sand, compiling. 
[2018.04.17-20.42.59:734][  0]LogMaterial: Missing cached shader map for material sand, compiling. 
[2018.04.17-20.43.00:196][  0]LogMaterial: Missing cached shader map for material bland_SHD, compiling. 
[2018.04.17-20.43.00:233][  0]LogMaterial: Missing cached shader map for material blackRubber_SHD, compiling. 
[2018.04.17-20.43.00:296][  0]LogMaterial: Missing cached shader map for material silver_SHD, compiling. 
[2018.04.17-20.43.00:358][  0]LogMaterial: Missing cached shader map for material red_SHD, compiling. 
[2018.04.17-20.43.00:388][  0]LogMaterial: Missing cached shader map for material plastBlack_SHD, compiling. 
[2018.04.17-20.43.00:419][  0]LogMaterial: Missing cached shader map for material matteBlack, compiling. 
[2018.04.17-20.43.00:459][  0]LogMaterial: Missing cached shader map for material glass, compiling. 
[2018.04.17-20.43.00:541][  0]LogMaterial: Missing cached shader map for material pot_SHD, compiling. 
[2018.04.17-20.43.00:571][  0]LogMaterial: Missing cached shader map for material mud_SHD, compiling. 
[2018.04.17-20.43.00:602][  0]LogMaterial: Missing cached shader map for material leaves_SHD, compiling. 
[2018.04.17-20.43.00:630][  0]LogMaterial: Missing cached shader map for material bark_SHD, compiling. 
[2018.04.17-20.43.00:673][  0]LogMaterial: Missing cached shader map for material bark_2_SHD, compiling. 
[2018.04.17-20.43.00:718][  0]LogMaterial: Missing cached shader map for material cactus_5_SHD, compiling. 
[2018.04.17-20.43.00:760][  0]LogMaterial: Missing cached shader map for material cactus_3_SHD, compiling. 
[2018.04.17-20.43.00:804][  0]LogMaterial: Missing cached shader map for material cactus_2_SHD, compiling. 
[2018.04.17-20.43.00:835][  0]LogMaterial: Missing cached shader map for material cactus_1_SHD, compiling. 
[2018.04.17-20.43.00:871][  0]LogMaterial: Missing cached shader map for material cactus_4_SHD, compiling. 
[2018.04.17-20.43.00:932][  0]LogMaterial: Missing cached shader map for material Bedframe, compiling. 
[2018.04.17-20.43.00:986][  0]LogMaterial: Missing cached shader map for material hammer_SHD, compiling. 
[2018.04.17-20.43.01:083][  0]LogMaterial: Missing cached shader map for material lambert1, compiling. 
[2018.04.17-20.43.01:185][  0]LogMaterial: Missing cached shader map for material M_HandMat, compiling. 
[2018.04.17-20.43.01:276][  0]LogMaterial: Missing cached shader map for material initialShadingGroup, compiling. 
[2018.04.17-20.43.01:319][  0]LogMaterial: Missing cached shader map for material M_TeleportPreviews, compiling. 
[2018.04.17-20.43.01:337][  0]LogMaterial: Missing cached shader map for material M_SplineArcMat, compiling. 
[2018.04.17-20.43.01:371][  0]LogMaterial: Missing cached shader map for material M_ArcEndpoint, compiling. 
[2018.04.17-20.43.01:480][  0]LogMaterial: Missing cached shader map for material canonBaseUV_initialShadingGroup_BaseColor_Mat, compiling. 
[2018.04.17-20.43.01:634][  0]LogMaterial: Missing cached shader map for material mole_SHD, compiling. 
[2018.04.17-20.43.01:687][  0]LogMaterial: Missing cached shader map for material BasicShapeMaterial, compiling. 
[2018.04.17-20.43.01:789][  0]LogMaterial: Missing cached shader map for material greekColumn_default_BaseColor_Mat, compiling. 
[2018.04.17-20.43.01:836][  0]LogMaterial: Missing cached shader map for material BeanBag, compiling. 
[2018.04.17-20.43.01:908][  0]LogMaterial: Missing cached shader map for material spaceInvader01UV_initialShadingGroup_BaseColor_Mat, compiling. 
[2018.04.17-20.43.01:996][  0]LogMaterial: Missing cached shader map for material neon02, compiling. 
[2018.04.17-20.43.02:023][  0]LogMaterial: Missing cached shader map for material BaseMaterial, compiling. 
[2018.04.17-20.43.02:528][  0]LogMaterial: Missing cached shader map for material VHS_Tape_initialShadingGroup_BaseColor_Mat, compiling. 
[2018.04.17-20.43.02:804][  0]LogMaterial: Missing cached shader map for material CubeMaterial, compiling. 
[2018.04.17-20.43.03:009][  0]LogMaterial: Missing cached shader map for material Sheets, compiling. 
[2018.04.17-20.43.03:189][  0]LogMaterial: Missing cached shader map for material coffee_matte_gold_SHD, compiling. 
[2018.04.17-20.43.03:280][  0]LogMaterial: Missing cached shader map for material GenericHMDMaterial, compiling. 
[2018.04.17-20.43.03:378][  0]LogMaterial: Missing cached shader map for material pCube4Mat, compiling. 
[2018.04.17-20.43.03:456][  0]LogMaterial: Missing cached shader map for material pCube12Mat, compiling. 
[2018.04.17-20.43.03:519][  0]LogMaterial: Missing cached shader map for material Rio1_SHD, compiling. 
[2018.04.17-20.43.03:625][  0]LogMaterial: Missing cached shader map for material bottleTop_SHD, compiling. 
[2018.04.17-20.43.03:720][  0]LogMaterial: Missing cached shader map for material coffeeStain_SHD, compiling. 
[2018.04.17-20.43.03:774][  0]LogMaterial: Missing cached shader map for material polySurface8Mat, compiling. 
[2018.04.17-20.43.03:864][  0]LogMaterial: Missing cached shader map for material pCube2Mat, compiling. 
[2018.04.17-20.43.03:942][  0]LogMaterial: Missing cached shader map for material Solid_Glass, compiling. 
[2018.04.17-20.43.04:047][  0]LogMaterial: Missing cached shader map for material PlaySongMat, compiling. 
[2018.04.17-20.43.04:133][  0]LogMaterial: Missing cached shader map for material Albedo_Mat, compiling. 
[2018.04.17-20.43.04:303][  0]LogMaterial: Missing cached shader map for material Plastic-base, compiling. 
[2018.04.17-20.43.04:429][  0]LogMaterial: Missing cached shader map for material Plastic-Antena, compiling. 
[2018.04.17-20.43.04:576][  0]LogMaterial: Missing cached shader map for material nokia-logo-front, compiling. 
[2018.04.17-20.43.04:701][  0]LogMaterial: Missing cached shader map for material Display, compiling. 
[2018.04.17-20.43.04:798][  0]LogMaterial: Missing cached shader map for material Display-inner-coners, compiling. 
[2018.04.17-20.43.04:910][  0]LogMaterial: Missing cached shader map for material Buttons, compiling. 
[2018.04.17-20.43.05:002][  0]LogMaterial: Missing cached shader map for material BackLIghtDisplay, compiling. 
[2018.04.17-20.43.05:142][  0]LogMaterial: Missing cached shader map for material Toy_Lizard_initialShadingGroup_BaseColor_Mat, compiling. 
[2018.04.17-20.43.05:294][  0]LogMaterial: Missing cached shader map for material M_BaseMaterial, compiling. 
[2018.04.17-20.43.05:555][  0]LogMaterial: Missing cached shader map for material SIGN_1_initialShadingGroup_BaseColor_Mat, compiling. 
[2018.04.17-20.43.05:678][  0]LogMaterial: Missing cached shader map for material Phone01_material1_2, compiling. 
[2018.04.17-20.43.05:828][  0]LogMaterial: Missing cached shader map for material Phone01_material1, compiling. 
[2018.04.17-20.43.05:979][  0]LogMaterial: Missing cached shader map for material GAME_Controller_initialShadingGroup_BaseColor_Mat, compiling. 
[2018.04.17-20.43.06:151][  0]LogMaterial: Missing cached shader map for material GAME_Console_initialShadingGroup_BaseColor_Mat, compiling. 
[2018.04.17-20.43.06:387][  0]LogMaterial: Missing cached shader map for material Rio3_SHD, compiling. 
[2018.04.17-20.43.06:474][  0]LogMaterial: Missing cached shader map for material Rio2_SHD, compiling. 
[2018.04.17-20.43.06:651][  0]LogMaterial: Missing cached shader map for material Rio4_SHD, compiling. 
[2018.04.17-20.43.06:717][  0]LogMaterial: Missing cached shader map for material Toy_Teddy_Bear_initialShadingGroup_BaseColor_Mat, compiling. 
[2018.04.17-20.43.06:830][  0]LogMaterial: Missing cached shader map for material sofa_SHD1, compiling. 
[2018.04.17-20.43.06:917][  0]LogMaterial: Missing cached shader map for material tableWood_SHD, compiling. 
[2018.04.17-20.43.07:035][  0]LogMaterial: Missing cached shader map for material table_SHD, compiling. 
[2018.04.17-20.43.07:248][  0]LogMaterial: Missing cached shader map for material coffeeTable_Glass_SHD, compiling. 
[2018.04.17-20.43.07:510][  0]LogMaterial: Missing cached shader map for material TVPlayer_Video_Mat, compiling. 
[2018.04.17-20.43.07:611][  0]LogMaterial: Missing cached shader map for material r254_vhodnoy_bashnia_Mat, compiling. 
[2018.04.17-20.43.07:710][  0]LogMaterial: Missing cached shader map for material omsk_magazin4_Mat, compiling. 
[2018.04.17-20.43.07:823][  0]LogMaterial: Missing cached shader map for material Ho_building, compiling. 
[2018.04.17-20.43.07:967][  0]LogMaterial: Missing cached shader map for material hologramMaterial, compiling. 
[2018.04.17-20.43.08:247][  0]LogMaterial: Missing cached shader map for material holobaseUV_holobase_default1_BaseColor_Mat, compiling. 
[2018.04.17-20.43.08:422][  0]LogMaterial: Missing cached shader map for material answeringMachineUV_answeringMachine_default1_BaseColor_Mat, compiling. 
[2018.04.17-20.43.08:602][  0]LogMaterial: Missing cached shader map for material airconUV_aircon_default1_BaseColor_Mat, compiling. 
[2018.04.17-20.43.08:721][  0]LogMaterial: Missing cached shader map for material SnMaterial, compiling. 
[2018.04.17-20.43.08:951][  0]LogMaterial: Missing cached shader map for material skyMaterial, compiling. 
[2018.04.17-20.43.09:094][  0]LogMaterial: Missing cached shader map for material sea, compiling. 
[2018.04.17-20.43.09:243][  0]LogMaterial: Missing cached shader map for material palmTree, compiling. 
[2018.04.17-20.43.09:485][  0]LogMaterial: Missing cached shader map for material neon01, compiling. 
[2018.04.17-20.43.09:547][  0]LogMaterial: Missing cached shader map for material LuckyCatLowPoly_UV_initialShadingGroup_BaseColor_Mat, compiling. 
[2018.04.17-20.43.09:754][  0]LogMaterial: Missing cached shader map for material clouds-material, compiling. 
[2018.04.17-20.43.10:043][  0]LogMaterial: Missing cached shader map for material house3_material, compiling. 
[2018.04.17-20.43.10:160][  0]LogMaterial: Missing cached shader map for material house2_material, compiling. 
[2018.04.17-20.43.10:309][  0]LogMaterial: Missing cached shader map for material house1_material, compiling. 
[2018.04.17-20.43.10:459][  0]LogMaterial: Missing cached shader map for material Worker_sign_initialShadingGroup_BaseColor_Mat, compiling. 
[2018.04.17-20.43.10:547][  0]LogMaterial: Missing cached shader map for material TV_material, compiling. 
[2018.04.17-20.43.10:632][  0]LogMaterial: Missing cached shader map for material SIGN_2_initialShadingGroup_BaseColor_Mat, compiling. 
[2018.04.17-20.43.10:711][  0]LogMaterial: Missing cached shader map for material pCube21Mat, compiling. 
[2018.04.17-20.43.10:744][  0]LogMaterial: Missing cached shader map for material polySurface15Mat, compiling. 
[2018.04.17-20.43.10:872][  0]LogMaterial: Missing cached shader map for material polySurface67_polySurface16Mat, compiling. 
[2018.04.17-20.43.10:930][  0]LogMaterial: Missing cached shader map for material pCube6Mat, compiling. 
[2018.04.17-20.43.11:005][  0]LogMaterial: Missing cached shader map for material aphrodite-2_aphrodite-2_jpg, compiling. 
[2018.04.17-20.43.11:109][  0]LogMaterial: Missing cached shader map for material aphrodite-2, compiling. 
[2018.04.17-20.43.11:263][  0]LogMaterial: Missing cached shader map for material PosterMat, compiling. 
[2018.04.17-20.43.11:410][  0]LogMaterial: Missing cached shader map for material defaultMat, compiling. 
[2018.04.17-20.43.11:522][  0]LogMaterial: Missing cached shader map for material default1, compiling. 
[2018.04.17-20.43.11:590][  0]LogMaterial: Missing cached shader map for material pCube1Mat, compiling. 
[2018.04.17-20.43.11:738][  0]LogMaterial: Missing cached shader map for material 1_m_onetex, compiling. 
[2018.04.17-20.43.11:861][  0]LogMaterial: Missing cached shader map for material White, compiling. 
[2018.04.17-20.43.11:990][  0]LogMaterial: Missing cached shader map for material concrete_Mat, compiling. 
[2018.04.17-20.43.12:315][  0]LogMaterial: Missing cached shader map for material Plastic-sides, compiling. 
[2018.04.17-20.43.12:455][  0]LogMaterial: Missing cached shader map for material table_black_SHD, compiling. 
[2018.04.17-20.43.12:544][  0]LogMaterial: Missing cached shader map for material glass_SHD, compiling. 
[2018.04.17-20.43.12:621][  0]LogMaterial: Missing cached shader map for material gold_SHD, compiling. 
[2018.04.17-20.43.12:688][  0]LogMaterial: Missing cached shader map for material coffee_matte_silver_SHD, compiling. 
[2018.04.17-20.43.12:772][  0]LogMaterial: Missing cached shader map for material coffeeCup_SHD, compiling. 
[2018.04.17-20.43.12:880][  0]LogMaterial: Missing cached shader map for material blinn5, compiling. 
[2018.04.17-20.43.12:984][  0]LogMaterial: Missing cached shader map for material album_2_SHD, compiling. 
[2018.04.17-20.43.13:115][  0]LogMaterial: Missing cached shader map for material album_1_SHD, compiling. 
[2018.04.17-20.43.13:178][  0]LogMaterial: Missing cached shader map for material glass_SHD, compiling. 
[2018.04.17-20.43.13:290][  0]LogMaterial: Missing cached shader map for material gold_SHD, compiling. 
[2018.04.17-20.43.13:399][  0]LogMaterial: Missing cached shader map for material hole_SHD, compiling. 
[2018.04.17-20.43.13:474][  0]LogAIModule: Creating AISystem for world MotionControllerMap
[2018.04.17-20.43.13:643][  0]LogEditorServer: Finished looking for orphan Actors (0.000 secs)
[2018.04.17-20.43.13:793][  0]Cmd: MAP CHECKDEP NOCLEARLOG
[2018.04.17-20.43.14:101][  0]MapCheck: Map check complete: 0 Error(s), 0 Warning(s), took 307.392ms to complete.
[2018.04.17-20.43.14:101][  0]LogFileHelpers: Loading map 'MotionControllerMap' took 17.846
[2018.04.17-20.43.14:356][  0]LogCollectionManager: Loaded 0 collections in 0.001736 seconds
[2018.04.17-20.43.14:435][  0]LogFileCache: Scanning file cache for directory 'D:/Toby/Projects/00_ University/Term2/VR_Project/VRaporwave/VRaporwave/Saved/Collections/' took 0.01s
[2018.04.17-20.43.14:435][  0]LogFileCache: Scanning file cache for directory 'D:/Toby/Projects/00_ University/Term2/VR_Project/VRaporwave/VRaporwave/Content/Developers/User/Collections/' took 0.01s
[2018.04.17-20.43.14:435][  0]LogFileCache: Scanning file cache for directory 'D:/Toby/Projects/00_ University/Term2/VR_Project/VRaporwave/VRaporwave/Content/Collections/' took 0.01s
[2018.04.17-20.43.14:435][  0]LogCollectionManager: Rebuilt the GUID cache for 0 collections in 0.000001 seconds
[2018.04.17-20.43.14:446][  0]LogContentBrowser: Native class hierarchy populated in 0.0108 seconds. Added 2363 classes and 519 folders.
[2018.04.17-20.43.14:510][  0]LogContentBrowser: Native class hierarchy updated for 'WidgetCarousel' in 0.0003 seconds. Added 0 classes and 0 folders.
[2018.04.17-20.43.14:554][  0]LogContentBrowser: Native class hierarchy updated for 'AddContentDialog' in 0.0003 seconds. Added 0 classes and 0 folders.
[2018.04.17-20.43.14:603][  0]LogContentBrowser: Native class hierarchy updated for 'SceneOutliner' in 0.0003 seconds. Added 1 classes and 2 folders.
[2018.04.17-20.43.14:645][  0]LogSlate: Took 0.000179 seconds to synchronously load lazily loaded font '../../../Engine/Content/Slate/Fonts/Roboto-Regular.ttf' (155K)
[2018.04.17-20.43.14:647][  0]LogSlate: Took 0.000184 seconds to synchronously load lazily loaded font '../../../Engine/Content/Slate/Fonts/Roboto-Bold.ttf' (160K)
[2018.04.17-20.43.14:652][  0]LogSlate: Took 0.000196 seconds to synchronously load lazily loaded font '../../../Engine/Content/Editor/Slate/Fonts/FontAwesome.ttf' (139K)
[2018.04.17-20.43.14:708][  0]LogMaterial: Missing cached shader map for material LevelGridMaterial2, compiling. 
[2018.04.17-20.43.14:803][  0]LogRenderer: Reallocating scene render targets to support 1920x1080 Format 10 NumSamples 1 (Frame:1).
[2018.04.17-20.43.15:314][  0]LogContentBrowser: Native class hierarchy updated for 'HierarchicalLODOutliner' in 0.0003 seconds. Added 1 classes and 2 folders.
[2018.04.17-20.43.15:314][  0]LogLoad: (Engine Initialization) Total time: 55.30 seconds
[2018.04.17-20.43.15:314][  0]LogLoad: (Engine Initialization) Total Blueprint compile time: 0.00 seconds
[2018.04.17-20.43.15:314][  0]LogExternalProfiler: Found external profiler: VSPerf
[2018.04.17-20.43.15:314][  0]LogExternalProfiler: Using external profiler: VSPerf
[2018.04.17-20.43.15:324][  0]LogWindowsTextInputMethodSystem: Display: IME system now deactivated.
[2018.04.17-20.43.15:344][  0]SourceControl: On branch master
[2018.04.17-20.43.15:345][  0]SourceControl: Your branch is up-to-date with 'origin/master'.
[2018.04.17-20.43.15:345][  0]SourceControl: Changes not staged for commit:
[2018.04.17-20.43.15:345][  0]SourceControl:   (use "git add <file>..." to update what will be committed)
[2018.04.17-20.43.15:345][  0]SourceControl:   (use "git checkout -- <file>..." to discard changes in working directory)
[2018.04.17-20.43.15:345][  0]SourceControl: 	modified:   VRaporwave/Intermediate/CachedAssetRegistry.bin
[2018.04.17-20.43.15:345][  0]SourceControl: 	modified:   VRaporwave/Saved/Config/Windows/Editor.ini
[2018.04.17-20.43.15:345][  0]SourceControl: 	modified:   VRaporwave/Saved/Config/Windows/EditorPerProjectUserSettings.ini
[2018.04.17-20.43.15:345][  0]SourceControl: 	modified:   VRaporwave/Saved/Config/Windows/Engine.ini
[2018.04.17-20.43.15:345][  0]SourceControl: 	modified:   VRaporwave/Saved/Logs/VRaporwave.log
[2018.04.17-20.43.15:345][  0]SourceControl: Untracked files:
[2018.04.17-20.43.15:345][  0]SourceControl:   (use "git add <file>..." to include in what will be committed)
[2018.04.17-20.43.15:345][  0]SourceControl: 	VRaporwave/Saved/Config/CrashReportClient/UE4CC-Windows-06E7A77D419680EF77C42C8ED4ED7388/
[2018.04.17-20.43.15:345][  0]SourceControl: 	VRaporwave/Saved/Config/CrashReportClient/UE4CC-Windows-37EAB22B4F10A5AD837694BBCC11A870/
[2018.04.17-20.43.15:345][  0]SourceControl: 	VRaporwave/Saved/Logs/VRaporwave-backup-2018.04.17-21.39.04.log
[2018.04.17-20.43.15:345][  0]SourceControl: 	VRaporwave/Saved/Logs/VRaporwave_2.log
[2018.04.17-20.43.15:345][  0]SourceControl: no changes added to commit (use "git add" and/or "git commit -a")
[2018.04.17-20.43.15:345][  0]LogContentStreaming: Texture pool size now 1000 MB
[2018.04.17-20.43.15:411][  0]LogSlate: Took 0.000220 seconds to synchronously load lazily loaded font '../../../Engine/Content/Slate/Fonts/Roboto-Light.ttf' (159K)
[2018.04.17-20.43.15:568][  2]LogAssetRegistry: Asset discovery search completed in 48.0020 seconds
[2018.04.17-20.43.15:570][  2]LogCollectionManager: Rebuilt the object cache for 0 collections in 0.000000 seconds (found 0 objects)
[2018.04.17-20.43.15:570][  2]LogCollectionManager: Fixed up redirectors for 0 collections in 0.000052 seconds (updated 0 objects)
[2018.04.17-20.43.16:357][ 59]LogSlate: Took 0.000158 seconds to synchronously load lazily loaded font '../../../Engine/Content/Slate/Fonts/Roboto-Light.ttf' (159K)
[2018.04.17-20.43.19:650][221]LogWindowsTextInputMethodSystem: Display: IME system now deactivated.
[2018.04.17-20.43.19:833][222]Cmd: QUIT_EDITOR
[2018.04.17-20.43.19:892][222]LogExit: Preparing to exit.
[2018.04.17-20.43.20:625][222]LogExit: Editor shut down
[2018.04.17-20.43.20:631][222]LogExit: Transaction tracking system shut down
[2018.04.17-20.43.22:642][222]LogDirectoryWatcher: A directory notification for '../../../Engine/Content/' was aborted.
[2018.04.17-20.43.22:642][222]LogDirectoryWatcher: A directory notification for 'D:/Toby/Projects/00_ University/Term2/VR_Project/VRaporwave/VRaporwave/Content/' was aborted.
[2018.04.17-20.43.22:642][222]LogDirectoryWatcher: A directory notification for '../../../Engine/Plugins/2D/Paper2D/Content/' was aborted.
[2018.04.17-20.43.22:643][222]LogDirectoryWatcher: A directory notification for '../../../Engine/Plugins/Media/MediaCompositing/Content/' was aborted.
[2018.04.17-20.43.22:643][222]LogDirectoryWatcher: A directory notification for '../../../Engine/Plugins/Runtime/AppleARKit/Content/' was aborted.
[2018.04.17-20.43.22:643][222]LogDirectoryWatcher: A directory notification for '../../../Engine/Plugins/Runtime/Oculus/OculusVR/Content/' was aborted.
[2018.04.17-20.43.22:643][222]LogDirectoryWatcher: A directory notification for '../../../Engine/Plugins/Runtime/Steam/SteamVR/Content/' was aborted.
[2018.04.17-20.43.22:748][222]LogExit: Object subsystem successfully closed.
[2018.04.17-20.43.22:760][222]LogD3D11RHI: Shutdown
[2018.04.17-20.43.22:760][222]LogD3D11RHI: CleanupD3DDevice
[2018.04.17-20.43.22:763][222]LogD3D11RHI: ~FD3D11DynamicRHI
[2018.04.17-20.43.22:771][222]LogModuleManager: Shutting down and abandoning module HierarchicalLODOutliner (548)
[2018.04.17-20.43.22:771][222]LogModuleManager: Shutting down and abandoning module SceneOutliner (546)
[2018.04.17-20.43.22:771][222]LogModuleManager: Shutting down and abandoning module AddContentDialog (544)
[2018.04.17-20.43.22:772][222]LogDirectoryWatcher: A directory notification for 'C:/Program Files/Epic Games/UE_4.18/FeaturePacks/' was aborted.
[2018.04.17-20.43.22:772][222]LogModuleManager: Shutting down and abandoning module WidgetCarousel (543)
[2018.04.17-20.43.22:772][222]LogModuleManager: Shutting down and abandoning module EditorWidgets (540)
[2018.04.17-20.43.22:772][222]LogModuleManager: Shutting down and abandoning module CollectionManager (538)
[2018.04.17-20.43.22:772][222]LogDirectoryWatcher: A directory notification for 'D:/Toby/Projects/00_ University/Term2/VR_Project/VRaporwave/VRaporwave/Content/Collections/' was aborted.
[2018.04.17-20.43.22:772][222]LogDirectoryWatcher: A directory notification for 'D:/Toby/Projects/00_ University/Term2/VR_Project/VRaporwave/VRaporwave/Content/Developers/User/Collections/' was aborted.
[2018.04.17-20.43.22:772][222]LogDirectoryWatcher: A directory notification for 'D:/Toby/Projects/00_ University/Term2/VR_Project/VRaporwave/VRaporwave/Saved/Collections/' was aborted.
[2018.04.17-20.43.22:772][222]LogModuleManager: Shutting down and abandoning module StatsViewer (536)
[2018.04.17-20.43.22:772][222]LogModuleManager: Shutting down and abandoning module FoliageEdit (534)
[2018.04.17-20.43.22:772][222]LogModuleManager: Shutting down and abandoning module LandscapeEditor (532)
[2018.04.17-20.43.22:773][222]LogModuleManager: Shutting down and abandoning module MeshPaintMode (530)
[2018.04.17-20.43.22:773][222]LogModuleManager: Shutting down and abandoning module SceneDepthPickerMode (528)
[2018.04.17-20.43.22:773][222]LogModuleManager: Shutting down and abandoning module ActorPickerMode (526)
[2018.04.17-20.43.22:773][222]LogModuleManager: Shutting down and abandoning module GeometryMode (524)
[2018.04.17-20.43.22:773][222]LogModuleManager: Shutting down and abandoning module TextureAlignMode (522)
[2018.04.17-20.43.22:773][222]LogModuleManager: Shutting down and abandoning module BspMode (520)
[2018.04.17-20.43.22:773][222]LogModuleManager: Shutting down and abandoning module PIEPreviewDeviceProfileSelector (518)
[2018.04.17-20.43.22:773][222]LogModuleManager: Shutting down and abandoning module HardwareSurvey (516)
[2018.04.17-20.43.22:773][222]LogModuleManager: Shutting down and abandoning module SequenceRecorderSections (514)
[2018.04.17-20.43.22:773][222]LogModuleManager: Shutting down and abandoning module AutomationWorker (512)
[2018.04.17-20.43.22:773][222]LogModuleManager: Shutting down and abandoning module MatineeToLevelSequence (510)
[2018.04.17-20.43.22:773][222]LogModuleManager: Shutting down and abandoning module LevelSequenceEditor (508)
[2018.04.17-20.43.22:773][222]LogModuleManager: Shutting down and abandoning module PlacementMode (507)
[2018.04.17-20.43.22:773][222]LogModuleManager: Shutting down and abandoning module WmfMediaFactory (504)
[2018.04.17-20.43.22:773][222]LogModuleManager: Shutting down and abandoning module WmfMediaEditor (502)
[2018.04.17-20.43.22:773][222]LogModuleManager: Shutting down and abandoning module OpenExrWrapper (500)
[2018.04.17-20.43.22:773][222]LogModuleManager: Shutting down and abandoning module ImgMediaFactory (498)
[2018.04.17-20.43.22:773][222]LogModuleManager: Shutting down and abandoning module ImgMediaEditor (496)
[2018.04.17-20.43.22:773][222]LogModuleManager: Shutting down and abandoning module AvfMediaFactory (494)
[2018.04.17-20.43.22:773][222]LogModuleManager: Shutting down and abandoning module AvfMediaEditor (492)
[2018.04.17-20.43.22:773][222]LogModuleManager: Shutting down and abandoning module AndroidMediaFactory (490)
[2018.04.17-20.43.22:773][222]LogModuleManager: Shutting down and abandoning module AndroidMediaEditor (488)
[2018.04.17-20.43.22:773][222]LogModuleManager: Shutting down and abandoning module CharacterAI (486)
[2018.04.17-20.43.22:773][222]LogModuleManager: Shutting down and abandoning module AudioCapture (484)
[2018.04.17-20.43.22:773][222]LogModuleManager: Shutting down and abandoning module SequenceRecorder (483)
[2018.04.17-20.43.22:773][222]LogModuleManager: Shutting down and abandoning module SmartSnapping (480)
[2018.04.17-20.43.22:773][222]LogModuleManager: Shutting down and abandoning module SessionServices (478)
[2018.04.17-20.43.22:773][222]LogModuleManager: Shutting down and abandoning module ViewportSnapping (476)
[2018.04.17-20.43.22:773][222]LogModuleManager: Shutting down and abandoning module ViewportInteraction (474)
[2018.04.17-20.43.22:773][222]LogModuleManager: Shutting down and abandoning module ClothPainter (472)
[2018.04.17-20.43.22:773][222]LogModuleManager: Shutting down and abandoning module SkeletalMeshEditor (471)
[2018.04.17-20.43.22:773][222]LogModuleManager: Shutting down and abandoning module LogVisualizer (468)
[2018.04.17-20.43.22:773][222]LogModuleManager: Shutting down and abandoning module IntroTutorials (466)
[2018.04.17-20.43.22:773][222]LogModuleManager: Shutting down and abandoning module GameProjectGeneration (465)
[2018.04.17-20.43.22:773][222]LogModuleManager: Shutting down and abandoning module IOSPlatformEditor (462)
[2018.04.17-20.43.22:773][222]LogModuleManager: Shutting down and abandoning module HTML5PlatformEditor (460)
[2018.04.17-20.43.22:773][222]LogModuleManager: Shutting down and abandoning module AndroidPlatformEditor (458)
[2018.04.17-20.43.22:774][222]LogModuleManager: Shutting down and abandoning module AndroidDeviceDetection (457)
[2018.04.17-20.43.23:259][222]LogModuleManager: Shutting down and abandoning module WindowsPlatformEditor (454)
[2018.04.17-20.43.23:259][222]LogModuleManager: Shutting down and abandoning module IOSRuntimeSettings (452)
[2018.04.17-20.43.23:259][222]LogModuleManager: Shutting down and abandoning module AndroidRuntimeSettings (450)
[2018.04.17-20.43.23:259][222]LogModuleManager: Shutting down and abandoning module InputBindingEditor (448)
[2018.04.17-20.43.23:259][222]LogModuleManager: Shutting down and abandoning module MergeActors (446)
[2018.04.17-20.43.23:259][222]LogModuleManager: Shutting down and abandoning module SizeMap (444)
[2018.04.17-20.43.23:259][222]LogModuleManager: Shutting down and abandoning module TreeMap (442)
[2018.04.17-20.43.23:259][222]LogModuleManager: Shutting down and abandoning module ReferenceViewer (440)
[2018.04.17-20.43.23:259][222]LogModuleManager: Shutting down and abandoning module LocalizationDashboard (438)
[2018.04.17-20.43.23:259][222]LogModuleManager: Shutting down and abandoning module LocalizationService (437)
[2018.04.17-20.43.23:259][222]LogModuleManager: Shutting down and abandoning module HardwareTargeting (434)
[2018.04.17-20.43.23:259][222]LogModuleManager: Shutting down and abandoning module DeviceProfileEditor (432)
[2018.04.17-20.43.23:259][222]LogModuleManager: Shutting down and abandoning module UndoHistory (430)
[2018.04.17-20.43.23:259][222]LogModuleManager: Shutting down and abandoning module XmlParser (428)
[2018.04.17-20.43.23:259][222]LogModuleManager: Shutting down and abandoning module Blutility (426)
[2018.04.17-20.43.23:259][222]LogModuleManager: Shutting down and abandoning module ProjectSettingsViewer (424)
[2018.04.17-20.43.23:259][222]LogModuleManager: Shutting down and abandoning module ProjectTargetPlatformEditor (423)
[2018.04.17-20.43.23:260][222]LogModuleManager: Shutting down and abandoning module EditorSettingsViewer (420)
[2018.04.17-20.43.23:260][222]LogModuleManager: Shutting down and abandoning module SettingsEditor (418)
[2018.04.17-20.43.23:260][222]LogModuleManager: Shutting down and abandoning module ProjectLauncher (416)
[2018.04.17-20.43.23:260][222]LogModuleManager: Shutting down and abandoning module SessionFrontend (414)
[2018.04.17-20.43.23:260][222]LogModuleManager: Shutting down and abandoning module ProfilerClient (412)
[2018.04.17-20.43.23:260][222]LogModuleManager: Shutting down and abandoning module DeviceManager (410)
[2018.04.17-20.43.23:260][222]LogModuleManager: Shutting down and abandoning module TargetDeviceServices (409)
[2018.04.17-20.43.23:323][222]LogModuleManager: Shutting down and abandoning module AutomationController (406)
[2018.04.17-20.43.23:323][222]LogModuleManager: Shutting down and abandoning module AutomationWindow (404)
[2018.04.17-20.43.23:323][222]LogModuleManager: Shutting down and abandoning module Layers (402)
[2018.04.17-20.43.23:323][222]LogModuleManager: Shutting down and abandoning module ComponentVisualizers (400)
[2018.04.17-20.43.23:323][222]LogModuleManager: Shutting down and abandoning module DetailCustomizations (398)
[2018.04.17-20.43.23:323][222]LogModuleManager: Shutting down and abandoning module PackagesDialog (396)
[2018.04.17-20.43.23:323][222]LogModuleManager: Shutting down and abandoning module Persona (394)
[2018.04.17-20.43.23:323][222]LogModuleManager: Shutting down and abandoning module AdvancedPreviewScene (393)
[2018.04.17-20.43.23:323][222]LogModuleManager: Shutting down and abandoning module AnimGraph (391)
[2018.04.17-20.43.23:323][222]LogModuleManager: Shutting down and abandoning module Kismet (388)
[2018.04.17-20.43.23:325][222]LogModuleManager: Shutting down and abandoning module ClassViewer (386)
[2018.04.17-20.43.23:325][222]LogModuleManager: Shutting down and abandoning module Toolbox (384)
[2018.04.17-20.43.23:325][222]LogModuleManager: Shutting down and abandoning module ModuleUI (382)
[2018.04.17-20.43.23:325][222]LogModuleManager: Shutting down and abandoning module MovieSceneTools (380)
[2018.04.17-20.43.23:325][222]LogModuleManager: Shutting down and abandoning module OutputLog (378)
[2018.04.17-20.43.23:325][222]LogModuleManager: Shutting down and abandoning module GammaUI (376)
[2018.04.17-20.43.23:325][222]LogModuleManager: Shutting down and abandoning module Documentation (374)
[2018.04.17-20.43.23:325][222]LogModuleManager: Shutting down and abandoning module MovieSceneTracks (372)
[2018.04.17-20.43.23:325][222]LogModuleManager: Shutting down and abandoning module MovieScene (370)
[2018.04.17-20.43.23:325][222]LogModuleManager: Shutting down and abandoning module StreamingPauseRendering (368)
[2018.04.17-20.43.23:325][222]LogModuleManager: Shutting down and abandoning module LauncherPlatform (366)
[2018.04.17-20.43.23:325][222]LogModuleManager: Shutting down and abandoning module AnalyticsET (364)
[2018.04.17-20.43.23:325][222]LogModuleManager: Shutting down and abandoning module PortalServices (362)
[2018.04.17-20.43.23:325][222]LogModuleManager: Shutting down and abandoning module PortalRpc (360)
[2018.04.17-20.43.23:325][222]LogModuleManager: Shutting down and abandoning module MessagingRpc (358)
[2018.04.17-20.43.23:325][222]LogModuleManager: Shutting down and abandoning module AIModule (356)
[2018.04.17-20.43.23:325][222]LogModuleManager: Shutting down and abandoning module GameplayDebugger (355)
[2018.04.17-20.43.23:326][222]LogModuleManager: Shutting down and abandoning module AITestSuite (353)
[2018.04.17-20.43.23:326][222]LogModuleManager: Shutting down and abandoning module DesktopPlatform (350)
[2018.04.17-20.43.23:326][222]LogModuleManager: Shutting down and abandoning module ProfilerService (348)
[2018.04.17-20.43.23:384][222]LogModuleManager: Shutting down and abandoning module TaskGraph (346)
[2018.04.17-20.43.23:384][222]LogModuleManager: Shutting down and abandoning module SteamVRController (344)
[2018.04.17-20.43.23:384][222]LogModuleManager: Shutting down and abandoning module ProceduralMeshComponentEditor (342)
[2018.04.17-20.43.23:384][222]LogModuleManager: Shutting down and abandoning module ProceduralMeshComponent (340)
[2018.04.17-20.43.23:384][222]LogModuleManager: Shutting down and abandoning module OculusInput (338)
[2018.04.17-20.43.23:384][222]LogModuleManager: Shutting down and abandoning module MobilePatchingUtils (336)
[2018.04.17-20.43.23:384][222]LogModuleManager: Shutting down and abandoning module CustomMeshComponent (334)
[2018.04.17-20.43.23:384][222]LogModuleManager: Shutting down and abandoning module CableComponent (332)
[2018.04.17-20.43.23:384][222]LogModuleManager: Shutting down and abandoning module ArchVisCharacter (330)
[2018.04.17-20.43.23:384][222]LogModuleManager: Shutting down and abandoning module AndroidPermission (328)
[2018.04.17-20.43.23:384][222]LogModuleManager: Shutting down and abandoning module ActorSequence (324)
[2018.04.17-20.43.23:384][222]LogModuleManager: Shutting down and abandoning module MediaPlayerEditor (322)
[2018.04.17-20.43.23:384][222]LogModuleManager: Shutting down and abandoning module MediaCompositingEditor (320)
[2018.04.17-20.43.23:384][222]LogModuleManager: Shutting down and abandoning module MediaCompositing (318)
[2018.04.17-20.43.23:384][222]LogModuleManager: Shutting down and abandoning module HTML5Networking (316)
[2018.04.17-20.43.23:384][222]LogModuleManager: Shutting down and abandoning module AlembicImporter (314)
[2018.04.17-20.43.23:384][222]LogModuleManager: Shutting down and abandoning module AlembicLibrary (313)
[2018.04.17-20.43.23:384][222]LogModuleManager: Shutting down and abandoning module GeometryCache (312)
[2018.04.17-20.43.23:384][222]LogModuleManager: Shutting down and abandoning module GeometryCacheEd (311)
[2018.04.17-20.43.23:384][222]LogModuleManager: Shutting down and abandoning module SpeedTreeImporter (306)
[2018.04.17-20.43.23:384][222]LogModuleManager: Shutting down and abandoning module PluginBrowser (304)
[2018.04.17-20.43.23:384][222]LogModuleManager: Shutting down and abandoning module MobileLauncherProfileWizard (302)
[2018.04.17-20.43.23:384][222]LogModuleManager: Shutting down and abandoning module VisualStudioSourceCodeAccess (300)
[2018.04.17-20.43.23:385][222]LogModuleManager: Shutting down and abandoning module VisualStudioCodeSourceCodeAccess (298)
[2018.04.17-20.43.23:385][222]LogModuleManager: Shutting down and abandoning module UObjectPlugin (296)
[2018.04.17-20.43.23:385][222]LogModuleManager: Shutting down and abandoning module SubversionSourceControl (294)
[2018.04.17-20.43.23:385][222]LogModuleManager: Shutting down and abandoning module PerforceSourceControl (292)
[2018.04.17-20.43.23:385][222]LogModuleManager: Shutting down and abandoning module GitSourceControl (290)
[2018.04.17-20.43.23:385][222]LogModuleManager: Shutting down and abandoning module SourceControl (289)
[2018.04.17-20.43.23:385][222]LogModuleManager: Shutting down and abandoning module LightPropagationVolumeEditor (286)
[2018.04.17-20.43.23:385][222]LogModuleManager: Shutting down and abandoning module PaperTiledImporter (284)
[2018.04.17-20.43.23:385][222]LogModuleManager: Shutting down and abandoning module PaperSpriteSheetImporter (282)
[2018.04.17-20.43.23:385][222]LogModuleManager: Shutting down and abandoning module Paper2DEditor (280)
[2018.04.17-20.43.23:385][222]LogModuleManager: Shutting down and abandoning module MeshPaint (279)
[2018.04.17-20.43.23:385][222]LogModuleManager: Shutting down and abandoning module LevelEditor (277)
[2018.04.17-20.43.23:386][222]LogModuleManager: Shutting down and abandoning module PixelInspectorModule (276)
[2018.04.17-20.43.23:386][222]LogModuleManager: Shutting down and abandoning module MainFrame (274)
[2018.04.17-20.43.23:386][222]LogModuleManager: Shutting down and abandoning module HotReload (273)
[2018.04.17-20.43.23:387][222]LogModuleManager: Shutting down and abandoning module RuntimePhysXCooking (268)
[2018.04.17-20.43.23:387][222]LogModuleManager: Shutting down and abandoning module PhysXVehiclesEditor (266)
[2018.04.17-20.43.23:387][222]LogModuleManager: Shutting down and abandoning module PhysXVehicles (264)
[2018.04.17-20.43.23:387][222]LogModuleManager: Shutting down and abandoning module OculusEditor (262)
[2018.04.17-20.43.23:387][222]LogModuleManager: Shutting down and abandoning module LocationServicesBPLibrary (260)
[2018.04.17-20.43.23:387][222]LogModuleManager: Shutting down and abandoning module ImmediatePhysicsEditor (258)
[2018.04.17-20.43.23:387][222]LogModuleManager: Shutting down and abandoning module ImmediatePhysics (256)
[2018.04.17-20.43.23:387][222]LogModuleManager: Shutting down and abandoning module UdpMessaging (254)
[2018.04.17-20.43.23:488][222]LogModuleManager: Shutting down and abandoning module TcpMessaging (252)
[2018.04.17-20.43.23:592][222]LogModuleManager: Shutting down and abandoning module GameplayTagsEditor (250)
[2018.04.17-20.43.23:592][222]LogModuleManager: Shutting down and abandoning module FacialAnimationEditor (248)
[2018.04.17-20.43.23:592][222]LogModuleManager: Shutting down and abandoning module FacialAnimation (246)
[2018.04.17-20.43.23:592][222]LogModuleManager: Shutting down and abandoning module AssetManagerEditor (244)
[2018.04.17-20.43.23:592][222]LogModuleManager: Shutting down and abandoning module GraphEditor (243)
[2018.04.17-20.43.23:592][222]LogModuleManager: Shutting down and abandoning module ContentBrowser (241)
[2018.04.17-20.43.23:593][222]LogModuleManager: Shutting down and abandoning module LightPropagationVolumeRuntime (238)
[2018.04.17-20.43.23:593][222]LogModuleManager: Shutting down and abandoning module Paper2D (236)
[2018.04.17-20.43.23:593][222]LogModuleManager: Shutting down and abandoning module WindowsMoviePlayer (234)
[2018.04.17-20.43.23:593][222]LogModuleManager: Shutting down and abandoning module WmfMedia (232)
[2018.04.17-20.43.23:595][222]LogModuleManager: Shutting down and abandoning module ImgMedia (230)
[2018.04.17-20.43.23:595][222]LogModuleManager: Shutting down and abandoning module PacketHandler (228)
[2018.04.17-20.43.23:595][222]LogModuleManager: Shutting down and abandoning module ClothingSystemEditor (226)
[2018.04.17-20.43.23:595][222]LogModuleManager: Shutting down and abandoning module ClothingSystemRuntime (224)
[2018.04.17-20.43.23:595][222]LogModuleManager: Shutting down and abandoning module MediaAssets (222)
[2018.04.17-20.43.23:595][222]LogModuleManager: Shutting down and abandoning module Media (221)
[2018.04.17-20.43.23:601][222]LogModuleManager: Shutting down and abandoning module Overlay (218)
[2018.04.17-20.43.23:601][222]LogModuleManager: Shutting down and abandoning module OverlayEditor (217)
[2018.04.17-20.43.23:601][222]LogModuleManager: Shutting down and abandoning module VREditor (214)
[2018.04.17-20.43.23:601][222]LogModuleManager: Shutting down and abandoning module StringTableEditor (212)
[2018.04.17-20.43.23:601][222]LogModuleManager: Shutting down and abandoning module GameplayTasksEditor (210)
[2018.04.17-20.43.23:601][222]LogModuleManager: Shutting down and abandoning module BehaviorTreeEditor (208)
[2018.04.17-20.43.23:601][222]LogModuleManager: Shutting down and abandoning module FunctionalTesting (206)
[2018.04.17-20.43.23:601][222]LogModuleManager: Shutting down and abandoning module CollisionAnalyzer (204)
[2018.04.17-20.43.23:601][222]LogModuleManager: Shutting down and abandoning module WorkspaceMenuStructure (203)
[2018.04.17-20.43.23:601][222]LogModuleManager: Shutting down and abandoning module UMG (200)
[2018.04.17-20.43.23:601][222]LogModuleManager: Shutting down and abandoning module UMGEditor (199)
[2018.04.17-20.43.23:601][222]LogModuleManager: Shutting down and abandoning module Sequencer (198)
[2018.04.17-20.43.23:601][222]LogModuleManager: Shutting down and abandoning module MessageLog (195)
[2018.04.17-20.43.23:601][222]LogModuleManager: Shutting down and abandoning module SlateReflector (190)
[2018.04.17-20.43.23:601][222]LogModuleManager: Shutting down and abandoning module Slate (188)
[2018.04.17-20.43.23:601][222]LogModuleManager: Shutting down and abandoning module EditorStyle (186)
[2018.04.17-20.43.23:603][222]LogModuleManager: Shutting down and abandoning module MRMesh (184)
[2018.04.17-20.43.23:603][222]LogModuleManager: Shutting down and abandoning module SourceCodeAccess (182)
[2018.04.17-20.43.23:603][222]LogModuleManager: Shutting down and abandoning module HeadMountedDisplay (180)
[2018.04.17-20.43.23:603][222]LogModuleManager: Shutting down and abandoning module XAudio2 (178)
[2018.04.17-20.43.23:603][222]LogModuleManager: Shutting down and abandoning module Networking (176)
[2018.04.17-20.43.23:603][222]LogModuleManager: Shutting down and abandoning module Core (172)
[2018.04.17-20.43.23:603][222]LogModuleManager: Shutting down and abandoning module LevelSequence (168)
[2018.04.17-20.43.23:603][222]LogModuleManager: Shutting down and abandoning module DirectoryWatcher (166)
[2018.04.17-20.43.23:603][222]LogModuleManager: Shutting down and abandoning module KismetCompiler (164)
[2018.04.17-20.43.23:603][222]LogModuleManager: Shutting down and abandoning module MeshUtilities (162)
[2018.04.17-20.43.23:603][222]LogModuleManager: Shutting down and abandoning module MeshMergeUtilities (161)
[2018.04.17-20.43.23:603][222]LogModuleManager: Shutting down and abandoning module MeshReductionInterface (160)
[2018.04.17-20.43.23:603][222]LogModuleManager: Shutting down and abandoning module SimplygonSwarm (159)
[2018.04.17-20.43.23:603][222]LogModuleManager: Shutting down and abandoning module SimplygonMeshReduction (157)
[2018.04.17-20.43.23:603][222]LogModuleManager: Shutting down and abandoning module QuadricMeshReduction (155)
[2018.04.17-20.43.23:603][222]LogModuleManager: Shutting down and abandoning module MaterialBaking (151)
[2018.04.17-20.43.23:603][222]LogModuleManager: Shutting down and abandoning module DerivedDataCache (148)
[2018.04.17-20.43.23:634][222]LogDerivedDataCache: Shutdown
[2018.04.17-20.43.23:634][222]LogModuleManager: Shutting down and abandoning module TargetPlatform (146)
[2018.04.17-20.43.23:634][222]LogModuleManager: Shutting down and abandoning module VulkanShaderFormat (145)
[2018.04.17-20.43.23:634][222]LogModuleManager: Shutting down and abandoning module ShaderFormatVectorVM (143)
[2018.04.17-20.43.23:634][222]LogModuleManager: Shutting down and abandoning module ShaderFormatOpenGL (141)
[2018.04.17-20.43.23:634][222]LogModuleManager: Shutting down and abandoning module ShaderFormatD3D (139)
[2018.04.17-20.43.23:634][222]LogModuleManager: Shutting down and abandoning module MetalShaderFormat (137)
[2018.04.17-20.43.23:634][222]LogModuleManager: Shutting down and abandoning module TextureFormatUncompressed (135)
[2018.04.17-20.43.23:634][222]LogModuleManager: Shutting down and abandoning module TextureFormatPVR (133)
[2018.04.17-20.43.23:634][222]LogModuleManager: Shutting down and abandoning module TextureFormatDXT (131)
[2018.04.17-20.43.23:634][222]LogModuleManager: Shutting down and abandoning module TextureFormatIntelISPCTexComp (129)
[2018.04.17-20.43.23:634][222]LogModuleManager: Shutting down and abandoning module TextureFormatASTC (127)
[2018.04.17-20.43.23:634][222]LogModuleManager: Shutting down and abandoning module ImageWrapper (126)
[2018.04.17-20.43.23:634][222]LogModuleManager: Shutting down and abandoning module TextureFormatAndroid (123)
[2018.04.17-20.43.23:634][222]LogModuleManager: Shutting down and abandoning module AudioFormatOpus (121)
[2018.04.17-20.43.23:634][222]LogModuleManager: Shutting down and abandoning module AudioFormatOgg (119)
[2018.04.17-20.43.23:634][222]LogModuleManager: Shutting down and abandoning module AudioFormatADPCM (117)
[2018.04.17-20.43.23:634][222]LogModuleManager: Shutting down and abandoning module LinuxTargetPlatform (115)
[2018.04.17-20.43.23:634][222]LogModuleManager: Shutting down and abandoning module LinuxServerTargetPlatform (113)
[2018.04.17-20.43.23:634][222]LogModuleManager: Shutting down and abandoning module LinuxNoEditorTargetPlatform (111)
[2018.04.17-20.43.23:634][222]LogModuleManager: Shutting down and abandoning module LinuxClientTargetPlatform (109)
[2018.04.17-20.43.23:634][222]LogModuleManager: Shutting down and abandoning module TVOSTargetPlatform (107)
[2018.04.17-20.43.23:634][222]LogModuleManager: Shutting down and abandoning module Messaging (105)
[2018.04.17-20.43.23:634][222]LogModuleManager: Shutting down and abandoning module IOSTargetPlatform (103)
[2018.04.17-20.43.23:634][222]LogModuleManager: Shutting down and abandoning module HTML5TargetPlatform (101)
[2018.04.17-20.43.23:634][222]LogModuleManager: Shutting down and abandoning module AndroidTargetPlatform (99)
[2018.04.17-20.43.23:634][222]LogModuleManager: Shutting down and abandoning module Android_PVRTCTargetPlatform (97)
[2018.04.17-20.43.23:634][222]LogModuleManager: Shutting down and abandoning module Android_MultiTargetPlatform (95)
[2018.04.17-20.43.23:634][222]LogModuleManager: Shutting down and abandoning module Android_ETC2TargetPlatform (93)
[2018.04.17-20.43.23:634][222]LogModuleManager: Shutting down and abandoning module Android_ETC1TargetPlatform (91)
[2018.04.17-20.43.23:635][222]LogModuleManager: Shutting down and abandoning module Android_DXTTargetPlatform (89)
[2018.04.17-20.43.23:635][222]LogModuleManager: Shutting down and abandoning module Android_ATCTargetPlatform (87)
[2018.04.17-20.43.23:635][222]LogModuleManager: Shutting down and abandoning module Android_ASTCTargetPlatform (85)
[2018.04.17-20.43.23:635][222]LogModuleManager: Shutting down and abandoning module WindowsTargetPlatform (83)
[2018.04.17-20.43.23:635][222]LogModuleManager: Shutting down and abandoning module WindowsServerTargetPlatform (81)
[2018.04.17-20.43.23:635][222]LogModuleManager: Shutting down and abandoning module WindowsNoEditorTargetPlatform (79)
[2018.04.17-20.43.23:635][222]LogModuleManager: Shutting down and abandoning module WindowsClientTargetPlatform (77)
[2018.04.17-20.43.23:635][222]LogModuleManager: Shutting down and abandoning module MacTargetPlatform (75)
[2018.04.17-20.43.23:635][222]LogModuleManager: Shutting down and abandoning module MacServerTargetPlatform (73)
[2018.04.17-20.43.23:635][222]LogModuleManager: Shutting down and abandoning module MacNoEditorTargetPlatform (71)
[2018.04.17-20.43.23:635][222]LogModuleManager: Shutting down and abandoning module MacClientTargetPlatform (69)
[2018.04.17-20.43.23:635][222]LogModuleManager: Shutting down and abandoning module AllDesktopTargetPlatform (67)
[2018.04.17-20.43.23:635][222]LogModuleManager: Shutting down and abandoning module InputCore (64)
[2018.04.17-20.43.23:635][222]LogModuleManager: Shutting down and abandoning module Settings (62)
[2018.04.17-20.43.23:635][222]LogModuleManager: Shutting down and abandoning module PhysXCooking (60)
[2018.04.17-20.43.23:635][222]LogModuleManager: Shutting down and abandoning module SteamVR (58)
[2018.04.17-20.43.23:635][222]LogModuleManager: Shutting down and abandoning module OculusHMD (56)
[2018.04.17-20.43.23:635][222]LogModuleManager: Shutting down and abandoning module ExampleDeviceProfileSelector (54)
[2018.04.17-20.43.23:635][222]LogModuleManager: Shutting down and abandoning module AppleARKit (52)
[2018.04.17-20.43.23:635][222]LogModuleManager: Shutting down and abandoning module AugmentedReality (51)
[2018.04.17-20.43.23:635][222]LogModuleManager: Shutting down and abandoning module OnlineBlueprintSupport (48)
[2018.04.17-20.43.23:635][222]LogModuleManager: Shutting down and abandoning module OnlineSubsystem (44)
[2018.04.17-20.43.23:635][222]LogModuleManager: Shutting down and abandoning module XMPP (43)
[2018.04.17-20.43.23:635][222]LogModuleManager: Shutting down and abandoning module HTTP (41)
[2018.04.17-20.43.23:635][222]LogHttp: Display: Http module shutting down, but needs to wait on 1 outstanding Http requests:
[2018.04.17-20.43.23:635][222]LogHttp: Display: 	verb=[POST] url=[https://datarouter.ol.epicgames.com/datarouter/api/v1/public/data?SessionID=%7BD68988FB-46EB-FF3F-4122-7F9B45AC01AB%7D&AppID=UEEditor.Rocket.Release&AppVersion=4.18.3-3832480%2B%2B%2BUE4%2BRelease-4.18&UserID=3c672d344552e18e671377a0b8ad0ae7%7C399a20081ae44004b6492f76cdf93a29%7C5c6856f5-e51b-4c38-9384-27fabb8c6b79&AppEnvironment=datacollector-binary&UploadType=eteventstream] status=Processing
[2018.04.17-20.43.23:659][222]LogModuleManager: Shutting down and abandoning module SSL (40)
[2018.04.17-20.43.23:660][222]LogModuleManager: Shutting down and abandoning module AnimationModifiers (36)
[2018.04.17-20.43.23:661][222]LogModuleManager: Shutting down and abandoning module PropertyEditor (35)
[2018.04.17-20.43.23:661][222]LogModuleManager: Shutting down and abandoning module AudioEditor (32)
[2018.04.17-20.43.23:661][222]LogModuleManager: Shutting down and abandoning module TextureCompressor (30)
[2018.04.17-20.43.23:661][222]LogModuleManager: Shutting down and abandoning module ShaderCore (28)
[2018.04.17-20.43.23:661][222]LogModuleManager: Shutting down and abandoning module Landscape (26)
[2018.04.17-20.43.23:661][222]LogModuleManager: Shutting down and abandoning module SlateRHIRenderer (24)
[2018.04.17-20.43.23:661][222]LogModuleManager: Shutting down and abandoning module OpenGLDrv (22)
[2018.04.17-20.43.23:661][222]LogModuleManager: Shutting down and abandoning module D3D11RHI (20)
[2018.04.17-20.43.23:661][222]LogModuleManager: Shutting down and abandoning module AnimGraphRuntime (18)
[2018.04.17-20.43.23:661][222]LogModuleManager: Shutting down and abandoning module Renderer (16)
[2018.04.17-20.43.23:661][222]LogModuleManager: Shutting down and abandoning module Engine (14)
[2018.04.17-20.43.23:661][222]LogModuleManager: Shutting down and abandoning module CoreUObject (12)
[2018.04.17-20.43.23:662][222]LogModuleManager: Shutting down and abandoning module NetworkFile (10)
[2018.04.17-20.43.23:662][222]LogModuleManager: Shutting down and abandoning module CookedIterativeFile (8)
[2018.04.17-20.43.23:662][222]LogModuleManager: Shutting down and abandoning module StreamingFile (6)
[2018.04.17-20.43.23:662][222]LogModuleManager: Shutting down and abandoning module SandboxFile (4)
[2018.04.17-20.43.23:662][222]LogModuleManager: Shutting down and abandoning module PakFile (2)
[2018.04.17-20.43.23:664][222]LogExit: Exiting.
[2018.04.17-20.43.23:683][222]Log file closed, 04/17/18 21:43:23
