Log file open, 04/18/18 09:59:39
LogWindows: Failed to load 'aqProf.dll' (GetLastError=126)
LogWindows: File 'aqProf.dll' does not exist
LogWindows: Failed to load 'VtuneApi.dll' (GetLastError=126)
LogWindows: File 'VtuneApi.dll' does not exist
LogWindows: Failed to load 'VtuneApi32e.dll' (GetLastError=126)
LogWindows: File 'VtuneApi32e.dll' does not exist
LogInit: Display: Running engine for game: VRaporwave
LogPlatformFile: Not using cached read wrapper
LogInit: Display: RandInit(1795999693) SRandInit(1795999693).
LogInit: Read version file with build ID '3709383'
LogInit: Overriding engine version to CL 3832480, compatible CL 3709383
LogInit: Registered custom module enumerator with build ID '3709383'
LogTaskGraph: Started task graph with 5 named threads and 14 total threads with 3 sets of task threads.
LogStats: Stats thread started at 0.508304
LogD3D11RHI: Aftermath initialized
LogModuleManager: Display: Found up-to-date module file ../../../Engine/Plugins/2D/Paper2D/Binaries/Win64/UE4Editor-Paper2D.dll (API version 3709383).
LogModuleManager: Display: Found up-to-date module file ../../../Engine/Plugins/2D/Paper2D/Binaries/Win64/UE4Editor-Paper2DEditor.dll (API version 3709383).
LogModuleManager: Display: Found up-to-date module file ../../../Engine/Plugins/2D/Paper2D/Binaries/Win64/UE4Editor-PaperSpriteSheetImporter.dll (API version 3709383).
LogModuleManager: Display: Found up-to-date module file ../../../Engine/Plugins/2D/Paper2D/Binaries/Win64/UE4Editor-PaperTiledImporter.dll (API version 3709383).
LogModuleManager: Display: Found up-to-date module file ../../../Engine/Plugins/2D/Paper2D/Binaries/Win64/UE4Editor-SmartSnapping.dll (API version 3709383).
LogModuleManager: Display: Found up-to-date module file ../../../Engine/Plugins/Blendables/LightPropagationVolume/Binaries/Win64/UE4Editor-LightPropagationVolumeRuntime.dll (API version 3709383).
LogModuleManager: Display: Found up-to-date module file ../../../Engine/Plugins/Blendables/LightPropagationVolume/Binaries/Win64/UE4Editor-LightPropagationVolumeEditor.dll (API version 3709383).
LogModuleManager: Display: Found up-to-date module file ../../../Engine/Plugins/Developer/GitSourceControl/Binaries/Win64/UE4Editor-GitSourceControl.dll (API version 3709383).
LogModuleManager: Display: Found up-to-date module file ../../../Engine/Plugins/Developer/PerforceSourceControl/Binaries/Win64/UE4Editor-PerforceSourceControl.dll (API version 3709383).
LogModuleManager: Display: Found up-to-date module file ../../../Engine/Plugins/Developer/SubversionSourceControl/Binaries/Win64/UE4Editor-SubversionSourceControl.dll (API version 3709383).
LogModuleManager: Display: Found up-to-date module file ../../../Engine/Plugins/Developer/UObjectPlugin/Binaries/Win64/UE4Editor-UObjectPlugin.dll (API version 3709383).
LogModuleManager: Display: Found up-to-date module file ../../../Engine/Plugins/Developer/VisualStudioCodeSourceCodeAccess/Binaries/Win64/UE4Editor-VisualStudioCodeSourceCodeAccess.dll (API version 3709383).
LogModuleManager: Display: Found up-to-date module file ../../../Engine/Plugins/Developer/VisualStudioSourceCodeAccess/Binaries/Win64/UE4Editor-VisualStudioSourceCodeAccess.dll (API version 3709383).
LogModuleManager: Display: Found up-to-date module file ../../../Engine/Plugins/Editor/AssetManagerEditor/Binaries/Win64/UE4Editor-AssetManagerEditor.dll (API version 3709383).
LogModuleManager: Display: Found up-to-date module file ../../../Engine/Plugins/Editor/AudioCapture/Binaries/Win64/UE4Editor-AudioCapture.dll (API version 3709383).
LogModuleManager: Display: Found up-to-date module file ../../../Engine/Plugins/Editor/FacialAnimation/Binaries/Win64/UE4Editor-FacialAnimation.dll (API version 3709383).
LogModuleManager: Display: Found up-to-date module file ../../../Engine/Plugins/Editor/FacialAnimation/Binaries/Win64/UE4Editor-FacialAnimationEditor.dll (API version 3709383).
LogModuleManager: Display: Found up-to-date module file ../../../Engine/Plugins/Editor/GameplayTagsEditor/Binaries/Win64/UE4Editor-GameplayTagsEditor.dll (API version 3709383).
LogModuleManager: Display: Found up-to-date module file ../../../Engine/Plugins/Editor/MobileLauncherProfileWizard/Binaries/Win64/UE4Editor-MobileLauncherProfileWizard.dll (API version 3709383).
LogModuleManager: Display: Found up-to-date module file ../../../Engine/Plugins/Editor/PluginBrowser/Binaries/Win64/UE4Editor-PluginBrowser.dll (API version 3709383).
LogModuleManager: Display: Found up-to-date module file ../../../Engine/Plugins/Editor/SpeedTreeImporter/Binaries/Win64/UE4Editor-SpeedTreeImporter.dll (API version 3709383).
LogModuleManager: Display: Found up-to-date module file ../../../Engine/Plugins/Experimental/AlembicImporter/Binaries/Win64/UE4Editor-AlembicImporter.dll (API version 3709383).
LogModuleManager: Display: Found up-to-date module file ../../../Engine/Plugins/Experimental/AlembicImporter/Binaries/Win64/UE4Editor-AlembicLibrary.dll (API version 3709383).
LogModuleManager: Display: Found up-to-date module file ../../../Engine/Plugins/Experimental/CharacterAI/Binaries/Win64/UE4Editor-CharacterAI.dll (API version 3709383).
LogModuleManager: Display: Found up-to-date module file ../../../Engine/Plugins/Experimental/HTML5Networking/Binaries/Win64/UE4Editor-HTML5Networking.dll (API version 3709383).
LogModuleManager: Display: Found up-to-date module file ../../../Engine/Plugins/Media/AndroidMedia/Binaries/Win64/UE4Editor-AndroidMediaEditor.dll (API version 3709383).
LogModuleManager: Display: Found up-to-date module file ../../../Engine/Plugins/Media/AndroidMedia/Binaries/Win64/UE4Editor-AndroidMediaFactory.dll (API version 3709383).
LogModuleManager: Display: Found up-to-date module file ../../../Engine/Plugins/Media/AvfMedia/Binaries/Win64/UE4Editor-AvfMediaEditor.dll (API version 3709383).
LogModuleManager: Display: Found up-to-date module file ../../../Engine/Plugins/Media/AvfMedia/Binaries/Win64/UE4Editor-AvfMediaFactory.dll (API version 3709383).
LogModuleManager: Display: Found up-to-date module file ../../../Engine/Plugins/Media/AvfMedia/Binaries/Win64/UE4Editor-AvfMediaFactory.dll (API version 3709383).
LogModuleManager: Display: Found up-to-date module file ../../../Engine/Plugins/Media/ImgMedia/Binaries/Win64/UE4Editor-ImgMedia.dll (API version 3709383).
LogModuleManager: Display: Found up-to-date module file ../../../Engine/Plugins/Media/ImgMedia/Binaries/Win64/UE4Editor-ImgMediaEditor.dll (API version 3709383).
LogModuleManager: Display: Found up-to-date module file ../../../Engine/Plugins/Media/ImgMedia/Binaries/Win64/UE4Editor-ImgMediaFactory.dll (API version 3709383).
LogModuleManager: Display: Found up-to-date module file ../../../Engine/Plugins/Media/ImgMedia/Binaries/Win64/UE4Editor-ImgMediaFactory.dll (API version 3709383).
LogModuleManager: Display: Found up-to-date module file ../../../Engine/Plugins/Media/ImgMedia/Binaries/Win64/UE4Editor-OpenExrWrapper.dll (API version 3709383).
LogModuleManager: Display: Found up-to-date module file ../../../Engine/Plugins/Media/MediaCompositing/Binaries/Win64/UE4Editor-MediaCompositing.dll (API version 3709383).
LogModuleManager: Display: Found up-to-date module file ../../../Engine/Plugins/Media/MediaCompositing/Binaries/Win64/UE4Editor-MediaCompositingEditor.dll (API version 3709383).
LogModuleManager: Display: Found up-to-date module file ../../../Engine/Plugins/Media/MediaPlayerEditor/Binaries/Win64/UE4Editor-MediaPlayerEditor.dll (API version 3709383).
LogModuleManager: Display: Found up-to-date module file ../../../Engine/Plugins/Media/WmfMedia/Binaries/Win64/UE4Editor-WmfMedia.dll (API version 3709383).
LogModuleManager: Display: Found up-to-date module file ../../../Engine/Plugins/Media/WmfMedia/Binaries/Win64/UE4Editor-WmfMediaEditor.dll (API version 3709383).
LogModuleManager: Display: Found up-to-date module file ../../../Engine/Plugins/Media/WmfMedia/Binaries/Win64/UE4Editor-WmfMediaFactory.dll (API version 3709383).
LogModuleManager: Display: Found up-to-date module file ../../../Engine/Plugins/Media/WmfMedia/Binaries/Win64/UE4Editor-WmfMediaFactory.dll (API version 3709383).
LogModuleManager: Display: Found up-to-date module file ../../../Engine/Plugins/Messaging/TcpMessaging/Binaries/Win64/UE4Editor-TcpMessaging.dll (API version 3709383).
LogModuleManager: Display: Found up-to-date module file ../../../Engine/Plugins/Messaging/UdpMessaging/Binaries/Win64/UE4Editor-UdpMessaging.dll (API version 3709383).
LogModuleManager: Display: Found up-to-date module file ../../../Engine/Plugins/MovieScene/ActorSequence/Binaries/Win64/UE4Editor-ActorSequence.dll (API version 3709383).
LogModuleManager: Display: Found up-to-date module file ../../../Engine/Plugins/MovieScene/LevelSequenceEditor/Binaries/Win64/UE4Editor-LevelSequenceEditor.dll (API version 3709383).
LogModuleManager: Display: Found up-to-date module file ../../../Engine/Plugins/MovieScene/MatineeToLevelSequence/Binaries/Win64/UE4Editor-MatineeToLevelSequence.dll (API version 3709383).
LogModuleManager: Display: Found up-to-date module file ../../../Engine/Plugins/Online/OnlineSubsystem/Binaries/Win64/UE4Editor-OnlineSubsystem.dll (API version 3709383).
LogModuleManager: Display: Found up-to-date module file ../../../Engine/Plugins/Runtime/AndroidPermission/Binaries/Win64/UE4Editor-AndroidPermission.dll (API version 3709383).
LogModuleManager: Display: Found up-to-date module file ../../../Engine/Plugins/Online/OnlineSubsystemNull/Binaries/Win64/UE4Editor-OnlineSubsystemNull.dll (API version 3709383).
LogModuleManager: Display: Found up-to-date module file ../../../Engine/Plugins/Online/OnlineSubsystemUtils/Binaries/Win64/UE4Editor-OnlineSubsystemUtils.dll (API version 3709383).
LogModuleManager: Display: Found up-to-date module file ../../../Engine/Plugins/Online/OnlineSubsystemUtils/Binaries/Win64/UE4Editor-OnlineBlueprintSupport.dll (API version 3709383).
LogModuleManager: Display: Found up-to-date module file ../../../Engine/Plugins/Runtime/AndroidDeviceProfileSelector/Binaries/Win64/UE4Editor-AndroidDeviceProfileSelector.dll (API version 3709383).
LogModuleManager: Display: Found up-to-date module file ../../../Engine/Plugins/Runtime/AppleARKit/Binaries/Win64/UE4Editor-AppleARKit.dll (API version 3709383).
LogModuleManager: Display: Found up-to-date module file ../../../Engine/Plugins/Runtime/ArchVisCharacter/Binaries/Win64/UE4Editor-ArchVisCharacter.dll (API version 3709383).
LogModuleManager: Display: Found up-to-date module file ../../../Engine/Plugins/Runtime/CableComponent/Binaries/Win64/UE4Editor-CableComponent.dll (API version 3709383).
LogModuleManager: Display: Found up-to-date module file ../../../Engine/Plugins/Runtime/CustomMeshComponent/Binaries/Win64/UE4Editor-CustomMeshComponent.dll (API version 3709383).
LogModuleManager: Display: Found up-to-date module file ../../../Engine/Plugins/Runtime/ExampleDeviceProfileSelector/Binaries/Win64/UE4Editor-ExampleDeviceProfileSelector.dll (API version 3709383).
LogModuleManager: Display: Found up-to-date module file ../../../Engine/Plugins/Runtime/ImmediatePhysics/Binaries/Win64/UE4Editor-ImmediatePhysics.dll (API version 3709383).
LogModuleManager: Display: Found up-to-date module file ../../../Engine/Plugins/Runtime/ImmediatePhysics/Binaries/Win64/UE4Editor-ImmediatePhysicsEditor.dll (API version 3709383).
LogModuleManager: Display: Found up-to-date module file ../../../Engine/Plugins/Runtime/LocationServicesBPLibrary/Binaries/Win64/UE4Editor-LocationServicesBPLibrary.dll (API version 3709383).
LogModuleManager: Display: Found up-to-date module file ../../../Engine/Plugins/Runtime/MobilePatchingUtils/Binaries/Win64/UE4Editor-MobilePatchingUtils.dll (API version 3709383).
LogModuleManager: Display: Found up-to-date module file ../../../Engine/Plugins/Runtime/Oculus/OculusVR/Binaries/Win64/UE4Editor-OculusHMD.dll (API version 3709383).
LogModuleManager: Display: Found up-to-date module file ../../../Engine/Plugins/Runtime/Oculus/OculusVR/Binaries/Win64/UE4Editor-OculusInput.dll (API version 3709383).
LogModuleManager: Display: Found up-to-date module file ../../../Engine/Plugins/Runtime/Oculus/OculusVR/Binaries/Win64/UE4Editor-OculusEditor.dll (API version 3709383).
LogModuleManager: Display: Found up-to-date module file ../../../Engine/Plugins/Runtime/PhysXVehicles/Binaries/Win64/UE4Editor-PhysXVehicles.dll (API version 3709383).
LogModuleManager: Display: Found up-to-date module file ../../../Engine/Plugins/Runtime/PhysXVehicles/Binaries/Win64/UE4Editor-PhysXVehiclesEditor.dll (API version 3709383).
LogModuleManager: Display: Found up-to-date module file ../../../Engine/Plugins/Runtime/ProceduralMeshComponent/Binaries/Win64/UE4Editor-ProceduralMeshComponent.dll (API version 3709383).
LogModuleManager: Display: Found up-to-date module file ../../../Engine/Plugins/Runtime/ProceduralMeshComponent/Binaries/Win64/UE4Editor-ProceduralMeshComponentEditor.dll (API version 3709383).
LogModuleManager: Display: Found up-to-date module file ../../../Engine/Plugins/Runtime/RuntimePhysXCooking/Binaries/Win64/UE4Editor-RuntimePhysXCooking.dll (API version 3709383).
LogModuleManager: Display: Found up-to-date module file ../../../Engine/Plugins/Runtime/Steam/SteamVR/Binaries/Win64/UE4Editor-SteamVR.dll (API version 3709383).
LogModuleManager: Display: Found up-to-date module file ../../../Engine/Plugins/Runtime/Steam/SteamVR/Binaries/Win64/UE4Editor-SteamVRController.dll (API version 3709383).
LogModuleManager: Display: Found up-to-date module file ../../../Engine/Plugins/Runtime/WindowsMoviePlayer/Binaries/Win64/UE4Editor-WindowsMoviePlayer.dll (API version 3709383).
LogPluginManager: Mounting plugin Paper2D
LogPluginManager: Mounting plugin LightPropagationVolume
LogPluginManager: Mounting plugin CodeLiteSourceCodeAccess
LogPluginManager: Mounting plugin GitSourceControl
LogPluginManager: Mounting plugin KDevelopSourceCodeAccess
LogPluginManager: Mounting plugin NullSourceCodeAccess
LogPluginManager: Mounting plugin PerforceSourceControl
LogPluginManager: Mounting plugin SubversionSourceControl
LogPluginManager: Mounting plugin UObjectPlugin
LogPluginManager: Mounting plugin VisualStudioCodeSourceCodeAccess
LogPluginManager: Mounting plugin VisualStudioSourceCodeAccess
LogPluginManager: Mounting plugin XCodeSourceCodeAccess
LogPluginManager: Mounting plugin AssetManagerEditor
LogPluginManager: Mounting plugin AudioCapture
LogPluginManager: Mounting plugin FacialAnimation
LogPluginManager: Mounting plugin GameplayTagsEditor
LogPluginManager: Mounting plugin MobileLauncherProfileWizard
LogPluginManager: Mounting plugin PluginBrowser
LogPluginManager: Mounting plugin SpeedTreeImporter
LogPluginManager: Mounting plugin AlembicImporter
LogPluginManager: Mounting plugin CharacterAI
LogPluginManager: Mounting plugin HTML5Networking
LogPluginManager: Mounting plugin AndroidMedia
LogPluginManager: Mounting plugin AvfMedia
LogPluginManager: Mounting plugin ImgMedia
LogPluginManager: Mounting plugin MediaCompositing
LogPluginManager: Mounting plugin MediaPlayerEditor
LogPluginManager: Mounting plugin WmfMedia
LogPluginManager: Mounting plugin TcpMessaging
LogPluginManager: Mounting plugin UdpMessaging
LogPluginManager: Mounting plugin ActorSequence
LogPluginManager: Mounting plugin LevelSequenceEditor
LogPluginManager: Mounting plugin MatineeToLevelSequence
LogPluginManager: Mounting plugin OnlineSubsystemGooglePlay
LogPluginManager: Mounting plugin OnlineSubsystemIOS
LogPluginManager: Mounting plugin OnlineSubsystem
LogPluginManager: Mounting plugin OnlineSubsystemNull
LogPluginManager: Mounting plugin OnlineSubsystemUtils
LogPluginManager: Mounting plugin AndroidDeviceProfileSelector
LogPluginManager: Mounting plugin AndroidMoviePlayer
LogPluginManager: Mounting plugin AndroidPermission
LogPluginManager: Mounting plugin AppleARKit
LogPluginManager: Mounting plugin AppleMoviePlayer
LogPluginManager: Mounting plugin ArchVisCharacter
LogPluginManager: Mounting plugin CableComponent
LogPluginManager: Mounting plugin CustomMeshComponent
LogPluginManager: Mounting plugin ExampleDeviceProfileSelector
LogPluginManager: Mounting plugin GoogleCloudMessaging
LogPluginManager: Mounting plugin ImmediatePhysics
LogPluginManager: Mounting plugin IOSDeviceProfileSelector
LogPluginManager: Mounting plugin LinuxDeviceProfileSelector
LogPluginManager: Mounting plugin LocationServicesBPLibrary
LogPluginManager: Mounting plugin MobilePatchingUtils
LogPluginManager: Mounting plugin OculusVR
LogPluginManager: Plugin shader directory ../../../Engine/Plugins/Runtime/Oculus/OculusVR/Shaders found
LogPluginManager: Mapping shader source directory ../../../Engine/Plugins/Runtime/Oculus/OculusVR/Shaders to virtual directory /Plugin/OculusVR
LogPluginManager: Mounting plugin PhysXVehicles
LogPluginManager: Mounting plugin ProceduralMeshComponent
LogPluginManager: Mounting plugin RuntimePhysXCooking
LogPluginManager: Mounting plugin SteamVR
LogPluginManager: Mounting plugin WindowsMoviePlayer
LogInit: Using libcurl 7.47.1
LogInit:  - built for x86_64-pc-win32
LogInit:  - supports SSL with OpenSSL/1.0.2g
LogInit:  - supports HTTP deflate (compression) using libz 1.2.8
LogInit:  - other features:
LogInit:      CURL_VERSION_SSL
LogInit:      CURL_VERSION_LIBZ
LogInit:      CURL_VERSION_IPV6
LogInit:      CURL_VERSION_ASYNCHDNS
LogInit:      CURL_VERSION_LARGEFILE
LogInit:      CURL_VERSION_IDN
LogInit:  CurlRequestOptions (configurable via config and command line):
LogInit:  - bVerifyPeer = false  - Libcurl will NOT verify peer certificate
LogInit:  - bUseHttpProxy = false  - Libcurl will NOT use HTTP proxy
LogInit:  - bDontReuseConnections = false  - Libcurl will reuse connections
LogInit:  - CertBundlePath = nullptr  - Libcurl will use whatever was configured at build time.
LogInit: Build: ++UE4+Release-4.18-CL-3832480
LogInit: Engine Version: 4.18.3-3832480+++UE4+Release-4.18
LogInit: Compatible Engine Version: 4.18.0-3709383+++UE4+Release-4.18
LogInit: Net CL: 3709383
LogDevObjectVersion: Number of dev versions registered: 16
LogDevObjectVersion:   Dev-Blueprints (B0D832E4-1F89-4F0D-ACCF-7EB736FD4AA2): 10
LogDevObjectVersion:   Dev-Build (E1C64328-A22C-4D53-A36C-8E866417BD8C): 0
LogDevObjectVersion:   Dev-Core (375EC13C-06E4-48FB-B500-84F0262A717E): 2
LogDevObjectVersion:   Dev-Editor (E4B068ED-F494-42E9-A231-DA0B2E46BB41): 20
LogDevObjectVersion:   Dev-Framework (CFFC743F-43B0-4480-9391-14DF171D2073): 30
LogDevObjectVersion:   Dev-Mobile (B02B49B5-BB20-44E9-A304-32B752E40360): 0
LogDevObjectVersion:   Dev-Networking (A4E4105C-59A1-49B5-A7C5-40C4547EDFEE): 0
LogDevObjectVersion:   Dev-Online (39C831C9-5AE6-47DC-9A44-9C173E1C8E7C): 0
LogDevObjectVersion:   Dev-Physics (78F01B33-EBEA-4F98-B9B4-84EACCB95AA2): 0
LogDevObjectVersion:   Dev-Platform (6631380F-2D4D-43E0-8009-CF276956A95A): 0
LogDevObjectVersion:   Dev-Rendering (12F88B9F-8875-4AFC-A67C-D90C383ABD29): 20
LogDevObjectVersion:   Dev-Sequencer (7B5AE74C-D270-4C10-A958-57980B212A5A): 4
LogDevObjectVersion:   Dev-VR (D7296918-1DD6-4BDD-9DE2-64A83CC13884): 0
LogDevObjectVersion:   Dev-LoadTimes (C2A15278-BFE7-4AFE-6C17-90FF531DF755): 1
LogDevObjectVersion:   Private-Geometry (6EACA3D4-40EC-4CC1-B786-8BED09428FC5): 1
LogDevObjectVersion:   Dev-AnimPhys (29E575DD-E0A3-4627-9D10-D276232CDCEA): 12
LogInit: Compiled (64-bit): Jan 12 2018 02:04:55
LogInit: Compiled with Visual C++: 19.00.24215.01
LogInit: Build Configuration: Development
LogInit: Branch Name: ++UE4+Release-4.18
LogInit: Command line:  
LogInit: Base directory: C:/Program Files/Epic Games/UE_4.18/Engine/Binaries/Win64/
LogInit: Installed Engine Build: 1
LogInit: Presizing for max 8388607 objects, including 0 objects not considered by GC, pre-allocating 0 bytes for permanent pool.
LogInit: Object subsystem initialized
[2018.04.18-08.59.40:373][  0]LogInit: Selected Device Profile: [Windows]
[2018.04.18-08.59.40:373][  0]LogInit: Applying CVar settings loaded from the selected device profile: [Windows]
[2018.04.18-08.59.40:408][  0]LogInit: Computer: DUMAT
[2018.04.18-08.59.40:408][  0]LogInit: User: User
[2018.04.18-08.59.40:408][  0]LogInit: CPU Page size=4096, Cores=4
[2018.04.18-08.59.40:408][  0]LogInit: High frequency timer resolution =3.914060 MHz
[2018.04.18-08.59.40:409][  0]LogMemory: Memory total: Physical=31.9GB (32GB approx)
[2018.04.18-08.59.40:409][  0]LogMemory: Platform Memory Stats for Windows
[2018.04.18-08.59.40:409][  0]LogMemory: Process Physical Memory: 272.89 MB used, 272.89 MB peak
[2018.04.18-08.59.40:409][  0]LogMemory: Process Virtual Memory: 273.55 MB used, 273.55 MB peak
[2018.04.18-08.59.40:409][  0]LogMemory: Physical Memory: 11115.53 MB used,  21588.74 MB free, 32704.27 MB total
[2018.04.18-08.59.40:409][  0]LogMemory: Virtual Memory: 681.70 MB used,  21588.74 MB free, 134217728.00 MB total
[2018.04.18-08.59.40:573][  0]LogInit: Using OS detected language (en-GB).
[2018.04.18-08.59.40:573][  0]LogInit: Using OS detected locale (en-GB).
[2018.04.18-08.59.40:577][  0]LogTextLocalizationManager: No specific localization for 'en-GB' exists, so the 'en' localization will be used.
[2018.04.18-08.59.40:905][  0]LogInit: Setting process to per monitor DPI aware
[2018.04.18-08.59.41:192][  0]LogD3D11RHI: D3D11 adapters:
[2018.04.18-08.59.41:239][  0]LogD3D11RHI:    0. 'NVIDIA GeForce GTX 1080' (Feature Level 11_0)
[2018.04.18-08.59.41:239][  0]LogD3D11RHI:       8079/0/16352 MB DedicatedVideo/DedicatedSystem/SharedSystem, Outputs:1, VendorId:0x10de
[2018.04.18-08.59.41:240][  0]LogD3D11RHI:    1. 'Microsoft Basic Render Driver' (Feature Level 11_0)
[2018.04.18-08.59.41:240][  0]LogD3D11RHI:       0/0/16352 MB DedicatedVideo/DedicatedSystem/SharedSystem, Outputs:0, VendorId:0x1414
[2018.04.18-08.59.41:240][  0]LogD3D11RHI: Chosen D3D11 Adapter: 0
[2018.04.18-08.59.41:246][  0]LogD3D11RHI: Creating new Direct3DDevice
[2018.04.18-08.59.41:247][  0]LogD3D11RHI:     GPU DeviceId: 0x1b80 (for the marketing name, search the web for "GPU Device Id")
[2018.04.18-08.59.41:247][  0]LogWindows: EnumDisplayDevices:
[2018.04.18-08.59.41:247][  0]LogWindows:    0. 'NVIDIA GeForce GTX 1080' (P:1 D:1)
[2018.04.18-08.59.41:247][  0]LogWindows:    1. 'NVIDIA GeForce GTX 1080' (P:0 D:0)
[2018.04.18-08.59.41:247][  0]LogWindows:    2. 'NVIDIA GeForce GTX 1080' (P:0 D:0)
[2018.04.18-08.59.41:247][  0]LogWindows:    3. 'NVIDIA GeForce GTX 1080' (P:0 D:0)
[2018.04.18-08.59.41:247][  0]LogWindows: DebugString: GetVideoDriverDetailsInvalid PrimaryIsNotTheChoosenAdapter GetVideoDriverDetailsInvalid PrimaryIsNotTheChoosenAdapter GetVideoDriverDetailsInvalid PrimaryIsNotTheChoosenAdapter GetVideoDriverDetailsInvalid PrimaryIsNotTheChoosenAdapter FoundDriverCount:0 
[2018.04.18-08.59.41:247][  0]LogD3D11RHI:     Adapter Name: NVIDIA GeForce GTX 1080
[2018.04.18-08.59.41:247][  0]LogD3D11RHI:   Driver Version: Unknown (internal:Unknown, unified:Unknown)
[2018.04.18-08.59.41:247][  0]LogD3D11RHI:      Driver Date: Unknown
[2018.04.18-08.59.41:247][  0]LogRHI: Texture pool is 5655 MB (70% of 8079 MB)
[2018.04.18-08.59.41:275][  0]LogD3D11RHI: Async texture creation enabled
[2018.04.18-08.59.41:309][  0]LogD3D11RHI: GPU Timing Frequency: 1000.000000 (Debug: 2 2)
[2018.04.18-08.59.41:358][  0]LogShaderCompilers: Guid format shader working directory is -26 characters bigger than the processId version (D:/Toby/Projects/00_ University/Term2/VR_Project/VRaporwave/VRaporwave/Intermediate/Shaders/WorkingDirectory/23320/).
[2018.04.18-08.59.41:358][  0]LogShaderCompilers: Cleaned the shader compiler working directory 'C:/Users/User/AppData/Local/Temp/UnrealShaderWorkingDir/9A8E3135438666D0C498E7ADF9BE73BE/'.
[2018.04.18-08.59.41:358][  0]LogShaderCompilers: Display: Using Local Shader Compiler.
[2018.04.18-08.59.42:142][  0]LogTemp: Display: Loaded TP AllDesktopTargetPlatform
[2018.04.18-08.59.42:175][  0]LogTemp: Display: Loaded TP MacClientTargetPlatform
[2018.04.18-08.59.42:209][  0]LogTemp: Display: Loaded TP MacNoEditorTargetPlatform
[2018.04.18-08.59.42:246][  0]LogTemp: Display: Loaded TP MacServerTargetPlatform
[2018.04.18-08.59.42:283][  0]LogTemp: Display: Loaded TP MacTargetPlatform
[2018.04.18-08.59.42:320][  0]LogTemp: Display: Loaded TP WindowsClientTargetPlatform
[2018.04.18-08.59.42:354][  0]LogTemp: Display: Loaded TP WindowsNoEditorTargetPlatform
[2018.04.18-08.59.42:395][  0]LogTemp: Display: Loaded TP WindowsServerTargetPlatform
[2018.04.18-08.59.42:424][  0]LogTemp: Display: Loaded TP WindowsTargetPlatform
[2018.04.18-08.59.42:457][  0]LogTemp: Display: Loaded TP Android_ASTCTargetPlatform
[2018.04.18-08.59.42:496][  0]LogTemp: Display: Loaded TP Android_ATCTargetPlatform
[2018.04.18-08.59.42:529][  0]LogTemp: Display: Loaded TP Android_DXTTargetPlatform
[2018.04.18-08.59.42:565][  0]LogTemp: Display: Loaded TP Android_ETC1TargetPlatform
[2018.04.18-08.59.42:601][  0]LogTemp: Display: Loaded TP Android_ETC2TargetPlatform
[2018.04.18-08.59.42:672][  0]LogTemp: Display: Loaded TP Android_MultiTargetPlatform
[2018.04.18-08.59.42:672][  0]LogTemp: Display: Loaded TP Android_PVRTCTargetPlatform
[2018.04.18-08.59.42:706][  0]LogTemp: Display: Loaded TP AndroidTargetPlatform
[2018.04.18-08.59.42:733][  0]LogTemp: Display: Loaded TP HTML5TargetPlatform
[2018.04.18-08.59.42:802][  0]LogTemp: Display: Loaded TP IOSTargetPlatform
[2018.04.18-08.59.42:819][  0]LogTemp: Display: Loaded TP TVOSTargetPlatform
[2018.04.18-08.59.42:853][  0]LogTemp: Display: Loaded TP LinuxClientTargetPlatform
[2018.04.18-08.59.42:885][  0]LogTemp: Display: Loaded TP LinuxNoEditorTargetPlatform
[2018.04.18-08.59.42:919][  0]LogTemp: Display: Loaded TP LinuxServerTargetPlatform
[2018.04.18-08.59.42:958][  0]LogTemp: Display: Loaded TP LinuxTargetPlatform
[2018.04.18-08.59.42:958][  0]LogTargetPlatformManager: Display: Building Assets For Windows
[2018.04.18-08.59.43:286][  0]LogDerivedDataCache: Display: Max Cache Size: 512 MB
[2018.04.18-08.59.43:571][  0]LogDerivedDataCache: Loaded boot cache 0.28s 85MB C:/Users/User/AppData/Local/UnrealEngine/4.18/DerivedDataCache/Boot.ddc.
[2018.04.18-08.59.43:571][  0]LogDerivedDataCache: Display: Loaded Boot cache: C:/Users/User/AppData/Local/UnrealEngine/4.18/DerivedDataCache/Boot.ddc
[2018.04.18-08.59.43:572][  0]LogDerivedDataCache: FDerivedDataBackendGraph:  Pak pak cache file D:/Toby/Projects/00_ University/Term2/VR_Project/VRaporwave/VRaporwave/DerivedDataCache/DDC.ddp not found, will not use a pak cache.
[2018.04.18-08.59.43:572][  0]LogDerivedDataCache: Unable to find inner node Pak for hierarchical cache Hierarchy.
[2018.04.18-08.59.43:572][  0]LogDerivedDataCache: FDerivedDataBackendGraph:  CompressedPak pak cache file D:/Toby/Projects/00_ University/Term2/VR_Project/VRaporwave/VRaporwave/DerivedDataCache/Compressed.ddp not found, will not use a pak cache.
[2018.04.18-08.59.43:572][  0]LogDerivedDataCache: Unable to find inner node CompressedPak for hierarchical cache Hierarchy.
[2018.04.18-08.59.43:588][  0]LogDerivedDataCache: Display: Pak cache opened for reading ../../../Engine/DerivedDataCache/Compressed.ddp.
[2018.04.18-08.59.43:600][  0]LogDerivedDataCache: Using Local data cache path C:/Users/User/AppData/Local/UnrealEngine/Common/DerivedDataCache: Writable
[2018.04.18-08.59.43:611][  0]LogMaterial: Verifying Global Shaders for PCD3D_SM5
[2018.04.18-08.59.43:615][  0]LogSlate: Using Freetype 2.6.0
[2018.04.18-08.59.43:617][  0]LogSlate: SlateFontCache - WITH_FREETYPE: 1, WITH_HARFBUZZ: 1
[2018.04.18-08.59.43:617][  0]LogSlate: SlateFontCache - WITH_FREETYPE: 1, WITH_HARFBUZZ: 1
[2018.04.18-08.59.44:243][  0]LogInit: Selected Device Profile: [Windows]
[2018.04.18-08.59.44:547][  0]LogSimplygon: Simplygon DLL not present - disabling.
[2018.04.18-08.59.44:577][  0]LogMeshReduction: Using SimplygonSwarm for distributed automatic mesh merging
[2018.04.18-08.59.44:578][  0]LogMeshReduction: Using QuadricMeshReduction for automatic static mesh reduction
[2018.04.18-08.59.44:578][  0]LogMeshReduction: No automatic skeletal mesh reduction module available
[2018.04.18-08.59.44:578][  0]LogMeshReduction: No automatic mesh merging module available
[2018.04.18-08.59.44:578][  0]LogMeshMerging: No automatic mesh merging module available
[2018.04.18-08.59.44:615][  0]LogNetVersion: VRaporwave , NetCL: 3709383, EngineNetVer: 2, GameNetVer: 0 (Checksum: 722213230)
[2018.04.18-08.59.44:782][  0]LogAssetRegistry: FAssetRegistry took 0.0262 seconds to start up
[2018.04.18-08.59.45:332][  0]LogPackageLocalizationCache: Processed 7 localized package path(s) for 2 prioritized culture(s) in 0.091460 seconds
[2018.04.18-08.59.45:338][  0]LogUObjectArray: 35870 objects as part of root set at end of initial load.
[2018.04.18-08.59.45:338][  0]LogUObjectAllocator: 7363704 out of 0 bytes used by permanent object pool.
[2018.04.18-08.59.45:338][  0]LogUObjectArray: CloseDisregardForGC: 0/0 objects in disregard for GC pool
[2018.04.18-08.59.45:369][  0]LogInit: WinSock: version 1.1 (2.2), MaxSocks=32767, MaxUdp=65467
[2018.04.18-08.59.49:423][  0]LogTcpMessaging: Initializing TcpMessaging bridge
[2018.04.18-08.59.49:458][  0]LogUdpMessaging: Initializing bridge on interface 0.0.0.0:0 to multicast group 230.0.0.1:6666.
[2018.04.18-08.59.50:032][  0]LogMaterial: Uniform references updated for custom material expression Custom.
[2018.04.18-08.59.50:352][  0]SourceControl: Source control is disabled
[2018.04.18-08.59.51:482][  0]LogAndroidPermission: UAndroidPermissionCallbackProxy::GetInstance
[2018.04.18-08.59.51:667][  0]LogOcInput: OculusInput pre-init called
[2018.04.18-08.59.51:926][  0]LogEngine: Initializing Engine...
[2018.04.18-08.59.51:929][  0]LogHMD: Failed to initialize OpenVR with code 110
[2018.04.18-08.59.52:162][  0]LogStats: UGameplayTagsManager::ConstructGameplayTagTree: Construct from data asset -  0.000 s
[2018.04.18-08.59.52:162][  0]LogStats: UGameplayTagsManager::ConstructGameplayTagTree: GameplayTagTreeChangedEvent.Broadcast -  0.000 s
[2018.04.18-08.59.52:263][  0]LogAIModule: Creating AISystem for world Untitled
[2018.04.18-08.59.52:282][  0]LogInit: XAudio2 using 'Speakers (6- Logitech G933 Gaming Headset)' : 6 channels at 48 kHz using 16 bits per sample (channel mask 0x3f)
[2018.04.18-08.59.52:301][  0]LogInit: FAudioDevice initialized.
[2018.04.18-08.59.52:366][  0]LogDerivedDataCache: Saved boot cache 0.06s 79MB C:/Users/User/AppData/Local/UnrealEngine/4.18/DerivedDataCache/Boot.ddc.
[2018.04.18-08.59.52:371][  0]LogInit: Texture streaming: Enabled
[2018.04.18-08.59.52:433][  0]LogEngineSessionManager: EngineSessionManager initialized
[2018.04.18-08.59.52:524][  0]LogInit: Transaction tracking system initialized
[2018.04.18-08.59.52:763][  0]BlueprintLog: New page: Editor Load
[2018.04.18-08.59.53:462][  0]LocalizationService: Localization service is disabled
[2018.04.18-08.59.54:038][  0]LogConsoleResponse: Display: 
[2018.04.18-08.59.54:232][  0]LogCook: Display: Max memory allowance for cook 16384mb min free memory 0mb
[2018.04.18-08.59.54:232][  0]LogCook: Display: Mobile HDR setting 1
[2018.04.18-08.59.54:233][  0]LogGameplayTags: Display: UGameplayTagsManager::DoneAddingNativeTags. DelegateIsBound: 0
[2018.04.18-08.59.54:775][  0]LogFileCache: Scanning file cache for directory 'D:/Toby/Projects/00_ University/Term2/VR_Project/VRaporwave/VRaporwave/Content/' took 0.01s
[2018.04.18-08.59.55:158][  0]Cmd: MAP LOAD FILE="D:/Toby/Projects/00_ University/Term2/VR_Project/VRaporwave/VRaporwave/Content/VirtualRealityBP/Maps/MotionControllerMap.umap" TEMPLATE=0 SHOWPROGRESS=1 FEATURELEVEL=3
[2018.04.18-08.59.55:159][  0]LightingResults: New page: Lighting Build
[2018.04.18-08.59.55:189][  0]MapCheck: New page: Map Check
[2018.04.18-08.59.55:189][  0]LightingResults: New page: Lighting Build
[2018.04.18-08.59.55:354][  0]LogLinker: Warning: Can't find file '/Game/StarterContent/Props/Materials/M_Frame'
[2018.04.18-08.59.55:354][  0]LogLinker: Warning: Can't find file for asset '/Game/StarterContent/Props/Materials/M_Frame' while loading D:/Toby/Projects/00_ University/Term2/VR_Project/VRaporwave/VRaporwave/Content/Modular_Room/SM_DoorFrame.uasset.
[2018.04.18-08.59.55:354][  0]LoadErrors: Error: /Game/Modular_Room/SM_DoorFrame : Can't find file for asset. /Game/StarterContent/Props/Materials/M_Frame
[2018.04.18-08.59.55:354][  0]LogLinker: Warning: Can't find file '/Game/StarterContent/Props/Materials/M_Frame'
[2018.04.18-08.59.55:354][  0]LogLinker: Warning: Can't find file for asset '/Game/StarterContent/Props/Materials/M_Frame' while loading D:/Toby/Projects/00_ University/Term2/VR_Project/VRaporwave/VRaporwave/Content/Modular_Room/SM_DoorFrame.uasset.
[2018.04.18-08.59.55:354][  0]LoadErrors: Error: /Game/Modular_Room/SM_DoorFrame : Can't find file for asset. /Game/StarterContent/Props/Materials/M_Frame
[2018.04.18-08.59.58:152][  0]LogLinker: Warning: Can't find file '/Game/Assets/Ang/CoffeeTables/Rio1_SHD'
[2018.04.18-08.59.58:152][  0]LogLinker: Warning: Can't find file for asset '/Game/Assets/Ang/CoffeeTables/Rio1_SHD' while loading D:/Toby/Projects/00_ University/Term2/VR_Project/VRaporwave/VRaporwave/Content/VirtualRealityBP/Blueprints/Bottle.uasset.
[2018.04.18-08.59.58:152][  0]LoadErrors: Error: /Game/VirtualRealityBP/Blueprints/Bottle : Can't find file for asset. /Game/Assets/Ang/CoffeeTables/Rio1_SHD
[2018.04.18-08.59.58:234][  0]LogLinker: Warning: Can't find file '/Game/Assets/Ang/CoffeeTables/Rio1_SHD'
[2018.04.18-08.59.58:234][  0]LogLinker: Warning: Can't find file for asset '/Game/Assets/Ang/CoffeeTables/Rio1_SHD' while loading D:/Toby/Projects/00_ University/Term2/VR_Project/VRaporwave/VRaporwave/Content/VirtualRealityBP/Blueprints/Bottle.uasset.
[2018.04.18-08.59.58:234][  0]LoadErrors: Error: /Game/VirtualRealityBP/Blueprints/Bottle : Can't find file for asset. /Game/Assets/Ang/CoffeeTables/Rio1_SHD
[2018.04.18-08.59.58:235][  0]LogLinker: Warning: Can't find file '/Game/Assets/Ang/CoffeeTables/Rio1_SHD'
[2018.04.18-08.59.58:235][  0]LogLinker: Warning: Can't find file for asset '/Game/Assets/Ang/CoffeeTables/Rio1_SHD' while loading D:/Toby/Projects/00_ University/Term2/VR_Project/VRaporwave/VRaporwave/Content/VirtualRealityBP/Maps/MotionControllerMap.umap.
[2018.04.18-08.59.58:235][  0]LoadErrors: Error: /Game/VirtualRealityBP/Maps/MotionControllerMap : Can't find file for asset. /Game/Assets/Ang/CoffeeTables/Rio1_SHD
[2018.04.18-08.59.58:235][  0]LogLinker: Warning: Can't find file '/Game/Assets/Ang/CoffeeTables/Rio1_SHD'
[2018.04.18-08.59.58:235][  0]LogLinker: Warning: Can't find file for asset '/Game/Assets/Ang/CoffeeTables/Rio1_SHD' while loading D:/Toby/Projects/00_ University/Term2/VR_Project/VRaporwave/VRaporwave/Content/VirtualRealityBP/Maps/MotionControllerMap.umap.
[2018.04.18-08.59.58:235][  0]LoadErrors: Error: /Game/VirtualRealityBP/Maps/MotionControllerMap : Can't find file for asset. /Game/Assets/Ang/CoffeeTables/Rio1_SHD
[2018.04.18-08.59.58:235][  0]LogLinker: Warning: Can't find file '/Game/Assets/Ang/CoffeeTables/Rio1_SHD'
[2018.04.18-08.59.58:235][  0]LoadErrors: Failed to load /Game/Assets/Ang/CoffeeTables/Rio1_SHD.Rio1_SHD Referenced by StaticMeshComponent0
[2018.04.18-08.59.58:235][  0]LogLinker: Warning: Can't find file for asset '/Game/Assets/Ang/CoffeeTables/Rio1_SHD' while loading D:/Toby/Projects/00_ University/Term2/VR_Project/VRaporwave/VRaporwave/Content/VirtualRealityBP/Maps/MotionControllerMap.umap.
[2018.04.18-08.59.58:235][  0]LoadErrors: Failed to load /Game/Assets/Ang/CoffeeTables/Rio1_SHD.Rio1_SHD Referenced by StaticMeshComponent0
[2018.04.18-08.59.58:236][  0]LoadErrors: Error: /Game/VirtualRealityBP/Maps/MotionControllerMap : Can't find file for asset. /Game/Assets/Ang/CoffeeTables/Rio1_SHD
[2018.04.18-09.00.02:695][  0]LogLinker: Warning: Can't find file '/Game/StarterContent/Props/Materials/M_Frame'
[2018.04.18-09.00.02:695][  0]LoadErrors: Failed to load /Game/StarterContent/Props/Materials/M_Frame.M_Frame Referenced by SM_DoorFrame
[2018.04.18-09.00.02:695][  0]LogLinker: Warning: Can't find file for asset '/Game/StarterContent/Props/Materials/M_Frame' while loading NULL.
[2018.04.18-09.00.02:695][  0]LoadErrors: Failed to load /Game/StarterContent/Props/Materials/M_Frame.M_Frame Referenced by SM_DoorFrame
[2018.04.18-09.00.05:083][  0]LogAIModule: Creating AISystem for world MotionControllerMap
[2018.04.18-09.00.05:192][  0]LogEditorServer: Finished looking for orphan Actors (0.000 secs)
[2018.04.18-09.00.05:219][  0]Cmd: MAP CHECKDEP NOCLEARLOG
[2018.04.18-09.00.05:299][  0]MapCheck: Map check complete: 0 Error(s), 0 Warning(s), took 80.358ms to complete.
[2018.04.18-09.00.05:299][  0]LogFileHelpers: Loading map 'MotionControllerMap' took 10.142
[2018.04.18-09.00.05:461][  0]LogCollectionManager: Loaded 0 collections in 0.001899 seconds
[2018.04.18-09.00.05:544][  0]LogFileCache: Scanning file cache for directory 'D:/Toby/Projects/00_ University/Term2/VR_Project/VRaporwave/VRaporwave/Saved/Collections/' took 0.01s
[2018.04.18-09.00.05:544][  0]LogFileCache: Scanning file cache for directory 'D:/Toby/Projects/00_ University/Term2/VR_Project/VRaporwave/VRaporwave/Content/Developers/User/Collections/' took 0.01s
[2018.04.18-09.00.05:544][  0]LogFileCache: Scanning file cache for directory 'D:/Toby/Projects/00_ University/Term2/VR_Project/VRaporwave/VRaporwave/Content/Collections/' took 0.01s
[2018.04.18-09.00.05:544][  0]LogCollectionManager: Rebuilt the GUID cache for 0 collections in 0.000000 seconds
[2018.04.18-09.00.05:553][  0]LogContentBrowser: Native class hierarchy populated in 0.0081 seconds. Added 2363 classes and 519 folders.
[2018.04.18-09.00.05:602][  0]LogContentBrowser: Native class hierarchy updated for 'WidgetCarousel' in 0.0003 seconds. Added 0 classes and 0 folders.
[2018.04.18-09.00.05:731][  0]LogContentBrowser: Native class hierarchy updated for 'AddContentDialog' in 0.0003 seconds. Added 0 classes and 0 folders.
[2018.04.18-09.00.05:765][  0]LogContentBrowser: Native class hierarchy updated for 'SceneOutliner' in 0.0003 seconds. Added 1 classes and 2 folders.
[2018.04.18-09.00.05:807][  0]LogSlate: Took 0.001064 seconds to synchronously load lazily loaded font '../../../Engine/Content/Slate/Fonts/Roboto-Regular.ttf' (155K)
[2018.04.18-09.00.05:810][  0]LogSlate: Took 0.001037 seconds to synchronously load lazily loaded font '../../../Engine/Content/Slate/Fonts/Roboto-Bold.ttf' (160K)
[2018.04.18-09.00.05:815][  0]LogSlate: Took 0.001034 seconds to synchronously load lazily loaded font '../../../Engine/Content/Editor/Slate/Fonts/FontAwesome.ttf' (139K)
[2018.04.18-09.00.05:906][  0]LogRenderer: Reallocating scene render targets to support 1920x1080 Format 10 NumSamples 1 (Frame:1).
[2018.04.18-09.00.06:128][  0]LogContentBrowser: Native class hierarchy updated for 'HierarchicalLODOutliner' in 0.0003 seconds. Added 1 classes and 2 folders.
[2018.04.18-09.00.06:128][  0]LogLoad: (Engine Initialization) Total time: 28.84 seconds
[2018.04.18-09.00.06:128][  0]LogLoad: (Engine Initialization) Total Blueprint compile time: 0.00 seconds
[2018.04.18-09.00.06:128][  0]LogExternalProfiler: Found external profiler: VSPerf
[2018.04.18-09.00.06:128][  0]LogExternalProfiler: Using external profiler: VSPerf
[2018.04.18-09.00.06:484][  0]LogAssetRegistry: Asset discovery search completed in 21.7232 seconds
[2018.04.18-09.00.06:486][  0]LogCollectionManager: Rebuilt the object cache for 0 collections in 0.000000 seconds (found 0 objects)
[2018.04.18-09.00.06:486][  0]LogCollectionManager: Fixed up redirectors for 0 collections in 0.000037 seconds (updated 0 objects)
[2018.04.18-09.00.06:489][  0]SourceControl: On branch master
[2018.04.18-09.00.06:489][  0]SourceControl: Your branch is up-to-date with 'origin/master'.
[2018.04.18-09.00.06:489][  0]SourceControl: Changes not staged for commit:
[2018.04.18-09.00.06:489][  0]SourceControl:   (use "git add <file>..." to update what will be committed)
[2018.04.18-09.00.06:489][  0]SourceControl:   (use "git checkout -- <file>..." to discard changes in working directory)
[2018.04.18-09.00.06:489][  0]SourceControl: 	modified:   VRaporwave/Intermediate/CachedAssetRegistry.bin
[2018.04.18-09.00.06:489][  0]SourceControl: 	modified:   VRaporwave/Saved/Config/Windows/Engine.ini
[2018.04.18-09.00.06:489][  0]SourceControl: 	modified:   VRaporwave/Saved/Logs/VRaporwave.log
[2018.04.18-09.00.06:489][  0]SourceControl: Untracked files:
[2018.04.18-09.00.06:489][  0]SourceControl:   (use "git add <file>..." to include in what will be committed)
[2018.04.18-09.00.06:489][  0]SourceControl: 	VRaporwave/Saved/Config/CrashReportClient/UE4CC-Windows-A6402E8F41F4D072C6D85B8DFD27F332/
[2018.04.18-09.00.06:489][  0]SourceControl: 	VRaporwave/Saved/Logs/VRaporwave-backup-2018.04.18-09.59.38.log
[2018.04.18-09.00.06:489][  0]SourceControl: no changes added to commit (use "git add" and/or "git commit -a")
[2018.04.18-09.00.06:489][  0]LogContentStreaming: Texture pool size now 1000 MB
[2018.04.18-09.00.06:555][  0]LogSlate: Took 0.001295 seconds to synchronously load lazily loaded font '../../../Engine/Content/Slate/Fonts/Roboto-Light.ttf' (159K)
[2018.04.18-09.15.52:677][279]LogSlate: Took 0.000140 seconds to synchronously load lazily loaded font '../../../Engine/Content/Slate/Fonts/Roboto-Light.ttf' (159K)
[2018.04.18-09.15.52:709][279]LogContentBrowser: Native class hierarchy updated for 'MaterialEditor' in 0.0002 seconds. Added 1 classes and 0 folders.
[2018.04.18-09.15.52:712][279]LogMaterial: Missing cached shader map for material LampMat, compiling. 
[2018.04.18-09.15.52:991][279]LogMaterial: Missing cached shader map for material LampMat, compiling. 
[2018.04.18-09.15.53:006][279]LogMaterial: Missing cached shader map for material LampMat, compiling. 
[2018.04.18-09.15.53:053][279]LogSlate: Took 0.001262 seconds to synchronously load lazily loaded font '../../../Engine/Content/Editor/Slate/Fonts/Roboto-BoldCondensed.ttf' (158K)
[2018.04.18-09.15.55:030][392]MaterialEditorStats: Base pass shader: 145 instructions
[2018.04.18-09.15.55:030][392]MaterialEditorStats: Base pass shader with Volumetric Lightmap: 218 instructions
[2018.04.18-09.15.55:030][392]MaterialEditorStats: Vertex shader: 85 instructions
[2018.04.18-09.15.55:030][392]MaterialEditorStats: Texture samplers: 2/16
[2018.04.18-09.16.02:048][557]LogFactory: FactoryCreateFile: Texture with ReimportTextureFactory (0 0 D:\Toby\Projects\00_ University\Term2\VR_Project\Toby\Substance\Lamp\Vers2\V2Lamp_Lamp_BaseColor.png)
[2018.04.18-09.16.02:195][557]LogTexture: Display: Building textures: V2Lamp_Lamp_BaseColor (AutoDXT, 2048X2048)
[2018.04.18-09.16.02:593][557]LogFactory: FactoryCreateFile: Texture with ReimportTextureFactory (0 0 D:\Toby\Projects\00_ University\Term2\VR_Project\Toby\Substance\Lamp\Vers2\V2Lamp_Lamp_Normal.png)
[2018.04.18-09.16.02:738][557]LogTexture: Display: Building textures: V2Lamp_Lamp_Normal (BC5, 2048X2048)
[2018.04.18-09.16.02:974][557]LogSlate: Took 0.000119 seconds to synchronously load lazily loaded font '../../../Engine/Content/Slate/Fonts/Roboto-Light.ttf' (159K)
[2018.04.18-09.16.03:048][557]LogFactory: FactoryCreateFile: Texture with ReimportTextureFactory (0 0 D:\Toby\Projects\00_ University\Term2\VR_Project\Toby\Substance\Lamp\Vers2\V2Lamp_Lamp_OcclusionRoughnessMetallic.png)
[2018.04.18-09.16.03:186][557]LogTexture: Display: Building textures: V2Lamp_Lamp_OcclusionRoughnessMetallic (AutoDXT, 2048X2048)
[2018.04.18-09.16.06:168][737]LogMaterial: Missing cached shader map for material LampMat, compiling. 
[2018.04.18-09.16.06:181][737]LogMaterial: Missing cached shader map for material FMatExpressionPreview MaterialExpressionTextureSample_0, compiling. 
[2018.04.18-09.16.06:211][737]LogMaterial: Missing cached shader map for material FMatExpressionPreview MaterialExpressionTextureSample_0, compiling. 
[2018.04.18-09.16.08:095][871]LogMaterial: Missing cached shader map for material LampMat, compiling. 
[2018.04.18-09.16.08:117][871]LogMaterial: Missing cached shader map for material FMatExpressionPreview MaterialExpressionTextureSample_0, compiling. 
[2018.04.18-09.16.09:553][955]MaterialEditorStats: Base pass shader: 148 instructions
[2018.04.18-09.16.09:553][955]MaterialEditorStats: Base pass shader with Volumetric Lightmap: 221 instructions
[2018.04.18-09.16.09:553][955]MaterialEditorStats: Vertex shader: 87 instructions
[2018.04.18-09.16.09:553][955]MaterialEditorStats: Texture samplers: 3/16
[2018.04.18-09.16.09:553][955]MaterialEditorStats: User interpolators: 2/4 Scalars (1/4 Vectors) (TexCoords: 2, Custom: 0)
[2018.04.18-09.16.10:894][ 86]LogMaterial: Missing cached shader map for material LampMat, compiling. 
[2018.04.18-09.16.10:908][ 86]LogMaterial: Missing cached shader map for material FMatExpressionPreview MaterialExpressionTextureSample_1, compiling. 
[2018.04.18-09.16.10:938][ 86]LogMaterial: Missing cached shader map for material FMatExpressionPreview MaterialExpressionTextureSample_0, compiling. 
[2018.04.18-09.16.10:943][ 86]LogMaterial: Missing cached shader map for material FMatExpressionPreview MaterialExpressionTextureSample_1, compiling. 
[2018.04.18-09.16.12:787][217]LogMaterial: Missing cached shader map for material LampMat, compiling. 
[2018.04.18-09.16.12:805][217]LogMaterial: Missing cached shader map for material FMatExpressionPreview MaterialExpressionTextureSample_1, compiling. 
[2018.04.18-09.16.14:186][307]MaterialEditorStats: Base pass shader: 154 instructions
[2018.04.18-09.16.14:186][307]MaterialEditorStats: Base pass shader with Volumetric Lightmap: 227 instructions
[2018.04.18-09.16.14:186][307]MaterialEditorStats: Vertex shader: 87 instructions
[2018.04.18-09.16.14:186][307]MaterialEditorStats: Texture samplers: 4/16
[2018.04.18-09.16.14:186][307]MaterialEditorStats: User interpolators: 2/4 Scalars (1/4 Vectors) (TexCoords: 2, Custom: 0)
[2018.04.18-09.16.39:465][451]LogFileHelpers: Editor autosave (incl. sublevels) for '/Game/VirtualRealityBP/Maps/MotionControllerMap' took 0.009
[2018.04.18-09.16.39:467][451]OBJ SavePackage: Generating thumbnails for [1] asset(s) in package [/Game/Assets/materials/LampMat] ([1] browsable assets)...
[2018.04.18-09.16.39:475][451]OBJ SavePackage:     Rendered thumbnail for [Material /Game/Assets/materials/LampMat.LampMat]
[2018.04.18-09.16.39:475][451]OBJ SavePackage: Finished generating thumbnails for package [/Game/Assets/materials/LampMat]
[2018.04.18-09.16.39:488][451]LogSavePackage: Save=11.37ms
[2018.04.18-09.16.39:488][451]LogSavePackage: Moving 'D:/Toby/Projects/00_ University/Term2/VR_Project/VRaporwave/VRaporwave/Saved/LampMat_Auto1624003ED45B9B89B0164519893B132F2.tmp' to 'D:/Toby/Projects/00_ University/Term2/VR_Project/VRaporwave/VRaporwave/Saved/Autosaves/Game/Assets/materials/LampMat_Auto1.uasset'
[2018.04.18-09.16.39:490][451]LogSavePackage: Display: Finished SavePackage D:/Toby/Projects/00_ University/Term2/VR_Project/VRaporwave/VRaporwave/Saved/Autosaves/Game/Assets/materials/LampMat_Auto1.uasset
[2018.04.18-09.16.39:490][451]OBJ SavePackage: Generating thumbnails for [1] asset(s) in package [/Game/Assets/materials/V2Lamp_Lamp_BaseColor] ([1] browsable assets)...
[2018.04.18-09.16.39:495][451]OBJ SavePackage:     Rendered thumbnail for [Texture2D /Game/Assets/materials/V2Lamp_Lamp_BaseColor.V2Lamp_Lamp_BaseColor]
[2018.04.18-09.16.39:495][451]OBJ SavePackage: Finished generating thumbnails for package [/Game/Assets/materials/V2Lamp_Lamp_BaseColor]
[2018.04.18-09.16.39:506][451]LogSavePackage: Save=9.90ms
[2018.04.18-09.16.39:506][451]LogSavePackage: Moving 'D:/Toby/Projects/00_ University/Term2/VR_Project/VRaporwave/VRaporwave/Saved/V2Lamp_Lamp_BaseColor_Auto183A402D84073347571A36990648253EF.tmp' to 'D:/Toby/Projects/00_ University/Term2/VR_Project/VRaporwave/VRaporwave/Saved/Autosaves/Game/Assets/materials/V2Lamp_Lamp_BaseColor_Auto1.uasset'
[2018.04.18-09.16.39:508][451]LogSavePackage: Display: Finished SavePackage D:/Toby/Projects/00_ University/Term2/VR_Project/VRaporwave/VRaporwave/Saved/Autosaves/Game/Assets/materials/V2Lamp_Lamp_BaseColor_Auto1.uasset
[2018.04.18-09.16.39:509][451]OBJ SavePackage: Generating thumbnails for [1] asset(s) in package [/Game/Assets/materials/V2Lamp_Lamp_Normal] ([1] browsable assets)...
[2018.04.18-09.16.39:514][451]OBJ SavePackage:     Rendered thumbnail for [Texture2D /Game/Assets/materials/V2Lamp_Lamp_Normal.V2Lamp_Lamp_Normal]
[2018.04.18-09.16.39:514][451]OBJ SavePackage: Finished generating thumbnails for package [/Game/Assets/materials/V2Lamp_Lamp_Normal]
[2018.04.18-09.16.39:526][451]LogSavePackage: Save=9.58ms
[2018.04.18-09.16.39:526][451]LogSavePackage: Moving 'D:/Toby/Projects/00_ University/Term2/VR_Project/VRaporwave/VRaporwave/Saved/V2Lamp_Lamp_Normal_Auto1F43ADF24413286528D66698719EEAD65.tmp' to 'D:/Toby/Projects/00_ University/Term2/VR_Project/VRaporwave/VRaporwave/Saved/Autosaves/Game/Assets/materials/V2Lamp_Lamp_Normal_Auto1.uasset'
[2018.04.18-09.16.39:528][451]LogSavePackage: Display: Finished SavePackage D:/Toby/Projects/00_ University/Term2/VR_Project/VRaporwave/VRaporwave/Saved/Autosaves/Game/Assets/materials/V2Lamp_Lamp_Normal_Auto1.uasset
[2018.04.18-09.16.39:529][451]OBJ SavePackage: Generating thumbnails for [1] asset(s) in package [/Game/Assets/materials/V2Lamp_Lamp_OcclusionRoughnessMetallic] ([1] browsable assets)...
[2018.04.18-09.16.39:534][451]OBJ SavePackage:     Rendered thumbnail for [Texture2D /Game/Assets/materials/V2Lamp_Lamp_OcclusionRoughnessMetallic.V2Lamp_Lamp_OcclusionRoughnessMetallic]
[2018.04.18-09.16.39:534][451]OBJ SavePackage: Finished generating thumbnails for package [/Game/Assets/materials/V2Lamp_Lamp_OcclusionRoughnessMetallic]
[2018.04.18-09.16.39:543][451]LogSavePackage: Save=8.11ms
[2018.04.18-09.16.39:543][451]LogSavePackage: Moving 'D:/Toby/Projects/00_ University/Term2/VR_Project/VRaporwave/VRaporwave/Saved/V2Lamp_Lamp_OcclusionRoughnessMeD64C16444CAB1B3EE7073A9C8D17E179.tmp' to 'D:/Toby/Projects/00_ University/Term2/VR_Project/VRaporwave/VRaporwave/Saved/Autosaves/Game/Assets/materials/V2Lamp_Lamp_OcclusionRoughnessMetallic_Auto1.uasset'
[2018.04.18-09.16.39:545][451]LogSavePackage: Display: Finished SavePackage D:/Toby/Projects/00_ University/Term2/VR_Project/VRaporwave/VRaporwave/Saved/Autosaves/Game/Assets/materials/V2Lamp_Lamp_OcclusionRoughnessMetallic_Auto1.uasset
[2018.04.18-09.16.39:545][451]LogFileHelpers: Auto-saving content packages took 0.079
[2018.04.18-09.16.47:171][760]LogMaterial: Missing cached shader map for material LampMat, compiling. 
[2018.04.18-09.16.47:184][760]LogMaterial: Missing cached shader map for material FMatExpressionPreview MaterialExpressionTextureSample_2, compiling. 
[2018.04.18-09.16.47:211][760]LogMaterial: Missing cached shader map for material FMatExpressionPreview MaterialExpressionTextureSample_0, compiling. 
[2018.04.18-09.16.47:216][760]LogMaterial: Missing cached shader map for material FMatExpressionPreview MaterialExpressionTextureSample_1, compiling. 
[2018.04.18-09.16.47:221][760]LogMaterial: Missing cached shader map for material FMatExpressionPreview MaterialExpressionTextureSample_2, compiling. 
[2018.04.18-09.16.49:598][872]MaterialEditorStats: Base pass shader: 154 instructions
[2018.04.18-09.16.49:598][872]MaterialEditorStats: Base pass shader with Volumetric Lightmap: 227 instructions
[2018.04.18-09.16.49:598][872]MaterialEditorStats: Vertex shader: 87 instructions
[2018.04.18-09.16.49:598][872]MaterialEditorStats: Texture samplers: 4/16
[2018.04.18-09.16.49:598][872]MaterialEditorStats: User interpolators: 2/4 Scalars (1/4 Vectors) (TexCoords: 2, Custom: 0)
[2018.04.18-09.16.58:676][227]LogMaterial: Missing cached shader map for material LampMat, compiling. 
[2018.04.18-09.16.58:691][227]LogMaterial: Missing cached shader map for material FMatExpressionPreview MaterialExpressionTextureSample_2, compiling. 
[2018.04.18-09.17.00:243][313]MaterialEditorStats: Base pass shader: 156 instructions
[2018.04.18-09.17.00:243][313]MaterialEditorStats: Base pass shader with Volumetric Lightmap: 229 instructions
[2018.04.18-09.17.00:243][313]MaterialEditorStats: Vertex shader: 87 instructions
[2018.04.18-09.17.00:243][313]MaterialEditorStats: Texture samplers: 5/16
[2018.04.18-09.17.00:243][313]MaterialEditorStats: User interpolators: 2/4 Scalars (1/4 Vectors) (TexCoords: 2, Custom: 0)
[2018.04.18-09.17.01:606][464]LogMaterial: Missing cached shader map for material LampMat, compiling. 
[2018.04.18-09.17.01:626][464]LogMaterial: Missing cached shader map for material FMatExpressionPreview MaterialExpressionTextureSample_2, compiling. 
[2018.04.18-09.17.03:102][548]MaterialEditorStats: Base pass shader: 161 instructions
[2018.04.18-09.17.03:103][548]MaterialEditorStats: Base pass shader with Volumetric Lightmap: 235 instructions
[2018.04.18-09.17.03:103][548]MaterialEditorStats: Vertex shader: 87 instructions
[2018.04.18-09.17.03:103][548]MaterialEditorStats: Texture samplers: 5/16
[2018.04.18-09.17.03:103][548]MaterialEditorStats: User interpolators: 2/4 Scalars (1/4 Vectors) (TexCoords: 2, Custom: 0)
[2018.04.18-09.17.08:395][967]LogMaterial: Missing cached shader map for material LampMat, compiling. 
[2018.04.18-09.17.10:538][143]LogMaterial: Missing cached shader map for material LampMat, compiling. 
[2018.04.18-09.17.10:552][143]LogMaterial: Missing cached shader map for material FMatExpressionPreview MaterialExpressionTextureSample_2, compiling. 
[2018.04.18-09.17.12:035][225]MaterialEditorStats: Base pass shader: 161 instructions
[2018.04.18-09.17.12:035][225]MaterialEditorStats: Base pass shader with Volumetric Lightmap: 235 instructions
[2018.04.18-09.17.12:035][225]MaterialEditorStats: Vertex shader: 87 instructions
[2018.04.18-09.17.12:035][225]MaterialEditorStats: Texture samplers: 5/16
[2018.04.18-09.17.12:035][225]MaterialEditorStats: User interpolators: 2/4 Scalars (1/4 Vectors) (TexCoords: 2, Custom: 0)
[2018.04.18-09.17.15:817][515]LogMaterialEditor: Applying material LampMat
[2018.04.18-09.17.16:173][515]LogMaterial: Missing cached shader map for material LampMat, compiling. 
[2018.04.18-09.17.16:218][515]LogMaterial: Missing cached shader map for material LampMat, compiling. 
[2018.04.18-09.17.16:251][515]LogMaterial: Missing cached shader map for material LampMat, compiling. 
[2018.04.18-09.17.16:289][515]LogMaterial: Missing cached shader map for material FDebugViewModeMaterialProxy LampMat, compiling. 
[2018.04.18-09.17.17:210][515]TextureStreamingBuild: Display: Compiling optional shaders took 0.926 seconds.
[2018.04.18-09.17.19:408][604]MaterialEditorStats: Base pass shader: 161 instructions
[2018.04.18-09.17.19:408][604]MaterialEditorStats: Base pass shader with Volumetric Lightmap: 235 instructions
[2018.04.18-09.17.19:408][604]MaterialEditorStats: Vertex shader: 87 instructions
[2018.04.18-09.17.19:408][604]MaterialEditorStats: Texture samplers: 6/16
[2018.04.18-09.17.19:408][604]MaterialEditorStats: User interpolators: 2/4 Scalars (1/4 Vectors) (TexCoords: 2, Custom: 0)
[2018.04.18-09.17.36:462][969]LogMaterialEditor: Saving and Compiling material LampMat
[2018.04.18-09.17.36:543][969]Cmd: OBJ SAVEPACKAGE PACKAGE="/Game/Assets/materials/LampMat" FILE="D:/Toby/Projects/00_ University/Term2/VR_Project/VRaporwave/VRaporwave/Content/Assets/materials/LampMat.uasset" SILENT=true
[2018.04.18-09.17.36:554][969]LogSavePackage: Save=10.01ms
[2018.04.18-09.17.36:554][969]LogSavePackage: Moving 'D:/Toby/Projects/00_ University/Term2/VR_Project/VRaporwave/VRaporwave/Saved/LampMat1F024D334FBC287025FDCA97D075F1BF.tmp' to 'D:/Toby/Projects/00_ University/Term2/VR_Project/VRaporwave/VRaporwave/Content/Assets/materials/LampMat.uasset'
[2018.04.18-09.17.36:557][969]LogSavePackage: Display: Finished SavePackage D:/Toby/Projects/00_ University/Term2/VR_Project/VRaporwave/VRaporwave/Content/Assets/materials/LampMat.uasset
[2018.04.18-09.18.19:601][201]LogEditorFactories: Performing atomic reimport of [D:/Toby/Projects/00_ University/Term2/VR_Project/Toby/Substance/Lamp/Vers2/V2Lamp_Lamp_BaseColor.png]
[2018.04.18-09.18.19:601][201]LogFactory: FactoryCreateFile: Texture2D with ReimportTextureFactory (0 0 D:/Toby/Projects/00_ University/Term2/VR_Project/Toby/Substance/Lamp/Vers2/V2Lamp_Lamp_BaseColor.png)
[2018.04.18-09.18.19:743][201]LogTexture: Display: Building textures: V2Lamp_Lamp_BaseColor (AutoDXT, 2048X2048)
[2018.04.18-09.18.20:064][201]LogEditorFactories: -- imported successfully
[2018.04.18-09.18.23:492][481]Cmd: CAMERA ALIGN ACTIVEVIEWPORTONLY
[2018.04.18-09.18.23:492][481]Can't find target actor or component.
[2018.04.18-09.19.43:256][ 75]LogSavePackage: Save=150.38ms
[2018.04.18-09.19.43:256][ 75]LogSavePackage: Moving 'D:/Toby/Projects/00_ University/Term2/VR_Project/VRaporwave/VRaporwave/Saved/V2Lamp_Lamp_BaseColor3C97438C40E2303403771C8F1A46DB9B.tmp' to 'D:/Toby/Projects/00_ University/Term2/VR_Project/VRaporwave/VRaporwave/Content/Assets/materials/V2Lamp_Lamp_BaseColor.uasset'
[2018.04.18-09.19.43:259][ 75]LogSavePackage: Display: Finished SavePackage D:/Toby/Projects/00_ University/Term2/VR_Project/VRaporwave/VRaporwave/Content/Assets/materials/V2Lamp_Lamp_BaseColor.uasset
[2018.04.18-09.20.01:383][661]LogSavePackage: Save=556.56ms
[2018.04.18-09.20.01:383][661]LogSavePackage: Moving 'D:/Toby/Projects/00_ University/Term2/VR_Project/VRaporwave/VRaporwave/Saved/MotionControllerMap773B1D69475AA71C93462E93E51502A4.tmp' to 'D:/Toby/Projects/00_ University/Term2/VR_Project/VRaporwave/VRaporwave/Content/VirtualRealityBP/Maps/MotionControllerMap.umap'
[2018.04.18-09.20.01:387][661]LogSavePackage: Display: Finished SavePackage D:/Toby/Projects/00_ University/Term2/VR_Project/VRaporwave/VRaporwave/Content/VirtualRealityBP/Maps/MotionControllerMap.umap
[2018.04.18-09.20.02:223][661]LogSavePackage: Save=642.92ms
[2018.04.18-09.20.02:223][661]LogSavePackage: Moving 'D:/Toby/Projects/00_ University/Term2/VR_Project/VRaporwave/VRaporwave/Saved/MotionControllerMap_BuiltDataB7F23E7A4A17D2D33E37868A84601DB4.tmp' to 'D:/Toby/Projects/00_ University/Term2/VR_Project/VRaporwave/VRaporwave/Content/VirtualRealityBP/Maps/MotionControllerMap_BuiltData.uasset'
[2018.04.18-09.20.02:225][661]LogSavePackage: Display: Finished SavePackage D:/Toby/Projects/00_ University/Term2/VR_Project/VRaporwave/VRaporwave/Content/VirtualRealityBP/Maps/MotionControllerMap_BuiltData.uasset
[2018.04.18-09.20.02:226][661]LogSlate: Took 0.000124 seconds to synchronously load lazily loaded font '../../../Engine/Content/Slate/Fonts/Roboto-Regular.ttf' (155K)
[2018.04.18-09.20.05:422][795]LogSavePackage: Save=119.41ms
[2018.04.18-09.20.05:422][795]LogSavePackage: Moving 'D:/Toby/Projects/00_ University/Term2/VR_Project/VRaporwave/VRaporwave/Saved/V2Lamp_Lamp_NormalC2BA24854DB8F6EB02419799EB72CA76.tmp' to 'D:/Toby/Projects/00_ University/Term2/VR_Project/VRaporwave/VRaporwave/Content/Assets/materials/V2Lamp_Lamp_Normal.uasset'
[2018.04.18-09.20.05:425][795]LogSavePackage: Display: Finished SavePackage D:/Toby/Projects/00_ University/Term2/VR_Project/VRaporwave/VRaporwave/Content/Assets/materials/V2Lamp_Lamp_Normal.uasset
[2018.04.18-09.20.05:675][795]LogSavePackage: Save=124.80ms
[2018.04.18-09.20.05:675][795]LogSavePackage: Moving 'D:/Toby/Projects/00_ University/Term2/VR_Project/VRaporwave/VRaporwave/Saved/V2Lamp_Lamp_OcclusionRoughnessMeD00E61F44C5D214DE049A4862CBB5C02.tmp' to 'D:/Toby/Projects/00_ University/Term2/VR_Project/VRaporwave/VRaporwave/Content/Assets/materials/V2Lamp_Lamp_OcclusionRoughnessMetallic.uasset'
[2018.04.18-09.20.05:678][795]LogSavePackage: Display: Finished SavePackage D:/Toby/Projects/00_ University/Term2/VR_Project/VRaporwave/VRaporwave/Content/Assets/materials/V2Lamp_Lamp_OcclusionRoughnessMetallic.uasset
[2018.04.18-09.20.05:853][795]LogWindowsTextInputMethodSystem: Display: IME system now deactivated.
[2018.04.18-09.20.06:012][796]Cmd: QUIT_EDITOR
[2018.04.18-09.20.06:037][796]LogExit: Preparing to exit.
[2018.04.18-09.20.06:780][796]LogExit: Editor shut down
[2018.04.18-09.20.06:783][796]LogExit: Transaction tracking system shut down
[2018.04.18-09.20.06:951][796]LogDirectoryWatcher: A directory notification for '../../../Engine/Content/' was aborted.
[2018.04.18-09.20.06:951][796]LogDirectoryWatcher: A directory notification for 'D:/Toby/Projects/00_ University/Term2/VR_Project/VRaporwave/VRaporwave/Content/' was aborted.
[2018.04.18-09.20.06:951][796]LogDirectoryWatcher: A directory notification for '../../../Engine/Plugins/2D/Paper2D/Content/' was aborted.
[2018.04.18-09.20.06:951][796]LogDirectoryWatcher: A directory notification for '../../../Engine/Plugins/Media/MediaCompositing/Content/' was aborted.
[2018.04.18-09.20.06:951][796]LogDirectoryWatcher: A directory notification for '../../../Engine/Plugins/Runtime/AppleARKit/Content/' was aborted.
[2018.04.18-09.20.06:951][796]LogDirectoryWatcher: A directory notification for '../../../Engine/Plugins/Runtime/Oculus/OculusVR/Content/' was aborted.
[2018.04.18-09.20.06:951][796]LogDirectoryWatcher: A directory notification for '../../../Engine/Plugins/Runtime/Steam/SteamVR/Content/' was aborted.
[2018.04.18-09.20.07:005][796]LogExit: Object subsystem successfully closed.
[2018.04.18-09.20.07:023][796]LogD3D11RHI: Shutdown
[2018.04.18-09.20.07:023][796]LogD3D11RHI: CleanupD3DDevice
[2018.04.18-09.20.07:025][796]LogD3D11RHI: ~FD3D11DynamicRHI
[2018.04.18-09.20.07:036][796]LogModuleManager: Shutting down and abandoning module MaterialEditor (550)
[2018.04.18-09.20.07:036][796]LogModuleManager: Shutting down and abandoning module HierarchicalLODOutliner (548)
[2018.04.18-09.20.07:036][796]LogModuleManager: Shutting down and abandoning module SceneOutliner (546)
[2018.04.18-09.20.07:036][796]LogModuleManager: Shutting down and abandoning module AddContentDialog (544)
[2018.04.18-09.20.07:037][796]LogDirectoryWatcher: A directory notification for 'C:/Program Files/Epic Games/UE_4.18/FeaturePacks/' was aborted.
[2018.04.18-09.20.07:037][796]LogModuleManager: Shutting down and abandoning module WidgetCarousel (543)
[2018.04.18-09.20.07:037][796]LogModuleManager: Shutting down and abandoning module EditorWidgets (540)
[2018.04.18-09.20.07:037][796]LogModuleManager: Shutting down and abandoning module CollectionManager (538)
[2018.04.18-09.20.07:037][796]LogDirectoryWatcher: A directory notification for 'D:/Toby/Projects/00_ University/Term2/VR_Project/VRaporwave/VRaporwave/Content/Collections/' was aborted.
[2018.04.18-09.20.07:037][796]LogDirectoryWatcher: A directory notification for 'D:/Toby/Projects/00_ University/Term2/VR_Project/VRaporwave/VRaporwave/Content/Developers/User/Collections/' was aborted.
[2018.04.18-09.20.07:037][796]LogDirectoryWatcher: A directory notification for 'D:/Toby/Projects/00_ University/Term2/VR_Project/VRaporwave/VRaporwave/Saved/Collections/' was aborted.
[2018.04.18-09.20.07:037][796]LogModuleManager: Shutting down and abandoning module StatsViewer (536)
[2018.04.18-09.20.07:038][796]LogModuleManager: Shutting down and abandoning module FoliageEdit (534)
[2018.04.18-09.20.07:038][796]LogModuleManager: Shutting down and abandoning module LandscapeEditor (532)
[2018.04.18-09.20.07:038][796]LogModuleManager: Shutting down and abandoning module MeshPaintMode (530)
[2018.04.18-09.20.07:038][796]LogModuleManager: Shutting down and abandoning module SceneDepthPickerMode (528)
[2018.04.18-09.20.07:038][796]LogModuleManager: Shutting down and abandoning module ActorPickerMode (526)
[2018.04.18-09.20.07:038][796]LogModuleManager: Shutting down and abandoning module GeometryMode (524)
[2018.04.18-09.20.07:038][796]LogModuleManager: Shutting down and abandoning module TextureAlignMode (522)
[2018.04.18-09.20.07:038][796]LogModuleManager: Shutting down and abandoning module BspMode (520)
[2018.04.18-09.20.07:038][796]LogModuleManager: Shutting down and abandoning module PIEPreviewDeviceProfileSelector (518)
[2018.04.18-09.20.07:038][796]LogModuleManager: Shutting down and abandoning module HardwareSurvey (516)
[2018.04.18-09.20.07:038][796]LogModuleManager: Shutting down and abandoning module SequenceRecorderSections (514)
[2018.04.18-09.20.07:038][796]LogModuleManager: Shutting down and abandoning module AutomationWorker (512)
[2018.04.18-09.20.07:038][796]LogModuleManager: Shutting down and abandoning module MatineeToLevelSequence (510)
[2018.04.18-09.20.07:038][796]LogModuleManager: Shutting down and abandoning module LevelSequenceEditor (508)
[2018.04.18-09.20.07:038][796]LogModuleManager: Shutting down and abandoning module PlacementMode (507)
[2018.04.18-09.20.07:038][796]LogModuleManager: Shutting down and abandoning module WmfMediaFactory (504)
[2018.04.18-09.20.07:038][796]LogModuleManager: Shutting down and abandoning module WmfMediaEditor (502)
[2018.04.18-09.20.07:038][796]LogModuleManager: Shutting down and abandoning module OpenExrWrapper (500)
[2018.04.18-09.20.07:038][796]LogModuleManager: Shutting down and abandoning module ImgMediaFactory (498)
[2018.04.18-09.20.07:038][796]LogModuleManager: Shutting down and abandoning module ImgMediaEditor (496)
[2018.04.18-09.20.07:038][796]LogModuleManager: Shutting down and abandoning module AvfMediaFactory (494)
[2018.04.18-09.20.07:038][796]LogModuleManager: Shutting down and abandoning module AvfMediaEditor (492)
[2018.04.18-09.20.07:039][796]LogModuleManager: Shutting down and abandoning module AndroidMediaFactory (490)
[2018.04.18-09.20.07:039][796]LogModuleManager: Shutting down and abandoning module AndroidMediaEditor (488)
[2018.04.18-09.20.07:039][796]LogModuleManager: Shutting down and abandoning module CharacterAI (486)
[2018.04.18-09.20.07:039][796]LogModuleManager: Shutting down and abandoning module AudioCapture (484)
[2018.04.18-09.20.07:039][796]LogModuleManager: Shutting down and abandoning module SequenceRecorder (483)
[2018.04.18-09.20.07:039][796]LogModuleManager: Shutting down and abandoning module SmartSnapping (480)
[2018.04.18-09.20.07:039][796]LogModuleManager: Shutting down and abandoning module SessionServices (478)
[2018.04.18-09.20.07:039][796]LogModuleManager: Shutting down and abandoning module ViewportSnapping (476)
[2018.04.18-09.20.07:039][796]LogModuleManager: Shutting down and abandoning module ViewportInteraction (474)
[2018.04.18-09.20.07:039][796]LogModuleManager: Shutting down and abandoning module ClothPainter (472)
[2018.04.18-09.20.07:039][796]LogModuleManager: Shutting down and abandoning module SkeletalMeshEditor (471)
[2018.04.18-09.20.07:040][796]LogModuleManager: Shutting down and abandoning module LogVisualizer (468)
[2018.04.18-09.20.07:040][796]LogModuleManager: Shutting down and abandoning module IntroTutorials (466)
[2018.04.18-09.20.07:040][796]LogModuleManager: Shutting down and abandoning module GameProjectGeneration (465)
[2018.04.18-09.20.07:040][796]LogModuleManager: Shutting down and abandoning module IOSPlatformEditor (462)
[2018.04.18-09.20.07:040][796]LogModuleManager: Shutting down and abandoning module HTML5PlatformEditor (460)
[2018.04.18-09.20.07:040][796]LogModuleManager: Shutting down and abandoning module AndroidPlatformEditor (458)
[2018.04.18-09.20.07:040][796]LogModuleManager: Shutting down and abandoning module AndroidDeviceDetection (457)
[2018.04.18-09.20.07:042][796]LogModuleManager: Shutting down and abandoning module WindowsPlatformEditor (454)
[2018.04.18-09.20.07:042][796]LogModuleManager: Shutting down and abandoning module IOSRuntimeSettings (452)
[2018.04.18-09.20.07:042][796]LogModuleManager: Shutting down and abandoning module AndroidRuntimeSettings (450)
[2018.04.18-09.20.07:042][796]LogModuleManager: Shutting down and abandoning module InputBindingEditor (448)
[2018.04.18-09.20.07:042][796]LogModuleManager: Shutting down and abandoning module MergeActors (446)
[2018.04.18-09.20.07:042][796]LogModuleManager: Shutting down and abandoning module SizeMap (444)
[2018.04.18-09.20.07:042][796]LogModuleManager: Shutting down and abandoning module TreeMap (442)
[2018.04.18-09.20.07:042][796]LogModuleManager: Shutting down and abandoning module ReferenceViewer (440)
[2018.04.18-09.20.07:042][796]LogModuleManager: Shutting down and abandoning module LocalizationDashboard (438)
[2018.04.18-09.20.07:043][796]LogModuleManager: Shutting down and abandoning module LocalizationService (437)
[2018.04.18-09.20.07:043][796]LogModuleManager: Shutting down and abandoning module HardwareTargeting (434)
[2018.04.18-09.20.07:043][796]LogModuleManager: Shutting down and abandoning module DeviceProfileEditor (432)
[2018.04.18-09.20.07:043][796]LogModuleManager: Shutting down and abandoning module UndoHistory (430)
[2018.04.18-09.20.07:043][796]LogModuleManager: Shutting down and abandoning module XmlParser (428)
[2018.04.18-09.20.07:043][796]LogModuleManager: Shutting down and abandoning module Blutility (426)
[2018.04.18-09.20.07:043][796]LogModuleManager: Shutting down and abandoning module ProjectSettingsViewer (424)
[2018.04.18-09.20.07:043][796]LogModuleManager: Shutting down and abandoning module ProjectTargetPlatformEditor (423)
[2018.04.18-09.20.07:043][796]LogModuleManager: Shutting down and abandoning module EditorSettingsViewer (420)
[2018.04.18-09.20.07:043][796]LogModuleManager: Shutting down and abandoning module SettingsEditor (418)
[2018.04.18-09.20.07:043][796]LogModuleManager: Shutting down and abandoning module ProjectLauncher (416)
[2018.04.18-09.20.07:043][796]LogModuleManager: Shutting down and abandoning module SessionFrontend (414)
[2018.04.18-09.20.07:043][796]LogModuleManager: Shutting down and abandoning module ProfilerClient (412)
[2018.04.18-09.20.07:044][796]LogModuleManager: Shutting down and abandoning module DeviceManager (410)
[2018.04.18-09.20.07:044][796]LogModuleManager: Shutting down and abandoning module TargetDeviceServices (409)
[2018.04.18-09.20.07:106][796]LogModuleManager: Shutting down and abandoning module AutomationController (406)
[2018.04.18-09.20.07:106][796]LogModuleManager: Shutting down and abandoning module AutomationWindow (404)
[2018.04.18-09.20.07:107][796]LogModuleManager: Shutting down and abandoning module Layers (402)
[2018.04.18-09.20.07:108][796]LogModuleManager: Shutting down and abandoning module ComponentVisualizers (400)
[2018.04.18-09.20.07:108][796]LogModuleManager: Shutting down and abandoning module DetailCustomizations (398)
[2018.04.18-09.20.07:108][796]LogModuleManager: Shutting down and abandoning module PackagesDialog (396)
[2018.04.18-09.20.07:108][796]LogModuleManager: Shutting down and abandoning module Persona (394)
[2018.04.18-09.20.07:109][796]LogModuleManager: Shutting down and abandoning module AdvancedPreviewScene (393)
[2018.04.18-09.20.07:109][796]LogModuleManager: Shutting down and abandoning module AnimGraph (391)
[2018.04.18-09.20.07:109][796]LogModuleManager: Shutting down and abandoning module Kismet (388)
[2018.04.18-09.20.07:111][796]LogModuleManager: Shutting down and abandoning module ClassViewer (386)
[2018.04.18-09.20.07:111][796]LogModuleManager: Shutting down and abandoning module Toolbox (384)
[2018.04.18-09.20.07:111][796]LogModuleManager: Shutting down and abandoning module ModuleUI (382)
[2018.04.18-09.20.07:111][796]LogModuleManager: Shutting down and abandoning module MovieSceneTools (380)
[2018.04.18-09.20.07:111][796]LogModuleManager: Shutting down and abandoning module OutputLog (378)
[2018.04.18-09.20.07:111][796]LogModuleManager: Shutting down and abandoning module GammaUI (376)
[2018.04.18-09.20.07:112][796]LogModuleManager: Shutting down and abandoning module Documentation (374)
[2018.04.18-09.20.07:112][796]LogModuleManager: Shutting down and abandoning module MovieSceneTracks (372)
[2018.04.18-09.20.07:112][796]LogModuleManager: Shutting down and abandoning module MovieScene (370)
[2018.04.18-09.20.07:112][796]LogModuleManager: Shutting down and abandoning module StreamingPauseRendering (368)
[2018.04.18-09.20.07:112][796]LogModuleManager: Shutting down and abandoning module LauncherPlatform (366)
[2018.04.18-09.20.07:112][796]LogModuleManager: Shutting down and abandoning module AnalyticsET (364)
[2018.04.18-09.20.07:112][796]LogModuleManager: Shutting down and abandoning module PortalServices (362)
[2018.04.18-09.20.07:112][796]LogModuleManager: Shutting down and abandoning module PortalRpc (360)
[2018.04.18-09.20.07:112][796]LogModuleManager: Shutting down and abandoning module MessagingRpc (358)
[2018.04.18-09.20.07:112][796]LogModuleManager: Shutting down and abandoning module AIModule (356)
[2018.04.18-09.20.07:112][796]LogModuleManager: Shutting down and abandoning module GameplayDebugger (355)
[2018.04.18-09.20.07:112][796]LogModuleManager: Shutting down and abandoning module AITestSuite (353)
[2018.04.18-09.20.07:112][796]LogModuleManager: Shutting down and abandoning module DesktopPlatform (350)
[2018.04.18-09.20.07:112][796]LogModuleManager: Shutting down and abandoning module ProfilerService (348)
[2018.04.18-09.20.07:189][796]LogModuleManager: Shutting down and abandoning module TaskGraph (346)
[2018.04.18-09.20.07:189][796]LogModuleManager: Shutting down and abandoning module SteamVRController (344)
[2018.04.18-09.20.07:189][796]LogModuleManager: Shutting down and abandoning module ProceduralMeshComponentEditor (342)
[2018.04.18-09.20.07:189][796]LogModuleManager: Shutting down and abandoning module ProceduralMeshComponent (340)
[2018.04.18-09.20.07:189][796]LogModuleManager: Shutting down and abandoning module OculusInput (338)
[2018.04.18-09.20.07:189][796]LogModuleManager: Shutting down and abandoning module MobilePatchingUtils (336)
[2018.04.18-09.20.07:189][796]LogModuleManager: Shutting down and abandoning module CustomMeshComponent (334)
[2018.04.18-09.20.07:189][796]LogModuleManager: Shutting down and abandoning module CableComponent (332)
[2018.04.18-09.20.07:189][796]LogModuleManager: Shutting down and abandoning module ArchVisCharacter (330)
[2018.04.18-09.20.07:189][796]LogModuleManager: Shutting down and abandoning module AndroidPermission (328)
[2018.04.18-09.20.07:189][796]LogModuleManager: Shutting down and abandoning module ActorSequence (324)
[2018.04.18-09.20.07:189][796]LogModuleManager: Shutting down and abandoning module MediaPlayerEditor (322)
[2018.04.18-09.20.07:190][796]LogModuleManager: Shutting down and abandoning module MediaCompositingEditor (320)
[2018.04.18-09.20.07:190][796]LogModuleManager: Shutting down and abandoning module MediaCompositing (318)
[2018.04.18-09.20.07:190][796]LogModuleManager: Shutting down and abandoning module HTML5Networking (316)
[2018.04.18-09.20.07:190][796]LogModuleManager: Shutting down and abandoning module AlembicImporter (314)
[2018.04.18-09.20.07:190][796]LogModuleManager: Shutting down and abandoning module AlembicLibrary (313)
[2018.04.18-09.20.07:190][796]LogModuleManager: Shutting down and abandoning module GeometryCache (312)
[2018.04.18-09.20.07:190][796]LogModuleManager: Shutting down and abandoning module GeometryCacheEd (311)
[2018.04.18-09.20.07:190][796]LogModuleManager: Shutting down and abandoning module SpeedTreeImporter (306)
[2018.04.18-09.20.07:190][796]LogModuleManager: Shutting down and abandoning module PluginBrowser (304)
[2018.04.18-09.20.07:190][796]LogModuleManager: Shutting down and abandoning module MobileLauncherProfileWizard (302)
[2018.04.18-09.20.07:191][796]LogModuleManager: Shutting down and abandoning module VisualStudioSourceCodeAccess (300)
[2018.04.18-09.20.07:191][796]LogModuleManager: Shutting down and abandoning module VisualStudioCodeSourceCodeAccess (298)
[2018.04.18-09.20.07:191][796]LogModuleManager: Shutting down and abandoning module UObjectPlugin (296)
[2018.04.18-09.20.07:191][796]LogModuleManager: Shutting down and abandoning module SubversionSourceControl (294)
[2018.04.18-09.20.07:191][796]LogModuleManager: Shutting down and abandoning module PerforceSourceControl (292)
[2018.04.18-09.20.07:191][796]LogModuleManager: Shutting down and abandoning module GitSourceControl (290)
[2018.04.18-09.20.07:191][796]LogModuleManager: Shutting down and abandoning module SourceControl (289)
[2018.04.18-09.20.07:191][796]LogModuleManager: Shutting down and abandoning module LightPropagationVolumeEditor (286)
[2018.04.18-09.20.07:191][796]LogModuleManager: Shutting down and abandoning module PaperTiledImporter (284)
[2018.04.18-09.20.07:191][796]LogModuleManager: Shutting down and abandoning module PaperSpriteSheetImporter (282)
[2018.04.18-09.20.07:191][796]LogModuleManager: Shutting down and abandoning module Paper2DEditor (280)
[2018.04.18-09.20.07:191][796]LogModuleManager: Shutting down and abandoning module MeshPaint (279)
[2018.04.18-09.20.07:191][796]LogModuleManager: Shutting down and abandoning module LevelEditor (277)
[2018.04.18-09.20.07:192][796]LogModuleManager: Shutting down and abandoning module PixelInspectorModule (276)
[2018.04.18-09.20.07:192][796]LogModuleManager: Shutting down and abandoning module MainFrame (274)
[2018.04.18-09.20.07:192][796]LogModuleManager: Shutting down and abandoning module HotReload (273)
[2018.04.18-09.20.07:192][796]LogModuleManager: Shutting down and abandoning module RuntimePhysXCooking (268)
[2018.04.18-09.20.07:192][796]LogModuleManager: Shutting down and abandoning module PhysXVehiclesEditor (266)
[2018.04.18-09.20.07:192][796]LogModuleManager: Shutting down and abandoning module PhysXVehicles (264)
[2018.04.18-09.20.07:192][796]LogModuleManager: Shutting down and abandoning module OculusEditor (262)
[2018.04.18-09.20.07:192][796]LogModuleManager: Shutting down and abandoning module LocationServicesBPLibrary (260)
[2018.04.18-09.20.07:192][796]LogModuleManager: Shutting down and abandoning module ImmediatePhysicsEditor (258)
[2018.04.18-09.20.07:192][796]LogModuleManager: Shutting down and abandoning module ImmediatePhysics (256)
[2018.04.18-09.20.07:192][796]LogModuleManager: Shutting down and abandoning module UdpMessaging (254)
[2018.04.18-09.20.07:293][796]LogModuleManager: Shutting down and abandoning module TcpMessaging (252)
[2018.04.18-09.20.07:709][796]LogModuleManager: Shutting down and abandoning module GameplayTagsEditor (250)
[2018.04.18-09.20.07:709][796]LogModuleManager: Shutting down and abandoning module FacialAnimationEditor (248)
[2018.04.18-09.20.07:709][796]LogModuleManager: Shutting down and abandoning module FacialAnimation (246)
[2018.04.18-09.20.07:709][796]LogModuleManager: Shutting down and abandoning module AssetManagerEditor (244)
[2018.04.18-09.20.07:709][796]LogModuleManager: Shutting down and abandoning module GraphEditor (243)
[2018.04.18-09.20.07:709][796]LogModuleManager: Shutting down and abandoning module ContentBrowser (241)
[2018.04.18-09.20.07:710][796]LogModuleManager: Shutting down and abandoning module LightPropagationVolumeRuntime (238)
[2018.04.18-09.20.07:710][796]LogModuleManager: Shutting down and abandoning module Paper2D (236)
[2018.04.18-09.20.07:710][796]LogModuleManager: Shutting down and abandoning module WindowsMoviePlayer (234)
[2018.04.18-09.20.07:710][796]LogModuleManager: Shutting down and abandoning module WmfMedia (232)
[2018.04.18-09.20.07:711][796]LogModuleManager: Shutting down and abandoning module ImgMedia (230)
[2018.04.18-09.20.07:711][796]LogModuleManager: Shutting down and abandoning module PacketHandler (228)
[2018.04.18-09.20.07:711][796]LogModuleManager: Shutting down and abandoning module ClothingSystemEditor (226)
[2018.04.18-09.20.07:711][796]LogModuleManager: Shutting down and abandoning module ClothingSystemRuntime (224)
[2018.04.18-09.20.07:711][796]LogModuleManager: Shutting down and abandoning module MediaAssets (222)
[2018.04.18-09.20.07:711][796]LogModuleManager: Shutting down and abandoning module Media (221)
[2018.04.18-09.20.07:717][796]LogModuleManager: Shutting down and abandoning module Overlay (218)
[2018.04.18-09.20.07:717][796]LogModuleManager: Shutting down and abandoning module OverlayEditor (217)
[2018.04.18-09.20.07:717][796]LogModuleManager: Shutting down and abandoning module VREditor (214)
[2018.04.18-09.20.07:717][796]LogModuleManager: Shutting down and abandoning module StringTableEditor (212)
[2018.04.18-09.20.07:717][796]LogModuleManager: Shutting down and abandoning module GameplayTasksEditor (210)
[2018.04.18-09.20.07:717][796]LogModuleManager: Shutting down and abandoning module BehaviorTreeEditor (208)
[2018.04.18-09.20.07:718][796]LogModuleManager: Shutting down and abandoning module FunctionalTesting (206)
[2018.04.18-09.20.07:718][796]LogModuleManager: Shutting down and abandoning module CollisionAnalyzer (204)
[2018.04.18-09.20.07:718][796]LogModuleManager: Shutting down and abandoning module WorkspaceMenuStructure (203)
[2018.04.18-09.20.07:718][796]LogModuleManager: Shutting down and abandoning module UMG (200)
[2018.04.18-09.20.07:718][796]LogModuleManager: Shutting down and abandoning module UMGEditor (199)
[2018.04.18-09.20.07:719][796]LogModuleManager: Shutting down and abandoning module Sequencer (198)
[2018.04.18-09.20.07:720][796]LogModuleManager: Shutting down and abandoning module MessageLog (195)
[2018.04.18-09.20.07:720][796]LogModuleManager: Shutting down and abandoning module SlateReflector (190)
[2018.04.18-09.20.07:720][796]LogModuleManager: Shutting down and abandoning module Slate (188)
[2018.04.18-09.20.07:720][796]LogModuleManager: Shutting down and abandoning module EditorStyle (186)
[2018.04.18-09.20.07:722][796]LogModuleManager: Shutting down and abandoning module MRMesh (184)
[2018.04.18-09.20.07:722][796]LogModuleManager: Shutting down and abandoning module SourceCodeAccess (182)
[2018.04.18-09.20.07:722][796]LogModuleManager: Shutting down and abandoning module HeadMountedDisplay (180)
[2018.04.18-09.20.07:722][796]LogModuleManager: Shutting down and abandoning module XAudio2 (178)
[2018.04.18-09.20.07:722][796]LogModuleManager: Shutting down and abandoning module Networking (176)
[2018.04.18-09.20.07:722][796]LogModuleManager: Shutting down and abandoning module Core (172)
[2018.04.18-09.20.07:722][796]LogModuleManager: Shutting down and abandoning module LevelSequence (168)
[2018.04.18-09.20.07:722][796]LogModuleManager: Shutting down and abandoning module DirectoryWatcher (166)
[2018.04.18-09.20.07:722][796]LogModuleManager: Shutting down and abandoning module KismetCompiler (164)
[2018.04.18-09.20.07:722][796]LogModuleManager: Shutting down and abandoning module MeshUtilities (162)
[2018.04.18-09.20.07:723][796]LogModuleManager: Shutting down and abandoning module MeshMergeUtilities (161)
[2018.04.18-09.20.07:723][796]LogModuleManager: Shutting down and abandoning module MeshReductionInterface (160)
[2018.04.18-09.20.07:723][796]LogModuleManager: Shutting down and abandoning module SimplygonSwarm (159)
[2018.04.18-09.20.07:723][796]LogModuleManager: Shutting down and abandoning module SimplygonMeshReduction (157)
[2018.04.18-09.20.07:723][796]LogModuleManager: Shutting down and abandoning module QuadricMeshReduction (155)
[2018.04.18-09.20.07:723][796]LogModuleManager: Shutting down and abandoning module MaterialBaking (151)
[2018.04.18-09.20.07:723][796]LogModuleManager: Shutting down and abandoning module DerivedDataCache (148)
[2018.04.18-09.20.07:802][796]LogDerivedDataCache: Shutdown
[2018.04.18-09.20.07:803][796]LogModuleManager: Shutting down and abandoning module TargetPlatform (146)
[2018.04.18-09.20.07:803][796]LogModuleManager: Shutting down and abandoning module VulkanShaderFormat (145)
[2018.04.18-09.20.07:803][796]LogModuleManager: Shutting down and abandoning module ShaderFormatVectorVM (143)
[2018.04.18-09.20.07:803][796]LogModuleManager: Shutting down and abandoning module ShaderFormatOpenGL (141)
[2018.04.18-09.20.07:803][796]LogModuleManager: Shutting down and abandoning module ShaderFormatD3D (139)
[2018.04.18-09.20.07:803][796]LogModuleManager: Shutting down and abandoning module MetalShaderFormat (137)
[2018.04.18-09.20.07:803][796]LogModuleManager: Shutting down and abandoning module TextureFormatUncompressed (135)
[2018.04.18-09.20.07:803][796]LogModuleManager: Shutting down and abandoning module TextureFormatPVR (133)
[2018.04.18-09.20.07:804][796]LogModuleManager: Shutting down and abandoning module TextureFormatDXT (131)
[2018.04.18-09.20.07:804][796]LogModuleManager: Shutting down and abandoning module TextureFormatIntelISPCTexComp (129)
[2018.04.18-09.20.07:804][796]LogModuleManager: Shutting down and abandoning module TextureFormatASTC (127)
[2018.04.18-09.20.07:804][796]LogModuleManager: Shutting down and abandoning module ImageWrapper (126)
[2018.04.18-09.20.07:804][796]LogModuleManager: Shutting down and abandoning module TextureFormatAndroid (123)
[2018.04.18-09.20.07:804][796]LogModuleManager: Shutting down and abandoning module AudioFormatOpus (121)
[2018.04.18-09.20.07:804][796]LogModuleManager: Shutting down and abandoning module AudioFormatOgg (119)
[2018.04.18-09.20.07:804][796]LogModuleManager: Shutting down and abandoning module AudioFormatADPCM (117)
[2018.04.18-09.20.07:804][796]LogModuleManager: Shutting down and abandoning module LinuxTargetPlatform (115)
[2018.04.18-09.20.07:804][796]LogModuleManager: Shutting down and abandoning module LinuxServerTargetPlatform (113)
[2018.04.18-09.20.07:804][796]LogModuleManager: Shutting down and abandoning module LinuxNoEditorTargetPlatform (111)
[2018.04.18-09.20.07:804][796]LogModuleManager: Shutting down and abandoning module LinuxClientTargetPlatform (109)
[2018.04.18-09.20.07:804][796]LogModuleManager: Shutting down and abandoning module TVOSTargetPlatform (107)
[2018.04.18-09.20.07:804][796]LogModuleManager: Shutting down and abandoning module Messaging (105)
[2018.04.18-09.20.07:804][796]LogModuleManager: Shutting down and abandoning module IOSTargetPlatform (103)
[2018.04.18-09.20.07:804][796]LogModuleManager: Shutting down and abandoning module HTML5TargetPlatform (101)
[2018.04.18-09.20.07:804][796]LogModuleManager: Shutting down and abandoning module AndroidTargetPlatform (99)
[2018.04.18-09.20.07:804][796]LogModuleManager: Shutting down and abandoning module Android_PVRTCTargetPlatform (97)
[2018.04.18-09.20.07:804][796]LogModuleManager: Shutting down and abandoning module Android_MultiTargetPlatform (95)
[2018.04.18-09.20.07:804][796]LogModuleManager: Shutting down and abandoning module Android_ETC2TargetPlatform (93)
[2018.04.18-09.20.07:804][796]LogModuleManager: Shutting down and abandoning module Android_ETC1TargetPlatform (91)
[2018.04.18-09.20.07:804][796]LogModuleManager: Shutting down and abandoning module Android_DXTTargetPlatform (89)
[2018.04.18-09.20.07:804][796]LogModuleManager: Shutting down and abandoning module Android_ATCTargetPlatform (87)
[2018.04.18-09.20.07:804][796]LogModuleManager: Shutting down and abandoning module Android_ASTCTargetPlatform (85)
[2018.04.18-09.20.07:804][796]LogModuleManager: Shutting down and abandoning module WindowsTargetPlatform (83)
[2018.04.18-09.20.07:804][796]LogModuleManager: Shutting down and abandoning module WindowsServerTargetPlatform (81)
[2018.04.18-09.20.07:804][796]LogModuleManager: Shutting down and abandoning module WindowsNoEditorTargetPlatform (79)
[2018.04.18-09.20.07:804][796]LogModuleManager: Shutting down and abandoning module WindowsClientTargetPlatform (77)
[2018.04.18-09.20.07:804][796]LogModuleManager: Shutting down and abandoning module MacTargetPlatform (75)
[2018.04.18-09.20.07:804][796]LogModuleManager: Shutting down and abandoning module MacServerTargetPlatform (73)
[2018.04.18-09.20.07:804][796]LogModuleManager: Shutting down and abandoning module MacNoEditorTargetPlatform (71)
[2018.04.18-09.20.07:804][796]LogModuleManager: Shutting down and abandoning module MacClientTargetPlatform (69)
[2018.04.18-09.20.07:804][796]LogModuleManager: Shutting down and abandoning module AllDesktopTargetPlatform (67)
[2018.04.18-09.20.07:805][796]LogModuleManager: Shutting down and abandoning module InputCore (64)
[2018.04.18-09.20.07:805][796]LogModuleManager: Shutting down and abandoning module Settings (62)
[2018.04.18-09.20.07:805][796]LogModuleManager: Shutting down and abandoning module PhysXCooking (60)
[2018.04.18-09.20.07:805][796]LogModuleManager: Shutting down and abandoning module SteamVR (58)
[2018.04.18-09.20.07:805][796]LogModuleManager: Shutting down and abandoning module OculusHMD (56)
[2018.04.18-09.20.07:805][796]LogModuleManager: Shutting down and abandoning module ExampleDeviceProfileSelector (54)
[2018.04.18-09.20.07:805][796]LogModuleManager: Shutting down and abandoning module AppleARKit (52)
[2018.04.18-09.20.07:805][796]LogModuleManager: Shutting down and abandoning module AugmentedReality (51)
[2018.04.18-09.20.07:805][796]LogModuleManager: Shutting down and abandoning module OnlineBlueprintSupport (48)
[2018.04.18-09.20.07:805][796]LogModuleManager: Shutting down and abandoning module OnlineSubsystem (44)
[2018.04.18-09.20.07:805][796]LogModuleManager: Shutting down and abandoning module XMPP (43)
[2018.04.18-09.20.07:805][796]LogModuleManager: Shutting down and abandoning module HTTP (41)
[2018.04.18-09.20.07:805][796]LogHttp: Display: Http module shutting down, but needs to wait on 1 outstanding Http requests:
[2018.04.18-09.20.07:805][796]LogHttp: Display: 	verb=[POST] url=[https://datarouter.ol.epicgames.com/datarouter/api/v1/public/data?SessionID=%7B617CC0A8-4E8D-6E4A-4124-2AAA442AA6B0%7D&AppID=UEEditor.Rocket.Release&AppVersion=4.18.3-3832480%2B%2B%2BUE4%2BRelease-4.18&UserID=3c672d344552e18e671377a0b8ad0ae7%7C399a20081ae44004b6492f76cdf93a29%7C5c6856f5-e51b-4c38-9384-27fabb8c6b79&AppEnvironment=datacollector-binary&UploadType=eteventstream] status=Processing
[2018.04.18-09.20.07:810][796]LogModuleManager: Shutting down and abandoning module SSL (40)
[2018.04.18-09.20.07:811][796]LogModuleManager: Shutting down and abandoning module AnimationModifiers (36)
[2018.04.18-09.20.07:811][796]LogModuleManager: Shutting down and abandoning module PropertyEditor (35)
[2018.04.18-09.20.07:811][796]LogModuleManager: Shutting down and abandoning module AudioEditor (32)
[2018.04.18-09.20.07:811][796]LogModuleManager: Shutting down and abandoning module TextureCompressor (30)
[2018.04.18-09.20.07:811][796]LogModuleManager: Shutting down and abandoning module ShaderCore (28)
[2018.04.18-09.20.07:811][796]LogModuleManager: Shutting down and abandoning module Landscape (26)
[2018.04.18-09.20.07:811][796]LogModuleManager: Shutting down and abandoning module SlateRHIRenderer (24)
[2018.04.18-09.20.07:812][796]LogModuleManager: Shutting down and abandoning module OpenGLDrv (22)
[2018.04.18-09.20.07:812][796]LogModuleManager: Shutting down and abandoning module D3D11RHI (20)
[2018.04.18-09.20.07:812][796]LogModuleManager: Shutting down and abandoning module AnimGraphRuntime (18)
[2018.04.18-09.20.07:812][796]LogModuleManager: Shutting down and abandoning module Renderer (16)
[2018.04.18-09.20.07:812][796]LogModuleManager: Shutting down and abandoning module Engine (14)
[2018.04.18-09.20.07:812][796]LogModuleManager: Shutting down and abandoning module CoreUObject (12)
[2018.04.18-09.20.07:812][796]LogModuleManager: Shutting down and abandoning module NetworkFile (10)
[2018.04.18-09.20.07:812][796]LogModuleManager: Shutting down and abandoning module CookedIterativeFile (8)
[2018.04.18-09.20.07:812][796]LogModuleManager: Shutting down and abandoning module StreamingFile (6)
[2018.04.18-09.20.07:812][796]LogModuleManager: Shutting down and abandoning module SandboxFile (4)
[2018.04.18-09.20.07:812][796]LogModuleManager: Shutting down and abandoning module PakFile (2)
[2018.04.18-09.20.07:814][796]LogExit: Exiting.
[2018.04.18-09.20.07:824][796]Log file closed, 04/18/18 10:20:07
