Log file open, 03/24/18 11:15:27
LogWindows: Failed to load 'aqProf.dll' (GetLastError=126)
LogWindows: File 'aqProf.dll' does not exist
LogWindows: Failed to load 'VtuneApi.dll' (GetLastError=126)
LogWindows: File 'VtuneApi.dll' does not exist
LogWindows: Failed to load 'VtuneApi32e.dll' (GetLastError=126)
LogWindows: File 'VtuneApi32e.dll' does not exist
LogInit: Display: Running engine for game: VRaporwave
LogPlatformFile: Not using cached read wrapper
LogInit: Display: RandInit(-1476211929) SRandInit(-1476211929).
LogInit: Read version file with build ID '3709383'
LogInit: Overriding engine version to CL 3832480, compatible CL 3709383
LogInit: Registered custom module enumerator with build ID '3709383'
LogTaskGraph: Started task graph with 5 named threads and 14 total threads with 3 sets of task threads.
LogStats: Stats thread started at 0.559850
LogD3D11RHI: Aftermath initialized
LogModuleManager: Display: Found up-to-date module file ../../../Engine/Plugins/2D/Paper2D/Binaries/Win64/UE4Editor-Paper2D.dll (API version 3709383).
LogModuleManager: Display: Found up-to-date module file ../../../Engine/Plugins/2D/Paper2D/Binaries/Win64/UE4Editor-Paper2DEditor.dll (API version 3709383).
LogModuleManager: Display: Found up-to-date module file ../../../Engine/Plugins/2D/Paper2D/Binaries/Win64/UE4Editor-PaperSpriteSheetImporter.dll (API version 3709383).
LogModuleManager: Display: Found up-to-date module file ../../../Engine/Plugins/2D/Paper2D/Binaries/Win64/UE4Editor-PaperTiledImporter.dll (API version 3709383).
LogModuleManager: Display: Found up-to-date module file ../../../Engine/Plugins/2D/Paper2D/Binaries/Win64/UE4Editor-SmartSnapping.dll (API version 3709383).
LogModuleManager: Display: Found up-to-date module file ../../../Engine/Plugins/Blendables/LightPropagationVolume/Binaries/Win64/UE4Editor-LightPropagationVolumeRuntime.dll (API version 3709383).
LogModuleManager: Display: Found up-to-date module file ../../../Engine/Plugins/Blendables/LightPropagationVolume/Binaries/Win64/UE4Editor-LightPropagationVolumeEditor.dll (API version 3709383).
LogModuleManager: Display: Found up-to-date module file ../../../Engine/Plugins/Developer/GitSourceControl/Binaries/Win64/UE4Editor-GitSourceControl.dll (API version 3709383).
LogModuleManager: Display: Found up-to-date module file ../../../Engine/Plugins/Developer/PerforceSourceControl/Binaries/Win64/UE4Editor-PerforceSourceControl.dll (API version 3709383).
LogModuleManager: Display: Found up-to-date module file ../../../Engine/Plugins/Developer/SubversionSourceControl/Binaries/Win64/UE4Editor-SubversionSourceControl.dll (API version 3709383).
LogModuleManager: Display: Found up-to-date module file ../../../Engine/Plugins/Developer/UObjectPlugin/Binaries/Win64/UE4Editor-UObjectPlugin.dll (API version 3709383).
LogModuleManager: Display: Found up-to-date module file ../../../Engine/Plugins/Developer/VisualStudioCodeSourceCodeAccess/Binaries/Win64/UE4Editor-VisualStudioCodeSourceCodeAccess.dll (API version 3709383).
LogModuleManager: Display: Found up-to-date module file ../../../Engine/Plugins/Developer/VisualStudioSourceCodeAccess/Binaries/Win64/UE4Editor-VisualStudioSourceCodeAccess.dll (API version 3709383).
LogModuleManager: Display: Found up-to-date module file ../../../Engine/Plugins/Editor/AssetManagerEditor/Binaries/Win64/UE4Editor-AssetManagerEditor.dll (API version 3709383).
LogModuleManager: Display: Found up-to-date module file ../../../Engine/Plugins/Editor/AudioCapture/Binaries/Win64/UE4Editor-AudioCapture.dll (API version 3709383).
LogModuleManager: Display: Found up-to-date module file ../../../Engine/Plugins/Editor/FacialAnimation/Binaries/Win64/UE4Editor-FacialAnimation.dll (API version 3709383).
LogModuleManager: Display: Found up-to-date module file ../../../Engine/Plugins/Editor/FacialAnimation/Binaries/Win64/UE4Editor-FacialAnimationEditor.dll (API version 3709383).
LogModuleManager: Display: Found up-to-date module file ../../../Engine/Plugins/Editor/GameplayTagsEditor/Binaries/Win64/UE4Editor-GameplayTagsEditor.dll (API version 3709383).
LogModuleManager: Display: Found up-to-date module file ../../../Engine/Plugins/Editor/MobileLauncherProfileWizard/Binaries/Win64/UE4Editor-MobileLauncherProfileWizard.dll (API version 3709383).
LogModuleManager: Display: Found up-to-date module file ../../../Engine/Plugins/Editor/PluginBrowser/Binaries/Win64/UE4Editor-PluginBrowser.dll (API version 3709383).
LogModuleManager: Display: Found up-to-date module file ../../../Engine/Plugins/Editor/SpeedTreeImporter/Binaries/Win64/UE4Editor-SpeedTreeImporter.dll (API version 3709383).
LogModuleManager: Display: Found up-to-date module file ../../../Engine/Plugins/Experimental/AlembicImporter/Binaries/Win64/UE4Editor-AlembicImporter.dll (API version 3709383).
LogModuleManager: Display: Found up-to-date module file ../../../Engine/Plugins/Experimental/AlembicImporter/Binaries/Win64/UE4Editor-AlembicLibrary.dll (API version 3709383).
LogModuleManager: Display: Found up-to-date module file ../../../Engine/Plugins/Experimental/CharacterAI/Binaries/Win64/UE4Editor-CharacterAI.dll (API version 3709383).
LogModuleManager: Display: Found up-to-date module file ../../../Engine/Plugins/Experimental/HTML5Networking/Binaries/Win64/UE4Editor-HTML5Networking.dll (API version 3709383).
LogModuleManager: Display: Found up-to-date module file ../../../Engine/Plugins/Media/AndroidMedia/Binaries/Win64/UE4Editor-AndroidMediaEditor.dll (API version 3709383).
LogModuleManager: Display: Found up-to-date module file ../../../Engine/Plugins/Media/AndroidMedia/Binaries/Win64/UE4Editor-AndroidMediaFactory.dll (API version 3709383).
LogModuleManager: Display: Found up-to-date module file ../../../Engine/Plugins/Media/AvfMedia/Binaries/Win64/UE4Editor-AvfMediaEditor.dll (API version 3709383).
LogModuleManager: Display: Found up-to-date module file ../../../Engine/Plugins/Media/AvfMedia/Binaries/Win64/UE4Editor-AvfMediaFactory.dll (API version 3709383).
LogModuleManager: Display: Found up-to-date module file ../../../Engine/Plugins/Media/AvfMedia/Binaries/Win64/UE4Editor-AvfMediaFactory.dll (API version 3709383).
LogModuleManager: Display: Found up-to-date module file ../../../Engine/Plugins/Media/ImgMedia/Binaries/Win64/UE4Editor-ImgMedia.dll (API version 3709383).
LogModuleManager: Display: Found up-to-date module file ../../../Engine/Plugins/Media/ImgMedia/Binaries/Win64/UE4Editor-ImgMediaEditor.dll (API version 3709383).
LogModuleManager: Display: Found up-to-date module file ../../../Engine/Plugins/Media/ImgMedia/Binaries/Win64/UE4Editor-ImgMediaFactory.dll (API version 3709383).
LogModuleManager: Display: Found up-to-date module file ../../../Engine/Plugins/Media/ImgMedia/Binaries/Win64/UE4Editor-ImgMediaFactory.dll (API version 3709383).
LogModuleManager: Display: Found up-to-date module file ../../../Engine/Plugins/Media/ImgMedia/Binaries/Win64/UE4Editor-OpenExrWrapper.dll (API version 3709383).
LogModuleManager: Display: Found up-to-date module file ../../../Engine/Plugins/Media/MediaCompositing/Binaries/Win64/UE4Editor-MediaCompositing.dll (API version 3709383).
LogModuleManager: Display: Found up-to-date module file ../../../Engine/Plugins/Media/MediaCompositing/Binaries/Win64/UE4Editor-MediaCompositingEditor.dll (API version 3709383).
LogModuleManager: Display: Found up-to-date module file ../../../Engine/Plugins/Media/MediaPlayerEditor/Binaries/Win64/UE4Editor-MediaPlayerEditor.dll (API version 3709383).
LogModuleManager: Display: Found up-to-date module file ../../../Engine/Plugins/Media/WmfMedia/Binaries/Win64/UE4Editor-WmfMedia.dll (API version 3709383).
LogModuleManager: Display: Found up-to-date module file ../../../Engine/Plugins/Media/WmfMedia/Binaries/Win64/UE4Editor-WmfMediaEditor.dll (API version 3709383).
LogModuleManager: Display: Found up-to-date module file ../../../Engine/Plugins/Media/WmfMedia/Binaries/Win64/UE4Editor-WmfMediaFactory.dll (API version 3709383).
LogModuleManager: Display: Found up-to-date module file ../../../Engine/Plugins/Media/WmfMedia/Binaries/Win64/UE4Editor-WmfMediaFactory.dll (API version 3709383).
LogModuleManager: Display: Found up-to-date module file ../../../Engine/Plugins/Messaging/TcpMessaging/Binaries/Win64/UE4Editor-TcpMessaging.dll (API version 3709383).
LogModuleManager: Display: Found up-to-date module file ../../../Engine/Plugins/Messaging/UdpMessaging/Binaries/Win64/UE4Editor-UdpMessaging.dll (API version 3709383).
LogModuleManager: Display: Found up-to-date module file ../../../Engine/Plugins/MovieScene/ActorSequence/Binaries/Win64/UE4Editor-ActorSequence.dll (API version 3709383).
LogModuleManager: Display: Found up-to-date module file ../../../Engine/Plugins/MovieScene/LevelSequenceEditor/Binaries/Win64/UE4Editor-LevelSequenceEditor.dll (API version 3709383).
LogModuleManager: Display: Found up-to-date module file ../../../Engine/Plugins/MovieScene/MatineeToLevelSequence/Binaries/Win64/UE4Editor-MatineeToLevelSequence.dll (API version 3709383).
LogModuleManager: Display: Found up-to-date module file ../../../Engine/Plugins/Online/OnlineSubsystem/Binaries/Win64/UE4Editor-OnlineSubsystem.dll (API version 3709383).
LogModuleManager: Display: Found up-to-date module file ../../../Engine/Plugins/Runtime/AndroidPermission/Binaries/Win64/UE4Editor-AndroidPermission.dll (API version 3709383).
LogModuleManager: Display: Found up-to-date module file ../../../Engine/Plugins/Online/OnlineSubsystemNull/Binaries/Win64/UE4Editor-OnlineSubsystemNull.dll (API version 3709383).
LogModuleManager: Display: Found up-to-date module file ../../../Engine/Plugins/Online/OnlineSubsystemUtils/Binaries/Win64/UE4Editor-OnlineSubsystemUtils.dll (API version 3709383).
LogModuleManager: Display: Found up-to-date module file ../../../Engine/Plugins/Online/OnlineSubsystemUtils/Binaries/Win64/UE4Editor-OnlineBlueprintSupport.dll (API version 3709383).
LogModuleManager: Display: Found up-to-date module file ../../../Engine/Plugins/Runtime/AndroidDeviceProfileSelector/Binaries/Win64/UE4Editor-AndroidDeviceProfileSelector.dll (API version 3709383).
LogModuleManager: Display: Found up-to-date module file ../../../Engine/Plugins/Runtime/AppleARKit/Binaries/Win64/UE4Editor-AppleARKit.dll (API version 3709383).
LogModuleManager: Display: Found up-to-date module file ../../../Engine/Plugins/Runtime/ArchVisCharacter/Binaries/Win64/UE4Editor-ArchVisCharacter.dll (API version 3709383).
LogModuleManager: Display: Found up-to-date module file ../../../Engine/Plugins/Runtime/CableComponent/Binaries/Win64/UE4Editor-CableComponent.dll (API version 3709383).
LogModuleManager: Display: Found up-to-date module file ../../../Engine/Plugins/Runtime/CustomMeshComponent/Binaries/Win64/UE4Editor-CustomMeshComponent.dll (API version 3709383).
LogModuleManager: Display: Found up-to-date module file ../../../Engine/Plugins/Runtime/ExampleDeviceProfileSelector/Binaries/Win64/UE4Editor-ExampleDeviceProfileSelector.dll (API version 3709383).
LogModuleManager: Display: Found up-to-date module file ../../../Engine/Plugins/Runtime/ImmediatePhysics/Binaries/Win64/UE4Editor-ImmediatePhysics.dll (API version 3709383).
LogModuleManager: Display: Found up-to-date module file ../../../Engine/Plugins/Runtime/ImmediatePhysics/Binaries/Win64/UE4Editor-ImmediatePhysicsEditor.dll (API version 3709383).
LogModuleManager: Display: Found up-to-date module file ../../../Engine/Plugins/Runtime/LocationServicesBPLibrary/Binaries/Win64/UE4Editor-LocationServicesBPLibrary.dll (API version 3709383).
LogModuleManager: Display: Found up-to-date module file ../../../Engine/Plugins/Runtime/MobilePatchingUtils/Binaries/Win64/UE4Editor-MobilePatchingUtils.dll (API version 3709383).
LogModuleManager: Display: Found up-to-date module file ../../../Engine/Plugins/Runtime/Oculus/OculusVR/Binaries/Win64/UE4Editor-OculusHMD.dll (API version 3709383).
LogModuleManager: Display: Found up-to-date module file ../../../Engine/Plugins/Runtime/Oculus/OculusVR/Binaries/Win64/UE4Editor-OculusInput.dll (API version 3709383).
LogModuleManager: Display: Found up-to-date module file ../../../Engine/Plugins/Runtime/Oculus/OculusVR/Binaries/Win64/UE4Editor-OculusEditor.dll (API version 3709383).
LogModuleManager: Display: Found up-to-date module file ../../../Engine/Plugins/Runtime/PhysXVehicles/Binaries/Win64/UE4Editor-PhysXVehicles.dll (API version 3709383).
LogModuleManager: Display: Found up-to-date module file ../../../Engine/Plugins/Runtime/PhysXVehicles/Binaries/Win64/UE4Editor-PhysXVehiclesEditor.dll (API version 3709383).
LogModuleManager: Display: Found up-to-date module file ../../../Engine/Plugins/Runtime/ProceduralMeshComponent/Binaries/Win64/UE4Editor-ProceduralMeshComponent.dll (API version 3709383).
LogModuleManager: Display: Found up-to-date module file ../../../Engine/Plugins/Runtime/ProceduralMeshComponent/Binaries/Win64/UE4Editor-ProceduralMeshComponentEditor.dll (API version 3709383).
LogModuleManager: Display: Found up-to-date module file ../../../Engine/Plugins/Runtime/RuntimePhysXCooking/Binaries/Win64/UE4Editor-RuntimePhysXCooking.dll (API version 3709383).
LogModuleManager: Display: Found up-to-date module file ../../../Engine/Plugins/Runtime/Steam/SteamVR/Binaries/Win64/UE4Editor-SteamVR.dll (API version 3709383).
LogModuleManager: Display: Found up-to-date module file ../../../Engine/Plugins/Runtime/Steam/SteamVR/Binaries/Win64/UE4Editor-SteamVRController.dll (API version 3709383).
LogModuleManager: Display: Found up-to-date module file ../../../Engine/Plugins/Runtime/WindowsMoviePlayer/Binaries/Win64/UE4Editor-WindowsMoviePlayer.dll (API version 3709383).
LogPluginManager: Mounting plugin Paper2D
LogPluginManager: Mounting plugin LightPropagationVolume
LogPluginManager: Mounting plugin CodeLiteSourceCodeAccess
LogPluginManager: Mounting plugin GitSourceControl
LogPluginManager: Mounting plugin KDevelopSourceCodeAccess
LogPluginManager: Mounting plugin NullSourceCodeAccess
LogPluginManager: Mounting plugin PerforceSourceControl
LogPluginManager: Mounting plugin SubversionSourceControl
LogPluginManager: Mounting plugin UObjectPlugin
LogPluginManager: Mounting plugin VisualStudioCodeSourceCodeAccess
LogPluginManager: Mounting plugin VisualStudioSourceCodeAccess
LogPluginManager: Mounting plugin XCodeSourceCodeAccess
LogPluginManager: Mounting plugin AssetManagerEditor
LogPluginManager: Mounting plugin AudioCapture
LogPluginManager: Mounting plugin FacialAnimation
LogPluginManager: Mounting plugin GameplayTagsEditor
LogPluginManager: Mounting plugin MobileLauncherProfileWizard
LogPluginManager: Mounting plugin PluginBrowser
LogPluginManager: Mounting plugin SpeedTreeImporter
LogPluginManager: Mounting plugin AlembicImporter
LogPluginManager: Mounting plugin CharacterAI
LogPluginManager: Mounting plugin HTML5Networking
LogPluginManager: Mounting plugin AndroidMedia
LogPluginManager: Mounting plugin AvfMedia
LogPluginManager: Mounting plugin ImgMedia
LogPluginManager: Mounting plugin MediaCompositing
LogPluginManager: Mounting plugin MediaPlayerEditor
LogPluginManager: Mounting plugin WmfMedia
LogPluginManager: Mounting plugin TcpMessaging
LogPluginManager: Mounting plugin UdpMessaging
LogPluginManager: Mounting plugin ActorSequence
LogPluginManager: Mounting plugin LevelSequenceEditor
LogPluginManager: Mounting plugin MatineeToLevelSequence
LogPluginManager: Mounting plugin OnlineSubsystemGooglePlay
LogPluginManager: Mounting plugin OnlineSubsystemIOS
LogPluginManager: Mounting plugin OnlineSubsystem
LogPluginManager: Mounting plugin OnlineSubsystemNull
LogPluginManager: Mounting plugin OnlineSubsystemUtils
LogPluginManager: Mounting plugin AndroidDeviceProfileSelector
LogPluginManager: Mounting plugin AndroidMoviePlayer
LogPluginManager: Mounting plugin AndroidPermission
LogPluginManager: Mounting plugin AppleARKit
LogPluginManager: Mounting plugin AppleMoviePlayer
LogPluginManager: Mounting plugin ArchVisCharacter
LogPluginManager: Mounting plugin CableComponent
LogPluginManager: Mounting plugin CustomMeshComponent
LogPluginManager: Mounting plugin ExampleDeviceProfileSelector
LogPluginManager: Mounting plugin GoogleCloudMessaging
LogPluginManager: Mounting plugin ImmediatePhysics
LogPluginManager: Mounting plugin IOSDeviceProfileSelector
LogPluginManager: Mounting plugin LinuxDeviceProfileSelector
LogPluginManager: Mounting plugin LocationServicesBPLibrary
LogPluginManager: Mounting plugin MobilePatchingUtils
LogPluginManager: Mounting plugin OculusVR
LogPluginManager: Plugin shader directory ../../../Engine/Plugins/Runtime/Oculus/OculusVR/Shaders found
LogPluginManager: Mapping shader source directory ../../../Engine/Plugins/Runtime/Oculus/OculusVR/Shaders to virtual directory /Plugin/OculusVR
LogPluginManager: Mounting plugin PhysXVehicles
LogPluginManager: Mounting plugin ProceduralMeshComponent
LogPluginManager: Mounting plugin RuntimePhysXCooking
LogPluginManager: Mounting plugin SteamVR
LogPluginManager: Mounting plugin WindowsMoviePlayer
LogInit: Using libcurl 7.47.1
LogInit:  - built for x86_64-pc-win32
LogInit:  - supports SSL with OpenSSL/1.0.2g
LogInit:  - supports HTTP deflate (compression) using libz 1.2.8
LogInit:  - other features:
LogInit:      CURL_VERSION_SSL
LogInit:      CURL_VERSION_LIBZ
LogInit:      CURL_VERSION_IPV6
LogInit:      CURL_VERSION_ASYNCHDNS
LogInit:      CURL_VERSION_LARGEFILE
LogInit:      CURL_VERSION_IDN
LogInit:  CurlRequestOptions (configurable via config and command line):
LogInit:  - bVerifyPeer = false  - Libcurl will NOT verify peer certificate
LogInit:  - bUseHttpProxy = false  - Libcurl will NOT use HTTP proxy
LogInit:  - bDontReuseConnections = false  - Libcurl will reuse connections
LogInit:  - CertBundlePath = nullptr  - Libcurl will use whatever was configured at build time.
LogHMD: Failed initializing OVRPlugin 1.19.0
LogInit: Build: ++UE4+Release-4.18-CL-3832480
LogInit: Engine Version: 4.18.3-3832480+++UE4+Release-4.18
LogInit: Compatible Engine Version: 4.18.0-3709383+++UE4+Release-4.18
LogInit: Net CL: 3709383
LogDevObjectVersion: Number of dev versions registered: 16
LogDevObjectVersion:   Dev-Blueprints (B0D832E4-1F89-4F0D-ACCF-7EB736FD4AA2): 10
LogDevObjectVersion:   Dev-Build (E1C64328-A22C-4D53-A36C-8E866417BD8C): 0
LogDevObjectVersion:   Dev-Core (375EC13C-06E4-48FB-B500-84F0262A717E): 2
LogDevObjectVersion:   Dev-Editor (E4B068ED-F494-42E9-A231-DA0B2E46BB41): 20
LogDevObjectVersion:   Dev-Framework (CFFC743F-43B0-4480-9391-14DF171D2073): 30
LogDevObjectVersion:   Dev-Mobile (B02B49B5-BB20-44E9-A304-32B752E40360): 0
LogDevObjectVersion:   Dev-Networking (A4E4105C-59A1-49B5-A7C5-40C4547EDFEE): 0
LogDevObjectVersion:   Dev-Online (39C831C9-5AE6-47DC-9A44-9C173E1C8E7C): 0
LogDevObjectVersion:   Dev-Physics (78F01B33-EBEA-4F98-B9B4-84EACCB95AA2): 0
LogDevObjectVersion:   Dev-Platform (6631380F-2D4D-43E0-8009-CF276956A95A): 0
LogDevObjectVersion:   Dev-Rendering (12F88B9F-8875-4AFC-A67C-D90C383ABD29): 20
LogDevObjectVersion:   Dev-Sequencer (7B5AE74C-D270-4C10-A958-57980B212A5A): 4
LogDevObjectVersion:   Dev-VR (D7296918-1DD6-4BDD-9DE2-64A83CC13884): 0
LogDevObjectVersion:   Dev-LoadTimes (C2A15278-BFE7-4AFE-6C17-90FF531DF755): 1
LogDevObjectVersion:   Private-Geometry (6EACA3D4-40EC-4CC1-B786-8BED09428FC5): 1
LogDevObjectVersion:   Dev-AnimPhys (29E575DD-E0A3-4627-9D10-D276232CDCEA): 12
LogInit: Compiled (64-bit): Jan 12 2018 02:04:55
LogInit: Compiled with Visual C++: 19.00.24215.01
LogInit: Build Configuration: Development
LogInit: Branch Name: ++UE4+Release-4.18
LogInit: Command line:  
LogInit: Base directory: C:/Program Files/Epic Games/UE_4.18/Engine/Binaries/Win64/
LogInit: Installed Engine Build: 1
LogInit: Presizing for max 8388607 objects, including 0 objects not considered by GC, pre-allocating 0 bytes for permanent pool.
LogInit: Object subsystem initialized
[2018.03.24-11.15.32:573][  0]LogInit: Selected Device Profile: [Windows]
[2018.03.24-11.15.32:573][  0]LogInit: Applying CVar settings loaded from the selected device profile: [Windows]
[2018.03.24-11.15.32:644][  0]LogInit: Computer: GRANDPOPO
[2018.03.24-11.15.32:644][  0]LogInit: User: kinop
[2018.03.24-11.15.32:644][  0]LogInit: CPU Page size=4096, Cores=4
[2018.03.24-11.15.32:644][  0]LogInit: High frequency timer resolution =2.531252 MHz
[2018.03.24-11.15.32:644][  0]LogMemory: Memory total: Physical=31.9GB (32GB approx)
[2018.03.24-11.15.32:644][  0]LogMemory: Platform Memory Stats for Windows
[2018.03.24-11.15.32:644][  0]LogMemory: Process Physical Memory: 279.50 MB used, 279.50 MB peak
[2018.03.24-11.15.32:644][  0]LogMemory: Process Virtual Memory: 276.67 MB used, 276.67 MB peak
[2018.03.24-11.15.32:644][  0]LogMemory: Physical Memory: 13963.30 MB used,  18740.55 MB free, 32703.86 MB total
[2018.03.24-11.15.32:644][  0]LogMemory: Virtual Memory: 697.82 MB used,  18740.55 MB free, 134217728.00 MB total
[2018.03.24-11.15.33:098][  0]LogInit: Using OS detected language (en-GB).
[2018.03.24-11.15.33:098][  0]LogInit: Using OS detected locale (en-GB).
[2018.03.24-11.15.33:168][  0]LogTextLocalizationManager: No specific localization for 'en-GB' exists, so the 'en' localization will be used.
[2018.03.24-11.15.33:706][  0]LogInit: Setting process to per monitor DPI aware
[2018.03.24-11.15.36:661][  0]LogD3D11RHI: D3D11 adapters:
[2018.03.24-11.15.36:707][  0]LogD3D11RHI:    0. 'NVIDIA GeForce GTX 980M' (Feature Level 11_0)
[2018.03.24-11.15.36:707][  0]LogD3D11RHI:       8152/0/16351 MB DedicatedVideo/DedicatedSystem/SharedSystem, Outputs:1, VendorId:0x10de
[2018.03.24-11.15.36:708][  0]LogD3D11RHI:    1. 'Microsoft Basic Render Driver' (Feature Level 11_0)
[2018.03.24-11.15.36:708][  0]LogD3D11RHI:       0/0/16351 MB DedicatedVideo/DedicatedSystem/SharedSystem, Outputs:0, VendorId:0x1414
[2018.03.24-11.15.36:708][  0]LogD3D11RHI: Chosen D3D11 Adapter: 0
[2018.03.24-11.15.36:716][  0]LogD3D11RHI: Creating new Direct3DDevice
[2018.03.24-11.15.36:716][  0]LogD3D11RHI:     GPU DeviceId: 0x1617 (for the marketing name, search the web for "GPU Device Id")
[2018.03.24-11.15.36:716][  0]LogWindows: EnumDisplayDevices:
[2018.03.24-11.15.36:716][  0]LogWindows:    0. 'NVIDIA GeForce GTX 980M' (P:1 D:1)
[2018.03.24-11.15.36:716][  0]LogWindows:    1. 'NVIDIA GeForce GTX 980M' (P:0 D:0)
[2018.03.24-11.15.36:716][  0]LogWindows:    2. 'NVIDIA GeForce GTX 980M' (P:0 D:0)
[2018.03.24-11.15.36:717][  0]LogWindows:    3. 'NVIDIA GeForce GTX 980M' (P:0 D:0)
[2018.03.24-11.15.36:717][  0]LogWindows: DebugString: FoundDriverCount:4 
[2018.03.24-11.15.36:717][  0]LogD3D11RHI:     Adapter Name: NVIDIA GeForce GTX 980M
[2018.03.24-11.15.36:717][  0]LogD3D11RHI:   Driver Version: 369.09 (internal:21.21.13.6909, unified:369.09)
[2018.03.24-11.15.36:717][  0]LogD3D11RHI:      Driver Date: 8-1-2016
[2018.03.24-11.15.36:717][  0]LogRHI: Texture pool is 5706 MB (70% of 8152 MB)
[2018.03.24-11.15.36:740][  0]LogD3D11RHI: Async texture creation enabled
[2018.03.24-11.15.36:763][  0]LogD3D11RHI: GPU Timing Frequency: 1000.000000 (Debug: 2 1)
[2018.03.24-11.15.36:810][  0]LogShaderCompilers: Guid format shader working directory is -17 characters bigger than the processId version (D:/projects pc/uni/vaporwave/new_project/VRaporwave/VRaporwave/Intermediate/Shaders/WorkingDirectory/13652/).
[2018.03.24-11.15.36:810][  0]LogShaderCompilers: Cleaned the shader compiler working directory 'C:/Users/kinop/AppData/Local/Temp/UnrealShaderWorkingDir/73ED26C845455497D8346F8E8F8B9DA1/'.
[2018.03.24-11.15.36:811][  0]LogShaderCompilers: Display: Using Local Shader Compiler.
[2018.03.24-11.15.39:389][  0]LogTemp: Display: Loaded TP AllDesktopTargetPlatform
[2018.03.24-11.15.39:478][  0]LogTemp: Display: Loaded TP MacClientTargetPlatform
[2018.03.24-11.15.39:570][  0]LogTemp: Display: Loaded TP MacNoEditorTargetPlatform
[2018.03.24-11.15.39:660][  0]LogTemp: Display: Loaded TP MacServerTargetPlatform
[2018.03.24-11.15.39:757][  0]LogTemp: Display: Loaded TP MacTargetPlatform
[2018.03.24-11.15.39:848][  0]LogTemp: Display: Loaded TP WindowsClientTargetPlatform
[2018.03.24-11.15.39:934][  0]LogTemp: Display: Loaded TP WindowsNoEditorTargetPlatform
[2018.03.24-11.15.40:019][  0]LogTemp: Display: Loaded TP WindowsServerTargetPlatform
[2018.03.24-11.15.40:103][  0]LogTemp: Display: Loaded TP WindowsTargetPlatform
[2018.03.24-11.15.40:190][  0]LogTemp: Display: Loaded TP Android_ASTCTargetPlatform
[2018.03.24-11.15.40:274][  0]LogTemp: Display: Loaded TP Android_ATCTargetPlatform
[2018.03.24-11.15.40:362][  0]LogTemp: Display: Loaded TP Android_DXTTargetPlatform
[2018.03.24-11.15.40:452][  0]LogTemp: Display: Loaded TP Android_ETC1TargetPlatform
[2018.03.24-11.15.40:537][  0]LogTemp: Display: Loaded TP Android_ETC2TargetPlatform
[2018.03.24-11.15.40:727][  0]LogTemp: Display: Loaded TP Android_MultiTargetPlatform
[2018.03.24-11.15.40:727][  0]LogTemp: Display: Loaded TP Android_PVRTCTargetPlatform
[2018.03.24-11.15.40:817][  0]LogTemp: Display: Loaded TP AndroidTargetPlatform
[2018.03.24-11.15.40:889][  0]LogTemp: Display: Loaded TP HTML5TargetPlatform
[2018.03.24-11.15.41:047][  0]LogTemp: Display: Loaded TP IOSTargetPlatform
[2018.03.24-11.15.41:091][  0]LogTemp: Display: Loaded TP TVOSTargetPlatform
[2018.03.24-11.15.41:175][  0]LogTemp: Display: Loaded TP LinuxClientTargetPlatform
[2018.03.24-11.15.41:268][  0]LogTemp: Display: Loaded TP LinuxNoEditorTargetPlatform
[2018.03.24-11.15.41:355][  0]LogTemp: Display: Loaded TP LinuxServerTargetPlatform
[2018.03.24-11.15.41:452][  0]LogTemp: Display: Loaded TP LinuxTargetPlatform
[2018.03.24-11.15.41:452][  0]LogTargetPlatformManager: Display: Building Assets For Windows
[2018.03.24-11.15.42:502][  0]LogDerivedDataCache: Display: Max Cache Size: 512 MB
[2018.03.24-11.15.42:712][  0]LogDerivedDataCache: Loaded boot cache 0.21s 79MB C:/Users/kinop/AppData/Local/UnrealEngine/4.18/DerivedDataCache/Boot.ddc.
[2018.03.24-11.15.42:713][  0]LogDerivedDataCache: Display: Loaded Boot cache: C:/Users/kinop/AppData/Local/UnrealEngine/4.18/DerivedDataCache/Boot.ddc
[2018.03.24-11.15.42:713][  0]LogDerivedDataCache: FDerivedDataBackendGraph:  Pak pak cache file D:/projects pc/uni/vaporwave/new_project/VRaporwave/VRaporwave/DerivedDataCache/DDC.ddp not found, will not use a pak cache.
[2018.03.24-11.15.42:713][  0]LogDerivedDataCache: Unable to find inner node Pak for hierarchical cache Hierarchy.
[2018.03.24-11.15.42:713][  0]LogDerivedDataCache: FDerivedDataBackendGraph:  CompressedPak pak cache file D:/projects pc/uni/vaporwave/new_project/VRaporwave/VRaporwave/DerivedDataCache/Compressed.ddp not found, will not use a pak cache.
[2018.03.24-11.15.42:713][  0]LogDerivedDataCache: Unable to find inner node CompressedPak for hierarchical cache Hierarchy.
[2018.03.24-11.15.42:746][  0]LogDerivedDataCache: Display: Pak cache opened for reading ../../../Engine/DerivedDataCache/Compressed.ddp.
[2018.03.24-11.15.42:761][  0]LogDerivedDataCache: Using Local data cache path C:/Users/kinop/AppData/Local/UnrealEngine/Common/DerivedDataCache: Writable
[2018.03.24-11.15.42:774][  0]LogMaterial: Verifying Global Shaders for PCD3D_SM5
[2018.03.24-11.15.42:778][  0]LogSlate: Using Freetype 2.6.0
[2018.03.24-11.15.42:793][  0]LogSlate: SlateFontCache - WITH_FREETYPE: 1, WITH_HARFBUZZ: 1
[2018.03.24-11.15.42:793][  0]LogSlate: SlateFontCache - WITH_FREETYPE: 1, WITH_HARFBUZZ: 1
[2018.03.24-11.15.43:988][  0]LogInit: Selected Device Profile: [Windows]
[2018.03.24-11.15.44:857][  0]LogSimplygon: Simplygon DLL not present - disabling.
[2018.03.24-11.15.44:933][  0]LogMeshReduction: Using SimplygonSwarm for distributed automatic mesh merging
[2018.03.24-11.15.44:934][  0]LogMeshReduction: Using QuadricMeshReduction for automatic static mesh reduction
[2018.03.24-11.15.44:934][  0]LogMeshReduction: No automatic skeletal mesh reduction module available
[2018.03.24-11.15.44:934][  0]LogMeshReduction: No automatic mesh merging module available
[2018.03.24-11.15.44:934][  0]LogMeshMerging: No automatic mesh merging module available
[2018.03.24-11.15.45:076][  0]LogNetVersion: VRaporwave , NetCL: 3709383, EngineNetVer: 2, GameNetVer: 0 (Checksum: 722213230)
[2018.03.24-11.15.45:728][  0]LogAssetRegistry: FAssetRegistry took 0.0295 seconds to start up
[2018.03.24-11.15.47:426][  0]LogPackageLocalizationCache: Processed 7 localized package path(s) for 2 prioritized culture(s) in 0.137814 seconds
[2018.03.24-11.15.47:434][  0]LogUObjectArray: 35870 objects as part of root set at end of initial load.
[2018.03.24-11.15.47:434][  0]LogUObjectAllocator: 7363704 out of 0 bytes used by permanent object pool.
[2018.03.24-11.15.47:434][  0]LogUObjectArray: CloseDisregardForGC: 0/0 objects in disregard for GC pool
[2018.03.24-11.15.47:541][  0]LogInit: WinSock: version 1.1 (2.2), MaxSocks=32767, MaxUdp=65467
[2018.03.24-11.15.56:867][  0]LogTcpMessaging: Initializing TcpMessaging bridge
[2018.03.24-11.15.56:983][  0]LogUdpMessaging: Initializing bridge on interface 0.0.0.0:0 to multicast group 230.0.0.1:6666.
[2018.03.24-11.15.58:733][  0]LogMaterial: Uniform references updated for custom material expression Custom.
[2018.03.24-11.15.59:725][  0]SourceControl: Source control is disabled
[2018.03.24-11.15.59:725][  0]SourceControl: Source control is disabled
[2018.03.24-11.15.59:880][  0]SourceControl: Source control is disabled
[2018.03.24-11.16.00:033][  0]SourceControl: Source control is disabled
[2018.03.24-11.16.02:378][  0]LogAndroidPermission: UAndroidPermissionCallbackProxy::GetInstance
[2018.03.24-11.16.03:150][  0]LogOcInput: OculusInput pre-init called
[2018.03.24-11.16.03:830][  0]LogEngine: Initializing Engine...
[2018.03.24-11.16.03:904][  0]LogHMD: Failed to initialize OpenVR with code 126
[2018.03.24-11.16.04:265][  0]LogStats: UGameplayTagsManager::ConstructGameplayTagTree: Construct from data asset -  0.000 s
[2018.03.24-11.16.04:265][  0]LogStats: UGameplayTagsManager::ConstructGameplayTagTree: GameplayTagTreeChangedEvent.Broadcast -  0.000 s
[2018.03.24-11.16.04:567][  0]LogAIModule: Creating AISystem for world Untitled
[2018.03.24-11.16.04:597][  0]LogInit: XAudio2 using 'Speakers (Realtek High Definition Audio)' : 2 channels at 48 kHz using 32 bits per sample (channel mask 0x3)
[2018.03.24-11.16.04:870][  0]LogInit: FAudioDevice initialized.
[2018.03.24-11.16.04:931][  0]LogDerivedDataCache: Saved boot cache 0.06s 79MB C:/Users/kinop/AppData/Local/UnrealEngine/4.18/DerivedDataCache/Boot.ddc.
[2018.03.24-11.16.04:941][  0]LogInit: Texture streaming: Enabled
[2018.03.24-11.16.05:166][  0]LogEngineSessionManager: EngineSessionManager initialized
[2018.03.24-11.16.05:678][  0]LogInit: Transaction tracking system initialized
[2018.03.24-11.16.06:374][  0]BlueprintLog: New page: Editor Load
[2018.03.24-11.16.08:175][  0]LocalizationService: Localization service is disabled
[2018.03.24-11.16.09:905][  0]LogConsoleResponse: Display: 
[2018.03.24-11.16.10:675][  0]LogCook: Display: Max memory allowance for cook 16384mb min free memory 0mb
[2018.03.24-11.16.10:675][  0]LogCook: Display: Mobile HDR setting 1
[2018.03.24-11.16.10:676][  0]LogGameplayTags: Display: UGameplayTagsManager::DoneAddingNativeTags. DelegateIsBound: 0
[2018.03.24-11.16.11:984][  0]LogFileCache: Scanning file cache for directory 'D:/projects pc/uni/vaporwave/new_project/VRaporwave/VRaporwave/Content/' took 0.04s
[2018.03.24-11.16.15:007][  0]SourceControl: Source control is disabled
[2018.03.24-11.16.15:009][  0]Cmd: MAP LOAD FILE="D:/projects pc/uni/vaporwave/new_project/VRaporwave/VRaporwave/Content/VirtualRealityBP/Maps/MotionControllerMap.umap" TEMPLATE=0 SHOWPROGRESS=1 FEATURELEVEL=3
[2018.03.24-11.16.15:010][  0]LightingResults: New page: Lighting Build
[2018.03.24-11.16.15:109][  0]MapCheck: New page: Map Check
[2018.03.24-11.16.15:109][  0]LightingResults: New page: Lighting Build
[2018.03.24-11.16.16:306][  0]LogLinker: Warning: Can't find file '/Game/VirtualRealityBP/Maps/MotionControllerMap_BuiltData'
[2018.03.24-11.16.16:306][  0]LogLinker: Warning: Can't find file for asset '/Game/VirtualRealityBP/Maps/MotionControllerMap_BuiltData' while loading D:/projects pc/uni/vaporwave/new_project/VRaporwave/VRaporwave/Content/VirtualRealityBP/Maps/MotionControllerMap.umap.
[2018.03.24-11.16.16:306][  0]LoadErrors: Error: /Game/VirtualRealityBP/Maps/MotionControllerMap : Can't find file for asset. /Game/VirtualRealityBP/Maps/MotionControllerMap_BuiltData
[2018.03.24-11.16.16:643][  0]LogLinker: Warning: Can't find file '/Game/VirtualRealityBP/Maps/MotionControllerMap_BuiltData'
[2018.03.24-11.16.16:644][  0]LogLinker: Warning: Can't find file for asset '/Game/VirtualRealityBP/Maps/MotionControllerMap_BuiltData' while loading D:/projects pc/uni/vaporwave/new_project/VRaporwave/VRaporwave/Content/VirtualRealityBP/Maps/MotionControllerMap.umap.
[2018.03.24-11.16.16:644][  0]LoadErrors: Error: /Game/VirtualRealityBP/Maps/MotionControllerMap : Can't find file for asset. /Game/VirtualRealityBP/Maps/MotionControllerMap_BuiltData
[2018.03.24-11.16.16:655][  0]LogLinker: Warning: Can't find file '/Game/VirtualRealityBP/Maps/MotionControllerMap_BuiltData'
[2018.03.24-11.16.16:655][  0]LogLinker: Warning: Can't find file for asset '/Game/VirtualRealityBP/Maps/MotionControllerMap_BuiltData' while loading NULL.
[2018.03.24-11.16.16:655][  0]LogLinker: Warning: Can't find file '/Game/VirtualRealityBP/Maps/MotionControllerMap_BuiltData'
[2018.03.24-11.16.16:655][  0]LogLinker: Warning: Can't find file for asset '/Game/VirtualRealityBP/Maps/MotionControllerMap_BuiltData' while loading NULL.
[2018.03.24-11.16.16:777][  0]LogTexture: Display: Building textures: Poster_Base_Color (AutoDXT, 1024X1024)
[2018.03.24-11.16.16:777][  0]LogTexture: Display: Building textures: Douvet_Base_Color (AutoDXT, 1024X1024)
[2018.03.24-11.16.16:777][  0]LogTexture: Display: Building textures: Bed_Roughness (AutoDXT, 2048X2048)
[2018.03.24-11.16.16:777][  0]LogLinker: Warning: Can't find file '/Game/VirtualRealityBP/Maps/MotionControllerMap_BuiltData'
[2018.03.24-11.16.16:777][  0]LoadErrors: Failed to load /Game/VirtualRealityBP/Maps/MotionControllerMap_BuiltData.MotionControllerMap_BuiltData Referenced by PersistentLevel
[2018.03.24-11.16.16:777][  0]LogLinker: Warning: Can't find file for asset '/Game/VirtualRealityBP/Maps/MotionControllerMap_BuiltData' while loading NULL.
[2018.03.24-11.16.16:777][  0]LoadErrors: Failed to load /Game/VirtualRealityBP/Maps/MotionControllerMap_BuiltData.MotionControllerMap_BuiltData Referenced by PersistentLevel
[2018.03.24-11.16.17:011][  0]LogTexture: Display: Building textures: Douvet_Mixed_AO (AutoDXT, 1024X1024)
[2018.03.24-11.16.17:011][  0]LogTexture: Display: Building textures: Douvet_Normal_DirectX (BC5, 1024X1024)
[2018.03.24-11.16.17:011][  0]LogStaticMesh: Building static mesh Room...
[2018.03.24-11.16.17:098][  0]LogTexture: Display: Building textures: BeanBag_AO (AutoDXT, 1024X1024)
[2018.03.24-11.16.17:098][  0]LogStaticMesh: Built static mesh [0.09s] /Game/Modular_Room/Room.Room
[2018.03.24-11.16.17:114][  0]LogMaterial: Missing cached shader map for material aphrodite-2_aphrodite-2_jpg, compiling. 
[2018.03.24-11.16.17:224][  0]LogTexture: Display: Building textures: BeanBag_albedo02 (AutoDXT, 1024X1024)
[2018.03.24-11.16.17:232][  0]LogMaterial: Missing cached shader map for material aphrodite-2, compiling. 
[2018.03.24-11.16.17:513][  0]LogMaterial: Missing cached shader map for material PosterMat, compiling. 
[2018.03.24-11.16.17:580][  0]LogStaticMesh: Building static mesh Poster...
[2018.03.24-11.16.17:585][  0]LogStaticMesh: Built static mesh [0.01s] /Game/Assets/Poster.Poster
[2018.03.24-11.16.17:587][  0]LogStaticMesh: Building static mesh Lamp2...
[2018.03.24-11.16.17:609][  0]LogStaticMesh: Built static mesh [0.02s] /Game/Assets/Lamp2.Lamp2
[2018.03.24-11.16.19:299][  0]LogMaterial: Missing cached shader map for material TVPlayer_Video_Mat, compiling. 
[2018.03.24-11.16.19:380][  0]LogTexture: Display: Building textures: beanbag_lp_normal_map_from_mesh (BC5, 4096X4096)
[2018.03.24-11.16.19:380][  0]LogMaterial: Missing cached shader map for material Window, compiling. 
[2018.03.24-11.16.19:495][  0]LogTexture: Display: Building textures: Bed_Normal_DirectX (BC5, 2048X2048)
[2018.03.24-11.16.19:495][  0]LogTexture: Display: Building textures: Bed_Metallic (AutoDXT, 2048X2048)
[2018.03.24-11.16.19:495][  0]LogMaterial: Missing cached shader map for material Base, compiling. 
[2018.03.24-11.16.19:583][  0]LogTexture: Display: Building textures: Bed_Mixed_AO (AutoDXT, 2048X2048)
[2018.03.24-11.16.19:583][  0]LogMaterial: Missing cached shader map for material Sheets, compiling. 
[2018.03.24-11.16.21:805][  0]LogTexture: Display: Building textures: Bed_Base_Color (AutoDXT, 2048X2048)
[2018.03.24-11.16.21:811][  0]LogMaterial: Missing cached shader map for material BeanBag, compiling. 
[2018.03.24-11.16.21:882][  0]LogStaticMesh: Building static mesh BeanBag...
[2018.03.24-11.16.21:897][  0]LogStaticMesh: Built static mesh [0.02s] /Game/Assets/BeanBag.BeanBag
[2018.03.24-11.16.22:021][  0]LogMaterial: Missing cached shader map for material BaseMaterial, compiling. 
[2018.03.24-11.16.22:148][  0]LogMaterial: Missing cached shader map for material Bedframe, compiling. 
[2018.03.24-11.16.22:201][  0]LogStaticMesh: Building static mesh Bed...
[2018.03.24-11.16.22:249][  0]LogStaticMesh: Built static mesh [0.05s] /Game/Assets/Bed.Bed
[2018.03.24-11.16.22:509][  0]LogAIModule: Creating AISystem for world MotionControllerMap
[2018.03.24-11.16.22:558][  0]LogEditorServer: Finished looking for orphan Actors (0.000 secs)
[2018.03.24-11.16.22:590][  0]Cmd: MAP CHECKDEP NOCLEARLOG
[2018.03.24-11.16.23:226][  0]MapCheck: Map check complete: 0 Error(s), 0 Warning(s), took 635.406ms to complete.
[2018.03.24-11.16.23:226][  0]LogFileHelpers: Loading map 'MotionControllerMap' took 8.219
[2018.03.24-11.16.23:605][  0]LogCollectionManager: Loaded 0 collections in 0.003109 seconds
[2018.03.24-11.16.23:885][  0]LogFileCache: Scanning file cache for directory 'D:/projects pc/uni/vaporwave/new_project/VRaporwave/VRaporwave/Saved/Collections/' took 0.01s
[2018.03.24-11.16.23:885][  0]LogFileCache: Scanning file cache for directory 'D:/projects pc/uni/vaporwave/new_project/VRaporwave/VRaporwave/Content/Developers/kinop/Collections/' took 0.01s
[2018.03.24-11.16.23:885][  0]LogFileCache: Scanning file cache for directory 'D:/projects pc/uni/vaporwave/new_project/VRaporwave/VRaporwave/Content/Collections/' took 0.01s
[2018.03.24-11.16.23:885][  0]LogCollectionManager: Rebuilt the GUID cache for 0 collections in 0.000001 seconds
[2018.03.24-11.16.23:901][  0]LogContentBrowser: Native class hierarchy populated in 0.0150 seconds. Added 2363 classes and 519 folders.
[2018.03.24-11.16.24:087][  0]LogContentBrowser: Native class hierarchy updated for 'WidgetCarousel' in 0.0005 seconds. Added 0 classes and 0 folders.
[2018.03.24-11.16.25:039][  0]LogContentBrowser: Native class hierarchy updated for 'AddContentDialog' in 0.0005 seconds. Added 0 classes and 0 folders.
[2018.03.24-11.16.25:176][  0]LogContentBrowser: Native class hierarchy updated for 'SceneOutliner' in 0.0005 seconds. Added 1 classes and 2 folders.
[2018.03.24-11.16.25:377][  0]LogSlate: Took 0.016275 seconds to synchronously load lazily loaded font '../../../Engine/Content/Slate/Fonts/Roboto-Regular.ttf' (155K)
[2018.03.24-11.16.25:385][  0]LogSlate: Took 0.006148 seconds to synchronously load lazily loaded font '../../../Engine/Content/Slate/Fonts/Roboto-Bold.ttf' (160K)
[2018.03.24-11.16.25:401][  0]LogSlate: Took 0.007992 seconds to synchronously load lazily loaded font '../../../Engine/Content/Editor/Slate/Fonts/FontAwesome.ttf' (139K)
[2018.03.24-11.16.25:670][  0]LogRenderer: Reallocating scene render targets to support 1020x684 Format 26 NumSamples 1 (Frame:1).
[2018.03.24-11.16.26:015][  0]LogContentBrowser: Native class hierarchy updated for 'HierarchicalLODOutliner' in 0.0005 seconds. Added 1 classes and 2 folders.
[2018.03.24-11.16.26:015][  0]LogLoad: (Engine Initialization) Total time: 63.49 seconds
[2018.03.24-11.16.26:015][  0]LogLoad: (Engine Initialization) Total Blueprint compile time: 0.00 seconds
[2018.03.24-11.16.26:015][  0]LogExternalProfiler: Found external profiler: VSPerf
[2018.03.24-11.16.26:015][  0]LogExternalProfiler: Using external profiler: VSPerf
[2018.03.24-11.16.26:044][  0]LogContentStreaming: Texture pool size now 1000 MB
[2018.03.24-11.16.26:160][  0]LogSlate: Took 0.007191 seconds to synchronously load lazily loaded font '../../../Engine/Content/Slate/Fonts/Roboto-Light.ttf' (159K)
[2018.03.24-11.16.26:213][  1]LogAssetRegistry: Asset discovery search completed in 40.5076 seconds
[2018.03.24-11.16.26:216][  1]LogCollectionManager: Rebuilt the object cache for 0 collections in 0.000000 seconds (found 0 objects)
[2018.03.24-11.16.26:216][  1]LogCollectionManager: Fixed up redirectors for 0 collections in 0.000082 seconds (updated 0 objects)
[2018.03.24-11.27.15:089][559]LogEditorViewport: Clicking on Actor (LMB): SphereReflectionCapture (SphereReflectionCapture2)
[2018.03.24-11.37.52:868][455]LogEditorViewport: Clicking on Actor (LMB): BP_Sky_Sphere_C (SkySphereBlueprint)
[2018.03.24-11.38.09:423][198]LogEditorViewport: Clicking on Actor (LMB): StaticMeshActor (Room3)
[2018.03.24-11.38.16:417][612]LogEditorViewport: Clicking on Actor (LMB): StaticMeshActor (Plane)
[2018.03.24-11.38.23:935][ 56]LogEditorViewport: Clicking on Actor (LMB): StaticMeshActor (Room3)
[2018.03.24-11.38.24:513][ 87]LogEditorViewport: Clicking on Actor (LMB): VHS_C (VHS)
[2018.03.24-11.38.30:547][444]LogEditorViewport: Clicking on Actor (LMB): StaticMeshActor (Room3)
[2018.03.24-11.38.38:157][895]LogActorFactory: Actor Factory created Cube
[2018.03.24-11.38.38:163][895]LogMaterial: Missing cached shader map for material BasicShapeMaterial, compiling. 
[2018.03.24-11.38.39:024][942]LogActorFactory: Actor Factory created Cube
[2018.03.24-11.39.13:439][987]LogActorFactory: Actor Factory created Cube
[2018.03.24-11.39.14:413][ 45]LogActorFactory: Actor Factory created Cube
[2018.03.24-11.39.51:263][233]Cmd: TRANSACTION UNDO
[2018.03.24-11.39.51:263][233]LogEditorTransaction: Undo Move Actors
[2018.03.24-11.39.51:290][233]LogSlate: Took 0.000324 seconds to synchronously load lazily loaded font '../../../Engine/Content/Slate/Fonts/Roboto-Light.ttf' (159K)
[2018.03.24-11.40.08:093][234]LogEditorViewport: Clicking on Actor (LMB): StaticMeshActor (Room3)
[2018.03.24-11.40.14:810][632]LogEditorViewport: Clicking on Actor (LMB): VHS_C (VHS)
[2018.03.24-11.40.18:230][834]LogEditorViewport: Clicking on Actor (LMB): StaticMeshActor (Cube)
[2018.03.24-11.40.27:111][361]LogEditorViewport: Clicking on Actor (LMB): StaticMeshActor (Room3)
[2018.03.24-11.41.06:362][706]LogEditorViewport: Clicking on Actor (LMB): StaticMeshActor (aphrodite-2-edit2)
[2018.03.24-11.41.24:457][772]LogActorFactory: Actor Factory created Finger_of_God_Namibia
[2018.03.24-11.41.28:919][ 39]LogActorFactory: Actor Factory created Finger_of_God_Namibia
[2018.03.24-11.41.30:395][124]Cmd: TRANSACTION UNDO
[2018.03.24-11.41.30:395][124]LogEditorTransaction: Undo Create Actors
[2018.03.24-11.41.35:541][423]LogActorFactory: Actor Factory created Sehpa2
[2018.03.24-11.42.25:577][422]LogActorFactory: Actor Factory created Sehpa2
[2018.03.24-11.42.26:664][487]LogActorFactory: Actor Factory created Sehpa2
[2018.03.24-11.43.47:721][332]LogEditorViewport: Clicking on Actor (LMB): StaticMeshActor (Room3)
[2018.03.24-11.44.30:247][789]LogSlate: Took 0.000164 seconds to synchronously load lazily loaded font '../../../Engine/Content/Slate/Fonts/Roboto-Light.ttf' (159K)
[2018.03.24-11.44.30:654][789]LogSavePackage: Save=268.01ms
[2018.03.24-11.44.30:654][789]LogSavePackage: Moving 'D:/projects pc/uni/vaporwave/new_project/VRaporwave/VRaporwave/Saved/MotionControllerMapAE7E268649F3C31135E28180DFD6FB87.tmp' to 'D:/projects pc/uni/vaporwave/new_project/VRaporwave/VRaporwave/Content/VirtualRealityBP/Maps/MotionControllerMap.umap'
[2018.03.24-11.44.30:662][789]LogSavePackage: Display: Finished SavePackage D:/projects pc/uni/vaporwave/new_project/VRaporwave/VRaporwave/Content/VirtualRealityBP/Maps/MotionControllerMap.umap
[2018.03.24-11.44.30:697][789]LogFileHelpers: Saving map 'MotionControllerMap' took 0.437
[2018.03.24-11.44.31:699][831]LogSavePackage: Save=257.10ms
[2018.03.24-11.44.31:699][831]LogSavePackage: Moving 'D:/projects pc/uni/vaporwave/new_project/VRaporwave/VRaporwave/Saved/MotionControllerMap7302B9F04813115AFB5165B4CCE63721.tmp' to 'D:/projects pc/uni/vaporwave/new_project/VRaporwave/VRaporwave/Content/VirtualRealityBP/Maps/MotionControllerMap.umap'
[2018.03.24-11.44.31:706][831]LogSavePackage: Display: Finished SavePackage D:/projects pc/uni/vaporwave/new_project/VRaporwave/VRaporwave/Content/VirtualRealityBP/Maps/MotionControllerMap.umap
[2018.03.24-11.44.43:607][500]SourceControl: On branch master
[2018.03.24-11.44.43:608][500]SourceControl: Your branch is up-to-date with 'origin/master'.
[2018.03.24-11.44.43:608][500]SourceControl: Changes not staged for commit:
[2018.03.24-11.44.43:608][500]SourceControl:   (use "git add <file>..." to update what will be committed)
[2018.03.24-11.44.43:608][500]SourceControl:   (use "git checkout -- <file>..." to discard changes in working directory)
[2018.03.24-11.44.43:608][500]SourceControl: 	modified:   VRaporwave/Content/VirtualRealityBP/Maps/MotionControllerMap.umap
[2018.03.24-11.44.43:608][500]SourceControl: 	modified:   VRaporwave/Intermediate/CachedAssetRegistry.bin
[2018.03.24-11.44.43:608][500]SourceControl: 	modified:   VRaporwave/Saved/Config/Windows/Editor.ini
[2018.03.24-11.44.43:608][500]SourceControl: 	modified:   VRaporwave/Saved/Config/Windows/EditorPerProjectUserSettings.ini
[2018.03.24-11.44.43:608][500]SourceControl: 	modified:   VRaporwave/Saved/Config/WorldState/1379276767.json
[2018.03.24-11.44.43:608][500]SourceControl: Untracked files:
[2018.03.24-11.44.43:608][500]SourceControl:   (use "git add <file>..." to include in what will be committed)
[2018.03.24-11.44.43:608][500]SourceControl: 	VRaporwave/Saved/Backup/MotionControllerMap_2018-03-24-11-44-30.umap
[2018.03.24-11.44.43:608][500]SourceControl: 	VRaporwave/Saved/Config/CrashReportClient/UE4CC-Windows-A65F57694AE1305DD79073910DBDA86F/
[2018.03.24-11.44.43:608][500]SourceControl: 	VRaporwave/Saved/Logs/
[2018.03.24-11.44.43:608][500]SourceControl: no changes added to commit (use "git add" and/or "git commit -a")
[2018.03.24-11.44.49:226][836]SourceControl: fatal: C:/Program Files/Epic Games/UE_4.18/Engine/Content/: 'C:/Program Files/Epic Games/UE_4.18/Engine/Content/' is outside repository
[2018.03.24-11.44.49:945][836]EditorErrors: Warning: No assets to check in!
[2018.03.24-11.44.56:983][229]LogSavePackage: Save=264.29ms
[2018.03.24-11.44.56:984][229]LogSavePackage: Moving 'D:/projects pc/uni/vaporwave/new_project/VRaporwave/VRaporwave/Saved/MotionControllerMap40E5063D403DA21440F9BDB36EE64858.tmp' to 'D:/projects pc/uni/vaporwave/new_project/VRaporwave/VRaporwave/Content/VirtualRealityBP/Maps/MotionControllerMap.umap'
[2018.03.24-11.44.56:992][229]LogSavePackage: Display: Finished SavePackage D:/projects pc/uni/vaporwave/new_project/VRaporwave/VRaporwave/Content/VirtualRealityBP/Maps/MotionControllerMap.umap
[2018.03.24-11.44.59:299][364]SourceControl: fatal: C:/Program Files/Epic Games/UE_4.18/Engine/Content/: 'C:/Program Files/Epic Games/UE_4.18/Engine/Content/' is outside repository
[2018.03.24-11.45.34:844][364]LogSourceControl: FGitCheckInWorker: commit successful
[2018.03.24-11.45.34:966][364]SourceControl: [master e96d38a] just added one piece of furniture. test
[2018.03.24-11.45.34:966][364]SourceControl:  1 file changed, 0 insertions(+), 0 deletions(-)
[2018.03.24-11.45.34:975][364]SourceControl: Commited [master e96d38a] just added one piece of furniture. test.
[2018.03.24-11.47.46:567][811]LogEditorViewport: Clicking on Actor (LMB): StaticMeshActor (Cylinder2)
[2018.03.24-11.47.50:357][ 33]LogEditorViewport: Clicking on Actor (LMB): PointLight (PointLight)
[2018.03.24-11.47.55:727][349]LogEditorViewport: Clicking on Actor (LMB): StaticMeshActor (Cylinder3)
[2018.03.24-11.48.00:792][647]LogEditorViewport: Clicking on Actor (LMB): PointLight (PointLight2)
[2018.03.24-11.48.13:578][409]LogEditorViewport: Clicking on Actor (LMB): StaticMeshActor (aphrodite-2-edit2)
[2018.03.24-11.48.42:530][128]LogEditorViewport: Clicking on Actor (LMB): Mole_C (Mole)
[2018.03.24-11.48.45:706][314]LogEditorViewport: Clicking on Actor (LMB): Mole_C (Mole2)
[2018.03.24-11.48.47:541][421]LogEditorViewport: Clicking on Actor (LMB): Mole_C (Mole3)
[2018.03.24-11.48.49:764][551]LogEditorViewport: Clicking on Actor (LMB): StaticMeshActor (aphrodite-2-edit2)
[2018.03.24-11.48.57:087][984]LogEditorViewport: Clicking on Actor (LMB): Mole_C (Mole)
[2018.03.24-11.49.00:160][160]LogEditorViewport: Clicking on Actor (LMB): StaticMeshActor (aphrodite-2-edit2)
[2018.03.24-11.49.39:301][499]LogEditorViewport: Clicking on Actor (LMB): StaticMeshActor (Cube)
[2018.03.24-11.50.04:243][986]LogEditorViewport: Clicking on Actor (LMB): StaticMeshActor (Room3)
[2018.03.24-11.50.15:191][636]Cmd: TRANSACTION UNDO
[2018.03.24-11.50.15:191][636]LogEditorTransaction: Undo Move Actors
[2018.03.24-11.50.21:149][989]LogEditorViewport: Clicking on Actor (LMB): StaticMeshActor (Room3)
[2018.03.24-11.50.24:430][157]LogSavePackage: Save=271.15ms
[2018.03.24-11.50.24:430][157]LogSavePackage: Moving 'D:/projects pc/uni/vaporwave/new_project/VRaporwave/VRaporwave/Saved/MotionControllerMapEF154842425C5CDDE940CE9B309B1BCC.tmp' to 'D:/projects pc/uni/vaporwave/new_project/VRaporwave/VRaporwave/Content/VirtualRealityBP/Maps/MotionControllerMap.umap'
[2018.03.24-11.50.24:438][157]LogSavePackage: Display: Finished SavePackage D:/projects pc/uni/vaporwave/new_project/VRaporwave/VRaporwave/Content/VirtualRealityBP/Maps/MotionControllerMap.umap
[2018.03.24-11.50.47:702][549]LogEditorViewport: Clicking on Actor (LMB): SphereReflectionCapture (SphereReflectionCapture2)
[2018.03.24-11.52.52:818][234]LogEditorViewport: Clicking on Actor (LMB): BP_Sky_Sphere_C (SkySphereBlueprint)
[2018.03.24-11.52.57:168][380]LogSavePackage: Save=337.66ms
[2018.03.24-11.52.57:168][380]LogSavePackage: Moving 'D:/projects pc/uni/vaporwave/new_project/VRaporwave/VRaporwave/Saved/MotionControllerMap195EB5B843821C0501FCB2967E33420D.tmp' to 'D:/projects pc/uni/vaporwave/new_project/VRaporwave/VRaporwave/Content/VirtualRealityBP/Maps/MotionControllerMap.umap'
[2018.03.24-11.52.57:177][380]LogSavePackage: Display: Finished SavePackage D:/projects pc/uni/vaporwave/new_project/VRaporwave/VRaporwave/Content/VirtualRealityBP/Maps/MotionControllerMap.umap
[2018.03.24-11.52.57:212][380]LogFileHelpers: Saving map 'MotionControllerMap' took 0.489
[2018.03.24-11.52.58:141][404]LogSavePackage: Save=359.50ms
[2018.03.24-11.52.58:141][404]LogSavePackage: Moving 'D:/projects pc/uni/vaporwave/new_project/VRaporwave/VRaporwave/Saved/MotionControllerMapDCCCBE4B4C8E23F48C807E849CB8B58D.tmp' to 'D:/projects pc/uni/vaporwave/new_project/VRaporwave/VRaporwave/Content/VirtualRealityBP/Maps/MotionControllerMap.umap'
[2018.03.24-11.52.58:149][404]LogSavePackage: Display: Finished SavePackage D:/projects pc/uni/vaporwave/new_project/VRaporwave/VRaporwave/Content/VirtualRealityBP/Maps/MotionControllerMap.umap
[2018.03.24-11.53.48:023][249]LogFactory: FactoryCreateFile: StaticMesh with FbxFactory (0 0 D:/projects pc/sketchfab_downloads/source/Garage.fbx)
[2018.03.24-11.53.48:047][249]LogFbx: ItemName: GlobalSettings, ItemCount : 1
[2018.03.24-11.53.48:047][249]LogFbx: ItemName: AnimationStack, ItemCount : 1
[2018.03.24-11.53.48:047][249]LogFbx: ItemName: AnimationLayer, ItemCount : 1
[2018.03.24-11.53.48:047][249]LogFbx: ItemName: Model, ItemCount : 1
[2018.03.24-11.53.48:047][249]LogFbx: ItemName: Geometry, ItemCount : 1
[2018.03.24-11.53.48:047][249]LogFbx: ItemName: Material, ItemCount : 1
[2018.03.24-11.53.48:047][249]LogFbx: ItemName: Texture, ItemCount : 1
[2018.03.24-11.53.48:047][249]LogFbx: ItemName: Video, ItemCount : 1
[2018.03.24-11.53.48:056][249]LogFbx: Loading FBX Scene from D:/projects pc/sketchfab_downloads/source/Garage.fbx
[2018.03.24-11.53.48:076][249]LogFbx: FBX Scene Loaded Succesfully
[2018.03.24-11.53.49:379][249]LogFbx: Loading FBX Scene from D:/projects pc/sketchfab_downloads/source/Garage.fbx
[2018.03.24-11.53.49:393][249]LogFbx: FBX Scene Loaded Succesfully
[2018.03.24-11.53.49:396][249]LogStaticMesh: Building static mesh Garage...
[2018.03.24-11.53.49:408][249]LogStaticMesh: Built static mesh [0.01s] /Game/internet_import/Garage.Garage
[2018.03.24-11.53.49:426][249]FBXImport: Warning: No smoothing group information was found in this FBX scene.  Please make sure to enable the 'Export Smoothing Groups' option in the FBX Exporter plug-in before exporting the file.  Even for tools that don't support smoothing groups, the FBX Exporter will generate appropriate smoothing data at export-time so that correct vertex normals can be inferred while importing. 
[2018.03.24-11.53.51:441][249]LogFactory: FactoryCreateFile: StaticMesh with FbxFactory (0 0 D:/projects pc/sketchfab_downloads/source/Three-storey house.fbx)
[2018.03.24-11.53.51:447][249]LogEditorFactories: Performing atomic reimport of [D:/projects pc/sketchfab_downloads/source/Three-storey house.fbx]
[2018.03.24-11.53.51:461][249]LogFbx: Loading FBX Scene from D:/projects pc/sketchfab_downloads/source/Three-storey house.fbx
[2018.03.24-11.53.51:475][249]LogFbx: FBX Scene Loaded Succesfully
[2018.03.24-11.53.51:477][249]LogStaticMesh: Building static mesh Three-storey_house...
[2018.03.24-11.53.51:488][249]LogStaticMesh: Built static mesh [0.01s] /Game/internet_import/Three-storey_house.Three-storey_house
[2018.03.24-11.53.51:494][249]LogEditorFactories: -- imported successfully
[2018.03.24-11.53.51:499][249]FBXImport: Warning: No smoothing group information was found in this FBX scene.  Please make sure to enable the 'Export Smoothing Groups' option in the FBX Exporter plug-in before exporting the file.  Even for tools that don't support smoothing groups, the FBX Exporter will generate appropriate smoothing data at export-time so that correct vertex normals can be inferred while importing. 
[2018.03.24-11.56.23:233][113]LogFactory: FactoryCreateFile: Texture with ReimportTextureFactory (0 0 D:/projects pc/uni/vaporwave/gradientSki06.jpg)
[2018.03.24-11.56.23:417][113]LogTexture: Display: Building textures: gradientSki06 (AutoDXT, 4000X4000)
[2018.03.24-11.56.24:920][113]LogFactory: FactoryCreateFile: Texture with ReimportTextureFactory (0 0 D:/projects pc/uni/vaporwave/palmtreeSolouette.png)
[2018.03.24-11.56.25:556][113]LogTexture: Display: Building textures: palmtreeSolouette (AutoDXT, 4000X4000)
[2018.03.24-11.56.36:580][113]LogFactory: FactoryCreateFile: Texture with ReimportTextureFactory (0 0 D:/projects pc/uni/vaporwave/sun-2.png)
[2018.03.24-11.56.37:078][113]LogTexture: Display: Building textures: sun-2 (AutoDXT, 4000X4000)
[2018.03.24-11.56.54:401][723]Cmd: OBJ SAVEPACKAGE PACKAGE="/Game/Assets/fromPablo/gradientSki06" FILE="D:/projects pc/uni/vaporwave/new_project/VRaporwave/VRaporwave/Content/Assets/fromPablo/gradientSki06.uasset" SILENT=true
[2018.03.24-11.56.55:041][723]LogSavePackage: Save=636.65ms
[2018.03.24-11.56.55:041][723]LogSavePackage: Moving 'D:/projects pc/uni/vaporwave/new_project/VRaporwave/VRaporwave/Saved/gradientSki0668E46F7C4442A73BEC616BB244C464C7.tmp' to 'D:/projects pc/uni/vaporwave/new_project/VRaporwave/VRaporwave/Content/Assets/fromPablo/gradientSki06.uasset'
[2018.03.24-11.56.55:049][723]LogSavePackage: Display: Finished SavePackage D:/projects pc/uni/vaporwave/new_project/VRaporwave/VRaporwave/Content/Assets/fromPablo/gradientSki06.uasset
[2018.03.24-11.56.55:459][723]Cmd: OBJ SAVEPACKAGE PACKAGE="/Game/Assets/fromPablo/palmtreeSolouette" FILE="D:/projects pc/uni/vaporwave/new_project/VRaporwave/VRaporwave/Content/Assets/fromPablo/palmtreeSolouette.uasset" SILENT=true
[2018.03.24-11.56.56:400][723]LogSavePackage: Save=937.37ms
[2018.03.24-11.56.56:400][723]LogSavePackage: Moving 'D:/projects pc/uni/vaporwave/new_project/VRaporwave/VRaporwave/Saved/palmtreeSolouetteFD07B4F64FCA3C85E2E333A2D9E01BFC.tmp' to 'D:/projects pc/uni/vaporwave/new_project/VRaporwave/VRaporwave/Content/Assets/fromPablo/palmtreeSolouette.uasset'
[2018.03.24-11.56.56:407][723]LogSavePackage: Display: Finished SavePackage D:/projects pc/uni/vaporwave/new_project/VRaporwave/VRaporwave/Content/Assets/fromPablo/palmtreeSolouette.uasset
[2018.03.24-11.56.57:087][723]Cmd: OBJ SAVEPACKAGE PACKAGE="/Game/Assets/fromPablo/sun-2" FILE="D:/projects pc/uni/vaporwave/new_project/VRaporwave/VRaporwave/Content/Assets/fromPablo/sun-2.uasset" SILENT=true
[2018.03.24-11.56.57:930][723]LogSavePackage: Save=839.41ms
[2018.03.24-11.56.57:930][723]LogSavePackage: Moving 'D:/projects pc/uni/vaporwave/new_project/VRaporwave/VRaporwave/Saved/sun-2AF329BE9434F7974DC590AB9349F8FF9.tmp' to 'D:/projects pc/uni/vaporwave/new_project/VRaporwave/VRaporwave/Content/Assets/fromPablo/sun-2.uasset'
[2018.03.24-11.56.57:939][723]LogSavePackage: Display: Finished SavePackage D:/projects pc/uni/vaporwave/new_project/VRaporwave/VRaporwave/Content/Assets/fromPablo/sun-2.uasset
[2018.03.24-11.56.58:439][723]Cmd: OBJ SAVEPACKAGE PACKAGE="/Game/internet_import/Garage" FILE="D:/projects pc/uni/vaporwave/new_project/VRaporwave/VRaporwave/Content/internet_import/Garage.uasset" SILENT=true
[2018.03.24-11.56.58:459][723]LogSavePackage: Save=16.83ms
[2018.03.24-11.56.58:459][723]LogSavePackage: Moving 'D:/projects pc/uni/vaporwave/new_project/VRaporwave/VRaporwave/Saved/Garage2EA8391B4A2DD544C107BF8E96105BB8.tmp' to 'D:/projects pc/uni/vaporwave/new_project/VRaporwave/VRaporwave/Content/internet_import/Garage.uasset'
[2018.03.24-11.56.58:466][723]LogSavePackage: Display: Finished SavePackage D:/projects pc/uni/vaporwave/new_project/VRaporwave/VRaporwave/Content/internet_import/Garage.uasset
[2018.03.24-11.56.58:889][723]Cmd: OBJ SAVEPACKAGE PACKAGE="/Game/internet_import/Three-storey_house" FILE="D:/projects pc/uni/vaporwave/new_project/VRaporwave/VRaporwave/Content/internet_import/Three-storey_house.uasset" SILENT=true
[2018.03.24-11.56.58:921][723]LogSavePackage: Save=17.94ms
[2018.03.24-11.56.58:921][723]LogSavePackage: Moving 'D:/projects pc/uni/vaporwave/new_project/VRaporwave/VRaporwave/Saved/Three-storey_houseE885E78948FF6332974A75B62A59297B.tmp' to 'D:/projects pc/uni/vaporwave/new_project/VRaporwave/VRaporwave/Content/internet_import/Three-storey_house.uasset'
[2018.03.24-11.56.58:929][723]LogSavePackage: Display: Finished SavePackage D:/projects pc/uni/vaporwave/new_project/VRaporwave/VRaporwave/Content/internet_import/Three-storey_house.uasset
[2018.03.24-11.57.00:049][787]LogSavePackage: Save=350.61ms
[2018.03.24-11.57.00:049][787]LogSavePackage: Moving 'D:/projects pc/uni/vaporwave/new_project/VRaporwave/VRaporwave/Saved/MotionControllerMapCF8D2E25423452199005C89206A58909.tmp' to 'D:/projects pc/uni/vaporwave/new_project/VRaporwave/VRaporwave/Content/VirtualRealityBP/Maps/MotionControllerMap.umap'
[2018.03.24-11.57.00:055][787]LogSavePackage: Display: Finished SavePackage D:/projects pc/uni/vaporwave/new_project/VRaporwave/VRaporwave/Content/VirtualRealityBP/Maps/MotionControllerMap.umap
[2018.03.24-11.57.04:136][225]SourceControl: fatal: C:/Program Files/Epic Games/UE_4.18/Engine/Content/: 'C:/Program Files/Epic Games/UE_4.18/Engine/Content/' is outside repository
[2018.03.24-11.57.17:185][225]LogSourceControl: FGitCheckInWorker: commit successful
[2018.03.24-11.57.17:540][225]SourceControl: [master e565555] sun sky palm tree textures
[2018.03.24-11.57.17:540][225]SourceControl:  6 files changed, 0 insertions(+), 0 deletions(-)
[2018.03.24-11.57.17:540][225]SourceControl:  create mode 100644 VRaporwave/Content/Assets/fromPablo/gradientSki06.uasset
[2018.03.24-11.57.17:540][225]SourceControl:  create mode 100644 VRaporwave/Content/Assets/fromPablo/palmtreeSolouette.uasset
[2018.03.24-11.57.17:540][225]SourceControl:  create mode 100644 VRaporwave/Content/Assets/fromPablo/sun-2.uasset
[2018.03.24-11.57.17:540][225]SourceControl:  create mode 100644 VRaporwave/Content/internet_import/Garage.uasset
[2018.03.24-11.57.17:548][225]SourceControl: Commited [master e565555] sun sky palm tree textures.
