Log file open, 04/19/18 15:28:43
LogWindows: Failed to load 'aqProf.dll' (GetLastError=126)
LogWindows: File 'aqProf.dll' does not exist
LogWindows: Failed to load 'VSPerf140.dll' (GetLastError=126)
LogWindows: File 'VSPerf140.dll' does not exist
LogWindows: Failed to load 'VtuneApi.dll' (GetLastError=126)
LogWindows: File 'VtuneApi.dll' does not exist
LogWindows: Failed to load 'VtuneApi32e.dll' (GetLastError=126)
LogWindows: File 'VtuneApi32e.dll' does not exist
LogInit: Display: Running engine for game: VRaporwave
LogPlatformFile: Not using cached read wrapper
LogInit: Display: RandInit(-1061093409) SRandInit(-1061093409).
LogInit: Read version file with build ID '3709383'
LogInit: Overriding engine version to CL 3794801, compatible CL 3709383
LogInit: Registered custom module enumerator with build ID '3709383'
LogTaskGraph: Started task graph with 5 named threads and 14 total threads with 3 sets of task threads.
LogStats: Stats thread started at 0.168827
LogD3D11RHI: Aftermath initialized
LogModuleManager: Display: Found up-to-date module file ../../../Engine/Plugins/2D/Paper2D/Binaries/Win64/UE4Editor-Paper2D.dll (API version 3709383).
LogModuleManager: Display: Found up-to-date module file ../../../Engine/Plugins/2D/Paper2D/Binaries/Win64/UE4Editor-Paper2DEditor.dll (API version 3709383).
LogModuleManager: Display: Found up-to-date module file ../../../Engine/Plugins/2D/Paper2D/Binaries/Win64/UE4Editor-PaperSpriteSheetImporter.dll (API version 3709383).
LogModuleManager: Display: Found up-to-date module file ../../../Engine/Plugins/2D/Paper2D/Binaries/Win64/UE4Editor-PaperTiledImporter.dll (API version 3709383).
LogModuleManager: Display: Found up-to-date module file ../../../Engine/Plugins/2D/Paper2D/Binaries/Win64/UE4Editor-SmartSnapping.dll (API version 3709383).
LogModuleManager: Display: Found up-to-date module file ../../../Engine/Plugins/Blendables/LightPropagationVolume/Binaries/Win64/UE4Editor-LightPropagationVolumeRuntime.dll (API version 3709383).
LogModuleManager: Display: Found up-to-date module file ../../../Engine/Plugins/Blendables/LightPropagationVolume/Binaries/Win64/UE4Editor-LightPropagationVolumeEditor.dll (API version 3709383).
LogModuleManager: Display: Found up-to-date module file ../../../Engine/Plugins/Developer/GitSourceControl/Binaries/Win64/UE4Editor-GitSourceControl.dll (API version 3709383).
LogModuleManager: Display: Found up-to-date module file ../../../Engine/Plugins/Developer/PerforceSourceControl/Binaries/Win64/UE4Editor-PerforceSourceControl.dll (API version 3709383).
LogModuleManager: Display: Found up-to-date module file ../../../Engine/Plugins/Developer/SubversionSourceControl/Binaries/Win64/UE4Editor-SubversionSourceControl.dll (API version 3709383).
LogModuleManager: Display: Found up-to-date module file ../../../Engine/Plugins/Developer/UObjectPlugin/Binaries/Win64/UE4Editor-UObjectPlugin.dll (API version 3709383).
LogModuleManager: Display: Found up-to-date module file ../../../Engine/Plugins/Developer/VisualStudioCodeSourceCodeAccess/Binaries/Win64/UE4Editor-VisualStudioCodeSourceCodeAccess.dll (API version 3709383).
LogModuleManager: Display: Found up-to-date module file ../../../Engine/Plugins/Developer/VisualStudioSourceCodeAccess/Binaries/Win64/UE4Editor-VisualStudioSourceCodeAccess.dll (API version 3709383).
LogModuleManager: Display: Found up-to-date module file ../../../Engine/Plugins/Editor/AssetManagerEditor/Binaries/Win64/UE4Editor-AssetManagerEditor.dll (API version 3709383).
LogModuleManager: Display: Found up-to-date module file ../../../Engine/Plugins/Editor/AudioCapture/Binaries/Win64/UE4Editor-AudioCapture.dll (API version 3709383).
LogModuleManager: Display: Found up-to-date module file ../../../Engine/Plugins/Editor/FacialAnimation/Binaries/Win64/UE4Editor-FacialAnimation.dll (API version 3709383).
LogModuleManager: Display: Found up-to-date module file ../../../Engine/Plugins/Editor/FacialAnimation/Binaries/Win64/UE4Editor-FacialAnimationEditor.dll (API version 3709383).
LogModuleManager: Display: Found up-to-date module file ../../../Engine/Plugins/Editor/GameplayTagsEditor/Binaries/Win64/UE4Editor-GameplayTagsEditor.dll (API version 3709383).
LogModuleManager: Display: Found up-to-date module file ../../../Engine/Plugins/Editor/MobileLauncherProfileWizard/Binaries/Win64/UE4Editor-MobileLauncherProfileWizard.dll (API version 3709383).
LogModuleManager: Display: Found up-to-date module file ../../../Engine/Plugins/Editor/PluginBrowser/Binaries/Win64/UE4Editor-PluginBrowser.dll (API version 3709383).
LogModuleManager: Display: Found up-to-date module file ../../../Engine/Plugins/Editor/SpeedTreeImporter/Binaries/Win64/UE4Editor-SpeedTreeImporter.dll (API version 3709383).
LogModuleManager: Display: Found up-to-date module file ../../../Engine/Plugins/Experimental/AlembicImporter/Binaries/Win64/UE4Editor-AlembicImporter.dll (API version 3709383).
LogModuleManager: Display: Found up-to-date module file ../../../Engine/Plugins/Experimental/AlembicImporter/Binaries/Win64/UE4Editor-AlembicLibrary.dll (API version 3709383).
LogModuleManager: Display: Found up-to-date module file ../../../Engine/Plugins/Experimental/CharacterAI/Binaries/Win64/UE4Editor-CharacterAI.dll (API version 3709383).
LogModuleManager: Display: Found up-to-date module file ../../../Engine/Plugins/Experimental/HTML5Networking/Binaries/Win64/UE4Editor-HTML5Networking.dll (API version 3709383).
LogModuleManager: Display: Found up-to-date module file ../../../Engine/Plugins/Media/AndroidMedia/Binaries/Win64/UE4Editor-AndroidMediaEditor.dll (API version 3709383).
LogModuleManager: Display: Found up-to-date module file ../../../Engine/Plugins/Media/AndroidMedia/Binaries/Win64/UE4Editor-AndroidMediaFactory.dll (API version 3709383).
LogModuleManager: Display: Found up-to-date module file ../../../Engine/Plugins/Media/AvfMedia/Binaries/Win64/UE4Editor-AvfMediaEditor.dll (API version 3709383).
LogModuleManager: Display: Found up-to-date module file ../../../Engine/Plugins/Media/AvfMedia/Binaries/Win64/UE4Editor-AvfMediaFactory.dll (API version 3709383).
LogModuleManager: Display: Found up-to-date module file ../../../Engine/Plugins/Media/AvfMedia/Binaries/Win64/UE4Editor-AvfMediaFactory.dll (API version 3709383).
LogModuleManager: Display: Found up-to-date module file ../../../Engine/Plugins/Media/ImgMedia/Binaries/Win64/UE4Editor-ImgMedia.dll (API version 3709383).
LogModuleManager: Display: Found up-to-date module file ../../../Engine/Plugins/Media/ImgMedia/Binaries/Win64/UE4Editor-ImgMediaEditor.dll (API version 3709383).
LogModuleManager: Display: Found up-to-date module file ../../../Engine/Plugins/Media/ImgMedia/Binaries/Win64/UE4Editor-ImgMediaFactory.dll (API version 3709383).
LogModuleManager: Display: Found up-to-date module file ../../../Engine/Plugins/Media/ImgMedia/Binaries/Win64/UE4Editor-ImgMediaFactory.dll (API version 3709383).
LogModuleManager: Display: Found up-to-date module file ../../../Engine/Plugins/Media/ImgMedia/Binaries/Win64/UE4Editor-OpenExrWrapper.dll (API version 3709383).
LogModuleManager: Display: Found up-to-date module file ../../../Engine/Plugins/Media/MediaCompositing/Binaries/Win64/UE4Editor-MediaCompositing.dll (API version 3709383).
LogModuleManager: Display: Found up-to-date module file ../../../Engine/Plugins/Media/MediaCompositing/Binaries/Win64/UE4Editor-MediaCompositingEditor.dll (API version 3709383).
LogModuleManager: Display: Found up-to-date module file ../../../Engine/Plugins/Media/MediaPlayerEditor/Binaries/Win64/UE4Editor-MediaPlayerEditor.dll (API version 3709383).
LogModuleManager: Display: Found up-to-date module file ../../../Engine/Plugins/Media/WmfMedia/Binaries/Win64/UE4Editor-WmfMedia.dll (API version 3709383).
LogModuleManager: Display: Found up-to-date module file ../../../Engine/Plugins/Media/WmfMedia/Binaries/Win64/UE4Editor-WmfMediaEditor.dll (API version 3709383).
LogModuleManager: Display: Found up-to-date module file ../../../Engine/Plugins/Media/WmfMedia/Binaries/Win64/UE4Editor-WmfMediaFactory.dll (API version 3709383).
LogModuleManager: Display: Found up-to-date module file ../../../Engine/Plugins/Media/WmfMedia/Binaries/Win64/UE4Editor-WmfMediaFactory.dll (API version 3709383).
LogModuleManager: Display: Found up-to-date module file ../../../Engine/Plugins/Messaging/TcpMessaging/Binaries/Win64/UE4Editor-TcpMessaging.dll (API version 3709383).
LogModuleManager: Display: Found up-to-date module file ../../../Engine/Plugins/Messaging/UdpMessaging/Binaries/Win64/UE4Editor-UdpMessaging.dll (API version 3709383).
LogModuleManager: Display: Found up-to-date module file ../../../Engine/Plugins/MovieScene/ActorSequence/Binaries/Win64/UE4Editor-ActorSequence.dll (API version 3709383).
LogModuleManager: Display: Found up-to-date module file ../../../Engine/Plugins/MovieScene/LevelSequenceEditor/Binaries/Win64/UE4Editor-LevelSequenceEditor.dll (API version 3709383).
LogModuleManager: Display: Found up-to-date module file ../../../Engine/Plugins/MovieScene/MatineeToLevelSequence/Binaries/Win64/UE4Editor-MatineeToLevelSequence.dll (API version 3709383).
LogModuleManager: Display: Found up-to-date module file ../../../Engine/Plugins/Online/OnlineSubsystem/Binaries/Win64/UE4Editor-OnlineSubsystem.dll (API version 3709383).
LogModuleManager: Display: Found up-to-date module file ../../../Engine/Plugins/Runtime/AndroidPermission/Binaries/Win64/UE4Editor-AndroidPermission.dll (API version 3709383).
LogModuleManager: Display: Found up-to-date module file ../../../Engine/Plugins/Online/OnlineSubsystemNull/Binaries/Win64/UE4Editor-OnlineSubsystemNull.dll (API version 3709383).
LogModuleManager: Display: Found up-to-date module file ../../../Engine/Plugins/Online/OnlineSubsystemUtils/Binaries/Win64/UE4Editor-OnlineSubsystemUtils.dll (API version 3709383).
LogModuleManager: Display: Found up-to-date module file ../../../Engine/Plugins/Online/OnlineSubsystemUtils/Binaries/Win64/UE4Editor-OnlineBlueprintSupport.dll (API version 3709383).
LogModuleManager: Display: Found up-to-date module file ../../../Engine/Plugins/Runtime/AndroidDeviceProfileSelector/Binaries/Win64/UE4Editor-AndroidDeviceProfileSelector.dll (API version 3709383).
LogModuleManager: Display: Found up-to-date module file ../../../Engine/Plugins/Runtime/AppleARKit/Binaries/Win64/UE4Editor-AppleARKit.dll (API version 3709383).
LogModuleManager: Display: Found up-to-date module file ../../../Engine/Plugins/Runtime/ArchVisCharacter/Binaries/Win64/UE4Editor-ArchVisCharacter.dll (API version 3709383).
LogModuleManager: Display: Found up-to-date module file ../../../Engine/Plugins/Runtime/CableComponent/Binaries/Win64/UE4Editor-CableComponent.dll (API version 3709383).
LogModuleManager: Display: Found up-to-date module file ../../../Engine/Plugins/Runtime/CustomMeshComponent/Binaries/Win64/UE4Editor-CustomMeshComponent.dll (API version 3709383).
LogModuleManager: Display: Found up-to-date module file ../../../Engine/Plugins/Runtime/ExampleDeviceProfileSelector/Binaries/Win64/UE4Editor-ExampleDeviceProfileSelector.dll (API version 3709383).
LogModuleManager: Display: Found up-to-date module file ../../../Engine/Plugins/Runtime/ImmediatePhysics/Binaries/Win64/UE4Editor-ImmediatePhysics.dll (API version 3709383).
LogModuleManager: Display: Found up-to-date module file ../../../Engine/Plugins/Runtime/ImmediatePhysics/Binaries/Win64/UE4Editor-ImmediatePhysicsEditor.dll (API version 3709383).
LogModuleManager: Display: Found up-to-date module file ../../../Engine/Plugins/Runtime/LocationServicesBPLibrary/Binaries/Win64/UE4Editor-LocationServicesBPLibrary.dll (API version 3709383).
LogModuleManager: Display: Found up-to-date module file ../../../Engine/Plugins/Runtime/MobilePatchingUtils/Binaries/Win64/UE4Editor-MobilePatchingUtils.dll (API version 3709383).
LogModuleManager: Display: Found up-to-date module file ../../../Engine/Plugins/Runtime/Oculus/OculusVR/Binaries/Win64/UE4Editor-OculusHMD.dll (API version 3709383).
LogModuleManager: Display: Found up-to-date module file ../../../Engine/Plugins/Runtime/Oculus/OculusVR/Binaries/Win64/UE4Editor-OculusInput.dll (API version 3709383).
LogModuleManager: Display: Found up-to-date module file ../../../Engine/Plugins/Runtime/Oculus/OculusVR/Binaries/Win64/UE4Editor-OculusEditor.dll (API version 3709383).
LogModuleManager: Display: Found up-to-date module file ../../../Engine/Plugins/Runtime/PhysXVehicles/Binaries/Win64/UE4Editor-PhysXVehicles.dll (API version 3709383).
LogModuleManager: Display: Found up-to-date module file ../../../Engine/Plugins/Runtime/PhysXVehicles/Binaries/Win64/UE4Editor-PhysXVehiclesEditor.dll (API version 3709383).
LogModuleManager: Display: Found up-to-date module file ../../../Engine/Plugins/Runtime/ProceduralMeshComponent/Binaries/Win64/UE4Editor-ProceduralMeshComponent.dll (API version 3709383).
LogModuleManager: Display: Found up-to-date module file ../../../Engine/Plugins/Runtime/ProceduralMeshComponent/Binaries/Win64/UE4Editor-ProceduralMeshComponentEditor.dll (API version 3709383).
LogModuleManager: Display: Found up-to-date module file ../../../Engine/Plugins/Runtime/RuntimePhysXCooking/Binaries/Win64/UE4Editor-RuntimePhysXCooking.dll (API version 3709383).
LogModuleManager: Display: Found up-to-date module file ../../../Engine/Plugins/Runtime/Steam/SteamVR/Binaries/Win64/UE4Editor-SteamVR.dll (API version 3709383).
LogModuleManager: Display: Found up-to-date module file ../../../Engine/Plugins/Runtime/Steam/SteamVR/Binaries/Win64/UE4Editor-SteamVRController.dll (API version 3709383).
LogModuleManager: Display: Found up-to-date module file ../../../Engine/Plugins/Runtime/WindowsMoviePlayer/Binaries/Win64/UE4Editor-WindowsMoviePlayer.dll (API version 3709383).
LogPluginManager: Mounting plugin Paper2D
LogPluginManager: Mounting plugin LightPropagationVolume
LogPluginManager: Mounting plugin CodeLiteSourceCodeAccess
LogPluginManager: Mounting plugin GitSourceControl
LogPluginManager: Mounting plugin KDevelopSourceCodeAccess
LogPluginManager: Mounting plugin NullSourceCodeAccess
LogPluginManager: Mounting plugin PerforceSourceControl
LogPluginManager: Mounting plugin SubversionSourceControl
LogPluginManager: Mounting plugin UObjectPlugin
LogPluginManager: Mounting plugin VisualStudioCodeSourceCodeAccess
LogPluginManager: Mounting plugin VisualStudioSourceCodeAccess
LogPluginManager: Mounting plugin XCodeSourceCodeAccess
LogPluginManager: Mounting plugin AssetManagerEditor
LogPluginManager: Mounting plugin AudioCapture
LogPluginManager: Mounting plugin FacialAnimation
LogPluginManager: Mounting plugin GameplayTagsEditor
LogPluginManager: Mounting plugin MobileLauncherProfileWizard
LogPluginManager: Mounting plugin PluginBrowser
LogPluginManager: Mounting plugin SpeedTreeImporter
LogPluginManager: Mounting plugin AlembicImporter
LogPluginManager: Mounting plugin CharacterAI
LogPluginManager: Mounting plugin HTML5Networking
LogPluginManager: Mounting plugin AndroidMedia
LogPluginManager: Mounting plugin AvfMedia
LogPluginManager: Mounting plugin ImgMedia
LogPluginManager: Mounting plugin MediaCompositing
LogPluginManager: Mounting plugin MediaPlayerEditor
LogPluginManager: Mounting plugin WmfMedia
LogPluginManager: Mounting plugin TcpMessaging
LogPluginManager: Mounting plugin UdpMessaging
LogPluginManager: Mounting plugin ActorSequence
LogPluginManager: Mounting plugin LevelSequenceEditor
LogPluginManager: Mounting plugin MatineeToLevelSequence
LogPluginManager: Mounting plugin OnlineSubsystemGooglePlay
LogPluginManager: Mounting plugin OnlineSubsystemIOS
LogPluginManager: Mounting plugin OnlineSubsystem
LogPluginManager: Mounting plugin OnlineSubsystemNull
LogPluginManager: Mounting plugin OnlineSubsystemUtils
LogPluginManager: Mounting plugin AndroidDeviceProfileSelector
LogPluginManager: Mounting plugin AndroidMoviePlayer
LogPluginManager: Mounting plugin AndroidPermission
LogPluginManager: Mounting plugin AppleARKit
LogPluginManager: Mounting plugin AppleMoviePlayer
LogPluginManager: Mounting plugin ArchVisCharacter
LogPluginManager: Mounting plugin CableComponent
LogPluginManager: Mounting plugin CustomMeshComponent
LogPluginManager: Mounting plugin ExampleDeviceProfileSelector
LogPluginManager: Mounting plugin GoogleCloudMessaging
LogPluginManager: Mounting plugin ImmediatePhysics
LogPluginManager: Mounting plugin IOSDeviceProfileSelector
LogPluginManager: Mounting plugin LinuxDeviceProfileSelector
LogPluginManager: Mounting plugin LocationServicesBPLibrary
LogPluginManager: Mounting plugin MobilePatchingUtils
LogPluginManager: Mounting plugin OculusVR
LogPluginManager: Plugin shader directory ../../../Engine/Plugins/Runtime/Oculus/OculusVR/Shaders found
LogPluginManager: Mapping shader source directory ../../../Engine/Plugins/Runtime/Oculus/OculusVR/Shaders to virtual directory /Plugin/OculusVR
LogPluginManager: Mounting plugin PhysXVehicles
LogPluginManager: Mounting plugin ProceduralMeshComponent
LogPluginManager: Mounting plugin RuntimePhysXCooking
LogPluginManager: Mounting plugin SteamVR
LogPluginManager: Mounting plugin WindowsMoviePlayer
LogInit: Using libcurl 7.47.1
LogInit:  - built for x86_64-pc-win32
LogInit:  - supports SSL with OpenSSL/1.0.2g
LogInit:  - supports HTTP deflate (compression) using libz 1.2.8
LogInit:  - other features:
LogInit:      CURL_VERSION_SSL
LogInit:      CURL_VERSION_LIBZ
LogInit:      CURL_VERSION_IPV6
LogInit:      CURL_VERSION_ASYNCHDNS
LogInit:      CURL_VERSION_LARGEFILE
LogInit:      CURL_VERSION_IDN
LogInit:  CurlRequestOptions (configurable via config and command line):
LogInit:  - bVerifyPeer = false  - Libcurl will NOT verify peer certificate
LogInit:  - bUseHttpProxy = false  - Libcurl will NOT use HTTP proxy
LogInit:  - bDontReuseConnections = false  - Libcurl will reuse connections
LogInit:  - CertBundlePath = nullptr  - Libcurl will use whatever was configured at build time.
LogHMD: Failed initializing OVRPlugin 1.19.0
LogInit: Build: ++UE4+Release-4.18-CL-3794801
LogInit: Engine Version: 4.18.2-3794801+++UE4+Release-4.18
LogInit: Compatible Engine Version: 4.18.0-3709383+++UE4+Release-4.18
LogInit: Net CL: 3709383
LogDevObjectVersion: Number of dev versions registered: 16
LogDevObjectVersion:   Dev-Blueprints (B0D832E4-1F89-4F0D-ACCF-7EB736FD4AA2): 10
LogDevObjectVersion:   Dev-Build (E1C64328-A22C-4D53-A36C-8E866417BD8C): 0
LogDevObjectVersion:   Dev-Core (375EC13C-06E4-48FB-B500-84F0262A717E): 2
LogDevObjectVersion:   Dev-Editor (E4B068ED-F494-42E9-A231-DA0B2E46BB41): 20
LogDevObjectVersion:   Dev-Framework (CFFC743F-43B0-4480-9391-14DF171D2073): 30
LogDevObjectVersion:   Dev-Mobile (B02B49B5-BB20-44E9-A304-32B752E40360): 0
LogDevObjectVersion:   Dev-Networking (A4E4105C-59A1-49B5-A7C5-40C4547EDFEE): 0
LogDevObjectVersion:   Dev-Online (39C831C9-5AE6-47DC-9A44-9C173E1C8E7C): 0
LogDevObjectVersion:   Dev-Physics (78F01B33-EBEA-4F98-B9B4-84EACCB95AA2): 0
LogDevObjectVersion:   Dev-Platform (6631380F-2D4D-43E0-8009-CF276956A95A): 0
LogDevObjectVersion:   Dev-Rendering (12F88B9F-8875-4AFC-A67C-D90C383ABD29): 20
LogDevObjectVersion:   Dev-Sequencer (7B5AE74C-D270-4C10-A958-57980B212A5A): 4
LogDevObjectVersion:   Dev-VR (D7296918-1DD6-4BDD-9DE2-64A83CC13884): 0
LogDevObjectVersion:   Dev-LoadTimes (C2A15278-BFE7-4AFE-6C17-90FF531DF755): 1
LogDevObjectVersion:   Private-Geometry (6EACA3D4-40EC-4CC1-B786-8BED09428FC5): 1
LogDevObjectVersion:   Dev-AnimPhys (29E575DD-E0A3-4627-9D10-D276232CDCEA): 12
LogInit: Compiled (64-bit): Dec  8 2017 02:04:53
LogInit: Compiled with Visual C++: 19.00.24215.01
LogInit: Build Configuration: Development
LogInit: Branch Name: ++UE4+Release-4.18
LogInit: Command line:  
LogInit: Base directory: D:/Program files (x86)/Epic Games/UE_4.18/Engine/Binaries/Win64/
LogInit: Installed Engine Build: 1
LogInit: Presizing for max 8388607 objects, including 0 objects not considered by GC, pre-allocating 0 bytes for permanent pool.
LogInit: Object subsystem initialized
[2018.04.19-15.28.45:144][  0]LogInit: Selected Device Profile: [Windows]
[2018.04.19-15.28.45:144][  0]LogInit: Applying CVar settings loaded from the selected device profile: [Windows]
[2018.04.19-15.28.45:169][  0]LogInit: Computer: MSI
[2018.04.19-15.28.45:169][  0]LogInit: User: PaopuKid
[2018.04.19-15.28.45:169][  0]LogInit: CPU Page size=4096, Cores=4
[2018.04.19-15.28.45:169][  0]LogInit: High frequency timer resolution =2.742186 MHz
[2018.04.19-15.28.45:169][  0]LogMemory: Memory total: Physical=7.9GB (8GB approx)
[2018.04.19-15.28.45:169][  0]LogMemory: Platform Memory Stats for Windows
[2018.04.19-15.28.45:169][  0]LogMemory: Process Physical Memory: 279.71 MB used, 279.71 MB peak
[2018.04.19-15.28.45:169][  0]LogMemory: Process Virtual Memory: 276.29 MB used, 276.29 MB peak
[2018.04.19-15.28.45:169][  0]LogMemory: Physical Memory: 4312.46 MB used,  3764.70 MB free, 8077.16 MB total
[2018.04.19-15.28.45:169][  0]LogMemory: Virtual Memory: 730.83 MB used,  3764.70 MB free, 134217728.00 MB total
[2018.04.19-15.28.45:583][  0]LogInit: Overriding language with editor language configuration option (en).
[2018.04.19-15.28.45:583][  0]LogInit: Overriding locale with editor locale configuration option (en).
[2018.04.19-15.28.46:035][  0]LogInit: Setting process to per monitor DPI aware
[2018.04.19-15.28.46:296][  0]LogD3D11RHI: D3D11 adapters:
[2018.04.19-15.28.46:335][  0]LogD3D11RHI:    0. 'NVIDIA GeForce GTX 1060' (Feature Level 11_0)
[2018.04.19-15.28.46:335][  0]LogD3D11RHI:       3019/0/4038 MB DedicatedVideo/DedicatedSystem/SharedSystem, Outputs:1, VendorId:0x10de
[2018.04.19-15.28.46:344][  0]LogD3D11RHI:    1. 'Intel(R) HD Graphics 630' (Feature Level 11_0)
[2018.04.19-15.28.46:344][  0]LogD3D11RHI:       128/0/4038 MB DedicatedVideo/DedicatedSystem/SharedSystem, Outputs:0, VendorId:0x8086
[2018.04.19-15.28.46:346][  0]LogD3D11RHI:    2. 'Microsoft Basic Render Driver' (Feature Level 11_0)
[2018.04.19-15.28.46:346][  0]LogD3D11RHI:       0/0/4038 MB DedicatedVideo/DedicatedSystem/SharedSystem, Outputs:0, VendorId:0x1414
[2018.04.19-15.28.46:346][  0]LogD3D11RHI: Chosen D3D11 Adapter: 0
[2018.04.19-15.28.46:352][  0]LogD3D11RHI: Creating new Direct3DDevice
[2018.04.19-15.28.46:353][  0]LogD3D11RHI:     GPU DeviceId: 0x1c20 (for the marketing name, search the web for "GPU Device Id")
[2018.04.19-15.28.46:353][  0]LogWindows: EnumDisplayDevices:
[2018.04.19-15.28.46:353][  0]LogWindows:    0. 'Intel(R) HD Graphics 630' (P:1 D:1)
[2018.04.19-15.28.46:353][  0]LogWindows:    1. 'Intel(R) HD Graphics 630' (P:0 D:0)
[2018.04.19-15.28.46:353][  0]LogWindows:    2. 'Intel(R) HD Graphics 630' (P:0 D:0)
[2018.04.19-15.28.46:353][  0]LogWindows:    3. 'NVIDIA GeForce GTX 1060' (P:0 D:0)
[2018.04.19-15.28.46:353][  0]LogWindows:    4. 'NVIDIA GeForce GTX 1060' (P:0 D:0)
[2018.04.19-15.28.46:353][  0]LogWindows:    5. 'NVIDIA GeForce GTX 1060' (P:0 D:0)
[2018.04.19-15.28.46:354][  0]LogWindows:    6. 'NVIDIA GeForce GTX 1060' (P:0 D:0)
[2018.04.19-15.28.46:354][  0]LogWindows: DebugString: GetVideoDriverDetailsInvalid PrimaryIsNotTheChoosenAdapter GetVideoDriverDetailsInvalid PrimaryIsNotTheChoosenAdapter GetVideoDriverDetailsInvalid PrimaryIsNotTheChoosenAdapter GetVideoDriverDetailsInvalid PrimaryIsNotTheChoosenAdapter GetVideoDriverDetailsInvalid PrimaryIsNotTheChoosenAdapter GetVideoDriverDetailsInvalid PrimaryIsNotTheChoosenAdapter GetVideoDriverDetailsInvalid PrimaryIsNotTheChoosenAdapter FoundDriverCount:0 
[2018.04.19-15.28.46:354][  0]LogD3D11RHI:     Adapter Name: NVIDIA GeForce GTX 1060
[2018.04.19-15.28.46:354][  0]LogD3D11RHI:   Driver Version: Unknown (internal:Unknown, unified:Unknown)
[2018.04.19-15.28.46:354][  0]LogD3D11RHI:      Driver Date: Unknown
[2018.04.19-15.28.46:354][  0]LogRHI: Texture pool is 2113 MB (70% of 3019 MB)
[2018.04.19-15.28.46:382][  0]LogD3D11RHI: Async texture creation enabled
[2018.04.19-15.28.46:392][  0]LogD3D11RHI: GPU Timing Frequency: 1000.000000 (Debug: 2 1)
[2018.04.19-15.28.46:394][  0]LogShaderCompilers: Guid format shader working directory is -18 characters bigger than the processId version (../../../../../../Documentos/Unreal Projects/VRaporwave/VRaporwave/Intermediate/Shaders/WorkingDirectory/16212/).
[2018.04.19-15.28.46:395][  0]LogShaderCompilers: Cleaned the shader compiler working directory 'C:/Users/PaopuKid/AppData/Local/Temp/UnrealShaderWorkingDir/B9A06BA240198DFF7126C6B2AB3AFCD9/'.
[2018.04.19-15.28.46:395][  0]LogShaderCompilers: Display: Using Local Shader Compiler.
[2018.04.19-15.28.48:132][  0]LogTemp: Display: Loaded TP AllDesktopTargetPlatform
[2018.04.19-15.28.48:172][  0]LogTemp: Display: Loaded TP MacClientTargetPlatform
[2018.04.19-15.28.48:213][  0]LogTemp: Display: Loaded TP MacNoEditorTargetPlatform
[2018.04.19-15.28.48:255][  0]LogTemp: Display: Loaded TP MacServerTargetPlatform
[2018.04.19-15.28.48:295][  0]LogTemp: Display: Loaded TP MacTargetPlatform
[2018.04.19-15.28.48:339][  0]LogTemp: Display: Loaded TP WindowsClientTargetPlatform
[2018.04.19-15.28.48:398][  0]LogTemp: Display: Loaded TP WindowsNoEditorTargetPlatform
[2018.04.19-15.28.48:448][  0]LogTemp: Display: Loaded TP WindowsServerTargetPlatform
[2018.04.19-15.28.48:484][  0]LogTemp: Display: Loaded TP WindowsTargetPlatform
[2018.04.19-15.28.48:535][  0]LogTemp: Display: Loaded TP Android_ASTCTargetPlatform
[2018.04.19-15.28.48:589][  0]LogTemp: Display: Loaded TP Android_ATCTargetPlatform
[2018.04.19-15.28.48:644][  0]LogTemp: Display: Loaded TP Android_DXTTargetPlatform
[2018.04.19-15.28.48:705][  0]LogTemp: Display: Loaded TP Android_ETC1TargetPlatform
[2018.04.19-15.28.48:752][  0]LogTemp: Display: Loaded TP Android_ETC2TargetPlatform
[2018.04.19-15.28.48:882][  0]LogTemp: Display: Loaded TP Android_MultiTargetPlatform
[2018.04.19-15.28.48:882][  0]LogTemp: Display: Loaded TP Android_PVRTCTargetPlatform
[2018.04.19-15.28.48:960][  0]LogTemp: Display: Loaded TP AndroidTargetPlatform
[2018.04.19-15.28.49:005][  0]LogTemp: Display: Loaded TP HTML5TargetPlatform
[2018.04.19-15.28.49:128][  0]LogTemp: Display: Loaded TP IOSTargetPlatform
[2018.04.19-15.28.49:151][  0]LogTemp: Display: Loaded TP TVOSTargetPlatform
[2018.04.19-15.28.49:207][  0]LogTemp: Display: Loaded TP LinuxClientTargetPlatform
[2018.04.19-15.28.49:257][  0]LogTemp: Display: Loaded TP LinuxNoEditorTargetPlatform
[2018.04.19-15.28.49:305][  0]LogTemp: Display: Loaded TP LinuxServerTargetPlatform
[2018.04.19-15.28.49:362][  0]LogTemp: Display: Loaded TP LinuxTargetPlatform
[2018.04.19-15.28.49:362][  0]LogTargetPlatformManager: Display: Building Assets For Windows
[2018.04.19-15.28.50:138][  0]LogDerivedDataCache: Display: Max Cache Size: 512 MB
[2018.04.19-15.28.50:437][  0]LogDerivedDataCache: Loaded boot cache 0.30s 79MB C:/Users/PaopuKid/AppData/Local/UnrealEngine/4.18/DerivedDataCache/Boot.ddc.
[2018.04.19-15.28.50:438][  0]LogDerivedDataCache: Display: Loaded Boot cache: C:/Users/PaopuKid/AppData/Local/UnrealEngine/4.18/DerivedDataCache/Boot.ddc
[2018.04.19-15.28.50:439][  0]LogDerivedDataCache: FDerivedDataBackendGraph:  Pak pak cache file ../../../../../../Documentos/Unreal Projects/VRaporwave/VRaporwave/DerivedDataCache/DDC.ddp not found, will not use a pak cache.
[2018.04.19-15.28.50:439][  0]LogDerivedDataCache: Unable to find inner node Pak for hierarchical cache Hierarchy.
[2018.04.19-15.28.50:439][  0]LogDerivedDataCache: FDerivedDataBackendGraph:  CompressedPak pak cache file ../../../../../../Documentos/Unreal Projects/VRaporwave/VRaporwave/DerivedDataCache/Compressed.ddp not found, will not use a pak cache.
[2018.04.19-15.28.50:439][  0]LogDerivedDataCache: Unable to find inner node CompressedPak for hierarchical cache Hierarchy.
[2018.04.19-15.28.50:486][  0]LogDerivedDataCache: Display: Pak cache opened for reading ../../../Engine/DerivedDataCache/Compressed.ddp.
[2018.04.19-15.28.50:510][  0]LogDerivedDataCache: Using Local data cache path C:/Users/PaopuKid/AppData/Local/UnrealEngine/Common/DerivedDataCache: Writable
[2018.04.19-15.28.50:520][  0]LogMaterial: Verifying Global Shaders for PCD3D_SM5
[2018.04.19-15.28.50:520][  0]LogSlate: Using Freetype 2.6.0
[2018.04.19-15.28.50:531][  0]LogSlate: SlateFontCache - WITH_FREETYPE: 1, WITH_HARFBUZZ: 1
[2018.04.19-15.28.50:531][  0]LogSlate: SlateFontCache - WITH_FREETYPE: 1, WITH_HARFBUZZ: 1
[2018.04.19-15.28.53:859][  0]LogInit: Selected Device Profile: [Windows]
[2018.04.19-15.28.54:377][  0]LogSimplygon: Simplygon DLL not present - disabling.
[2018.04.19-15.28.54:428][  0]LogMeshReduction: Using SimplygonSwarm for distributed automatic mesh merging
[2018.04.19-15.28.54:428][  0]LogMeshReduction: Using QuadricMeshReduction for automatic static mesh reduction
[2018.04.19-15.28.54:428][  0]LogMeshReduction: No automatic skeletal mesh reduction module available
[2018.04.19-15.28.54:428][  0]LogMeshReduction: No automatic mesh merging module available
[2018.04.19-15.28.54:428][  0]LogMeshMerging: No automatic mesh merging module available
[2018.04.19-15.28.54:458][  0]LogNetVersion: VRaporwave , NetCL: 3709383, EngineNetVer: 2, GameNetVer: 0 (Checksum: 722213230)
[2018.04.19-15.28.54:651][  0]LogAssetRegistry: FAssetRegistry took 0.0267 seconds to start up
[2018.04.19-15.28.55:638][  0]LogPackageLocalizationCache: Processed 7 localized package path(s) for 1 prioritized culture(s) in 0.140984 seconds
[2018.04.19-15.28.55:646][  0]LogUObjectArray: 35900 objects as part of root set at end of initial load.
[2018.04.19-15.28.55:646][  0]LogUObjectAllocator: 7372016 out of 0 bytes used by permanent object pool.
[2018.04.19-15.28.55:646][  0]LogUObjectArray: CloseDisregardForGC: 0/0 objects in disregard for GC pool
[2018.04.19-15.28.55:691][  0]LogInit: WinSock: version 1.1 (2.2), MaxSocks=32767, MaxUdp=65467
[2018.04.19-15.29.02:200][  0]LogTcpMessaging: Initializing TcpMessaging bridge
[2018.04.19-15.29.02:250][  0]LogUdpMessaging: Initializing bridge on interface 0.0.0.0:0 to multicast group 230.0.0.1:6666.
[2018.04.19-15.29.03:032][  0]LogMaterial: Uniform references updated for custom material expression Custom.
[2018.04.19-15.29.03:515][  0]SourceControl: Source control is disabled
[2018.04.19-15.29.05:400][  0]LogAndroidPermission: UAndroidPermissionCallbackProxy::GetInstance
[2018.04.19-15.29.05:750][  0]LogOcInput: OculusInput pre-init called
[2018.04.19-15.29.06:259][  0]LogEngine: Initializing Engine...
[2018.04.19-15.29.06:262][  0]LogHMD: Failed to initialize OpenVR with code 110
[2018.04.19-15.29.06:613][  0]LogStats: UGameplayTagsManager::ConstructGameplayTagTree: Construct from data asset -  0.000 s
[2018.04.19-15.29.06:613][  0]LogStats: UGameplayTagsManager::ConstructGameplayTagTree: GameplayTagTreeChangedEvent.Broadcast -  0.000 s
[2018.04.19-15.29.06:807][  0]LogAIModule: Creating AISystem for world Untitled
[2018.04.19-15.29.06:832][  0]LogInit: XAudio2 using 'Altavoces (Realtek High Definition Audio)' : 6 channels at 48 kHz using 32 bits per sample (channel mask 0x3f)
[2018.04.19-15.29.06:939][  0]LogInit: FAudioDevice initialized.
[2018.04.19-15.29.07:053][  0]LogDerivedDataCache: Saved boot cache 0.11s 79MB C:/Users/PaopuKid/AppData/Local/UnrealEngine/4.18/DerivedDataCache/Boot.ddc.
[2018.04.19-15.29.07:072][  0]LogInit: Texture streaming: Enabled
[2018.04.19-15.29.07:199][  0]LogEngineSessionManager: EngineSessionManager initialized
[2018.04.19-15.29.07:368][  0]LogInit: Transaction tracking system initialized
[2018.04.19-15.29.07:771][  0]BlueprintLog: New page: Editor Load
[2018.04.19-15.29.08:786][  0]LocalizationService: Localization service is disabled
[2018.04.19-15.29.09:684][  0]LogConsoleResponse: Display: 
[2018.04.19-15.29.09:983][  0]LogCook: Display: Max memory allowance for cook 16384mb min free memory 0mb
[2018.04.19-15.29.09:983][  0]LogCook: Display: Mobile HDR setting 1
[2018.04.19-15.29.09:983][  0]LogGameplayTags: Display: UGameplayTagsManager::DoneAddingNativeTags. DelegateIsBound: 0
[2018.04.19-15.29.10:105][  0]LogFileCache: Scanning file cache for directory 'D:/Documentos/Unreal Projects/VRaporwave/VRaporwave/Content/' took 0.01s
[2018.04.19-15.29.12:075][  0]Cmd: MAP LOAD FILE="../../../../../../Documentos/Unreal Projects/VRaporwave/VRaporwave/Content/VirtualRealityBP/Maps/MotionControllerMap.umap" TEMPLATE=0 SHOWPROGRESS=1 FEATURELEVEL=3
[2018.04.19-15.29.12:076][  0]LightingResults: New page: Lighting Build
[2018.04.19-15.29.12:114][  0]MapCheck: New page: Map Check
[2018.04.19-15.29.12:114][  0]LightingResults: New page: Lighting Build
[2018.04.19-15.29.12:163][  0]LogLinker: Warning: Can't find file '/Game/StarterContent/Props/Materials/M_Frame'
[2018.04.19-15.29.12:163][  0]LogLinker: Warning: Can't find file for asset '/Game/StarterContent/Props/Materials/M_Frame' while loading ../../../../../../Documentos/Unreal Projects/VRaporwave/VRaporwave/Content/Modular_Room/SM_DoorFrame.uasset.
[2018.04.19-15.29.12:163][  0]LoadErrors: Error: /Game/Modular_Room/SM_DoorFrame : Can't find file for asset. /Game/StarterContent/Props/Materials/M_Frame
[2018.04.19-15.29.12:164][  0]LogLinker: Warning: Can't find file '/Game/StarterContent/Props/Materials/M_Frame'
[2018.04.19-15.29.12:164][  0]LogLinker: Warning: Can't find file for asset '/Game/StarterContent/Props/Materials/M_Frame' while loading ../../../../../../Documentos/Unreal Projects/VRaporwave/VRaporwave/Content/Modular_Room/SM_DoorFrame.uasset.
[2018.04.19-15.29.12:164][  0]LoadErrors: Error: /Game/Modular_Room/SM_DoorFrame : Can't find file for asset. /Game/StarterContent/Props/Materials/M_Frame
[2018.04.19-15.29.14:053][  0]LogLinker: Warning: Can't find file '/Game/Assets/Ang/CoffeeTables/Rio1_SHD'
[2018.04.19-15.29.14:053][  0]LogLinker: Warning: Can't find file for asset '/Game/Assets/Ang/CoffeeTables/Rio1_SHD' while loading ../../../../../../Documentos/Unreal Projects/VRaporwave/VRaporwave/Content/VirtualRealityBP/Blueprints/Bottle.uasset.
[2018.04.19-15.29.14:053][  0]LoadErrors: Error: /Game/VirtualRealityBP/Blueprints/Bottle : Can't find file for asset. /Game/Assets/Ang/CoffeeTables/Rio1_SHD
[2018.04.19-15.29.14:068][  0]LogLinker: Warning: Can't find file '/Game/Assets/Ang/CoffeeTables/Rio1_SHD'
[2018.04.19-15.29.14:069][  0]LogLinker: Warning: Can't find file for asset '/Game/Assets/Ang/CoffeeTables/Rio1_SHD' while loading ../../../../../../Documentos/Unreal Projects/VRaporwave/VRaporwave/Content/VirtualRealityBP/Blueprints/Bottle.uasset.
[2018.04.19-15.29.14:069][  0]LoadErrors: Error: /Game/VirtualRealityBP/Blueprints/Bottle : Can't find file for asset. /Game/Assets/Ang/CoffeeTables/Rio1_SHD
[2018.04.19-15.29.14:071][  0]LogLinker: Warning: Can't find file '/Game/Assets/Ang/CoffeeTables/Rio1_SHD'
[2018.04.19-15.29.14:071][  0]LogLinker: Warning: Can't find file for asset '/Game/Assets/Ang/CoffeeTables/Rio1_SHD' while loading ../../../../../../Documentos/Unreal Projects/VRaporwave/VRaporwave/Content/VirtualRealityBP/Maps/MotionControllerMap.umap.
[2018.04.19-15.29.14:071][  0]LoadErrors: Error: /Game/VirtualRealityBP/Maps/MotionControllerMap : Can't find file for asset. /Game/Assets/Ang/CoffeeTables/Rio1_SHD
[2018.04.19-15.29.14:071][  0]LogLinker: Warning: Can't find file '/Game/Assets/Ang/CoffeeTables/Rio1_SHD'
[2018.04.19-15.29.14:071][  0]LogLinker: Warning: Can't find file for asset '/Game/Assets/Ang/CoffeeTables/Rio1_SHD' while loading ../../../../../../Documentos/Unreal Projects/VRaporwave/VRaporwave/Content/VirtualRealityBP/Maps/MotionControllerMap.umap.
[2018.04.19-15.29.14:072][  0]LoadErrors: Error: /Game/VirtualRealityBP/Maps/MotionControllerMap : Can't find file for asset. /Game/Assets/Ang/CoffeeTables/Rio1_SHD
[2018.04.19-15.29.14:072][  0]LogLinker: Warning: Can't find file '/Game/Assets/Ang/CoffeeTables/Rio1_SHD'
[2018.04.19-15.29.14:072][  0]LoadErrors: Failed to load /Game/Assets/Ang/CoffeeTables/Rio1_SHD.Rio1_SHD Referenced by StaticMeshComponent0
[2018.04.19-15.29.14:072][  0]LogLinker: Warning: Can't find file for asset '/Game/Assets/Ang/CoffeeTables/Rio1_SHD' while loading ../../../../../../Documentos/Unreal Projects/VRaporwave/VRaporwave/Content/VirtualRealityBP/Maps/MotionControllerMap.umap.
[2018.04.19-15.29.14:072][  0]LoadErrors: Failed to load /Game/Assets/Ang/CoffeeTables/Rio1_SHD.Rio1_SHD Referenced by StaticMeshComponent0
[2018.04.19-15.29.14:072][  0]LoadErrors: Error: /Game/VirtualRealityBP/Maps/MotionControllerMap : Can't find file for asset. /Game/Assets/Ang/CoffeeTables/Rio1_SHD
[2018.04.19-15.29.17:575][  0]LogLinker: Warning: Can't find file '/Game/StarterContent/Props/Materials/M_Frame'
[2018.04.19-15.29.17:575][  0]LoadErrors: Failed to load /Game/StarterContent/Props/Materials/M_Frame.M_Frame Referenced by SM_DoorFrame
[2018.04.19-15.29.17:575][  0]LogLinker: Warning: Can't find file for asset '/Game/StarterContent/Props/Materials/M_Frame' while loading NULL.
[2018.04.19-15.29.17:575][  0]LoadErrors: Failed to load /Game/StarterContent/Props/Materials/M_Frame.M_Frame Referenced by SM_DoorFrame
[2018.04.19-15.29.21:594][  0]LogAIModule: Creating AISystem for world MotionControllerMap
[2018.04.19-15.29.21:905][  0]LogEditorServer: Finished looking for orphan Actors (0.000 secs)
[2018.04.19-15.29.21:943][  0]Cmd: MAP CHECKDEP NOCLEARLOG
[2018.04.19-15.29.22:030][  0]MapCheck: Map check complete: 0 Error(s), 0 Warning(s), took 87.115ms to complete.
[2018.04.19-15.29.22:030][  0]LogFileHelpers: Loading map 'MotionControllerMap' took 9.955
[2018.04.19-15.29.22:200][  0]LogCollectionManager: Loaded 0 collections in 0.000859 seconds
[2018.04.19-15.29.22:269][  0]LogFileCache: Scanning file cache for directory 'D:/Documentos/Unreal Projects/VRaporwave/VRaporwave/Saved/Collections/' took 0.01s
[2018.04.19-15.29.22:269][  0]LogFileCache: Scanning file cache for directory 'D:/Documentos/Unreal Projects/VRaporwave/VRaporwave/Content/Developers/PaopuKid/Collections/' took 0.01s
[2018.04.19-15.29.22:269][  0]LogFileCache: Scanning file cache for directory 'D:/Documentos/Unreal Projects/VRaporwave/VRaporwave/Content/Collections/' took 0.01s
[2018.04.19-15.29.22:269][  0]LogCollectionManager: Rebuilt the GUID cache for 0 collections in 0.000000 seconds
[2018.04.19-15.29.22:278][  0]LogContentBrowser: Native class hierarchy populated in 0.0087 seconds. Added 2363 classes and 519 folders.
[2018.04.19-15.29.22:333][  0]LogContentBrowser: Native class hierarchy updated for 'WidgetCarousel' in 0.0002 seconds. Added 0 classes and 0 folders.
[2018.04.19-15.29.22:364][  0]LogContentBrowser: Native class hierarchy updated for 'AddContentDialog' in 0.0002 seconds. Added 0 classes and 0 folders.
[2018.04.19-15.29.22:394][  0]LogContentBrowser: Native class hierarchy updated for 'SceneOutliner' in 0.0003 seconds. Added 1 classes and 2 folders.
[2018.04.19-15.29.22:569][  0]LogSlate: Took 0.000211 seconds to synchronously load lazily loaded font '../../../Engine/Content/Slate/Fonts/Roboto-Regular.ttf' (155K)
[2018.04.19-15.29.22:572][  0]LogSlate: Took 0.000410 seconds to synchronously load lazily loaded font '../../../Engine/Content/Slate/Fonts/Roboto-Bold.ttf' (160K)
[2018.04.19-15.29.22:578][  0]LogSlate: Took 0.000280 seconds to synchronously load lazily loaded font '../../../Engine/Content/Editor/Slate/Fonts/FontAwesome.ttf' (139K)
[2018.04.19-15.29.22:699][  0]LogRenderer: Reallocating scene render targets to support 1920x1080 Format 10 NumSamples 1 (Frame:1).
[2018.04.19-15.29.23:037][  0]LogContentBrowser: Native class hierarchy updated for 'HierarchicalLODOutliner' in 0.0003 seconds. Added 1 classes and 2 folders.
[2018.04.19-15.29.23:037][  0]LogLoad: (Engine Initialization) Total time: 40.80 seconds
[2018.04.19-15.29.23:037][  0]LogLoad: (Engine Initialization) Total Blueprint compile time: 0.00 seconds
[2018.04.19-15.29.23:037][  0]LogExternalProfiler: No external profilers were discovered.  External profiling features will not be available.
[2018.04.19-15.29.23:056][  0]LogWindowsTextInputMethodSystem: Display: IME system now deactivated.
[2018.04.19-15.29.23:083][  0]SourceControl: On branch master
[2018.04.19-15.29.23:083][  0]SourceControl: Your branch is up-to-date with 'origin/master'.
[2018.04.19-15.29.23:083][  0]SourceControl: Changes not staged for commit:
[2018.04.19-15.29.23:083][  0]SourceControl:   (use "git add/rm <file>..." to update what will be committed)
[2018.04.19-15.29.23:083][  0]SourceControl:   (use "git checkout -- <file>..." to discard changes in working directory)
[2018.04.19-15.29.23:083][  0]SourceControl: 	modified:   VRaporwave/Content/VirtualRealityBP/Maps/MotionControllerMap.umap
[2018.04.19-15.29.23:083][  0]SourceControl: 	modified:   VRaporwave/Intermediate/CachedAssetRegistry.bin
[2018.04.19-15.29.23:083][  0]SourceControl: 	modified:   VRaporwave/Saved/AutoScreenshot.png
[2018.04.19-15.29.23:083][  0]SourceControl: 	modified:   VRaporwave/Saved/Autosaves/Game/VirtualRealityBP/Maps/MotionControllerMap_Auto1.umap
[2018.04.19-15.29.23:083][  0]SourceControl: 	modified:   VRaporwave/Saved/Autosaves/PackageRestoreData.json
[2018.04.19-15.29.23:084][  0]SourceControl: 	deleted:    VRaporwave/Saved/Backup/MotionControllerMap_BuiltData_2018-04-18-10-20-01.uasset
[2018.04.19-15.29.23:084][  0]SourceControl: 	deleted:    VRaporwave/Saved/Backup/MotionControllerMap_BuiltData_2018-04-18-10-33-53.uasset
[2018.04.19-15.29.23:084][  0]SourceControl: 	deleted:    VRaporwave/Saved/Config/CrashReportClient/UE4CC-Windows-005AA30541091B155E0B36B851792438/CrashReportClient.ini
[2018.04.19-15.29.23:084][  0]SourceControl: 	deleted:    VRaporwave/Saved/Config/CrashReportClient/UE4CC-Windows-248C581C4B3CBBEC1C2B6F917ACD5D9B/CrashReportClient.ini
[2018.04.19-15.29.23:084][  0]SourceControl: 	deleted:    VRaporwave/Saved/Config/CrashReportClient/UE4CC-Windows-2E7FB8B44715E1C438FBFC8090E49508/CrashReportClient.ini
[2018.04.19-15.29.23:084][  0]SourceControl: 	deleted:    VRaporwave/Saved/Config/CrashReportClient/UE4CC-Windows-328278B448A704FD73A093AA1E067174/CrashReportClient.ini
[2018.04.19-15.29.23:084][  0]SourceControl: 	deleted:    VRaporwave/Saved/Config/CrashReportClient/UE4CC-Windows-5DC377694ECB7AF17FEC4F9A572A4BF0/CrashReportClient.ini
[2018.04.19-15.29.23:084][  0]SourceControl: 	deleted:    VRaporwave/Saved/Config/CrashReportClient/UE4CC-Windows-AD1E128249E1D97A8B0D788EE6A9B9B7/CrashReportClient.ini
[2018.04.19-15.29.23:084][  0]SourceControl: 	deleted:    VRaporwave/Saved/Config/CrashReportClient/UE4CC-Windows-BF26B33E4BA0C13FD98C4490078AB5E8/CrashReportClient.ini
[2018.04.19-15.29.23:084][  0]SourceControl: 	modified:   VRaporwave/Saved/Config/Windows/EditorPerProjectUserSettings.ini
[2018.04.19-15.29.23:084][  0]SourceControl: 	deleted:    VRaporwave/Saved/Logs/VRaporwave-backup-2018.04.18-09.59.38.log
[2018.04.19-15.29.23:084][  0]SourceControl: 	deleted:    VRaporwave/Saved/Logs/VRaporwave-backup-2018.04.18-10.23.35.log
[2018.04.19-15.29.23:084][  0]SourceControl: 	deleted:    VRaporwave/Saved/Logs/VRaporwave-backup-2018.04.18-10.44.02.log
[2018.04.19-15.29.23:084][  0]SourceControl: 	deleted:    VRaporwave/Saved/Logs/VRaporwave-backup-2018.04.18-11.07.50.log
[2018.04.19-15.29.23:084][  0]SourceControl: 	modified:   VRaporwave/Saved/Logs/VRaporwave.log
[2018.04.19-15.29.23:084][  0]SourceControl: Untracked files:
[2018.04.19-15.29.23:084][  0]SourceControl:   (use "git add <file>..." to include in what will be committed)
[2018.04.19-15.29.23:084][  0]SourceControl: 	Content/
[2018.04.19-15.29.23:084][  0]SourceControl: 	VRaporwave/Saved/Backup/MotionControllerMap_2018-04-19-15-17-54.umap
[2018.04.19-15.29.23:084][  0]SourceControl: 	VRaporwave/Saved/Backup/MotionControllerMap_2018-04-19-15-27-36.umap
[2018.04.19-15.29.23:084][  0]SourceControl: 	VRaporwave/Saved/Config/CrashReportClient/UE4CC-Windows-B1AA23234015AD16E86CA19B3B8482B3/
[2018.04.19-15.29.23:084][  0]SourceControl: 	VRaporwave/Saved/Config/CrashReportClient/UE4CC-Windows-D3F791ED4905E1AAA4834792C3D409E3/
[2018.04.19-15.29.23:084][  0]SourceControl: 	VRaporwave/Saved/Config/CrashReportClient/UE4CC-Windows-D6C53D7C432731C69C99758AFF4063A7/
[2018.04.19-15.29.23:084][  0]SourceControl: no changes added to commit (use "git add" and/or "git commit -a")
[2018.04.19-15.29.23:084][  0]LogContentStreaming: Texture pool size now 1000 MB
[2018.04.19-15.29.23:157][  0]LogSlate: Took 0.000237 seconds to synchronously load lazily loaded font '../../../Engine/Content/Slate/Fonts/Roboto-Light.ttf' (159K)
[2018.04.19-15.29.23:231][  1]LogAssetRegistry: Asset discovery search completed in 28.6021 seconds
[2018.04.19-15.29.23:234][  1]LogCollectionManager: Rebuilt the object cache for 0 collections in 0.000001 seconds (found 0 objects)
[2018.04.19-15.29.23:234][  1]LogCollectionManager: Fixed up redirectors for 0 collections in 0.000096 seconds (updated 0 objects)
[2018.04.19-15.29.24:139][ 16]LogSlate: Took 0.000184 seconds to synchronously load lazily loaded font '../../../Engine/Content/Slate/Fonts/Roboto-Light.ttf' (159K)
[2018.04.19-15.30.52:817][285]LogSlate: Took 0.000130 seconds to synchronously load lazily loaded font '../../../Engine/Content/Slate/Fonts/Roboto-Light.ttf' (159K)
[2018.04.19-15.30.53:233][285]LogContentBrowser: Native class hierarchy updated for 'BlueprintGraph' in 0.0006 seconds. Added 116 classes and 0 folders.
[2018.04.19-15.30.54:000][285]LogSlate: Took 0.000122 seconds to synchronously load lazily loaded font '../../../Engine/Content/Slate/Fonts/Roboto-Regular.ttf' (155K)
[2018.04.19-15.30.54:167][285]LogSlate: Took 0.009653 seconds to synchronously load lazily loaded font '../../../Engine/Content/Editor/Slate/Fonts/Roboto-BoldCondensed.ttf' (158K)
[2018.04.19-15.30.54:426][286]LogSlate: Took 0.001215 seconds to synchronously load lazily loaded font '../../../Engine/Content/Editor/Slate/Fonts/Roboto-Italic.ttf' (157K)
[2018.04.19-15.32.27:695][242]LogEditorViewport: Clicking on Actor (LMB): StaticMeshActor (Bed)
[2018.04.19-15.32.28:417][245]Cmd: CAMERA ALIGN ACTIVEVIEWPORTONLY
[2018.04.19-15.32.30:772][324]LogEditorViewport: Clicking on Actor (LMB): StaticMeshActor (Sehpa2)
[2018.04.19-15.32.33:553][428]Cmd: TRANSACTION UNDO
[2018.04.19-15.32.33:553][428]LogEditorTransaction: Undo Clicking on Actors
[2018.04.19-15.32.34:875][472]LogEditorViewport: Clicking on Actor (LMB): StaticMeshActor (Sehpa2)
[2018.04.19-15.32.37:349][560]Cmd: CAMERA ALIGN ACTIVEVIEWPORTONLY
[2018.04.19-15.32.39:591][644]LogEditorViewport: Clicking on Actor (LMB): StaticMeshActor (answeringMachineUV)
[2018.04.19-15.32.40:432][667]Cmd: DELETE
[2018.04.19-15.32.40:432][667]Cmd: ACTOR DELETE
[2018.04.19-15.32.40:556][667]LogEditorActor: Deleted Actor: StaticMeshActor
[2018.04.19-15.32.40:636][667]LogEditorActor: Deleted 1 Actors (0.175 secs)
[2018.04.19-15.34.27:541][166]BlueprintLog: New page: Compile SoundManager
[2018.04.19-15.36.14:802][462]Cmd: CAMERA ALIGN ACTIVEVIEWPORTONLY
[2018.04.19-15.36.26:480][894]LogEditorViewport: Clicking on Actor (LMB): answeringMachineUV_Blueprint_C (answeringMachineUV_Blueprint)
[2018.04.19-15.37.00:479][ 99]LogTemp: Repeating last play command: Selected Viewport
[2018.04.19-15.37.00:703][ 99]LogBlueprintUserMessages: Early PlayInEditor Detection: Level '/Game/VirtualRealityBP/Maps/MotionControllerMap.MotionControllerMap:PersistentLevel' has LevelScriptBlueprint '/Game/VirtualRealityBP/Maps/MotionControllerMap.MotionControllerMap:PersistentLevel.MotionControllerMap' with GeneratedClass '/Game/VirtualRealityBP/Maps/MotionControllerMap.MotionControllerMap_C' with ClassGeneratedBy '/Game/VirtualRealityBP/Maps/MotionControllerMap.MotionControllerMap:PersistentLevel.MotionControllerMap'
[2018.04.19-15.37.00:736][ 99]LogPlayLevel: PlayLevel: No blueprints needed recompiling
[2018.04.19-15.37.00:836][ 99]PIE: New page: PIE session: MotionControllerMap (Apr 19, 2018, 3:37:00 PM)
[2018.04.19-15.37.00:847][ 99]LogPlayLevel: Creating play world package: /Game/VirtualRealityBP/Maps/UEDPIE_0_MotionControllerMap
[2018.04.19-15.37.00:974][ 99]LogPlayLevel: PIE: StaticDuplicateObject took: (0.127431s)
[2018.04.19-15.37.00:975][ 99]LogAIModule: Creating AISystem for world MotionControllerMap
[2018.04.19-15.37.00:985][ 99]LogPlayLevel: PIE: World Init took: (0.010367s)
[2018.04.19-15.37.00:993][ 99]LogPlayLevel: PIE: Created PIE world by copying editor world from /Game/VirtualRealityBP/Maps/MotionControllerMap.MotionControllerMap to /Game/VirtualRealityBP/Maps/UEDPIE_0_MotionControllerMap.MotionControllerMap (0.146280s)
[2018.04.19-15.37.01:041][ 99]LogInit: XAudio2 using 'Altavoces (Realtek High Definition Audio)' : 6 channels at 48 kHz using 32 bits per sample (channel mask 0x3f)
[2018.04.19-15.37.01:109][ 99]LogInit: FAudioDevice initialized.
[2018.04.19-15.37.01:194][ 99]LogUObjectGlobals: Warning: Failed to find object 'Class None.'
[2018.04.19-15.37.01:201][ 99]LogLoad: Game class is 'GameModeBase'
[2018.04.19-15.37.01:310][ 99]LogWorld: Bringing World /Game/VirtualRealityBP/Maps/UEDPIE_0_MotionControllerMap.MotionControllerMap up for play (max tick rate 60) at 2018.04.19-15.37.01
[2018.04.19-15.37.01:368][ 99]LogWorld: Bringing up level for play took: 0.079946
[2018.04.19-15.37.01:472][ 99]LogContentBrowser: Native class hierarchy updated for 'MovieSceneCapture' in 0.0003 seconds. Added 11 classes and 0 folders.
[2018.04.19-15.37.01:579][ 99]PIE: Play in editor start time for /Game/VirtualRealityBP/Maps/UEDPIE_0_MotionControllerMap 0.659
[2018.04.19-15.37.01:580][ 99]LogBlueprintUserMessages: Late PlayInEditor Detection: Level '/Game/VirtualRealityBP/Maps/MotionControllerMap.MotionControllerMap:PersistentLevel' has LevelScriptBlueprint '/Game/VirtualRealityBP/Maps/MotionControllerMap.MotionControllerMap:PersistentLevel.MotionControllerMap' with GeneratedClass '/Game/VirtualRealityBP/Maps/MotionControllerMap.MotionControllerMap_C' with ClassGeneratedBy '/Game/VirtualRealityBP/Maps/MotionControllerMap.MotionControllerMap:PersistentLevel.MotionControllerMap'
[2018.04.19-15.37.04:127][223]LogBlueprintUserMessages: Early EndPlayMap Detection: Level '/Game/VirtualRealityBP/Maps/MotionControllerMap.MotionControllerMap:PersistentLevel' has LevelScriptBlueprint '/Game/VirtualRealityBP/Maps/MotionControllerMap.MotionControllerMap:PersistentLevel.MotionControllerMap' with GeneratedClass '/Game/VirtualRealityBP/Maps/MotionControllerMap.MotionControllerMap_C' with ClassGeneratedBy '/Game/VirtualRealityBP/Maps/MotionControllerMap.MotionControllerMap:PersistentLevel.MotionControllerMap'
[2018.04.19-15.37.04:294][223]LogBlueprintUserMessages: Late EndPlayMap Detection: Level '/Game/VirtualRealityBP/Maps/MotionControllerMap.MotionControllerMap:PersistentLevel' has LevelScriptBlueprint '/Game/VirtualRealityBP/Maps/MotionControllerMap.MotionControllerMap:PersistentLevel.MotionControllerMap' with GeneratedClass '/Game/VirtualRealityBP/Maps/MotionControllerMap.MotionControllerMap_C' with ClassGeneratedBy '/Game/VirtualRealityBP/Maps/MotionControllerMap.MotionControllerMap:PersistentLevel.MotionControllerMap'
[2018.04.19-15.37.10:474][313]LogTemp: Repeating last play command: Selected Viewport
[2018.04.19-15.37.10:495][313]LogBlueprintUserMessages: Early PlayInEditor Detection: Level '/Game/VirtualRealityBP/Maps/MotionControllerMap.MotionControllerMap:PersistentLevel' has LevelScriptBlueprint '/Game/VirtualRealityBP/Maps/MotionControllerMap.MotionControllerMap:PersistentLevel.MotionControllerMap' with GeneratedClass '/Game/VirtualRealityBP/Maps/MotionControllerMap.MotionControllerMap_C' with ClassGeneratedBy '/Game/VirtualRealityBP/Maps/MotionControllerMap.MotionControllerMap:PersistentLevel.MotionControllerMap'
[2018.04.19-15.37.10:495][313]LogPlayLevel: PlayLevel: No blueprints needed recompiling
[2018.04.19-15.37.10:495][313]PIE: New page: PIE session: MotionControllerMap (Apr 19, 2018, 3:37:10 PM)
[2018.04.19-15.37.10:495][313]LogPlayLevel: Creating play world package: /Game/VirtualRealityBP/Maps/UEDPIE_0_MotionControllerMap
[2018.04.19-15.37.10:544][313]LogPlayLevel: PIE: StaticDuplicateObject took: (0.048419s)
[2018.04.19-15.37.10:545][313]LogAIModule: Creating AISystem for world MotionControllerMap
[2018.04.19-15.37.10:545][313]LogPlayLevel: PIE: World Init took: (0.001119s)
[2018.04.19-15.37.10:546][313]LogPlayLevel: PIE: Created PIE world by copying editor world from /Game/VirtualRealityBP/Maps/MotionControllerMap.MotionControllerMap to /Game/VirtualRealityBP/Maps/UEDPIE_0_MotionControllerMap.MotionControllerMap (0.050037s)
[2018.04.19-15.37.10:581][313]LogInit: XAudio2 using 'Altavoces (Realtek High Definition Audio)' : 6 channels at 48 kHz using 32 bits per sample (channel mask 0x3f)
[2018.04.19-15.37.10:648][313]LogInit: FAudioDevice initialized.
[2018.04.19-15.37.10:694][313]LogUObjectGlobals: Warning: Failed to find object 'Class None.'
[2018.04.19-15.37.10:694][313]LogLoad: Game class is 'GameModeBase'
[2018.04.19-15.37.10:703][313]LogWorld: Bringing World /Game/VirtualRealityBP/Maps/UEDPIE_0_MotionControllerMap.MotionControllerMap up for play (max tick rate 60) at 2018.04.19-15.37.10
[2018.04.19-15.37.10:704][313]LogWorld: Bringing up level for play took: 0.008593
[2018.04.19-15.37.10:708][313]PIE: Play in editor start time for /Game/VirtualRealityBP/Maps/UEDPIE_0_MotionControllerMap -0.212
[2018.04.19-15.37.10:708][313]LogBlueprintUserMessages: Late PlayInEditor Detection: Level '/Game/VirtualRealityBP/Maps/MotionControllerMap.MotionControllerMap:PersistentLevel' has LevelScriptBlueprint '/Game/VirtualRealityBP/Maps/MotionControllerMap.MotionControllerMap:PersistentLevel.MotionControllerMap' with GeneratedClass '/Game/VirtualRealityBP/Maps/MotionControllerMap.MotionControllerMap_C' with ClassGeneratedBy '/Game/VirtualRealityBP/Maps/MotionControllerMap.MotionControllerMap:PersistentLevel.MotionControllerMap'
[2018.04.19-15.37.23:602][ 79]LogBlueprintUserMessages: Early EndPlayMap Detection: Level '/Game/VirtualRealityBP/Maps/MotionControllerMap.MotionControllerMap:PersistentLevel' has LevelScriptBlueprint '/Game/VirtualRealityBP/Maps/MotionControllerMap.MotionControllerMap:PersistentLevel.MotionControllerMap' with GeneratedClass '/Game/VirtualRealityBP/Maps/MotionControllerMap.MotionControllerMap_C' with ClassGeneratedBy '/Game/VirtualRealityBP/Maps/MotionControllerMap.MotionControllerMap:PersistentLevel.MotionControllerMap'
[2018.04.19-15.37.23:648][ 79]LogBlueprintUserMessages: Late EndPlayMap Detection: Level '/Game/VirtualRealityBP/Maps/MotionControllerMap.MotionControllerMap:PersistentLevel' has LevelScriptBlueprint '/Game/VirtualRealityBP/Maps/MotionControllerMap.MotionControllerMap:PersistentLevel.MotionControllerMap' with GeneratedClass '/Game/VirtualRealityBP/Maps/MotionControllerMap.MotionControllerMap_C' with ClassGeneratedBy '/Game/VirtualRealityBP/Maps/MotionControllerMap.MotionControllerMap:PersistentLevel.MotionControllerMap'
[2018.04.19-15.38.01:707][684]BlueprintLog: New page: Compile SoundManager
[2018.04.19-15.38.04:242][744]LogTemp: Repeating last play command: Selected Viewport
[2018.04.19-15.38.04:271][744]LogBlueprintUserMessages: Early PlayInEditor Detection: Level '/Game/VirtualRealityBP/Maps/MotionControllerMap.MotionControllerMap:PersistentLevel' has LevelScriptBlueprint '/Game/VirtualRealityBP/Maps/MotionControllerMap.MotionControllerMap:PersistentLevel.MotionControllerMap' with GeneratedClass '/Game/VirtualRealityBP/Maps/MotionControllerMap.MotionControllerMap_C' with ClassGeneratedBy '/Game/VirtualRealityBP/Maps/MotionControllerMap.MotionControllerMap:PersistentLevel.MotionControllerMap'
[2018.04.19-15.38.04:271][744]LogPlayLevel: PlayLevel: No blueprints needed recompiling
[2018.04.19-15.38.04:271][744]PIE: New page: PIE session: MotionControllerMap (Apr 19, 2018, 3:38:04 PM)
[2018.04.19-15.38.04:271][744]LogPlayLevel: Creating play world package: /Game/VirtualRealityBP/Maps/UEDPIE_0_MotionControllerMap
[2018.04.19-15.38.04:318][744]LogPlayLevel: PIE: StaticDuplicateObject took: (0.046356s)
[2018.04.19-15.38.04:319][744]LogAIModule: Creating AISystem for world MotionControllerMap
[2018.04.19-15.38.04:319][744]LogPlayLevel: PIE: World Init took: (0.001113s)
[2018.04.19-15.38.04:319][744]LogPlayLevel: PIE: Created PIE world by copying editor world from /Game/VirtualRealityBP/Maps/MotionControllerMap.MotionControllerMap to /Game/VirtualRealityBP/Maps/UEDPIE_0_MotionControllerMap.MotionControllerMap (0.048090s)
[2018.04.19-15.38.04:354][744]LogInit: XAudio2 using 'Altavoces (Realtek High Definition Audio)' : 6 channels at 48 kHz using 32 bits per sample (channel mask 0x3f)
[2018.04.19-15.38.04:422][744]LogInit: FAudioDevice initialized.
[2018.04.19-15.38.04:453][744]LogUObjectGlobals: Warning: Failed to find object 'Class None.'
[2018.04.19-15.38.04:453][744]LogLoad: Game class is 'GameModeBase'
[2018.04.19-15.38.04:461][744]LogWorld: Bringing World /Game/VirtualRealityBP/Maps/UEDPIE_0_MotionControllerMap.MotionControllerMap up for play (max tick rate 60) at 2018.04.19-15.38.04
[2018.04.19-15.38.04:462][744]LogWorld: Bringing up level for play took: 0.007823
[2018.04.19-15.38.04:465][744]PIE: Play in editor start time for /Game/VirtualRealityBP/Maps/UEDPIE_0_MotionControllerMap -0.455
[2018.04.19-15.38.04:466][744]LogBlueprintUserMessages: Late PlayInEditor Detection: Level '/Game/VirtualRealityBP/Maps/MotionControllerMap.MotionControllerMap:PersistentLevel' has LevelScriptBlueprint '/Game/VirtualRealityBP/Maps/MotionControllerMap.MotionControllerMap:PersistentLevel.MotionControllerMap' with GeneratedClass '/Game/VirtualRealityBP/Maps/MotionControllerMap.MotionControllerMap_C' with ClassGeneratedBy '/Game/VirtualRealityBP/Maps/MotionControllerMap.MotionControllerMap:PersistentLevel.MotionControllerMap'
[2018.04.19-15.38.17:419][514]LogBlueprintUserMessages: Early EndPlayMap Detection: Level '/Game/VirtualRealityBP/Maps/MotionControllerMap.MotionControllerMap:PersistentLevel' has LevelScriptBlueprint '/Game/VirtualRealityBP/Maps/MotionControllerMap.MotionControllerMap:PersistentLevel.MotionControllerMap' with GeneratedClass '/Game/VirtualRealityBP/Maps/MotionControllerMap.MotionControllerMap_C' with ClassGeneratedBy '/Game/VirtualRealityBP/Maps/MotionControllerMap.MotionControllerMap:PersistentLevel.MotionControllerMap'
[2018.04.19-15.38.17:464][514]LogBlueprintUserMessages: Late EndPlayMap Detection: Level '/Game/VirtualRealityBP/Maps/MotionControllerMap.MotionControllerMap:PersistentLevel' has LevelScriptBlueprint '/Game/VirtualRealityBP/Maps/MotionControllerMap.MotionControllerMap:PersistentLevel.MotionControllerMap' with GeneratedClass '/Game/VirtualRealityBP/Maps/MotionControllerMap.MotionControllerMap_C' with ClassGeneratedBy '/Game/VirtualRealityBP/Maps/MotionControllerMap.MotionControllerMap:PersistentLevel.MotionControllerMap'
[2018.04.19-15.39.06:206][897]Cmd: TRANSACTION UNDO
[2018.04.19-15.39.06:206][897]LogEditorTransaction: Undo Change Object Pin Value
[2018.04.19-15.39.54:889][610]LogSavePackage: Save=1078.56ms
[2018.04.19-15.39.54:889][610]LogSavePackage: Moving '../../../../../../Documentos/Unreal Projects/VRaporwave/VRaporwave/Saved/MotionControllerMap_Auto13E28AFFF419C9986EFFB858B92EA4E58.tmp' to '../../../../../../Documentos/Unreal Projects/VRaporwave/VRaporwave/Saved/Autosaves/Game/VirtualRealityBP/Maps/MotionControllerMap_Auto1.umap'
[2018.04.19-15.39.54:899][610]LogSavePackage: Display: Finished SavePackage ../../../../../../Documentos/Unreal Projects/VRaporwave/VRaporwave/Saved/Autosaves/Game/VirtualRealityBP/Maps/MotionControllerMap_Auto1.umap
[2018.04.19-15.39.54:939][610]LogFileHelpers: Editor autosave (incl. sublevels) for '/Game/VirtualRealityBP/Maps/MotionControllerMap' took 1.404
[2018.04.19-15.39.54:939][610]LogFileHelpers: Editor autosave (incl. sublevels) for all levels took 1.404
[2018.04.19-15.39.54:946][610]OBJ SavePackage: Generating thumbnails for [0] asset(s) in package [/Game/VirtualRealityBP/Blueprints/SoundManager] ([1] browsable assets)...
[2018.04.19-15.39.54:946][610]OBJ SavePackage: Finished generating thumbnails for package [/Game/VirtualRealityBP/Blueprints/SoundManager]
[2018.04.19-15.39.55:181][610]LogSavePackage: Save=198.90ms
[2018.04.19-15.39.55:181][610]LogSavePackage: Moving '../../../../../../Documentos/Unreal Projects/VRaporwave/VRaporwave/Saved/SoundManager_Auto188DEA6464A192E3021FA0BA1F7081215.tmp' to '../../../../../../Documentos/Unreal Projects/VRaporwave/VRaporwave/Saved/Autosaves/Game/VirtualRealityBP/Blueprints/SoundManager_Auto1.uasset'
[2018.04.19-15.39.55:184][610]LogSavePackage: Display: Finished SavePackage ../../../../../../Documentos/Unreal Projects/VRaporwave/VRaporwave/Saved/Autosaves/Game/VirtualRealityBP/Blueprints/SoundManager_Auto1.uasset
[2018.04.19-15.39.55:184][610]LogFileHelpers: Auto-saving content packages took 0.241
[2018.04.19-15.40.02:595][754]LogActorComponent: UnregisterComponent: (/Engine/Transient.EditorFloorComp) Not registered. Aborting.
[2018.04.19-15.40.10:849][ 34]LogTemp: Repeating last play command: Selected Viewport
[2018.04.19-15.40.10:872][ 34]LogBlueprintUserMessages: Early PlayInEditor Detection: Level '/Game/VirtualRealityBP/Maps/MotionControllerMap.MotionControllerMap:PersistentLevel' has LevelScriptBlueprint '/Game/VirtualRealityBP/Maps/MotionControllerMap.MotionControllerMap:PersistentLevel.MotionControllerMap' with GeneratedClass '/Game/VirtualRealityBP/Maps/MotionControllerMap.MotionControllerMap_C' with ClassGeneratedBy '/Game/VirtualRealityBP/Maps/MotionControllerMap.MotionControllerMap:PersistentLevel.MotionControllerMap'
[2018.04.19-15.40.10:872][ 34]BlueprintLog: New page: Pre-Play auto-recompile
[2018.04.19-15.40.10:927][ 34]LogPlayLevel: [PlayLevel] Compiling SoundManager before play...
[2018.04.19-15.40.11:310][ 34]LogPlayLevel: PlayLevel: Blueprint regeneration took 437 ms (1 blueprints)
[2018.04.19-15.40.11:311][ 34]PIE: New page: PIE session: MotionControllerMap (Apr 19, 2018, 3:40:11 PM)
[2018.04.19-15.40.11:311][ 34]LogPlayLevel: Creating play world package: /Game/VirtualRealityBP/Maps/UEDPIE_0_MotionControllerMap
[2018.04.19-15.40.11:354][ 34]LogPlayLevel: PIE: StaticDuplicateObject took: (0.043246s)
[2018.04.19-15.40.11:355][ 34]LogAIModule: Creating AISystem for world MotionControllerMap
[2018.04.19-15.40.11:356][ 34]LogPlayLevel: PIE: World Init took: (0.001460s)
[2018.04.19-15.40.11:356][ 34]LogPlayLevel: PIE: Created PIE world by copying editor world from /Game/VirtualRealityBP/Maps/MotionControllerMap.MotionControllerMap to /Game/VirtualRealityBP/Maps/UEDPIE_0_MotionControllerMap.MotionControllerMap (0.045233s)
[2018.04.19-15.40.11:388][ 34]LogInit: XAudio2 using 'Altavoces (Realtek High Definition Audio)' : 6 channels at 48 kHz using 32 bits per sample (channel mask 0x3f)
[2018.04.19-15.40.11:457][ 34]LogInit: FAudioDevice initialized.
[2018.04.19-15.40.11:495][ 34]LogUObjectGlobals: Warning: Failed to find object 'Class None.'
[2018.04.19-15.40.11:495][ 34]LogLoad: Game class is 'GameModeBase'
[2018.04.19-15.40.11:503][ 34]LogWorld: Bringing World /Game/VirtualRealityBP/Maps/UEDPIE_0_MotionControllerMap.MotionControllerMap up for play (max tick rate 60) at 2018.04.19-15.40.11
[2018.04.19-15.40.11:503][ 34]LogWorld: Bringing up level for play took: 0.007984
[2018.04.19-15.40.11:507][ 34]PIE: Play in editor start time for /Game/VirtualRealityBP/Maps/UEDPIE_0_MotionControllerMap 0.587
[2018.04.19-15.40.11:507][ 34]LogBlueprintUserMessages: Late PlayInEditor Detection: Level '/Game/VirtualRealityBP/Maps/MotionControllerMap.MotionControllerMap:PersistentLevel' has LevelScriptBlueprint '/Game/VirtualRealityBP/Maps/MotionControllerMap.MotionControllerMap:PersistentLevel.MotionControllerMap' with GeneratedClass '/Game/VirtualRealityBP/Maps/MotionControllerMap.MotionControllerMap_C' with ClassGeneratedBy '/Game/VirtualRealityBP/Maps/MotionControllerMap.MotionControllerMap:PersistentLevel.MotionControllerMap'
[2018.04.19-15.40.18:976][373]LogBlueprintUserMessages: Early EndPlayMap Detection: Level '/Game/VirtualRealityBP/Maps/MotionControllerMap.MotionControllerMap:PersistentLevel' has LevelScriptBlueprint '/Game/VirtualRealityBP/Maps/MotionControllerMap.MotionControllerMap:PersistentLevel.MotionControllerMap' with GeneratedClass '/Game/VirtualRealityBP/Maps/MotionControllerMap.MotionControllerMap_C' with ClassGeneratedBy '/Game/VirtualRealityBP/Maps/MotionControllerMap.MotionControllerMap:PersistentLevel.MotionControllerMap'
[2018.04.19-15.40.19:022][373]LogBlueprintUserMessages: Late EndPlayMap Detection: Level '/Game/VirtualRealityBP/Maps/MotionControllerMap.MotionControllerMap:PersistentLevel' has LevelScriptBlueprint '/Game/VirtualRealityBP/Maps/MotionControllerMap.MotionControllerMap:PersistentLevel.MotionControllerMap' with GeneratedClass '/Game/VirtualRealityBP/Maps/MotionControllerMap.MotionControllerMap_C' with ClassGeneratedBy '/Game/VirtualRealityBP/Maps/MotionControllerMap.MotionControllerMap:PersistentLevel.MotionControllerMap'
[2018.04.19-15.40.21:966][475]LogTemp: Repeating last play command: Selected Viewport
[2018.04.19-15.40.22:015][475]LogBlueprintUserMessages: Early PlayInEditor Detection: Level '/Game/VirtualRealityBP/Maps/MotionControllerMap.MotionControllerMap:PersistentLevel' has LevelScriptBlueprint '/Game/VirtualRealityBP/Maps/MotionControllerMap.MotionControllerMap:PersistentLevel.MotionControllerMap' with GeneratedClass '/Game/VirtualRealityBP/Maps/MotionControllerMap.MotionControllerMap_C' with ClassGeneratedBy '/Game/VirtualRealityBP/Maps/MotionControllerMap.MotionControllerMap:PersistentLevel.MotionControllerMap'
[2018.04.19-15.40.22:015][475]LogPlayLevel: PlayLevel: No blueprints needed recompiling
[2018.04.19-15.40.22:015][475]PIE: New page: PIE session: MotionControllerMap (Apr 19, 2018, 3:40:22 PM)
[2018.04.19-15.40.22:015][475]LogPlayLevel: Creating play world package: /Game/VirtualRealityBP/Maps/UEDPIE_0_MotionControllerMap
[2018.04.19-15.40.22:056][475]LogPlayLevel: PIE: StaticDuplicateObject took: (0.041027s)
[2018.04.19-15.40.22:057][475]LogAIModule: Creating AISystem for world MotionControllerMap
[2018.04.19-15.40.22:057][475]LogPlayLevel: PIE: World Init took: (0.000990s)
[2018.04.19-15.40.22:058][475]LogPlayLevel: PIE: Created PIE world by copying editor world from /Game/VirtualRealityBP/Maps/MotionControllerMap.MotionControllerMap to /Game/VirtualRealityBP/Maps/UEDPIE_0_MotionControllerMap.MotionControllerMap (0.042498s)
[2018.04.19-15.40.22:092][475]LogInit: XAudio2 using 'Altavoces (Realtek High Definition Audio)' : 6 channels at 48 kHz using 32 bits per sample (channel mask 0x3f)
[2018.04.19-15.40.22:160][475]LogInit: FAudioDevice initialized.
[2018.04.19-15.40.22:202][475]LogUObjectGlobals: Warning: Failed to find object 'Class None.'
[2018.04.19-15.40.22:202][475]LogLoad: Game class is 'GameModeBase'
[2018.04.19-15.40.22:209][475]LogWorld: Bringing World /Game/VirtualRealityBP/Maps/UEDPIE_0_MotionControllerMap.MotionControllerMap up for play (max tick rate 60) at 2018.04.19-15.40.22
[2018.04.19-15.40.22:210][475]LogWorld: Bringing up level for play took: 0.007695
[2018.04.19-15.40.22:213][475]PIE: Play in editor start time for /Game/VirtualRealityBP/Maps/UEDPIE_0_MotionControllerMap -0.707
[2018.04.19-15.40.22:214][475]LogBlueprintUserMessages: Late PlayInEditor Detection: Level '/Game/VirtualRealityBP/Maps/MotionControllerMap.MotionControllerMap:PersistentLevel' has LevelScriptBlueprint '/Game/VirtualRealityBP/Maps/MotionControllerMap.MotionControllerMap:PersistentLevel.MotionControllerMap' with GeneratedClass '/Game/VirtualRealityBP/Maps/MotionControllerMap.MotionControllerMap_C' with ClassGeneratedBy '/Game/VirtualRealityBP/Maps/MotionControllerMap.MotionControllerMap:PersistentLevel.MotionControllerMap'
[2018.04.19-15.40.31:680][889]LogBlueprintUserMessages: Early EndPlayMap Detection: Level '/Game/VirtualRealityBP/Maps/MotionControllerMap.MotionControllerMap:PersistentLevel' has LevelScriptBlueprint '/Game/VirtualRealityBP/Maps/MotionControllerMap.MotionControllerMap:PersistentLevel.MotionControllerMap' with GeneratedClass '/Game/VirtualRealityBP/Maps/MotionControllerMap.MotionControllerMap_C' with ClassGeneratedBy '/Game/VirtualRealityBP/Maps/MotionControllerMap.MotionControllerMap:PersistentLevel.MotionControllerMap'
[2018.04.19-15.40.31:740][889]LogBlueprintUserMessages: Late EndPlayMap Detection: Level '/Game/VirtualRealityBP/Maps/MotionControllerMap.MotionControllerMap:PersistentLevel' has LevelScriptBlueprint '/Game/VirtualRealityBP/Maps/MotionControllerMap.MotionControllerMap:PersistentLevel.MotionControllerMap' with GeneratedClass '/Game/VirtualRealityBP/Maps/MotionControllerMap.MotionControllerMap_C' with ClassGeneratedBy '/Game/VirtualRealityBP/Maps/MotionControllerMap.MotionControllerMap:PersistentLevel.MotionControllerMap'
[2018.04.19-15.40.39:305][149]LogTemp: Repeating last play command: Selected Viewport
[2018.04.19-15.40.39:325][149]LogBlueprintUserMessages: Early PlayInEditor Detection: Level '/Game/VirtualRealityBP/Maps/MotionControllerMap.MotionControllerMap:PersistentLevel' has LevelScriptBlueprint '/Game/VirtualRealityBP/Maps/MotionControllerMap.MotionControllerMap:PersistentLevel.MotionControllerMap' with GeneratedClass '/Game/VirtualRealityBP/Maps/MotionControllerMap.MotionControllerMap_C' with ClassGeneratedBy '/Game/VirtualRealityBP/Maps/MotionControllerMap.MotionControllerMap:PersistentLevel.MotionControllerMap'
[2018.04.19-15.40.39:325][149]BlueprintLog: New page: Pre-Play auto-recompile
[2018.04.19-15.40.39:378][149]LogPlayLevel: [PlayLevel] Compiling SoundManager before play...
[2018.04.19-15.40.39:754][149]LogPlayLevel: PlayLevel: Blueprint regeneration took 429 ms (1 blueprints)
[2018.04.19-15.40.39:754][149]PIE: New page: PIE session: MotionControllerMap (Apr 19, 2018, 3:40:39 PM)
[2018.04.19-15.40.39:754][149]LogPlayLevel: Creating play world package: /Game/VirtualRealityBP/Maps/UEDPIE_0_MotionControllerMap
[2018.04.19-15.40.39:797][149]LogPlayLevel: PIE: StaticDuplicateObject took: (0.041965s)
[2018.04.19-15.40.39:798][149]LogAIModule: Creating AISystem for world MotionControllerMap
[2018.04.19-15.40.39:798][149]LogPlayLevel: PIE: World Init took: (0.000926s)
[2018.04.19-15.40.39:798][149]LogPlayLevel: PIE: Created PIE world by copying editor world from /Game/VirtualRealityBP/Maps/MotionControllerMap.MotionControllerMap to /Game/VirtualRealityBP/Maps/UEDPIE_0_MotionControllerMap.MotionControllerMap (0.043349s)
[2018.04.19-15.40.39:830][149]LogInit: XAudio2 using 'Altavoces (Realtek High Definition Audio)' : 6 channels at 48 kHz using 32 bits per sample (channel mask 0x3f)
[2018.04.19-15.40.39:898][149]LogInit: FAudioDevice initialized.
[2018.04.19-15.40.39:936][149]LogUObjectGlobals: Warning: Failed to find object 'Class None.'
[2018.04.19-15.40.39:936][149]LogLoad: Game class is 'GameModeBase'
[2018.04.19-15.40.39:945][149]LogWorld: Bringing World /Game/VirtualRealityBP/Maps/UEDPIE_0_MotionControllerMap.MotionControllerMap up for play (max tick rate 60) at 2018.04.19-15.40.39
[2018.04.19-15.40.39:946][149]LogWorld: Bringing up level for play took: 0.009212
[2018.04.19-15.40.39:950][149]PIE: Play in editor start time for /Game/VirtualRealityBP/Maps/UEDPIE_0_MotionControllerMap 1.031
[2018.04.19-15.40.39:951][149]LogBlueprintUserMessages: Late PlayInEditor Detection: Level '/Game/VirtualRealityBP/Maps/MotionControllerMap.MotionControllerMap:PersistentLevel' has LevelScriptBlueprint '/Game/VirtualRealityBP/Maps/MotionControllerMap.MotionControllerMap:PersistentLevel.MotionControllerMap' with GeneratedClass '/Game/VirtualRealityBP/Maps/MotionControllerMap.MotionControllerMap_C' with ClassGeneratedBy '/Game/VirtualRealityBP/Maps/MotionControllerMap.MotionControllerMap:PersistentLevel.MotionControllerMap'
[2018.04.19-15.41.43:719][297]LogBlueprintUserMessages: Early EndPlayMap Detection: Level '/Game/VirtualRealityBP/Maps/MotionControllerMap.MotionControllerMap:PersistentLevel' has LevelScriptBlueprint '/Game/VirtualRealityBP/Maps/MotionControllerMap.MotionControllerMap:PersistentLevel.MotionControllerMap' with GeneratedClass '/Game/VirtualRealityBP/Maps/MotionControllerMap.MotionControllerMap_C' with ClassGeneratedBy '/Game/VirtualRealityBP/Maps/MotionControllerMap.MotionControllerMap:PersistentLevel.MotionControllerMap'
[2018.04.19-15.41.43:759][297]LogBlueprintUserMessages: Late EndPlayMap Detection: Level '/Game/VirtualRealityBP/Maps/MotionControllerMap.MotionControllerMap:PersistentLevel' has LevelScriptBlueprint '/Game/VirtualRealityBP/Maps/MotionControllerMap.MotionControllerMap:PersistentLevel.MotionControllerMap' with GeneratedClass '/Game/VirtualRealityBP/Maps/MotionControllerMap.MotionControllerMap_C' with ClassGeneratedBy '/Game/VirtualRealityBP/Maps/MotionControllerMap.MotionControllerMap:PersistentLevel.MotionControllerMap'
[2018.04.19-15.42.03:742][ 47]LogEditorViewport: Clicking on Actor (LMB): StaticMeshActor (greekColumn)
[2018.04.19-15.42.04:417][ 71]Cmd: CAMERA ALIGN ACTIVEVIEWPORTONLY
[2018.04.19-15.42.12:248][362]LogEditorViewport: Clicking on Actor (LMB): BP_LavaLamp_C (BP_LavaLamp)
[2018.04.19-15.42.13:078][392]Cmd: CAMERA ALIGN ACTIVEVIEWPORTONLY
[2018.04.19-15.42.17:539][556]Cmd: CAMERA ALIGN ACTIVEVIEWPORTONLY
[2018.04.19-15.42.20:745][669]Cmd: CAMERA ALIGN ACTIVEVIEWPORTONLY
[2018.04.19-15.42.28:508][958]Cmd: CAMERA ALIGN ACTIVEVIEWPORTONLY
[2018.04.19-15.42.33:548][148]LogEditorViewport: Clicking on Actor (LMB): BP_Cactus_C (BP_Cactus4)
[2018.04.19-15.42.44:723][530]LogEditorViewport: Clicking on Actor (LMB): BP_Cactus_C (BP_Cactus3)
[2018.04.19-15.42.45:454][556]Cmd: DELETE
[2018.04.19-15.42.45:454][556]Cmd: ACTOR DELETE
[2018.04.19-15.42.45:545][556]LogEditorActor: Deleted Actor: BP_Cactus_C
[2018.04.19-15.42.45:565][556]LogEditorActor: Deleted 1 Actors (0.029 secs)
[2018.04.19-15.42.45:989][573]LogEditorViewport: Clicking on Actor (LMB): BP_Cactus_C (BP_Cactus)
[2018.04.19-15.42.46:084][574]Cmd: DELETE
[2018.04.19-15.42.46:084][574]Cmd: ACTOR DELETE
[2018.04.19-15.42.46:093][574]LogEditorActor: Deleted Actor: BP_Cactus_C
[2018.04.19-15.42.46:114][574]LogEditorActor: Deleted 1 Actors (0.029 secs)
[2018.04.19-15.42.46:669][596]LogEditorViewport: Clicking on Actor (LMB): BP_albums_C (BP_albums)
[2018.04.19-15.42.47:494][626]Cmd: CAMERA ALIGN ACTIVEVIEWPORTONLY
[2018.04.19-15.42.51:260][766]Cmd: CAMERA ALIGN ACTIVEVIEWPORTONLY
[2018.04.19-15.42.54:146][872]LogEditorViewport: Clicking on Actor (LMB): TeddyBear_C (TeddyBear)
[2018.04.19-15.43.03:154][110]LogEditorViewport: Clicking on Actor (LMB): BP_Cactus_C (BP_Cactus4)
[2018.04.19-15.43.28:412][825]Cmd: OBJ SAVEPACKAGE PACKAGE="/Game/Assets/Ang/plants/plantB" FILE="../../../../../../Documentos/Unreal Projects/VRaporwave/VRaporwave/Content/Assets/Ang/plants/plantB.uasset" SILENT=true
[2018.04.19-15.43.28:446][825]LogSavePackage: Save=26.07ms
[2018.04.19-15.43.28:446][825]LogSavePackage: Moving '../../../../../../Documentos/Unreal Projects/VRaporwave/VRaporwave/Saved/plantBF8ED416D4A195F9CD9001CA4FD4E54E1.tmp' to '../../../../../../Documentos/Unreal Projects/VRaporwave/VRaporwave/Content/Assets/Ang/plants/plantB.uasset'
[2018.04.19-15.43.28:458][825]LogSavePackage: Display: Finished SavePackage ../../../../../../Documentos/Unreal Projects/VRaporwave/VRaporwave/Content/Assets/Ang/plants/plantB.uasset
[2018.04.19-15.43.31:993][939]LogEditorViewport: Clicking on Actor (LMB): Lamp_C (Lamp)
[2018.04.19-15.44.23:854][429]Cmd: OBJ SAVEPACKAGE PACKAGE="/Game/Assets/Lamp2" FILE="../../../../../../Documentos/Unreal Projects/VRaporwave/VRaporwave/Content/Assets/Lamp2.uasset" SILENT=true
[2018.04.19-15.44.23:884][429]LogSavePackage: Save=23.69ms
[2018.04.19-15.44.23:884][429]LogSavePackage: Moving '../../../../../../Documentos/Unreal Projects/VRaporwave/VRaporwave/Saved/Lamp246BF5C4447910F3CFBE4D4B826070DEB.tmp' to '../../../../../../Documentos/Unreal Projects/VRaporwave/VRaporwave/Content/Assets/Lamp2.uasset'
[2018.04.19-15.44.23:899][429]LogSavePackage: Display: Finished SavePackage ../../../../../../Documentos/Unreal Projects/VRaporwave/VRaporwave/Content/Assets/Lamp2.uasset
[2018.04.19-15.44.30:725][571]LogSavePackage: Save=172.77ms
[2018.04.19-15.44.30:725][571]LogSavePackage: Moving '../../../../../../Documentos/Unreal Projects/VRaporwave/VRaporwave/Saved/SoundManager43D9230B495944467FCD119C8B9D0E3E.tmp' to '../../../../../../Documentos/Unreal Projects/VRaporwave/VRaporwave/Content/VirtualRealityBP/Blueprints/SoundManager.uasset'
[2018.04.19-15.44.30:729][571]LogSavePackage: Display: Finished SavePackage ../../../../../../Documentos/Unreal Projects/VRaporwave/VRaporwave/Content/VirtualRealityBP/Blueprints/SoundManager.uasset
[2018.04.19-15.44.36:338][571]LogSavePackage: Save=751.39ms
[2018.04.19-15.44.36:338][571]LogSavePackage: Moving '../../../../../../Documentos/Unreal Projects/VRaporwave/VRaporwave/Saved/MotionControllerMapA1B06C2A4D25FACAAE6622886CA0B804.tmp' to '../../../../../../Documentos/Unreal Projects/VRaporwave/VRaporwave/Content/VirtualRealityBP/Maps/MotionControllerMap.umap'
[2018.04.19-15.44.36:342][571]LogSavePackage: Display: Finished SavePackage ../../../../../../Documentos/Unreal Projects/VRaporwave/VRaporwave/Content/VirtualRealityBP/Maps/MotionControllerMap.umap
[2018.04.19-15.44.36:384][571]LogFileHelpers: Saving map 'MotionControllerMap' took 5.615
