Log file open, 05/09/18 16:55:24
LogWindows: Failed to load 'aqProf.dll' (GetLastError=126)
LogWindows: File 'aqProf.dll' does not exist
LogWindows: Failed to load 'VtuneApi.dll' (GetLastError=126)
LogWindows: File 'VtuneApi.dll' does not exist
LogWindows: Failed to load 'VtuneApi32e.dll' (GetLastError=126)
LogWindows: File 'VtuneApi32e.dll' does not exist
LogInit: Display: Running engine for game: VRaporwave
LogPlatformFile: Not using cached read wrapper
LogInit: Display: RandInit(-1905781740) SRandInit(-1905781740).
LogInit: Read version file with build ID '3709383'
LogInit: Overriding engine version to CL 3832480, compatible CL 3709383
LogInit: Registered custom module enumerator with build ID '3709383'
LogTaskGraph: Started task graph with 5 named threads and 14 total threads with 3 sets of task threads.
LogStats: Stats thread started at 0.238380
LogD3D11RHI: Aftermath initialized
LogModuleManager: Display: Found up-to-date module file ../../../Engine/Plugins/2D/Paper2D/Binaries/Win64/UE4Editor-Paper2D.dll (API version 3709383).
LogModuleManager: Display: Found up-to-date module file ../../../Engine/Plugins/2D/Paper2D/Binaries/Win64/UE4Editor-Paper2DEditor.dll (API version 3709383).
LogModuleManager: Display: Found up-to-date module file ../../../Engine/Plugins/2D/Paper2D/Binaries/Win64/UE4Editor-PaperSpriteSheetImporter.dll (API version 3709383).
LogModuleManager: Display: Found up-to-date module file ../../../Engine/Plugins/2D/Paper2D/Binaries/Win64/UE4Editor-PaperTiledImporter.dll (API version 3709383).
LogModuleManager: Display: Found up-to-date module file ../../../Engine/Plugins/2D/Paper2D/Binaries/Win64/UE4Editor-SmartSnapping.dll (API version 3709383).
LogModuleManager: Display: Found up-to-date module file ../../../Engine/Plugins/Blendables/LightPropagationVolume/Binaries/Win64/UE4Editor-LightPropagationVolumeRuntime.dll (API version 3709383).
LogModuleManager: Display: Found up-to-date module file ../../../Engine/Plugins/Blendables/LightPropagationVolume/Binaries/Win64/UE4Editor-LightPropagationVolumeEditor.dll (API version 3709383).
LogModuleManager: Display: Found up-to-date module file ../../../Engine/Plugins/Developer/GitSourceControl/Binaries/Win64/UE4Editor-GitSourceControl.dll (API version 3709383).
LogModuleManager: Display: Found up-to-date module file ../../../Engine/Plugins/Developer/PerforceSourceControl/Binaries/Win64/UE4Editor-PerforceSourceControl.dll (API version 3709383).
LogModuleManager: Display: Found up-to-date module file ../../../Engine/Plugins/Developer/SubversionSourceControl/Binaries/Win64/UE4Editor-SubversionSourceControl.dll (API version 3709383).
LogModuleManager: Display: Found up-to-date module file ../../../Engine/Plugins/Developer/UObjectPlugin/Binaries/Win64/UE4Editor-UObjectPlugin.dll (API version 3709383).
LogModuleManager: Display: Found up-to-date module file ../../../Engine/Plugins/Developer/VisualStudioCodeSourceCodeAccess/Binaries/Win64/UE4Editor-VisualStudioCodeSourceCodeAccess.dll (API version 3709383).
LogModuleManager: Display: Found up-to-date module file ../../../Engine/Plugins/Developer/VisualStudioSourceCodeAccess/Binaries/Win64/UE4Editor-VisualStudioSourceCodeAccess.dll (API version 3709383).
LogModuleManager: Display: Found up-to-date module file ../../../Engine/Plugins/Editor/AssetManagerEditor/Binaries/Win64/UE4Editor-AssetManagerEditor.dll (API version 3709383).
LogModuleManager: Display: Found up-to-date module file ../../../Engine/Plugins/Editor/AudioCapture/Binaries/Win64/UE4Editor-AudioCapture.dll (API version 3709383).
LogModuleManager: Display: Found up-to-date module file ../../../Engine/Plugins/Editor/FacialAnimation/Binaries/Win64/UE4Editor-FacialAnimation.dll (API version 3709383).
LogModuleManager: Display: Found up-to-date module file ../../../Engine/Plugins/Editor/FacialAnimation/Binaries/Win64/UE4Editor-FacialAnimationEditor.dll (API version 3709383).
LogModuleManager: Display: Found up-to-date module file ../../../Engine/Plugins/Editor/GameplayTagsEditor/Binaries/Win64/UE4Editor-GameplayTagsEditor.dll (API version 3709383).
LogModuleManager: Display: Found up-to-date module file ../../../Engine/Plugins/Editor/MobileLauncherProfileWizard/Binaries/Win64/UE4Editor-MobileLauncherProfileWizard.dll (API version 3709383).
LogModuleManager: Display: Found up-to-date module file ../../../Engine/Plugins/Editor/PluginBrowser/Binaries/Win64/UE4Editor-PluginBrowser.dll (API version 3709383).
LogModuleManager: Display: Found up-to-date module file ../../../Engine/Plugins/Editor/SpeedTreeImporter/Binaries/Win64/UE4Editor-SpeedTreeImporter.dll (API version 3709383).
LogModuleManager: Display: Found up-to-date module file ../../../Engine/Plugins/Experimental/AlembicImporter/Binaries/Win64/UE4Editor-AlembicImporter.dll (API version 3709383).
LogModuleManager: Display: Found up-to-date module file ../../../Engine/Plugins/Experimental/AlembicImporter/Binaries/Win64/UE4Editor-AlembicLibrary.dll (API version 3709383).
LogModuleManager: Display: Found up-to-date module file ../../../Engine/Plugins/Experimental/CharacterAI/Binaries/Win64/UE4Editor-CharacterAI.dll (API version 3709383).
LogModuleManager: Display: Found up-to-date module file ../../../Engine/Plugins/Experimental/HTML5Networking/Binaries/Win64/UE4Editor-HTML5Networking.dll (API version 3709383).
LogModuleManager: Display: Found up-to-date module file ../../../Engine/Plugins/Media/AndroidMedia/Binaries/Win64/UE4Editor-AndroidMediaEditor.dll (API version 3709383).
LogModuleManager: Display: Found up-to-date module file ../../../Engine/Plugins/Media/AndroidMedia/Binaries/Win64/UE4Editor-AndroidMediaFactory.dll (API version 3709383).
LogModuleManager: Display: Found up-to-date module file ../../../Engine/Plugins/Media/AvfMedia/Binaries/Win64/UE4Editor-AvfMediaEditor.dll (API version 3709383).
LogModuleManager: Display: Found up-to-date module file ../../../Engine/Plugins/Media/AvfMedia/Binaries/Win64/UE4Editor-AvfMediaFactory.dll (API version 3709383).
LogModuleManager: Display: Found up-to-date module file ../../../Engine/Plugins/Media/AvfMedia/Binaries/Win64/UE4Editor-AvfMediaFactory.dll (API version 3709383).
LogModuleManager: Display: Found up-to-date module file ../../../Engine/Plugins/Media/ImgMedia/Binaries/Win64/UE4Editor-ImgMedia.dll (API version 3709383).
LogModuleManager: Display: Found up-to-date module file ../../../Engine/Plugins/Media/ImgMedia/Binaries/Win64/UE4Editor-ImgMediaEditor.dll (API version 3709383).
LogModuleManager: Display: Found up-to-date module file ../../../Engine/Plugins/Media/ImgMedia/Binaries/Win64/UE4Editor-ImgMediaFactory.dll (API version 3709383).
LogModuleManager: Display: Found up-to-date module file ../../../Engine/Plugins/Media/ImgMedia/Binaries/Win64/UE4Editor-ImgMediaFactory.dll (API version 3709383).
LogModuleManager: Display: Found up-to-date module file ../../../Engine/Plugins/Media/ImgMedia/Binaries/Win64/UE4Editor-OpenExrWrapper.dll (API version 3709383).
LogModuleManager: Display: Found up-to-date module file ../../../Engine/Plugins/Media/MediaCompositing/Binaries/Win64/UE4Editor-MediaCompositing.dll (API version 3709383).
LogModuleManager: Display: Found up-to-date module file ../../../Engine/Plugins/Media/MediaCompositing/Binaries/Win64/UE4Editor-MediaCompositingEditor.dll (API version 3709383).
LogModuleManager: Display: Found up-to-date module file ../../../Engine/Plugins/Media/MediaPlayerEditor/Binaries/Win64/UE4Editor-MediaPlayerEditor.dll (API version 3709383).
LogModuleManager: Display: Found up-to-date module file ../../../Engine/Plugins/Media/WmfMedia/Binaries/Win64/UE4Editor-WmfMedia.dll (API version 3709383).
LogModuleManager: Display: Found up-to-date module file ../../../Engine/Plugins/Media/WmfMedia/Binaries/Win64/UE4Editor-WmfMediaEditor.dll (API version 3709383).
LogModuleManager: Display: Found up-to-date module file ../../../Engine/Plugins/Media/WmfMedia/Binaries/Win64/UE4Editor-WmfMediaFactory.dll (API version 3709383).
LogModuleManager: Display: Found up-to-date module file ../../../Engine/Plugins/Media/WmfMedia/Binaries/Win64/UE4Editor-WmfMediaFactory.dll (API version 3709383).
LogModuleManager: Display: Found up-to-date module file ../../../Engine/Plugins/Messaging/TcpMessaging/Binaries/Win64/UE4Editor-TcpMessaging.dll (API version 3709383).
LogModuleManager: Display: Found up-to-date module file ../../../Engine/Plugins/Messaging/UdpMessaging/Binaries/Win64/UE4Editor-UdpMessaging.dll (API version 3709383).
LogModuleManager: Display: Found up-to-date module file ../../../Engine/Plugins/MovieScene/ActorSequence/Binaries/Win64/UE4Editor-ActorSequence.dll (API version 3709383).
LogModuleManager: Display: Found up-to-date module file ../../../Engine/Plugins/MovieScene/LevelSequenceEditor/Binaries/Win64/UE4Editor-LevelSequenceEditor.dll (API version 3709383).
LogModuleManager: Display: Found up-to-date module file ../../../Engine/Plugins/MovieScene/MatineeToLevelSequence/Binaries/Win64/UE4Editor-MatineeToLevelSequence.dll (API version 3709383).
LogModuleManager: Display: Found up-to-date module file ../../../Engine/Plugins/Online/OnlineSubsystem/Binaries/Win64/UE4Editor-OnlineSubsystem.dll (API version 3709383).
LogModuleManager: Display: Found up-to-date module file ../../../Engine/Plugins/Runtime/AndroidPermission/Binaries/Win64/UE4Editor-AndroidPermission.dll (API version 3709383).
LogModuleManager: Display: Found up-to-date module file ../../../Engine/Plugins/Online/OnlineSubsystemNull/Binaries/Win64/UE4Editor-OnlineSubsystemNull.dll (API version 3709383).
LogModuleManager: Display: Found up-to-date module file ../../../Engine/Plugins/Online/OnlineSubsystemUtils/Binaries/Win64/UE4Editor-OnlineSubsystemUtils.dll (API version 3709383).
LogModuleManager: Display: Found up-to-date module file ../../../Engine/Plugins/Online/OnlineSubsystemUtils/Binaries/Win64/UE4Editor-OnlineBlueprintSupport.dll (API version 3709383).
LogModuleManager: Display: Found up-to-date module file ../../../Engine/Plugins/Runtime/AndroidDeviceProfileSelector/Binaries/Win64/UE4Editor-AndroidDeviceProfileSelector.dll (API version 3709383).
LogModuleManager: Display: Found up-to-date module file ../../../Engine/Plugins/Runtime/AppleARKit/Binaries/Win64/UE4Editor-AppleARKit.dll (API version 3709383).
LogModuleManager: Display: Found up-to-date module file ../../../Engine/Plugins/Runtime/ArchVisCharacter/Binaries/Win64/UE4Editor-ArchVisCharacter.dll (API version 3709383).
LogModuleManager: Display: Found up-to-date module file ../../../Engine/Plugins/Runtime/CableComponent/Binaries/Win64/UE4Editor-CableComponent.dll (API version 3709383).
LogModuleManager: Display: Found up-to-date module file ../../../Engine/Plugins/Runtime/CustomMeshComponent/Binaries/Win64/UE4Editor-CustomMeshComponent.dll (API version 3709383).
LogModuleManager: Display: Found up-to-date module file ../../../Engine/Plugins/Runtime/ExampleDeviceProfileSelector/Binaries/Win64/UE4Editor-ExampleDeviceProfileSelector.dll (API version 3709383).
LogModuleManager: Display: Found up-to-date module file ../../../Engine/Plugins/Runtime/ImmediatePhysics/Binaries/Win64/UE4Editor-ImmediatePhysics.dll (API version 3709383).
LogModuleManager: Display: Found up-to-date module file ../../../Engine/Plugins/Runtime/ImmediatePhysics/Binaries/Win64/UE4Editor-ImmediatePhysicsEditor.dll (API version 3709383).
LogModuleManager: Display: Found up-to-date module file ../../../Engine/Plugins/Runtime/LocationServicesBPLibrary/Binaries/Win64/UE4Editor-LocationServicesBPLibrary.dll (API version 3709383).
LogModuleManager: Display: Found up-to-date module file ../../../Engine/Plugins/Runtime/MobilePatchingUtils/Binaries/Win64/UE4Editor-MobilePatchingUtils.dll (API version 3709383).
LogModuleManager: Display: Found up-to-date module file ../../../Engine/Plugins/Runtime/Oculus/OculusVR/Binaries/Win64/UE4Editor-OculusHMD.dll (API version 3709383).
LogModuleManager: Display: Found up-to-date module file ../../../Engine/Plugins/Runtime/Oculus/OculusVR/Binaries/Win64/UE4Editor-OculusInput.dll (API version 3709383).
LogModuleManager: Display: Found up-to-date module file ../../../Engine/Plugins/Runtime/Oculus/OculusVR/Binaries/Win64/UE4Editor-OculusEditor.dll (API version 3709383).
LogModuleManager: Display: Found up-to-date module file ../../../Engine/Plugins/Runtime/PhysXVehicles/Binaries/Win64/UE4Editor-PhysXVehicles.dll (API version 3709383).
LogModuleManager: Display: Found up-to-date module file ../../../Engine/Plugins/Runtime/PhysXVehicles/Binaries/Win64/UE4Editor-PhysXVehiclesEditor.dll (API version 3709383).
LogModuleManager: Display: Found up-to-date module file ../../../Engine/Plugins/Runtime/ProceduralMeshComponent/Binaries/Win64/UE4Editor-ProceduralMeshComponent.dll (API version 3709383).
LogModuleManager: Display: Found up-to-date module file ../../../Engine/Plugins/Runtime/ProceduralMeshComponent/Binaries/Win64/UE4Editor-ProceduralMeshComponentEditor.dll (API version 3709383).
LogModuleManager: Display: Found up-to-date module file ../../../Engine/Plugins/Runtime/RuntimePhysXCooking/Binaries/Win64/UE4Editor-RuntimePhysXCooking.dll (API version 3709383).
LogModuleManager: Display: Found up-to-date module file ../../../Engine/Plugins/Runtime/Steam/SteamVR/Binaries/Win64/UE4Editor-SteamVR.dll (API version 3709383).
LogModuleManager: Display: Found up-to-date module file ../../../Engine/Plugins/Runtime/Steam/SteamVR/Binaries/Win64/UE4Editor-SteamVRController.dll (API version 3709383).
LogModuleManager: Display: Found up-to-date module file ../../../Engine/Plugins/Runtime/WindowsMoviePlayer/Binaries/Win64/UE4Editor-WindowsMoviePlayer.dll (API version 3709383).
LogPluginManager: Mounting plugin Paper2D
LogPluginManager: Mounting plugin LightPropagationVolume
LogPluginManager: Mounting plugin CodeLiteSourceCodeAccess
LogPluginManager: Mounting plugin GitSourceControl
LogPluginManager: Mounting plugin KDevelopSourceCodeAccess
LogPluginManager: Mounting plugin NullSourceCodeAccess
LogPluginManager: Mounting plugin PerforceSourceControl
LogPluginManager: Mounting plugin SubversionSourceControl
LogPluginManager: Mounting plugin UObjectPlugin
LogPluginManager: Mounting plugin VisualStudioCodeSourceCodeAccess
LogPluginManager: Mounting plugin VisualStudioSourceCodeAccess
LogPluginManager: Mounting plugin XCodeSourceCodeAccess
LogPluginManager: Mounting plugin AssetManagerEditor
LogPluginManager: Mounting plugin AudioCapture
LogPluginManager: Mounting plugin FacialAnimation
LogPluginManager: Mounting plugin GameplayTagsEditor
LogPluginManager: Mounting plugin MobileLauncherProfileWizard
LogPluginManager: Mounting plugin PluginBrowser
LogPluginManager: Mounting plugin SpeedTreeImporter
LogPluginManager: Mounting plugin AlembicImporter
LogPluginManager: Mounting plugin CharacterAI
LogPluginManager: Mounting plugin HTML5Networking
LogPluginManager: Mounting plugin AndroidMedia
LogPluginManager: Mounting plugin AvfMedia
LogPluginManager: Mounting plugin ImgMedia
LogPluginManager: Mounting plugin MediaCompositing
LogPluginManager: Mounting plugin MediaPlayerEditor
LogPluginManager: Mounting plugin WmfMedia
LogPluginManager: Mounting plugin TcpMessaging
LogPluginManager: Mounting plugin UdpMessaging
LogPluginManager: Mounting plugin ActorSequence
LogPluginManager: Mounting plugin LevelSequenceEditor
LogPluginManager: Mounting plugin MatineeToLevelSequence
LogPluginManager: Mounting plugin OnlineSubsystemGooglePlay
LogPluginManager: Mounting plugin OnlineSubsystemIOS
LogPluginManager: Mounting plugin OnlineSubsystem
LogPluginManager: Mounting plugin OnlineSubsystemNull
LogPluginManager: Mounting plugin OnlineSubsystemUtils
LogPluginManager: Mounting plugin AndroidDeviceProfileSelector
LogPluginManager: Mounting plugin AndroidMoviePlayer
LogPluginManager: Mounting plugin AndroidPermission
LogPluginManager: Mounting plugin AppleARKit
LogPluginManager: Mounting plugin AppleMoviePlayer
LogPluginManager: Mounting plugin ArchVisCharacter
LogPluginManager: Mounting plugin CableComponent
LogPluginManager: Mounting plugin CustomMeshComponent
LogPluginManager: Mounting plugin ExampleDeviceProfileSelector
LogPluginManager: Mounting plugin GoogleCloudMessaging
LogPluginManager: Mounting plugin ImmediatePhysics
LogPluginManager: Mounting plugin IOSDeviceProfileSelector
LogPluginManager: Mounting plugin LinuxDeviceProfileSelector
LogPluginManager: Mounting plugin LocationServicesBPLibrary
LogPluginManager: Mounting plugin MobilePatchingUtils
LogPluginManager: Mounting plugin OculusVR
LogPluginManager: Plugin shader directory ../../../Engine/Plugins/Runtime/Oculus/OculusVR/Shaders found
LogPluginManager: Mapping shader source directory ../../../Engine/Plugins/Runtime/Oculus/OculusVR/Shaders to virtual directory /Plugin/OculusVR
LogPluginManager: Mounting plugin PhysXVehicles
LogPluginManager: Mounting plugin ProceduralMeshComponent
LogPluginManager: Mounting plugin RuntimePhysXCooking
LogPluginManager: Mounting plugin SteamVR
LogPluginManager: Mounting plugin WindowsMoviePlayer
LogInit: Using libcurl 7.47.1
LogInit:  - built for x86_64-pc-win32
LogInit:  - supports SSL with OpenSSL/1.0.2g
LogInit:  - supports HTTP deflate (compression) using libz 1.2.8
LogInit:  - other features:
LogInit:      CURL_VERSION_SSL
LogInit:      CURL_VERSION_LIBZ
LogInit:      CURL_VERSION_IPV6
LogInit:      CURL_VERSION_ASYNCHDNS
LogInit:      CURL_VERSION_LARGEFILE
LogInit:      CURL_VERSION_IDN
LogInit:  CurlRequestOptions (configurable via config and command line):
LogInit:  - bVerifyPeer = false  - Libcurl will NOT verify peer certificate
LogInit:  - bUseHttpProxy = false  - Libcurl will NOT use HTTP proxy
LogInit:  - bDontReuseConnections = false  - Libcurl will reuse connections
LogInit:  - CertBundlePath = nullptr  - Libcurl will use whatever was configured at build time.
LogHMD: Failed initializing OVRPlugin 1.19.0
LogInit: Build: ++UE4+Release-4.18-CL-3832480
LogInit: Engine Version: 4.18.3-3832480+++UE4+Release-4.18
LogInit: Compatible Engine Version: 4.18.0-3709383+++UE4+Release-4.18
LogInit: Net CL: 3709383
LogDevObjectVersion: Number of dev versions registered: 16
LogDevObjectVersion:   Dev-Blueprints (B0D832E4-1F89-4F0D-ACCF-7EB736FD4AA2): 10
LogDevObjectVersion:   Dev-Build (E1C64328-A22C-4D53-A36C-8E866417BD8C): 0
LogDevObjectVersion:   Dev-Core (375EC13C-06E4-48FB-B500-84F0262A717E): 2
LogDevObjectVersion:   Dev-Editor (E4B068ED-F494-42E9-A231-DA0B2E46BB41): 20
LogDevObjectVersion:   Dev-Framework (CFFC743F-43B0-4480-9391-14DF171D2073): 30
LogDevObjectVersion:   Dev-Mobile (B02B49B5-BB20-44E9-A304-32B752E40360): 0
LogDevObjectVersion:   Dev-Networking (A4E4105C-59A1-49B5-A7C5-40C4547EDFEE): 0
LogDevObjectVersion:   Dev-Online (39C831C9-5AE6-47DC-9A44-9C173E1C8E7C): 0
LogDevObjectVersion:   Dev-Physics (78F01B33-EBEA-4F98-B9B4-84EACCB95AA2): 0
LogDevObjectVersion:   Dev-Platform (6631380F-2D4D-43E0-8009-CF276956A95A): 0
LogDevObjectVersion:   Dev-Rendering (12F88B9F-8875-4AFC-A67C-D90C383ABD29): 20
LogDevObjectVersion:   Dev-Sequencer (7B5AE74C-D270-4C10-A958-57980B212A5A): 4
LogDevObjectVersion:   Dev-VR (D7296918-1DD6-4BDD-9DE2-64A83CC13884): 0
LogDevObjectVersion:   Dev-LoadTimes (C2A15278-BFE7-4AFE-6C17-90FF531DF755): 1
LogDevObjectVersion:   Private-Geometry (6EACA3D4-40EC-4CC1-B786-8BED09428FC5): 1
LogDevObjectVersion:   Dev-AnimPhys (29E575DD-E0A3-4627-9D10-D276232CDCEA): 12
LogInit: Compiled (64-bit): Jan 12 2018 02:04:55
LogInit: Compiled with Visual C++: 19.00.24215.01
LogInit: Build Configuration: Development
LogInit: Branch Name: ++UE4+Release-4.18
LogInit: Command line:  
LogInit: Base directory: C:/Program Files/Epic Games/UE_4.18/Engine/Binaries/Win64/
LogInit: Installed Engine Build: 1
LogInit: Presizing for max 8388607 objects, including 0 objects not considered by GC, pre-allocating 0 bytes for permanent pool.
LogInit: Object subsystem initialized
[2018.05.09-15.55.35:051][  0]LogInit: Selected Device Profile: [Windows]
[2018.05.09-15.55.35:051][  0]LogInit: Applying CVar settings loaded from the selected device profile: [Windows]
[2018.05.09-15.55.35:099][  0]LogInit: Computer: GRANDPOPO
[2018.05.09-15.55.35:099][  0]LogInit: User: kinop
[2018.05.09-15.55.35:099][  0]LogInit: CPU Page size=4096, Cores=4
[2018.05.09-15.55.35:099][  0]LogInit: High frequency timer resolution =2.531253 MHz
[2018.05.09-15.55.35:099][  0]LogMemory: Memory total: Physical=31.9GB (32GB approx)
[2018.05.09-15.55.35:099][  0]LogMemory: Platform Memory Stats for Windows
[2018.05.09-15.55.35:099][  0]LogMemory: Process Physical Memory: 277.99 MB used, 277.99 MB peak
[2018.05.09-15.55.35:099][  0]LogMemory: Process Virtual Memory: 276.75 MB used, 276.75 MB peak
[2018.05.09-15.55.35:099][  0]LogMemory: Physical Memory: 14891.49 MB used,  17812.36 MB free, 32703.86 MB total
[2018.05.09-15.55.35:099][  0]LogMemory: Virtual Memory: 700.11 MB used,  17812.36 MB free, 134217728.00 MB total
[2018.05.09-15.55.35:797][  0]LogInit: Using OS detected language (en-GB).
[2018.05.09-15.55.35:797][  0]LogInit: Using OS detected locale (en-GB).
[2018.05.09-15.55.35:907][  0]LogTextLocalizationManager: No specific localization for 'en-GB' exists, so the 'en' localization will be used.
[2018.05.09-15.55.36:533][  0]LogInit: Setting process to per monitor DPI aware
[2018.05.09-15.55.39:949][  0]LogD3D11RHI: D3D11 adapters:
[2018.05.09-15.55.40:000][  0]LogD3D11RHI:    0. 'NVIDIA GeForce GTX 980M' (Feature Level 11_0)
[2018.05.09-15.55.40:000][  0]LogD3D11RHI:       8152/0/16351 MB DedicatedVideo/DedicatedSystem/SharedSystem, Outputs:1, VendorId:0x10de
[2018.05.09-15.55.40:003][  0]LogD3D11RHI:    1. 'Microsoft Basic Render Driver' (Feature Level 11_0)
[2018.05.09-15.55.40:003][  0]LogD3D11RHI:       0/0/16351 MB DedicatedVideo/DedicatedSystem/SharedSystem, Outputs:0, VendorId:0x1414
[2018.05.09-15.55.40:003][  0]LogD3D11RHI: Chosen D3D11 Adapter: 0
[2018.05.09-15.55.40:011][  0]LogD3D11RHI: Creating new Direct3DDevice
[2018.05.09-15.55.40:011][  0]LogD3D11RHI:     GPU DeviceId: 0x1617 (for the marketing name, search the web for "GPU Device Id")
[2018.05.09-15.55.40:011][  0]LogWindows: EnumDisplayDevices:
[2018.05.09-15.55.40:011][  0]LogWindows:    0. 'NVIDIA GeForce GTX 980M' (P:1 D:1)
[2018.05.09-15.55.40:011][  0]LogWindows:    1. 'NVIDIA GeForce GTX 980M' (P:0 D:0)
[2018.05.09-15.55.40:012][  0]LogWindows:    2. 'NVIDIA GeForce GTX 980M' (P:0 D:0)
[2018.05.09-15.55.40:012][  0]LogWindows:    3. 'NVIDIA GeForce GTX 980M' (P:0 D:0)
[2018.05.09-15.55.40:012][  0]LogWindows: DebugString: FoundDriverCount:4 
[2018.05.09-15.55.40:012][  0]LogD3D11RHI:     Adapter Name: NVIDIA GeForce GTX 980M
[2018.05.09-15.55.40:012][  0]LogD3D11RHI:   Driver Version: 369.09 (internal:21.21.13.6909, unified:369.09)
[2018.05.09-15.55.40:012][  0]LogD3D11RHI:      Driver Date: 8-1-2016
[2018.05.09-15.55.40:012][  0]LogRHI: Texture pool is 5706 MB (70% of 8152 MB)
[2018.05.09-15.55.40:050][  0]LogD3D11RHI: Async texture creation enabled
[2018.05.09-15.55.40:063][  0]LogD3D11RHI: GPU Timing Frequency: 1000.000000 (Debug: 2 1)
[2018.05.09-15.55.40:106][  0]LogShaderCompilers: Guid format shader working directory is -17 characters bigger than the processId version (D:/projects pc/uni/vaporwave/new_project/VRaporwave/VRaporwave/Intermediate/Shaders/WorkingDirectory/21136/).
[2018.05.09-15.55.40:106][  0]LogShaderCompilers: Cleaned the shader compiler working directory 'C:/Users/kinop/AppData/Local/Temp/UnrealShaderWorkingDir/2946ABA641D7262F768F25B248152E54/'.
[2018.05.09-15.55.40:106][  0]LogShaderCompilers: Display: Using Local Shader Compiler.
[2018.05.09-15.55.42:854][  0]LogTemp: Display: Loaded TP AllDesktopTargetPlatform
[2018.05.09-15.55.42:943][  0]LogTemp: Display: Loaded TP MacClientTargetPlatform
[2018.05.09-15.55.43:020][  0]LogTemp: Display: Loaded TP MacNoEditorTargetPlatform
[2018.05.09-15.55.43:094][  0]LogTemp: Display: Loaded TP MacServerTargetPlatform
[2018.05.09-15.55.43:176][  0]LogTemp: Display: Loaded TP MacTargetPlatform
[2018.05.09-15.55.43:265][  0]LogTemp: Display: Loaded TP WindowsClientTargetPlatform
[2018.05.09-15.55.43:343][  0]LogTemp: Display: Loaded TP WindowsNoEditorTargetPlatform
[2018.05.09-15.55.43:449][  0]LogTemp: Display: Loaded TP WindowsServerTargetPlatform
[2018.05.09-15.55.43:519][  0]LogTemp: Display: Loaded TP WindowsTargetPlatform
[2018.05.09-15.55.43:593][  0]LogTemp: Display: Loaded TP Android_ASTCTargetPlatform
[2018.05.09-15.55.43:672][  0]LogTemp: Display: Loaded TP Android_ATCTargetPlatform
[2018.05.09-15.55.43:752][  0]LogTemp: Display: Loaded TP Android_DXTTargetPlatform
[2018.05.09-15.55.43:827][  0]LogTemp: Display: Loaded TP Android_ETC1TargetPlatform
[2018.05.09-15.55.43:909][  0]LogTemp: Display: Loaded TP Android_ETC2TargetPlatform
[2018.05.09-15.55.44:075][  0]LogTemp: Display: Loaded TP Android_MultiTargetPlatform
[2018.05.09-15.55.44:075][  0]LogTemp: Display: Loaded TP Android_PVRTCTargetPlatform
[2018.05.09-15.55.44:171][  0]LogTemp: Display: Loaded TP AndroidTargetPlatform
[2018.05.09-15.55.44:250][  0]LogTemp: Display: Loaded TP HTML5TargetPlatform
[2018.05.09-15.55.44:395][  0]LogTemp: Display: Loaded TP IOSTargetPlatform
[2018.05.09-15.55.44:444][  0]LogTemp: Display: Loaded TP TVOSTargetPlatform
[2018.05.09-15.55.44:579][  0]LogTemp: Display: Loaded TP LinuxClientTargetPlatform
[2018.05.09-15.55.44:659][  0]LogTemp: Display: Loaded TP LinuxNoEditorTargetPlatform
[2018.05.09-15.55.44:736][  0]LogTemp: Display: Loaded TP LinuxServerTargetPlatform
[2018.05.09-15.55.44:817][  0]LogTemp: Display: Loaded TP LinuxTargetPlatform
[2018.05.09-15.55.44:817][  0]LogTargetPlatformManager: Display: Building Assets For Windows
[2018.05.09-15.55.46:145][  0]LogDerivedDataCache: Display: Max Cache Size: 512 MB
[2018.05.09-15.55.46:234][  0]LogDerivedDataCache: Loaded boot cache 0.09s 79MB C:/Users/kinop/AppData/Local/UnrealEngine/4.18/DerivedDataCache/Boot.ddc.
[2018.05.09-15.55.46:235][  0]LogDerivedDataCache: Display: Loaded Boot cache: C:/Users/kinop/AppData/Local/UnrealEngine/4.18/DerivedDataCache/Boot.ddc
[2018.05.09-15.55.46:235][  0]LogDerivedDataCache: FDerivedDataBackendGraph:  Pak pak cache file D:/projects pc/uni/vaporwave/new_project/VRaporwave/VRaporwave/DerivedDataCache/DDC.ddp not found, will not use a pak cache.
[2018.05.09-15.55.46:235][  0]LogDerivedDataCache: Unable to find inner node Pak for hierarchical cache Hierarchy.
[2018.05.09-15.55.46:235][  0]LogDerivedDataCache: FDerivedDataBackendGraph:  CompressedPak pak cache file D:/projects pc/uni/vaporwave/new_project/VRaporwave/VRaporwave/DerivedDataCache/Compressed.ddp not found, will not use a pak cache.
[2018.05.09-15.55.46:235][  0]LogDerivedDataCache: Unable to find inner node CompressedPak for hierarchical cache Hierarchy.
[2018.05.09-15.55.46:263][  0]LogDerivedDataCache: Display: Pak cache opened for reading ../../../Engine/DerivedDataCache/Compressed.ddp.
[2018.05.09-15.55.46:278][  0]LogDerivedDataCache: Using Local data cache path C:/Users/kinop/AppData/Local/UnrealEngine/Common/DerivedDataCache: Writable
[2018.05.09-15.55.46:290][  0]LogMaterial: Verifying Global Shaders for PCD3D_SM5
[2018.05.09-15.55.46:290][  0]LogSlate: Using Freetype 2.6.0
[2018.05.09-15.55.46:304][  0]LogSlate: SlateFontCache - WITH_FREETYPE: 1, WITH_HARFBUZZ: 1
[2018.05.09-15.55.46:304][  0]LogSlate: SlateFontCache - WITH_FREETYPE: 1, WITH_HARFBUZZ: 1
[2018.05.09-15.55.47:513][  0]LogInit: Selected Device Profile: [Windows]
[2018.05.09-15.55.48:467][  0]LogSimplygon: Simplygon DLL not present - disabling.
[2018.05.09-15.55.48:535][  0]LogMeshReduction: Using SimplygonSwarm for distributed automatic mesh merging
[2018.05.09-15.55.48:535][  0]LogMeshReduction: Using QuadricMeshReduction for automatic static mesh reduction
[2018.05.09-15.55.48:535][  0]LogMeshReduction: No automatic skeletal mesh reduction module available
[2018.05.09-15.55.48:535][  0]LogMeshReduction: No automatic mesh merging module available
[2018.05.09-15.55.48:535][  0]LogMeshMerging: No automatic mesh merging module available
[2018.05.09-15.55.48:793][  0]LogNetVersion: VRaporwave , NetCL: 3709383, EngineNetVer: 2, GameNetVer: 0 (Checksum: 722213230)
[2018.05.09-15.55.49:637][  0]LogAssetRegistry: FAssetRegistry took 0.0314 seconds to start up
[2018.05.09-15.55.52:878][  0]LogPackageLocalizationCache: Processed 7 localized package path(s) for 2 prioritized culture(s) in 0.241262 seconds
[2018.05.09-15.55.52:885][  0]LogUObjectArray: 35870 objects as part of root set at end of initial load.
[2018.05.09-15.55.52:886][  0]LogUObjectAllocator: 7363696 out of 0 bytes used by permanent object pool.
[2018.05.09-15.55.52:886][  0]LogUObjectArray: CloseDisregardForGC: 0/0 objects in disregard for GC pool
[2018.05.09-15.55.52:994][  0]LogInit: WinSock: version 1.1 (2.2), MaxSocks=32767, MaxUdp=65467
[2018.05.09-15.56.05:839][  0]LogTcpMessaging: Initializing TcpMessaging bridge
[2018.05.09-15.56.06:091][  0]LogUdpMessaging: Initializing bridge on interface 0.0.0.0:0 to multicast group 230.0.0.1:6666.
[2018.05.09-15.56.08:746][  0]LogMaterial: Uniform references updated for custom material expression Custom.
[2018.05.09-15.56.10:335][  0]SourceControl: Source control is disabled
[2018.05.09-15.56.16:324][  0]LogAndroidPermission: UAndroidPermissionCallbackProxy::GetInstance
[2018.05.09-15.56.17:951][  0]LogOcInput: OculusInput pre-init called
[2018.05.09-15.56.18:942][  0]LogEngine: Initializing Engine...
[2018.05.09-15.56.19:064][  0]LogHMD: Failed to initialize OpenVR with code 126
[2018.05.09-15.56.19:677][  0]LogStats: UGameplayTagsManager::ConstructGameplayTagTree: Construct from data asset -  0.000 s
[2018.05.09-15.56.19:677][  0]LogStats: UGameplayTagsManager::ConstructGameplayTagTree: GameplayTagTreeChangedEvent.Broadcast -  0.000 s
[2018.05.09-15.56.20:351][  0]LogAIModule: Creating AISystem for world Untitled
[2018.05.09-15.56.20:377][  0]LogInit: XAudio2 using 'Speakers (Realtek High Definition Audio)' : 2 channels at 48 kHz using 32 bits per sample (channel mask 0x3)
[2018.05.09-15.56.20:616][  0]LogInit: FAudioDevice initialized.
[2018.05.09-15.56.20:678][  0]LogDerivedDataCache: Saved boot cache 0.06s 79MB C:/Users/kinop/AppData/Local/UnrealEngine/4.18/DerivedDataCache/Boot.ddc.
[2018.05.09-15.56.20:695][  0]LogInit: Texture streaming: Enabled
[2018.05.09-15.56.20:922][  0]LogEngineSessionManager: EngineSessionManager initialized
[2018.05.09-15.56.21:299][  0]LogInit: Transaction tracking system initialized
[2018.05.09-15.56.22:048][  0]BlueprintLog: New page: Editor Load
[2018.05.09-15.56.26:758][  0]LocalizationService: Localization service is disabled
[2018.05.09-15.56.30:425][  0]LogConsoleResponse: Display: 
[2018.05.09-15.56.31:967][  0]LogCook: Display: Max memory allowance for cook 16384mb min free memory 0mb
[2018.05.09-15.56.31:967][  0]LogCook: Display: Mobile HDR setting 1
[2018.05.09-15.56.31:967][  0]LogGameplayTags: Display: UGameplayTagsManager::DoneAddingNativeTags. DelegateIsBound: 0
[2018.05.09-15.56.33:662][  0]LogFileCache: Scanning file cache for directory 'D:/projects pc/uni/vaporwave/new_project/VRaporwave/VRaporwave/Content/' took 0.36s
[2018.05.09-15.56.44:489][  0]Cmd: MAP LOAD FILE="D:/projects pc/uni/vaporwave/new_project/VRaporwave/VRaporwave/Content/VirtualRealityBP/Maps/MotionControllerMap.umap" TEMPLATE=0 SHOWPROGRESS=1 FEATURELEVEL=3
[2018.05.09-15.56.44:490][  0]LightingResults: New page: Lighting Build
[2018.05.09-15.56.44:812][  0]MapCheck: New page: Map Check
[2018.05.09-15.56.44:812][  0]LightingResults: New page: Lighting Build
[2018.05.09-15.56.44:957][  0]LogLinker: Warning: Can't find file '/Game/StarterContent/Props/Materials/M_Frame'
[2018.05.09-15.56.44:957][  0]LogLinker: Warning: Can't find file for asset '/Game/StarterContent/Props/Materials/M_Frame' while loading D:/projects pc/uni/vaporwave/new_project/VRaporwave/VRaporwave/Content/Modular_Room/SM_DoorFrame.uasset.
[2018.05.09-15.56.44:957][  0]LoadErrors: Error: /Game/Modular_Room/SM_DoorFrame : Can't find file for asset. /Game/StarterContent/Props/Materials/M_Frame
[2018.05.09-15.56.44:957][  0]LogLinker: Warning: Can't find file '/Game/StarterContent/Props/Materials/M_Frame'
[2018.05.09-15.56.44:957][  0]LogLinker: Warning: Can't find file for asset '/Game/StarterContent/Props/Materials/M_Frame' while loading D:/projects pc/uni/vaporwave/new_project/VRaporwave/VRaporwave/Content/Modular_Room/SM_DoorFrame.uasset.
[2018.05.09-15.56.44:957][  0]LoadErrors: Error: /Game/Modular_Room/SM_DoorFrame : Can't find file for asset. /Game/StarterContent/Props/Materials/M_Frame
[2018.05.09-15.56.50:571][  0]LogLinker: Warning: Can't find file '/Game/Assets/Ang/CoffeeTables/Rio1_SHD'
[2018.05.09-15.56.50:571][  0]LogLinker: Warning: Can't find file for asset '/Game/Assets/Ang/CoffeeTables/Rio1_SHD' while loading D:/projects pc/uni/vaporwave/new_project/VRaporwave/VRaporwave/Content/VirtualRealityBP/Blueprints/Bottle.uasset.
[2018.05.09-15.56.50:571][  0]LoadErrors: Error: /Game/VirtualRealityBP/Blueprints/Bottle : Can't find file for asset. /Game/Assets/Ang/CoffeeTables/Rio1_SHD
[2018.05.09-15.56.50:622][  0]LogLinker: Warning: Can't find file '/Game/Assets/Ang/CoffeeTables/Rio1_SHD'
[2018.05.09-15.56.50:622][  0]LogLinker: Warning: Can't find file for asset '/Game/Assets/Ang/CoffeeTables/Rio1_SHD' while loading D:/projects pc/uni/vaporwave/new_project/VRaporwave/VRaporwave/Content/VirtualRealityBP/Blueprints/Bottle.uasset.
[2018.05.09-15.56.50:622][  0]LoadErrors: Error: /Game/VirtualRealityBP/Blueprints/Bottle : Can't find file for asset. /Game/Assets/Ang/CoffeeTables/Rio1_SHD
[2018.05.09-15.56.50:633][  0]LogLinker: Warning: Can't find file '/Game/Assets/Ang/CoffeeTables/Rio1_SHD'
[2018.05.09-15.56.50:633][  0]LogLinker: Warning: Can't find file for asset '/Game/Assets/Ang/CoffeeTables/Rio1_SHD' while loading D:/projects pc/uni/vaporwave/new_project/VRaporwave/VRaporwave/Content/VirtualRealityBP/Maps/MotionControllerMap.umap.
[2018.05.09-15.56.50:633][  0]LoadErrors: Error: /Game/VirtualRealityBP/Maps/MotionControllerMap : Can't find file for asset. /Game/Assets/Ang/CoffeeTables/Rio1_SHD
[2018.05.09-15.56.50:633][  0]LogLinker: Warning: Can't find file '/Game/Assets/Ang/CoffeeTables/Rio1_SHD'
[2018.05.09-15.56.50:633][  0]LogLinker: Warning: Can't find file for asset '/Game/Assets/Ang/CoffeeTables/Rio1_SHD' while loading D:/projects pc/uni/vaporwave/new_project/VRaporwave/VRaporwave/Content/VirtualRealityBP/Maps/MotionControllerMap.umap.
[2018.05.09-15.56.50:633][  0]LoadErrors: Error: /Game/VirtualRealityBP/Maps/MotionControllerMap : Can't find file for asset. /Game/Assets/Ang/CoffeeTables/Rio1_SHD
[2018.05.09-15.56.50:634][  0]LogLinker: Warning: Can't find file '/Game/Assets/Ang/CoffeeTables/Rio1_SHD'
[2018.05.09-15.56.50:634][  0]LoadErrors: Failed to load /Game/Assets/Ang/CoffeeTables/Rio1_SHD.Rio1_SHD Referenced by StaticMeshComponent0
[2018.05.09-15.56.50:634][  0]LogLinker: Warning: Can't find file for asset '/Game/Assets/Ang/CoffeeTables/Rio1_SHD' while loading D:/projects pc/uni/vaporwave/new_project/VRaporwave/VRaporwave/Content/VirtualRealityBP/Maps/MotionControllerMap.umap.
[2018.05.09-15.56.50:634][  0]LoadErrors: Failed to load /Game/Assets/Ang/CoffeeTables/Rio1_SHD.Rio1_SHD Referenced by StaticMeshComponent0
[2018.05.09-15.56.50:634][  0]LoadErrors: Error: /Game/VirtualRealityBP/Maps/MotionControllerMap : Can't find file for asset. /Game/Assets/Ang/CoffeeTables/Rio1_SHD
[2018.05.09-15.56.55:526][  0]LogLinker: Warning: Can't find file '/Game/StarterContent/Props/Materials/M_Frame'
[2018.05.09-15.56.55:526][  0]LoadErrors: Failed to load /Game/StarterContent/Props/Materials/M_Frame.M_Frame Referenced by SM_DoorFrame
[2018.05.09-15.56.55:526][  0]LogLinker: Warning: Can't find file for asset '/Game/StarterContent/Props/Materials/M_Frame' while loading NULL.
[2018.05.09-15.56.55:526][  0]LoadErrors: Failed to load /Game/StarterContent/Props/Materials/M_Frame.M_Frame Referenced by SM_DoorFrame
[2018.05.09-15.57.02:218][  0]LogAIModule: Creating AISystem for world MotionControllerMap
[2018.05.09-15.57.03:265][  0]LogEditorServer: Finished looking for orphan Actors (0.000 secs)
[2018.05.09-15.57.03:311][  0]Cmd: MAP CHECKDEP NOCLEARLOG
[2018.05.09-15.57.03:578][  0]MapCheck: Map check complete: 0 Error(s), 0 Warning(s), took 267.095ms to complete.
[2018.05.09-15.57.03:578][  0]LogFileHelpers: Loading map 'MotionControllerMap' took 19.089
[2018.05.09-15.57.03:874][  0]LogCollectionManager: Loaded 0 collections in 0.022246 seconds
[2018.05.09-15.57.04:157][  0]LogFileCache: Scanning file cache for directory 'D:/projects pc/uni/vaporwave/new_project/VRaporwave/VRaporwave/Saved/Collections/' took 0.02s
[2018.05.09-15.57.04:157][  0]LogFileCache: Scanning file cache for directory 'D:/projects pc/uni/vaporwave/new_project/VRaporwave/VRaporwave/Content/Developers/kinop/Collections/' took 0.01s
[2018.05.09-15.57.04:157][  0]LogFileCache: Scanning file cache for directory 'D:/projects pc/uni/vaporwave/new_project/VRaporwave/VRaporwave/Content/Collections/' took 0.12s
[2018.05.09-15.57.04:157][  0]LogCollectionManager: Rebuilt the GUID cache for 0 collections in 0.000000 seconds
[2018.05.09-15.57.04:169][  0]LogContentBrowser: Native class hierarchy populated in 0.0118 seconds. Added 2363 classes and 519 folders.
[2018.05.09-15.57.04:268][  0]LogContentBrowser: Native class hierarchy updated for 'WidgetCarousel' in 0.0003 seconds. Added 0 classes and 0 folders.
[2018.05.09-15.57.05:194][  0]LogContentBrowser: Native class hierarchy updated for 'AddContentDialog' in 0.0003 seconds. Added 0 classes and 0 folders.
[2018.05.09-15.57.05:260][  0]LogContentBrowser: Native class hierarchy updated for 'SceneOutliner' in 0.0006 seconds. Added 1 classes and 2 folders.
[2018.05.09-15.57.05:476][  0]LogSlate: Took 0.007197 seconds to synchronously load lazily loaded font '../../../Engine/Content/Slate/Fonts/Roboto-Regular.ttf' (155K)
[2018.05.09-15.57.05:483][  0]LogSlate: Took 0.005035 seconds to synchronously load lazily loaded font '../../../Engine/Content/Slate/Fonts/Roboto-Bold.ttf' (160K)
[2018.05.09-15.57.05:496][  0]LogSlate: Took 0.006501 seconds to synchronously load lazily loaded font '../../../Engine/Content/Editor/Slate/Fonts/FontAwesome.ttf' (139K)
[2018.05.09-15.57.05:711][  0]LogRenderer: Reallocating scene render targets to support 1920x1080 Format 10 NumSamples 1 (Frame:1).
[2018.05.09-15.57.06:026][  0]LogContentBrowser: Native class hierarchy updated for 'HierarchicalLODOutliner' in 0.0004 seconds. Added 1 classes and 2 folders.
[2018.05.09-15.57.06:027][  0]LogLoad: (Engine Initialization) Total time: 111.57 seconds
[2018.05.09-15.57.06:027][  0]LogLoad: (Engine Initialization) Total Blueprint compile time: 0.00 seconds
[2018.05.09-15.57.06:027][  0]LogExternalProfiler: Found external profiler: VSPerf
[2018.05.09-15.57.06:027][  0]LogExternalProfiler: Using external profiler: VSPerf
[2018.05.09-15.57.06:395][  0]SourceControl: On branch master
[2018.05.09-15.57.06:395][  0]SourceControl: Your branch is up-to-date with 'origin/master'.
[2018.05.09-15.57.06:395][  0]SourceControl: Changes not staged for commit:
[2018.05.09-15.57.06:395][  0]SourceControl:   (use "git add <file>..." to update what will be committed)
[2018.05.09-15.57.06:396][  0]SourceControl:   (use "git checkout -- <file>..." to discard changes in working directory)
[2018.05.09-15.57.06:396][  0]SourceControl: 	modified:   VRaporwave/Intermediate/CachedAssetRegistry.bin
[2018.05.09-15.57.06:396][  0]SourceControl: 	modified:   VRaporwave/Saved/Config/Windows/Engine.ini
[2018.05.09-15.57.06:396][  0]SourceControl: 	modified:   VRaporwave/Saved/Logs/VRaporwave.log
[2018.05.09-15.57.06:396][  0]SourceControl: Untracked files:
[2018.05.09-15.57.06:396][  0]SourceControl:   (use "git add <file>..." to include in what will be committed)
[2018.05.09-15.57.06:396][  0]SourceControl: 	VRaporwave/Content/Collections/
[2018.05.09-15.57.06:396][  0]SourceControl: 	VRaporwave/Saved/Config/CrashReportClient/UE4CC-Windows-95E8D65D4A996803EF216C8E0B561096/
[2018.05.09-15.57.06:396][  0]SourceControl: 	VRaporwave/Saved/Logs/VRaporwave-backup-2018.05.09-16.55.23.log
[2018.05.09-15.57.06:396][  0]SourceControl: no changes added to commit (use "git add" and/or "git commit -a")
[2018.05.09-15.57.06:396][  0]LogContentStreaming: Texture pool size now 1000 MB
[2018.05.09-15.57.06:518][  0]LogSlate: Took 0.005675 seconds to synchronously load lazily loaded font '../../../Engine/Content/Slate/Fonts/Roboto-Light.ttf' (159K)
[2018.05.09-15.57.07:056][  2]LogAssetRegistry: Asset discovery search completed in 77.4413 seconds
[2018.05.09-15.57.07:058][  2]LogCollectionManager: Rebuilt the object cache for 0 collections in 0.000000 seconds (found 0 objects)
[2018.05.09-15.57.07:059][  2]LogCollectionManager: Fixed up redirectors for 0 collections in 0.000106 seconds (updated 0 objects)
[2018.05.09-15.58.02:108][167]LogInit: XAudio2 using 'Headphones (Rift Audio)' : 2 channels at 48 kHz using 16 bits per sample (channel mask 0x3)
[2018.05.09-16.01.11:375][817]LogSlate: Took 0.000155 seconds to synchronously load lazily loaded font '../../../Engine/Content/Slate/Fonts/Roboto-Light.ttf' (159K)
[2018.05.09-16.01.11:566][817]LogFactory: FactoryCreateFile: StaticMesh with FbxFactory (0 0 D:/projects pc/uni/vaporwave/models/plane.obj)
[2018.05.09-16.01.11:591][817]LogFbx: Loading FBX Scene from D:/projects pc/uni/vaporwave/models/plane.obj
[2018.05.09-16.01.11:592][817]LogFbx: FBX Scene Loaded Succesfully
[2018.05.09-16.01.13:161][817]LogFbx: Loading FBX Scene from D:/projects pc/uni/vaporwave/models/plane.obj
[2018.05.09-16.01.13:162][817]LogFbx: FBX Scene Loaded Succesfully
[2018.05.09-16.01.13:162][817]LogFbx: Warning: Triangulating static mesh pPlane1
[2018.05.09-16.01.13:163][817]LogStaticMesh: Building static mesh plane...
[2018.05.09-16.01.13:164][817]LogStaticMesh: Built static mesh [0.00s] /Game/Assets/lateAdition/plane.plane
[2018.05.09-16.01.13:174][817]FBXImport: Warning: No smoothing group information was found in this FBX scene.  Please make sure to enable the 'Export Smoothing Groups' option in the FBX Exporter plug-in before exporting the file.  Even for tools that don't support smoothing groups, the FBX Exporter will generate appropriate smoothing data at export-time so that correct vertex normals can be inferred while importing. 
[2018.05.09-16.01.30:316][466]LogSlate: Took 0.000320 seconds to synchronously load lazily loaded font '../../../Engine/Content/Slate/Fonts/Roboto-Light.ttf' (159K)
[2018.05.09-16.01.59:890][744]LogEditorViewport: Clicking on Actor (LMB): StaticMeshActor (BackWall)
[2018.05.09-16.02.13:931][286]Cmd: TRANSACTION UNDO
[2018.05.09-16.02.13:931][286]LogEditorTransaction: Undo Scale Actors
[2018.05.09-16.02.16:735][386]Cmd: TRANSACTION UNDO
[2018.05.09-16.02.16:735][386]LogEditorTransaction: Undo Scale Actors
[2018.05.09-16.02.41:191][210]LogEditorViewport: Clicking on Actor (LMB): StaticMeshActor (BackWall)
[2018.05.09-16.02.42:300][244]LogEditorViewport: Clicking on Actor (LMB): StaticMeshActor (BackWall)
[2018.05.09-16.02.43:031][266]LogEditorViewport: Clicking on Actor (LMB): StaticMeshActor (Plane12)
[2018.05.09-16.04.55:221][858]LogFactory: FactoryCreateFile: StaticMesh with FbxFactory (0 0 D:/projects pc/uni/vaporwave/models/plane02.obj)
[2018.05.09-16.04.55:239][858]LogFbx: Loading FBX Scene from D:/projects pc/uni/vaporwave/models/plane02.obj
[2018.05.09-16.04.55:240][858]LogFbx: FBX Scene Loaded Succesfully
[2018.05.09-16.04.56:578][858]LogFbx: Loading FBX Scene from D:/projects pc/uni/vaporwave/models/plane02.obj
[2018.05.09-16.04.56:578][858]LogFbx: FBX Scene Loaded Succesfully
[2018.05.09-16.04.56:579][858]LogFbx: Warning: Triangulating static mesh pPlane1
[2018.05.09-16.04.56:580][858]LogStaticMesh: Building static mesh plane02...
[2018.05.09-16.04.56:580][858]LogStaticMesh: Built static mesh [0.00s] /Game/Assets/lateAdition/plane02.plane02
[2018.05.09-16.04.56:589][858]FBXImport: Warning: No smoothing group information was found in this FBX scene.  Please make sure to enable the 'Export Smoothing Groups' option in the FBX Exporter plug-in before exporting the file.  Even for tools that don't support smoothing groups, the FBX Exporter will generate appropriate smoothing data at export-time so that correct vertex normals can be inferred while importing. 
[2018.05.09-16.05.52:695][849]LogEditorViewport: Clicking on Actor (LMB): StaticMeshActor (Plane12)
[2018.05.09-16.06.22:042][734]LogEditorViewport: Clicking on Actor (LMB): StaticMeshActor (Plane3)
[2018.05.09-16.06.33:026][ 61]LogEditorViewport: Clicking on Actor (LMB): StaticMeshActor (Plane4)
[2018.05.09-16.06.37:568][195]LogEditorViewport: Clicking on Actor (LMB): StaticMeshActor (Plane5)
[2018.05.09-16.06.43:281][363]LogEditorViewport: Clicking on Actor (LMB): StaticMeshActor (Plane6)
[2018.05.09-16.06.46:294][449]LogEditorViewport: Clicking on Actor (LMB): StaticMeshActor (Plane7)
[2018.05.09-16.06.50:164][561]LogEditorViewport: Clicking on Actor (LMB): StaticMeshActor (Plane5)
[2018.05.09-16.07.01:933][899]LogEditorViewport: Clicking on Actor (LMB): StaticMeshActor (Plane10)
[2018.05.09-16.07.30:727][710]LogEditorViewport: Clicking on Actor (LMB): StaticMeshActor (Plane3)
[2018.05.09-16.07.50:848][342]LogEditorViewport: Clicking on Actor (LMB): StaticMeshActor (Sphere)
[2018.05.09-16.07.55:847][485]Cmd: TRANSACTION UNDO
[2018.05.09-16.07.55:847][485]LogEditorTransaction: Undo Clicking on Actors
[2018.05.09-16.07.58:446][586]LogEditorViewport: Clicking on Actor (LMB): StaticMeshActor (cityBASENObuildings02)
[2018.05.09-16.07.59:357][610]LogEditorViewport: Clicking on Actor (LMB): StaticMeshActor (Plane3)
[2018.05.09-16.08.06:101][806]LogEditorViewport: Clicking on Actor (LMB): StaticMeshActor (cityBASENObuildings02)
[2018.05.09-16.08.17:653][146]LogEditorViewport: Clicking on Actor (LMB): StaticMeshActor (Plane4)
[2018.05.09-16.08.25:207][367]LogEditorViewport: Clicking on Actor (LMB): StaticMeshActor (Plane5)
[2018.05.09-16.08.29:668][496]LogEditorViewport: Clicking on Actor (LMB): StaticMeshActor (Plane6)
[2018.05.09-16.08.34:635][640]LogEditorViewport: Clicking on Actor (LMB): StaticMeshActor (cityBASENObuildings02)
[2018.05.09-16.08.35:480][663]LogEditorViewport: Clicking on Actor (LMB): StaticMeshActor (Plane7)
[2018.05.09-16.08.42:266][862]LogEditorViewport: Clicking on Actor (LMB): StaticMeshActor (Plane2)
[2018.05.09-16.08.51:068][152]LogEditorViewport: Clicking on Actor (LMB): StaticMeshActor (cityBASENObuildings02)
[2018.05.09-16.09.17:849][932]LogEditorViewport: Clicking on Actor (LMB): StaticMeshActor (Plane3)
[2018.05.09-16.09.29:931][279]LogEditorViewport: Clicking on Actor (LMB): StaticMeshActor (Plane4)
[2018.05.09-16.09.50:700][880]LogEditorViewport: Clicking on Actor (LMB): Landscape (Landscape)
[2018.05.09-16.09.51:623][905]LogEditorViewport: Clicking on Actor (LMB): StaticMeshActor (cityBASENObuildings02)
[2018.05.09-16.09.52:433][927]LogEditorViewport: Clicking on Actor (LMB): StaticMeshActor (cityBASENObuildings02)
[2018.05.09-16.09.53:159][947]LogEditorViewport: Clicking on Actor (LMB): StaticMeshActor (Plane5)
[2018.05.09-16.10.01:201][171]LogEditorViewport: Clicking on Actor (CTRL LMB): StaticMeshActor (cityBASENObuildings02)
[2018.05.09-16.10.05:951][304]LogEditorViewport: Clicking on Actor (CTRL LMB): StaticMeshActor (cityBASENObuildings02)
[2018.05.09-16.10.06:923][331]LogEditorViewport: Clicking on Actor (CTRL LMB): StaticMeshActor (Plane7)
[2018.05.09-16.10.16:072][596]LogEditorViewport: Clicking on Actor (LMB): StaticMeshActor (roundabout)
[2018.05.09-16.10.16:980][621]LogEditorViewport: Clicking on Actor (LMB): StaticMeshActor (Plane4)
[2018.05.09-16.10.19:041][680]LogEditorViewport: Clicking on Actor (LMB): StaticMeshActor (cityBASENObuildings02)
[2018.05.09-16.10.19:778][700]LogEditorViewport: Clicking on Actor (LMB): StaticMeshActor (Plane5)
[2018.05.09-16.10.21:430][747]LogEditorViewport: Clicking on Actor (LMB): StaticMeshActor (cityBASENObuildings02)
[2018.05.09-16.10.28:476][955]LogEditorViewport: Clicking on Actor (LMB): StaticMeshActor (Plane5)
[2018.05.09-16.10.30:100][  3]LogEditorViewport: Clicking on Actor (LMB): StaticMeshActor (Plane4)
[2018.05.09-16.10.32:038][ 60]LogEditorViewport: Clicking on Actor (LMB): StaticMeshActor (Plane5)
[2018.05.09-16.10.50:848][620]LogEditorViewport: Clicking on Actor (LMB): StaticMeshActor (Plane6)
[2018.05.09-16.11.00:739][908]LogEditorViewport: Clicking on Actor (LMB): Landscape (Landscape)
[2018.05.09-16.11.01:702][933]LogEditorViewport: Clicking on Actor (LMB): StaticMeshActor (cityBASENObuildings02)
[2018.05.09-16.11.02:412][951]LogEditorViewport: Clicking on Actor (LMB): StaticMeshActor (cityBASENObuildings02)
[2018.05.09-16.11.03:060][968]LogEditorViewport: Clicking on Actor (LMB): StaticMeshActor (Plane5)
[2018.05.09-16.11.05:142][ 25]Cmd: DELETE
[2018.05.09-16.11.05:142][ 25]Cmd: ACTOR DELETE
[2018.05.09-16.11.05:155][ 25]LogEditorActor: Deleted Actor: StaticMeshActor
[2018.05.09-16.11.05:168][ 25]LogEditorActor: Deleted 1 Actors (0.025 secs)
[2018.05.09-16.11.06:471][ 62]LogEditorViewport: Clicking on Actor (LMB): StaticMeshActor (Plane4)
[2018.05.09-16.11.22:183][488]LogEditorViewport: Clicking on Actor (LMB): StaticMeshActor (Sphere)
[2018.05.09-16.11.30:428][698]LogEditorViewport: Clicking on Actor (LMB): StaticMeshActor (cityBASENObuildings02)
[2018.05.09-16.11.31:169][716]LogEditorViewport: Clicking on Actor (LMB): StaticMeshActor (cityBASENObuildings02)
[2018.05.09-16.11.31:866][733]LogEditorViewport: Clicking on Actor (LMB): StaticMeshActor (cityBASENObuildings02)
[2018.05.09-16.11.32:481][748]LogEditorViewport: Clicking on Actor (LMB): StaticMeshActor (cityBASENObuildings02)
[2018.05.09-16.11.33:053][762]LogEditorViewport: Clicking on Actor (LMB): StaticMeshActor (cityBASENObuildings02)
[2018.05.09-16.11.33:594][775]LogEditorViewport: Clicking on Actor (LMB): StaticMeshActor (cityBASENObuildings02)
[2018.05.09-16.11.34:279][792]LogEditorViewport: Clicking on Actor (LMB): StaticMeshActor (Plane6)
[2018.05.09-16.11.47:934][143]LogEditorViewport: Clicking on Actor (LMB): StaticMeshActor (Sphere)
[2018.05.09-16.12.02:514][520]LogEditorViewport: Clicking on Actor (LMB): StaticMeshActor (Plane15)
[2018.05.09-16.12.29:599][236]LogEditorViewport: Clicking on Actor (LMB): StaticMeshActor (Plane10)
[2018.05.09-16.12.50:666][761]LogEditorViewport: Clicking on Actor (LMB): StaticMeshActor (Plane12)
[2018.05.09-16.12.55:524][910]LogEditorViewport: Clicking on Actor (LMB): StaticMeshActor (Plane11)
[2018.05.09-16.13.32:446][876]LogEditorViewport: Clicking on Actor (LMB): StaticMeshActor (greekColumn2)
[2018.05.09-16.13.38:461][ 12]LogEditorViewport: Clicking on Actor (LMB): SpotLight (SpotLight15)
[2018.05.09-16.13.39:457][ 31]Cmd: DELETE
[2018.05.09-16.13.39:457][ 31]Cmd: ACTOR DELETE
[2018.05.09-16.13.39:469][ 31]LogEditorActor: Deleted Actor: SpotLight
[2018.05.09-16.13.39:481][ 31]LogEditorActor: Deleted 1 Actors (0.024 secs)
[2018.05.09-16.13.42:808][100]LogEditorViewport: Clicking on Actor (LMB): Bottle_C (Bottle4)
[2018.05.09-16.13.43:068][104]Cmd: DELETE
[2018.05.09-16.13.43:068][104]Cmd: ACTOR DELETE
[2018.05.09-16.13.43:079][104]LogEditorActor: Deleted Actor: Bottle_C
[2018.05.09-16.13.43:090][104]LogEditorActor: Deleted 1 Actors (0.021 secs)
[2018.05.09-16.13.45:698][158]LogEditorViewport: Clicking on Actor (LMB): SpotLight (SpotLight12)
[2018.05.09-16.13.46:288][169]Cmd: DELETE
[2018.05.09-16.13.46:288][169]Cmd: ACTOR DELETE
[2018.05.09-16.13.46:306][169]LogEditorActor: Deleted Actor: SpotLight
[2018.05.09-16.13.46:318][169]LogEditorActor: Deleted 1 Actors (0.030 secs)
[2018.05.09-16.14.06:066][586]LogEditorViewport: Clicking on Actor (LMB): StaticMeshActor (greekColumn2)
[2018.05.09-16.14.07:317][611]Cmd: DELETE
[2018.05.09-16.14.07:317][611]Cmd: ACTOR DELETE
[2018.05.09-16.14.07:328][611]LogEditorActor: Deleted Actor: StaticMeshActor
[2018.05.09-16.14.07:338][611]LogEditorActor: Deleted 1 Actors (0.021 secs)
[2018.05.09-16.14.21:728][896]Cmd: OBJ SAVEPACKAGE PACKAGE="/Game/Assets/lateAdition/plane02" FILE="D:/projects pc/uni/vaporwave/new_project/VRaporwave/VRaporwave/Content/Assets/lateAdition/plane02.uasset" SILENT=true
[2018.05.09-16.14.21:755][896]LogSavePackage: Save=23.59ms
[2018.05.09-16.14.21:755][896]LogSavePackage: Moving 'D:/projects pc/uni/vaporwave/new_project/VRaporwave/VRaporwave/Saved/plane02BFA2E084461B28B4756B989C1EA08675.tmp' to 'D:/projects pc/uni/vaporwave/new_project/VRaporwave/VRaporwave/Content/Assets/lateAdition/plane02.uasset'
[2018.05.09-16.14.21:767][896]LogSavePackage: Display: Finished SavePackage D:/projects pc/uni/vaporwave/new_project/VRaporwave/VRaporwave/Content/Assets/lateAdition/plane02.uasset
[2018.05.09-16.14.23:444][896]LogSavePackage: Save=1024.58ms
[2018.05.09-16.14.23:445][896]LogSavePackage: Moving 'D:/projects pc/uni/vaporwave/new_project/VRaporwave/VRaporwave/Saved/MotionControllerMap52532BA34545B30D88006CA796312FE0.tmp' to 'D:/projects pc/uni/vaporwave/new_project/VRaporwave/VRaporwave/Content/VirtualRealityBP/Maps/MotionControllerMap.umap'
[2018.05.09-16.14.23:461][896]LogSavePackage: Display: Finished SavePackage D:/projects pc/uni/vaporwave/new_project/VRaporwave/VRaporwave/Content/VirtualRealityBP/Maps/MotionControllerMap.umap
[2018.05.09-16.14.23:531][896]LogSlate: Took 0.000161 seconds to synchronously load lazily loaded font '../../../Engine/Content/Slate/Fonts/Roboto-Regular.ttf' (155K)
[2018.05.09-16.14.23:535][896]LogFileHelpers: Saving map 'MotionControllerMap' took 1.363
[2018.05.09-16.14.25:708][931]LogSavePackage: Save=1003.62ms
[2018.05.09-16.14.25:708][931]LogSavePackage: Moving 'D:/projects pc/uni/vaporwave/new_project/VRaporwave/VRaporwave/Saved/MotionControllerMapD1E4C4B24ED1086342F66B81F3975245.tmp' to 'D:/projects pc/uni/vaporwave/new_project/VRaporwave/VRaporwave/Content/VirtualRealityBP/Maps/MotionControllerMap.umap'
[2018.05.09-16.14.25:725][931]LogSavePackage: Display: Finished SavePackage D:/projects pc/uni/vaporwave/new_project/VRaporwave/VRaporwave/Content/VirtualRealityBP/Maps/MotionControllerMap.umap
[2018.05.09-16.14.26:687][931]LogSavePackage: Save=713.66ms
[2018.05.09-16.14.26:687][931]LogSavePackage: Moving 'D:/projects pc/uni/vaporwave/new_project/VRaporwave/VRaporwave/Saved/MotionControllerMap_BuiltDataA7E47AE6440A8B80AF165EAADFA6A00E.tmp' to 'D:/projects pc/uni/vaporwave/new_project/VRaporwave/VRaporwave/Content/VirtualRealityBP/Maps/MotionControllerMap_BuiltData.uasset'
[2018.05.09-16.14.26:695][931]LogSavePackage: Display: Finished SavePackage D:/projects pc/uni/vaporwave/new_project/VRaporwave/VRaporwave/Content/VirtualRealityBP/Maps/MotionControllerMap_BuiltData.uasset
[2018.05.09-16.14.28:907][ 40]SourceControl: fatal: C:/Program Files/Epic Games/UE_4.18/Engine/Content/: 'C:/Program Files/Epic Games/UE_4.18/Engine/Content/' is outside repository
[2018.05.09-16.15.00:418][ 40]LogSourceControl: FGitCheckInWorker: commit successful
[2018.05.09-16.15.00:704][ 40]SourceControl: [master 970da14] erased toby's residus, imported new plane from maya, started replacing.
[2018.05.09-16.15.00:704][ 40]SourceControl:  2 files changed, 0 insertions(+), 0 deletions(-)
[2018.05.09-16.15.00:704][ 40]SourceControl:  create mode 100644 VRaporwave/Content/Assets/lateAdition/plane02.uasset
[2018.05.09-16.15.00:720][ 40]SourceControl: Commited [master 970da14] erased toby's residus, imported new plane from maya, started replacing..
[2018.05.09-16.53.35:162][266]Cmd: QUIT_EDITOR
[2018.05.09-16.53.35:191][266]LogWindowsTextInputMethodSystem: Display: IME system now deactivated.
[2018.05.09-16.53.35:227][266]LogExit: Preparing to exit.
[2018.05.09-16.53.36:482][266]LogExit: Editor shut down
[2018.05.09-16.53.36:518][266]LogExit: Transaction tracking system shut down
[2018.05.09-16.53.37:148][266]LogDirectoryWatcher: A directory notification for '../../../Engine/Content/' was aborted.
[2018.05.09-16.53.37:149][266]LogDirectoryWatcher: A directory notification for 'D:/projects pc/uni/vaporwave/new_project/VRaporwave/VRaporwave/Content/' was aborted.
[2018.05.09-16.53.37:151][266]LogDirectoryWatcher: A directory notification for '../../../Engine/Plugins/2D/Paper2D/Content/' was aborted.
[2018.05.09-16.53.37:152][266]LogDirectoryWatcher: A directory notification for '../../../Engine/Plugins/Media/MediaCompositing/Content/' was aborted.
[2018.05.09-16.53.37:153][266]LogDirectoryWatcher: A directory notification for '../../../Engine/Plugins/Runtime/AppleARKit/Content/' was aborted.
[2018.05.09-16.53.37:154][266]LogDirectoryWatcher: A directory notification for '../../../Engine/Plugins/Runtime/Oculus/OculusVR/Content/' was aborted.
[2018.05.09-16.53.37:155][266]LogDirectoryWatcher: A directory notification for '../../../Engine/Plugins/Runtime/Steam/SteamVR/Content/' was aborted.
[2018.05.09-16.53.40:354][266]LogExit: Object subsystem successfully closed.
[2018.05.09-16.53.40:487][266]LogD3D11RHI: Shutdown
[2018.05.09-16.53.40:488][266]LogD3D11RHI: CleanupD3DDevice
[2018.05.09-16.53.40:499][266]LogD3D11RHI: ~FD3D11DynamicRHI
[2018.05.09-16.53.40:521][266]LogModuleManager: Shutting down and abandoning module HierarchicalLODUtilities (550)
[2018.05.09-16.53.40:521][266]LogModuleManager: Shutting down and abandoning module HierarchicalLODOutliner (548)
[2018.05.09-16.53.40:521][266]LogModuleManager: Shutting down and abandoning module SceneOutliner (546)
[2018.05.09-16.53.40:521][266]LogModuleManager: Shutting down and abandoning module AddContentDialog (544)
[2018.05.09-16.53.40:521][266]LogDirectoryWatcher: A directory notification for 'C:/Program Files/Epic Games/UE_4.18/FeaturePacks/' was aborted.
[2018.05.09-16.53.40:532][266]LogModuleManager: Shutting down and abandoning module WidgetCarousel (543)
[2018.05.09-16.53.40:532][266]LogModuleManager: Shutting down and abandoning module EditorWidgets (540)
[2018.05.09-16.53.40:532][266]LogModuleManager: Shutting down and abandoning module CollectionManager (538)
[2018.05.09-16.53.40:532][266]LogDirectoryWatcher: A directory notification for 'D:/projects pc/uni/vaporwave/new_project/VRaporwave/VRaporwave/Content/Collections/' was aborted.
[2018.05.09-16.53.40:534][266]LogDirectoryWatcher: A directory notification for 'D:/projects pc/uni/vaporwave/new_project/VRaporwave/VRaporwave/Content/Developers/kinop/Collections/' was aborted.
[2018.05.09-16.53.40:534][266]LogDirectoryWatcher: A directory notification for 'D:/projects pc/uni/vaporwave/new_project/VRaporwave/VRaporwave/Saved/Collections/' was aborted.
[2018.05.09-16.53.40:535][266]LogModuleManager: Shutting down and abandoning module StatsViewer (536)
[2018.05.09-16.53.40:535][266]LogModuleManager: Shutting down and abandoning module FoliageEdit (534)
[2018.05.09-16.53.40:535][266]LogModuleManager: Shutting down and abandoning module LandscapeEditor (532)
[2018.05.09-16.53.40:535][266]LogModuleManager: Shutting down and abandoning module MeshPaintMode (530)
[2018.05.09-16.53.40:535][266]LogModuleManager: Shutting down and abandoning module SceneDepthPickerMode (528)
[2018.05.09-16.53.40:535][266]LogModuleManager: Shutting down and abandoning module ActorPickerMode (526)
[2018.05.09-16.53.40:535][266]LogModuleManager: Shutting down and abandoning module GeometryMode (524)
[2018.05.09-16.53.40:535][266]LogModuleManager: Shutting down and abandoning module TextureAlignMode (522)
[2018.05.09-16.53.40:535][266]LogModuleManager: Shutting down and abandoning module BspMode (520)
[2018.05.09-16.53.40:535][266]LogModuleManager: Shutting down and abandoning module PIEPreviewDeviceProfileSelector (518)
[2018.05.09-16.53.40:535][266]LogModuleManager: Shutting down and abandoning module HardwareSurvey (516)
[2018.05.09-16.53.40:535][266]LogModuleManager: Shutting down and abandoning module SequenceRecorderSections (514)
[2018.05.09-16.53.40:536][266]LogModuleManager: Shutting down and abandoning module AutomationWorker (512)
[2018.05.09-16.53.40:536][266]LogModuleManager: Shutting down and abandoning module MatineeToLevelSequence (510)
[2018.05.09-16.53.40:536][266]LogModuleManager: Shutting down and abandoning module LevelSequenceEditor (508)
[2018.05.09-16.53.40:536][266]LogModuleManager: Shutting down and abandoning module PlacementMode (507)
[2018.05.09-16.53.40:536][266]LogModuleManager: Shutting down and abandoning module WmfMediaFactory (504)
[2018.05.09-16.53.40:536][266]LogModuleManager: Shutting down and abandoning module WmfMediaEditor (502)
[2018.05.09-16.53.40:536][266]LogModuleManager: Shutting down and abandoning module OpenExrWrapper (500)
[2018.05.09-16.53.40:536][266]LogModuleManager: Shutting down and abandoning module ImgMediaFactory (498)
[2018.05.09-16.53.40:536][266]LogModuleManager: Shutting down and abandoning module ImgMediaEditor (496)
[2018.05.09-16.53.40:536][266]LogModuleManager: Shutting down and abandoning module AvfMediaFactory (494)
[2018.05.09-16.53.40:536][266]LogModuleManager: Shutting down and abandoning module AvfMediaEditor (492)
[2018.05.09-16.53.40:536][266]LogModuleManager: Shutting down and abandoning module AndroidMediaFactory (490)
[2018.05.09-16.53.40:536][266]LogModuleManager: Shutting down and abandoning module AndroidMediaEditor (488)
[2018.05.09-16.53.40:536][266]LogModuleManager: Shutting down and abandoning module CharacterAI (486)
[2018.05.09-16.53.40:536][266]LogModuleManager: Shutting down and abandoning module AudioCapture (484)
[2018.05.09-16.53.40:536][266]LogModuleManager: Shutting down and abandoning module SequenceRecorder (483)
[2018.05.09-16.53.40:536][266]LogModuleManager: Shutting down and abandoning module SmartSnapping (480)
[2018.05.09-16.53.40:536][266]LogModuleManager: Shutting down and abandoning module SessionServices (478)
[2018.05.09-16.53.40:536][266]LogModuleManager: Shutting down and abandoning module ViewportSnapping (476)
[2018.05.09-16.53.40:536][266]LogModuleManager: Shutting down and abandoning module ViewportInteraction (474)
[2018.05.09-16.53.40:536][266]LogModuleManager: Shutting down and abandoning module ClothPainter (472)
[2018.05.09-16.53.40:537][266]LogModuleManager: Shutting down and abandoning module SkeletalMeshEditor (471)
[2018.05.09-16.53.40:537][266]LogModuleManager: Shutting down and abandoning module LogVisualizer (468)
[2018.05.09-16.53.40:537][266]LogModuleManager: Shutting down and abandoning module IntroTutorials (466)
[2018.05.09-16.53.40:537][266]LogModuleManager: Shutting down and abandoning module GameProjectGeneration (465)
[2018.05.09-16.53.40:537][266]LogModuleManager: Shutting down and abandoning module IOSPlatformEditor (462)
[2018.05.09-16.53.40:537][266]LogModuleManager: Shutting down and abandoning module HTML5PlatformEditor (460)
[2018.05.09-16.53.40:537][266]LogModuleManager: Shutting down and abandoning module AndroidPlatformEditor (458)
[2018.05.09-16.53.40:537][266]LogModuleManager: Shutting down and abandoning module AndroidDeviceDetection (457)
[2018.05.09-16.53.41:499][266]LogModuleManager: Shutting down and abandoning module WindowsPlatformEditor (454)
[2018.05.09-16.53.41:499][266]LogModuleManager: Shutting down and abandoning module IOSRuntimeSettings (452)
[2018.05.09-16.53.41:499][266]LogModuleManager: Shutting down and abandoning module AndroidRuntimeSettings (450)
[2018.05.09-16.53.41:499][266]LogModuleManager: Shutting down and abandoning module InputBindingEditor (448)
[2018.05.09-16.53.41:499][266]LogModuleManager: Shutting down and abandoning module MergeActors (446)
[2018.05.09-16.53.41:499][266]LogModuleManager: Shutting down and abandoning module SizeMap (444)
[2018.05.09-16.53.41:499][266]LogModuleManager: Shutting down and abandoning module TreeMap (442)
[2018.05.09-16.53.41:500][266]LogModuleManager: Shutting down and abandoning module ReferenceViewer (440)
[2018.05.09-16.53.41:500][266]LogModuleManager: Shutting down and abandoning module LocalizationDashboard (438)
[2018.05.09-16.53.41:500][266]LogModuleManager: Shutting down and abandoning module LocalizationService (437)
[2018.05.09-16.53.41:500][266]LogModuleManager: Shutting down and abandoning module HardwareTargeting (434)
[2018.05.09-16.53.41:500][266]LogModuleManager: Shutting down and abandoning module DeviceProfileEditor (432)
[2018.05.09-16.53.41:500][266]LogModuleManager: Shutting down and abandoning module UndoHistory (430)
[2018.05.09-16.53.41:500][266]LogModuleManager: Shutting down and abandoning module XmlParser (428)
[2018.05.09-16.53.41:500][266]LogModuleManager: Shutting down and abandoning module Blutility (426)
[2018.05.09-16.53.41:500][266]LogModuleManager: Shutting down and abandoning module ProjectSettingsViewer (424)
[2018.05.09-16.53.41:500][266]LogModuleManager: Shutting down and abandoning module ProjectTargetPlatformEditor (423)
[2018.05.09-16.53.41:500][266]LogModuleManager: Shutting down and abandoning module EditorSettingsViewer (420)
[2018.05.09-16.53.41:501][266]LogModuleManager: Shutting down and abandoning module SettingsEditor (418)
[2018.05.09-16.53.41:501][266]LogModuleManager: Shutting down and abandoning module ProjectLauncher (416)
[2018.05.09-16.53.41:501][266]LogModuleManager: Shutting down and abandoning module SessionFrontend (414)
[2018.05.09-16.53.41:501][266]LogModuleManager: Shutting down and abandoning module ProfilerClient (412)
[2018.05.09-16.53.41:501][266]LogModuleManager: Shutting down and abandoning module DeviceManager (410)
[2018.05.09-16.53.41:501][266]LogModuleManager: Shutting down and abandoning module TargetDeviceServices (409)
[2018.05.09-16.53.41:554][266]LogModuleManager: Shutting down and abandoning module AutomationController (406)
[2018.05.09-16.53.41:554][266]LogModuleManager: Shutting down and abandoning module AutomationWindow (404)
[2018.05.09-16.53.41:554][266]LogModuleManager: Shutting down and abandoning module Layers (402)
[2018.05.09-16.53.41:554][266]LogModuleManager: Shutting down and abandoning module ComponentVisualizers (400)
[2018.05.09-16.53.41:554][266]LogModuleManager: Shutting down and abandoning module DetailCustomizations (398)
[2018.05.09-16.53.41:555][266]LogModuleManager: Shutting down and abandoning module PackagesDialog (396)
[2018.05.09-16.53.41:556][266]LogModuleManager: Shutting down and abandoning module Persona (394)
[2018.05.09-16.53.41:557][266]LogModuleManager: Shutting down and abandoning module AdvancedPreviewScene (393)
[2018.05.09-16.53.41:557][266]LogModuleManager: Shutting down and abandoning module AnimGraph (391)
[2018.05.09-16.53.41:557][266]LogModuleManager: Shutting down and abandoning module Kismet (388)
[2018.05.09-16.53.41:562][266]LogModuleManager: Shutting down and abandoning module ClassViewer (386)
[2018.05.09-16.53.41:563][266]LogModuleManager: Shutting down and abandoning module Toolbox (384)
[2018.05.09-16.53.41:563][266]LogModuleManager: Shutting down and abandoning module ModuleUI (382)
[2018.05.09-16.53.41:563][266]LogModuleManager: Shutting down and abandoning module MovieSceneTools (380)
[2018.05.09-16.53.41:563][266]LogModuleManager: Shutting down and abandoning module OutputLog (378)
[2018.05.09-16.53.41:563][266]LogModuleManager: Shutting down and abandoning module GammaUI (376)
[2018.05.09-16.53.41:563][266]LogModuleManager: Shutting down and abandoning module Documentation (374)
[2018.05.09-16.53.41:563][266]LogModuleManager: Shutting down and abandoning module MovieSceneTracks (372)
[2018.05.09-16.53.41:563][266]LogModuleManager: Shutting down and abandoning module MovieScene (370)
[2018.05.09-16.53.41:563][266]LogModuleManager: Shutting down and abandoning module StreamingPauseRendering (368)
[2018.05.09-16.53.41:563][266]LogModuleManager: Shutting down and abandoning module LauncherPlatform (366)
[2018.05.09-16.53.41:563][266]LogModuleManager: Shutting down and abandoning module AnalyticsET (364)
[2018.05.09-16.53.41:563][266]LogModuleManager: Shutting down and abandoning module PortalServices (362)
[2018.05.09-16.53.41:563][266]LogModuleManager: Shutting down and abandoning module PortalRpc (360)
[2018.05.09-16.53.41:563][266]LogModuleManager: Shutting down and abandoning module MessagingRpc (358)
[2018.05.09-16.53.41:563][266]LogModuleManager: Shutting down and abandoning module AIModule (356)
[2018.05.09-16.53.41:563][266]LogModuleManager: Shutting down and abandoning module GameplayDebugger (355)
[2018.05.09-16.53.41:563][266]LogModuleManager: Shutting down and abandoning module AITestSuite (353)
[2018.05.09-16.53.41:563][266]LogModuleManager: Shutting down and abandoning module DesktopPlatform (350)
[2018.05.09-16.53.41:563][266]LogModuleManager: Shutting down and abandoning module ProfilerService (348)
[2018.05.09-16.53.41:697][266]LogModuleManager: Shutting down and abandoning module TaskGraph (346)
[2018.05.09-16.53.41:697][266]LogModuleManager: Shutting down and abandoning module SteamVRController (344)
[2018.05.09-16.53.41:697][266]LogModuleManager: Shutting down and abandoning module ProceduralMeshComponentEditor (342)
[2018.05.09-16.53.41:697][266]LogModuleManager: Shutting down and abandoning module ProceduralMeshComponent (340)
[2018.05.09-16.53.41:697][266]LogModuleManager: Shutting down and abandoning module OculusInput (338)
[2018.05.09-16.53.41:697][266]LogModuleManager: Shutting down and abandoning module MobilePatchingUtils (336)
[2018.05.09-16.53.41:697][266]LogModuleManager: Shutting down and abandoning module CustomMeshComponent (334)
[2018.05.09-16.53.41:697][266]LogModuleManager: Shutting down and abandoning module CableComponent (332)
[2018.05.09-16.53.41:697][266]LogModuleManager: Shutting down and abandoning module ArchVisCharacter (330)
[2018.05.09-16.53.41:697][266]LogModuleManager: Shutting down and abandoning module AndroidPermission (328)
[2018.05.09-16.53.41:697][266]LogModuleManager: Shutting down and abandoning module ActorSequence (324)
[2018.05.09-16.53.41:697][266]LogModuleManager: Shutting down and abandoning module MediaPlayerEditor (322)
[2018.05.09-16.53.41:697][266]LogModuleManager: Shutting down and abandoning module MediaCompositingEditor (320)
[2018.05.09-16.53.41:697][266]LogModuleManager: Shutting down and abandoning module MediaCompositing (318)
[2018.05.09-16.53.41:697][266]LogModuleManager: Shutting down and abandoning module HTML5Networking (316)
[2018.05.09-16.53.41:697][266]LogModuleManager: Shutting down and abandoning module AlembicImporter (314)
[2018.05.09-16.53.41:697][266]LogModuleManager: Shutting down and abandoning module AlembicLibrary (313)
[2018.05.09-16.53.41:697][266]LogModuleManager: Shutting down and abandoning module GeometryCache (312)
[2018.05.09-16.53.41:697][266]LogModuleManager: Shutting down and abandoning module GeometryCacheEd (311)
[2018.05.09-16.53.41:697][266]LogModuleManager: Shutting down and abandoning module SpeedTreeImporter (306)
[2018.05.09-16.53.41:697][266]LogModuleManager: Shutting down and abandoning module PluginBrowser (304)
[2018.05.09-16.53.41:698][266]LogModuleManager: Shutting down and abandoning module MobileLauncherProfileWizard (302)
[2018.05.09-16.53.41:698][266]LogModuleManager: Shutting down and abandoning module VisualStudioSourceCodeAccess (300)
[2018.05.09-16.53.41:698][266]LogModuleManager: Shutting down and abandoning module VisualStudioCodeSourceCodeAccess (298)
[2018.05.09-16.53.41:698][266]LogModuleManager: Shutting down and abandoning module UObjectPlugin (296)
[2018.05.09-16.53.41:698][266]LogModuleManager: Shutting down and abandoning module SubversionSourceControl (294)
[2018.05.09-16.53.41:698][266]LogModuleManager: Shutting down and abandoning module PerforceSourceControl (292)
[2018.05.09-16.53.41:698][266]LogModuleManager: Shutting down and abandoning module GitSourceControl (290)
[2018.05.09-16.53.41:698][266]LogModuleManager: Shutting down and abandoning module SourceControl (289)
[2018.05.09-16.53.41:698][266]LogModuleManager: Shutting down and abandoning module LightPropagationVolumeEditor (286)
[2018.05.09-16.53.41:698][266]LogModuleManager: Shutting down and abandoning module PaperTiledImporter (284)
[2018.05.09-16.53.41:698][266]LogModuleManager: Shutting down and abandoning module PaperSpriteSheetImporter (282)
[2018.05.09-16.53.41:698][266]LogModuleManager: Shutting down and abandoning module Paper2DEditor (280)
[2018.05.09-16.53.41:698][266]LogModuleManager: Shutting down and abandoning module MeshPaint (279)
[2018.05.09-16.53.41:698][266]LogModuleManager: Shutting down and abandoning module LevelEditor (277)
[2018.05.09-16.53.41:701][266]LogModuleManager: Shutting down and abandoning module PixelInspectorModule (276)
[2018.05.09-16.53.41:701][266]LogModuleManager: Shutting down and abandoning module MainFrame (274)
[2018.05.09-16.53.41:701][266]LogModuleManager: Shutting down and abandoning module HotReload (273)
[2018.05.09-16.53.41:708][266]LogModuleManager: Shutting down and abandoning module RuntimePhysXCooking (268)
[2018.05.09-16.53.41:708][266]LogModuleManager: Shutting down and abandoning module PhysXVehiclesEditor (266)
[2018.05.09-16.53.41:708][266]LogModuleManager: Shutting down and abandoning module PhysXVehicles (264)
[2018.05.09-16.53.41:708][266]LogModuleManager: Shutting down and abandoning module OculusEditor (262)
[2018.05.09-16.53.41:708][266]LogModuleManager: Shutting down and abandoning module LocationServicesBPLibrary (260)
[2018.05.09-16.53.41:708][266]LogModuleManager: Shutting down and abandoning module ImmediatePhysicsEditor (258)
[2018.05.09-16.53.41:708][266]LogModuleManager: Shutting down and abandoning module ImmediatePhysics (256)
[2018.05.09-16.53.41:708][266]LogModuleManager: Shutting down and abandoning module UdpMessaging (254)
[2018.05.09-16.53.41:809][266]LogModuleManager: Shutting down and abandoning module TcpMessaging (252)
[2018.05.09-16.53.41:909][266]LogModuleManager: Shutting down and abandoning module GameplayTagsEditor (250)
[2018.05.09-16.53.41:909][266]LogModuleManager: Shutting down and abandoning module FacialAnimationEditor (248)
[2018.05.09-16.53.41:909][266]LogModuleManager: Shutting down and abandoning module FacialAnimation (246)
[2018.05.09-16.53.41:910][266]LogModuleManager: Shutting down and abandoning module AssetManagerEditor (244)
[2018.05.09-16.53.41:910][266]LogModuleManager: Shutting down and abandoning module GraphEditor (243)
[2018.05.09-16.53.41:910][266]LogModuleManager: Shutting down and abandoning module ContentBrowser (241)
[2018.05.09-16.53.41:913][266]LogModuleManager: Shutting down and abandoning module LightPropagationVolumeRuntime (238)
[2018.05.09-16.53.41:914][266]LogModuleManager: Shutting down and abandoning module Paper2D (236)
[2018.05.09-16.53.41:914][266]LogModuleManager: Shutting down and abandoning module WindowsMoviePlayer (234)
[2018.05.09-16.53.41:914][266]LogModuleManager: Shutting down and abandoning module WmfMedia (232)
[2018.05.09-16.53.41:914][266]LogModuleManager: Shutting down and abandoning module ImgMedia (230)
[2018.05.09-16.53.41:914][266]LogModuleManager: Shutting down and abandoning module PacketHandler (228)
[2018.05.09-16.53.41:914][266]LogModuleManager: Shutting down and abandoning module ClothingSystemEditor (226)
[2018.05.09-16.53.41:914][266]LogModuleManager: Shutting down and abandoning module ClothingSystemRuntime (224)
[2018.05.09-16.53.41:914][266]LogModuleManager: Shutting down and abandoning module MediaAssets (222)
[2018.05.09-16.53.41:915][266]LogModuleManager: Shutting down and abandoning module Media (221)
[2018.05.09-16.53.41:921][266]LogModuleManager: Shutting down and abandoning module Overlay (218)
[2018.05.09-16.53.41:921][266]LogModuleManager: Shutting down and abandoning module OverlayEditor (217)
[2018.05.09-16.53.41:921][266]LogModuleManager: Shutting down and abandoning module VREditor (214)
[2018.05.09-16.53.41:921][266]LogModuleManager: Shutting down and abandoning module StringTableEditor (212)
[2018.05.09-16.53.41:921][266]LogModuleManager: Shutting down and abandoning module GameplayTasksEditor (210)
[2018.05.09-16.53.41:921][266]LogModuleManager: Shutting down and abandoning module BehaviorTreeEditor (208)
[2018.05.09-16.53.41:921][266]LogModuleManager: Shutting down and abandoning module FunctionalTesting (206)
[2018.05.09-16.53.41:921][266]LogModuleManager: Shutting down and abandoning module CollisionAnalyzer (204)
[2018.05.09-16.53.41:922][266]LogModuleManager: Shutting down and abandoning module WorkspaceMenuStructure (203)
[2018.05.09-16.53.41:922][266]LogModuleManager: Shutting down and abandoning module UMG (200)
[2018.05.09-16.53.41:922][266]LogModuleManager: Shutting down and abandoning module UMGEditor (199)
[2018.05.09-16.53.41:922][266]LogModuleManager: Shutting down and abandoning module Sequencer (198)
[2018.05.09-16.53.41:923][266]LogModuleManager: Shutting down and abandoning module MessageLog (195)
[2018.05.09-16.53.41:923][266]LogModuleManager: Shutting down and abandoning module SlateReflector (190)
[2018.05.09-16.53.41:923][266]LogModuleManager: Shutting down and abandoning module Slate (188)
[2018.05.09-16.53.41:923][266]LogModuleManager: Shutting down and abandoning module EditorStyle (186)
[2018.05.09-16.53.41:948][266]LogModuleManager: Shutting down and abandoning module MRMesh (184)
[2018.05.09-16.53.41:948][266]LogModuleManager: Shutting down and abandoning module SourceCodeAccess (182)
[2018.05.09-16.53.41:948][266]LogModuleManager: Shutting down and abandoning module HeadMountedDisplay (180)
[2018.05.09-16.53.41:948][266]LogModuleManager: Shutting down and abandoning module XAudio2 (178)
[2018.05.09-16.53.41:948][266]LogModuleManager: Shutting down and abandoning module Networking (176)
[2018.05.09-16.53.41:948][266]LogModuleManager: Shutting down and abandoning module Core (172)
[2018.05.09-16.53.41:948][266]LogModuleManager: Shutting down and abandoning module LevelSequence (168)
[2018.05.09-16.53.41:948][266]LogModuleManager: Shutting down and abandoning module DirectoryWatcher (166)
[2018.05.09-16.53.41:957][266]LogModuleManager: Shutting down and abandoning module KismetCompiler (164)
[2018.05.09-16.53.41:957][266]LogModuleManager: Shutting down and abandoning module MeshUtilities (162)
[2018.05.09-16.53.41:958][266]LogModuleManager: Shutting down and abandoning module MeshMergeUtilities (161)
[2018.05.09-16.53.41:958][266]LogModuleManager: Shutting down and abandoning module MeshReductionInterface (160)
[2018.05.09-16.53.41:958][266]LogModuleManager: Shutting down and abandoning module SimplygonSwarm (159)
[2018.05.09-16.53.41:958][266]LogModuleManager: Shutting down and abandoning module SimplygonMeshReduction (157)
[2018.05.09-16.53.41:958][266]LogModuleManager: Shutting down and abandoning module QuadricMeshReduction (155)
[2018.05.09-16.53.41:958][266]LogModuleManager: Shutting down and abandoning module MaterialBaking (151)
[2018.05.09-16.53.41:958][266]LogModuleManager: Shutting down and abandoning module DerivedDataCache (148)
[2018.05.09-16.53.42:041][266]LogDerivedDataCache: Shutdown
[2018.05.09-16.53.42:041][266]LogModuleManager: Shutting down and abandoning module TargetPlatform (146)
[2018.05.09-16.53.42:041][266]LogModuleManager: Shutting down and abandoning module VulkanShaderFormat (145)
[2018.05.09-16.53.42:041][266]LogModuleManager: Shutting down and abandoning module ShaderFormatVectorVM (143)
[2018.05.09-16.53.42:041][266]LogModuleManager: Shutting down and abandoning module ShaderFormatOpenGL (141)
[2018.05.09-16.53.42:041][266]LogModuleManager: Shutting down and abandoning module ShaderFormatD3D (139)
[2018.05.09-16.53.42:041][266]LogModuleManager: Shutting down and abandoning module MetalShaderFormat (137)
[2018.05.09-16.53.42:042][266]LogModuleManager: Shutting down and abandoning module TextureFormatUncompressed (135)
[2018.05.09-16.53.42:042][266]LogModuleManager: Shutting down and abandoning module TextureFormatPVR (133)
[2018.05.09-16.53.42:042][266]LogModuleManager: Shutting down and abandoning module TextureFormatDXT (131)
[2018.05.09-16.53.42:042][266]LogModuleManager: Shutting down and abandoning module TextureFormatIntelISPCTexComp (129)
[2018.05.09-16.53.42:042][266]LogModuleManager: Shutting down and abandoning module TextureFormatASTC (127)
[2018.05.09-16.53.42:042][266]LogModuleManager: Shutting down and abandoning module ImageWrapper (126)
[2018.05.09-16.53.42:042][266]LogModuleManager: Shutting down and abandoning module TextureFormatAndroid (123)
[2018.05.09-16.53.42:042][266]LogModuleManager: Shutting down and abandoning module AudioFormatOpus (121)
[2018.05.09-16.53.42:042][266]LogModuleManager: Shutting down and abandoning module AudioFormatOgg (119)
[2018.05.09-16.53.42:042][266]LogModuleManager: Shutting down and abandoning module AudioFormatADPCM (117)
[2018.05.09-16.53.42:042][266]LogModuleManager: Shutting down and abandoning module LinuxTargetPlatform (115)
[2018.05.09-16.53.42:042][266]LogModuleManager: Shutting down and abandoning module LinuxServerTargetPlatform (113)
[2018.05.09-16.53.42:043][266]LogModuleManager: Shutting down and abandoning module LinuxNoEditorTargetPlatform (111)
[2018.05.09-16.53.42:043][266]LogModuleManager: Shutting down and abandoning module LinuxClientTargetPlatform (109)
[2018.05.09-16.53.42:043][266]LogModuleManager: Shutting down and abandoning module TVOSTargetPlatform (107)
[2018.05.09-16.53.42:043][266]LogModuleManager: Shutting down and abandoning module Messaging (105)
[2018.05.09-16.53.42:043][266]LogModuleManager: Shutting down and abandoning module IOSTargetPlatform (103)
[2018.05.09-16.53.42:043][266]LogModuleManager: Shutting down and abandoning module HTML5TargetPlatform (101)
[2018.05.09-16.53.42:043][266]LogModuleManager: Shutting down and abandoning module AndroidTargetPlatform (99)
[2018.05.09-16.53.42:043][266]LogModuleManager: Shutting down and abandoning module Android_PVRTCTargetPlatform (97)
[2018.05.09-16.53.42:043][266]LogModuleManager: Shutting down and abandoning module Android_MultiTargetPlatform (95)
[2018.05.09-16.53.42:043][266]LogModuleManager: Shutting down and abandoning module Android_ETC2TargetPlatform (93)
[2018.05.09-16.53.42:043][266]LogModuleManager: Shutting down and abandoning module Android_ETC1TargetPlatform (91)
[2018.05.09-16.53.42:043][266]LogModuleManager: Shutting down and abandoning module Android_DXTTargetPlatform (89)
[2018.05.09-16.53.42:043][266]LogModuleManager: Shutting down and abandoning module Android_ATCTargetPlatform (87)
[2018.05.09-16.53.42:043][266]LogModuleManager: Shutting down and abandoning module Android_ASTCTargetPlatform (85)
[2018.05.09-16.53.42:043][266]LogModuleManager: Shutting down and abandoning module WindowsTargetPlatform (83)
[2018.05.09-16.53.42:043][266]LogModuleManager: Shutting down and abandoning module WindowsServerTargetPlatform (81)
[2018.05.09-16.53.42:043][266]LogModuleManager: Shutting down and abandoning module WindowsNoEditorTargetPlatform (79)
[2018.05.09-16.53.42:043][266]LogModuleManager: Shutting down and abandoning module WindowsClientTargetPlatform (77)
[2018.05.09-16.53.42:043][266]LogModuleManager: Shutting down and abandoning module MacTargetPlatform (75)
[2018.05.09-16.53.42:043][266]LogModuleManager: Shutting down and abandoning module MacServerTargetPlatform (73)
[2018.05.09-16.53.42:044][266]LogModuleManager: Shutting down and abandoning module MacNoEditorTargetPlatform (71)
[2018.05.09-16.53.42:044][266]LogModuleManager: Shutting down and abandoning module MacClientTargetPlatform (69)
[2018.05.09-16.53.42:044][266]LogModuleManager: Shutting down and abandoning module AllDesktopTargetPlatform (67)
[2018.05.09-16.53.42:044][266]LogModuleManager: Shutting down and abandoning module InputCore (64)
[2018.05.09-16.53.42:044][266]LogModuleManager: Shutting down and abandoning module Settings (62)
[2018.05.09-16.53.42:044][266]LogModuleManager: Shutting down and abandoning module PhysXCooking (60)
[2018.05.09-16.53.42:044][266]LogModuleManager: Shutting down and abandoning module SteamVR (58)
[2018.05.09-16.53.42:044][266]LogModuleManager: Shutting down and abandoning module OculusHMD (56)
[2018.05.09-16.53.42:044][266]LogModuleManager: Shutting down and abandoning module ExampleDeviceProfileSelector (54)
[2018.05.09-16.53.42:044][266]LogModuleManager: Shutting down and abandoning module AppleARKit (52)
[2018.05.09-16.53.42:044][266]LogModuleManager: Shutting down and abandoning module AugmentedReality (51)
[2018.05.09-16.53.42:044][266]LogModuleManager: Shutting down and abandoning module OnlineBlueprintSupport (48)
[2018.05.09-16.53.42:044][266]LogModuleManager: Shutting down and abandoning module OnlineSubsystem (44)
[2018.05.09-16.53.42:044][266]LogModuleManager: Shutting down and abandoning module XMPP (43)
[2018.05.09-16.53.42:045][266]LogModuleManager: Shutting down and abandoning module HTTP (41)
[2018.05.09-16.53.42:045][266]LogHttp: Display: Http module shutting down, but needs to wait on 1 outstanding Http requests:
[2018.05.09-16.53.42:045][266]LogHttp: Display: 	verb=[POST] url=[https://datarouter.ol.epicgames.com/datarouter/api/v1/public/data?SessionID=%7BDE0DF88B-4797-B3CE-1435-84A833AAB6D0%7D&AppID=UEEditor.Rocket.Release&AppVersion=4.18.3-3832480%2B%2B%2BUE4%2BRelease-4.18&UserID=2db98ffe4b7d4976664bb69020a091b2%7Cdfeee23a7a7245c89b9572bb71830046%7C4a961900-8863-4d3e-94ce-4ef2fdd47c3f&AppEnvironment=datacollector-binary&UploadType=eteventstream] status=Processing
[2018.05.09-16.53.42:078][266]LogModuleManager: Shutting down and abandoning module SSL (40)
[2018.05.09-16.53.42:080][266]LogModuleManager: Shutting down and abandoning module AnimationModifiers (36)
[2018.05.09-16.53.42:080][266]LogModuleManager: Shutting down and abandoning module PropertyEditor (35)
[2018.05.09-16.53.42:081][266]LogModuleManager: Shutting down and abandoning module AudioEditor (32)
[2018.05.09-16.53.42:081][266]LogModuleManager: Shutting down and abandoning module TextureCompressor (30)
[2018.05.09-16.53.42:081][266]LogModuleManager: Shutting down and abandoning module ShaderCore (28)
[2018.05.09-16.53.42:081][266]LogModuleManager: Shutting down and abandoning module Landscape (26)
[2018.05.09-16.53.42:081][266]LogModuleManager: Shutting down and abandoning module SlateRHIRenderer (24)
[2018.05.09-16.53.42:086][266]LogModuleManager: Shutting down and abandoning module OpenGLDrv (22)
[2018.05.09-16.53.42:086][266]LogModuleManager: Shutting down and abandoning module D3D11RHI (20)
[2018.05.09-16.53.42:086][266]LogModuleManager: Shutting down and abandoning module AnimGraphRuntime (18)
[2018.05.09-16.53.42:086][266]LogModuleManager: Shutting down and abandoning module Renderer (16)
[2018.05.09-16.53.42:086][266]LogModuleManager: Shutting down and abandoning module Engine (14)
[2018.05.09-16.53.42:086][266]LogModuleManager: Shutting down and abandoning module CoreUObject (12)
[2018.05.09-16.53.42:086][266]LogModuleManager: Shutting down and abandoning module NetworkFile (10)
[2018.05.09-16.53.42:086][266]LogModuleManager: Shutting down and abandoning module CookedIterativeFile (8)
[2018.05.09-16.53.42:086][266]LogModuleManager: Shutting down and abandoning module StreamingFile (6)
[2018.05.09-16.53.42:086][266]LogModuleManager: Shutting down and abandoning module SandboxFile (4)
[2018.05.09-16.53.42:086][266]LogModuleManager: Shutting down and abandoning module PakFile (2)
[2018.05.09-16.53.42:093][266]LogExit: Exiting.
[2018.05.09-16.53.42:138][266]Log file closed, 05/09/18 17:53:42
