Log file open, 05/09/18 14:41:56
LogWindows: Failed to load 'aqProf.dll' (GetLastError=126)
LogWindows: File 'aqProf.dll' does not exist
LogWindows: Failed to load 'VSPerf140.dll' (GetLastError=126)
LogWindows: File 'VSPerf140.dll' does not exist
LogWindows: Failed to load 'VtuneApi.dll' (GetLastError=126)
LogWindows: File 'VtuneApi.dll' does not exist
LogWindows: Failed to load 'VtuneApi32e.dll' (GetLastError=126)
LogWindows: File 'VtuneApi32e.dll' does not exist
LogInit: Display: Running engine for game: VRaporwave
LogPlatformFile: Not using cached read wrapper
LogInit: Display: RandInit(-426269733) SRandInit(-426269733).
LogInit: Read version file with build ID '3709383'
LogInit: Overriding engine version to CL 3794801, compatible CL 3709383
LogInit: Registered custom module enumerator with build ID '3709383'
LogTaskGraph: Started task graph with 5 named threads and 14 total threads with 3 sets of task threads.
LogStats: Stats thread started at 2.890603
LogD3D11RHI: Aftermath initialized
LogModuleManager: Display: Found up-to-date module file ../../../Engine/Plugins/2D/Paper2D/Binaries/Win64/UE4Editor-Paper2D.dll (API version 3709383).
LogModuleManager: Display: Found up-to-date module file ../../../Engine/Plugins/2D/Paper2D/Binaries/Win64/UE4Editor-Paper2DEditor.dll (API version 3709383).
LogModuleManager: Display: Found up-to-date module file ../../../Engine/Plugins/2D/Paper2D/Binaries/Win64/UE4Editor-PaperSpriteSheetImporter.dll (API version 3709383).
LogModuleManager: Display: Found up-to-date module file ../../../Engine/Plugins/2D/Paper2D/Binaries/Win64/UE4Editor-PaperTiledImporter.dll (API version 3709383).
LogModuleManager: Display: Found up-to-date module file ../../../Engine/Plugins/2D/Paper2D/Binaries/Win64/UE4Editor-SmartSnapping.dll (API version 3709383).
LogModuleManager: Display: Found up-to-date module file ../../../Engine/Plugins/Blendables/LightPropagationVolume/Binaries/Win64/UE4Editor-LightPropagationVolumeRuntime.dll (API version 3709383).
LogModuleManager: Display: Found up-to-date module file ../../../Engine/Plugins/Blendables/LightPropagationVolume/Binaries/Win64/UE4Editor-LightPropagationVolumeEditor.dll (API version 3709383).
LogModuleManager: Display: Found up-to-date module file ../../../Engine/Plugins/Developer/GitSourceControl/Binaries/Win64/UE4Editor-GitSourceControl.dll (API version 3709383).
LogModuleManager: Display: Found up-to-date module file ../../../Engine/Plugins/Developer/PerforceSourceControl/Binaries/Win64/UE4Editor-PerforceSourceControl.dll (API version 3709383).
LogModuleManager: Display: Found up-to-date module file ../../../Engine/Plugins/Developer/SubversionSourceControl/Binaries/Win64/UE4Editor-SubversionSourceControl.dll (API version 3709383).
LogModuleManager: Display: Found up-to-date module file ../../../Engine/Plugins/Developer/UObjectPlugin/Binaries/Win64/UE4Editor-UObjectPlugin.dll (API version 3709383).
LogModuleManager: Display: Found up-to-date module file ../../../Engine/Plugins/Developer/VisualStudioCodeSourceCodeAccess/Binaries/Win64/UE4Editor-VisualStudioCodeSourceCodeAccess.dll (API version 3709383).
LogModuleManager: Display: Found up-to-date module file ../../../Engine/Plugins/Developer/VisualStudioSourceCodeAccess/Binaries/Win64/UE4Editor-VisualStudioSourceCodeAccess.dll (API version 3709383).
LogModuleManager: Display: Found up-to-date module file ../../../Engine/Plugins/Editor/AssetManagerEditor/Binaries/Win64/UE4Editor-AssetManagerEditor.dll (API version 3709383).
LogModuleManager: Display: Found up-to-date module file ../../../Engine/Plugins/Editor/AudioCapture/Binaries/Win64/UE4Editor-AudioCapture.dll (API version 3709383).
LogModuleManager: Display: Found up-to-date module file ../../../Engine/Plugins/Editor/FacialAnimation/Binaries/Win64/UE4Editor-FacialAnimation.dll (API version 3709383).
LogModuleManager: Display: Found up-to-date module file ../../../Engine/Plugins/Editor/FacialAnimation/Binaries/Win64/UE4Editor-FacialAnimationEditor.dll (API version 3709383).
LogModuleManager: Display: Found up-to-date module file ../../../Engine/Plugins/Editor/GameplayTagsEditor/Binaries/Win64/UE4Editor-GameplayTagsEditor.dll (API version 3709383).
LogModuleManager: Display: Found up-to-date module file ../../../Engine/Plugins/Editor/MobileLauncherProfileWizard/Binaries/Win64/UE4Editor-MobileLauncherProfileWizard.dll (API version 3709383).
LogModuleManager: Display: Found up-to-date module file ../../../Engine/Plugins/Editor/PluginBrowser/Binaries/Win64/UE4Editor-PluginBrowser.dll (API version 3709383).
LogModuleManager: Display: Found up-to-date module file ../../../Engine/Plugins/Editor/SpeedTreeImporter/Binaries/Win64/UE4Editor-SpeedTreeImporter.dll (API version 3709383).
LogModuleManager: Display: Found up-to-date module file ../../../Engine/Plugins/Experimental/AlembicImporter/Binaries/Win64/UE4Editor-AlembicImporter.dll (API version 3709383).
LogModuleManager: Display: Found up-to-date module file ../../../Engine/Plugins/Experimental/AlembicImporter/Binaries/Win64/UE4Editor-AlembicLibrary.dll (API version 3709383).
LogModuleManager: Display: Found up-to-date module file ../../../Engine/Plugins/Experimental/CharacterAI/Binaries/Win64/UE4Editor-CharacterAI.dll (API version 3709383).
LogModuleManager: Display: Found up-to-date module file ../../../Engine/Plugins/Experimental/HTML5Networking/Binaries/Win64/UE4Editor-HTML5Networking.dll (API version 3709383).
LogModuleManager: Display: Found up-to-date module file ../../../Engine/Plugins/Media/AndroidMedia/Binaries/Win64/UE4Editor-AndroidMediaEditor.dll (API version 3709383).
LogModuleManager: Display: Found up-to-date module file ../../../Engine/Plugins/Media/AndroidMedia/Binaries/Win64/UE4Editor-AndroidMediaFactory.dll (API version 3709383).
LogModuleManager: Display: Found up-to-date module file ../../../Engine/Plugins/Media/AvfMedia/Binaries/Win64/UE4Editor-AvfMediaEditor.dll (API version 3709383).
LogModuleManager: Display: Found up-to-date module file ../../../Engine/Plugins/Media/AvfMedia/Binaries/Win64/UE4Editor-AvfMediaFactory.dll (API version 3709383).
LogModuleManager: Display: Found up-to-date module file ../../../Engine/Plugins/Media/AvfMedia/Binaries/Win64/UE4Editor-AvfMediaFactory.dll (API version 3709383).
LogModuleManager: Display: Found up-to-date module file ../../../Engine/Plugins/Media/ImgMedia/Binaries/Win64/UE4Editor-ImgMedia.dll (API version 3709383).
LogModuleManager: Display: Found up-to-date module file ../../../Engine/Plugins/Media/ImgMedia/Binaries/Win64/UE4Editor-ImgMediaEditor.dll (API version 3709383).
LogModuleManager: Display: Found up-to-date module file ../../../Engine/Plugins/Media/ImgMedia/Binaries/Win64/UE4Editor-ImgMediaFactory.dll (API version 3709383).
LogModuleManager: Display: Found up-to-date module file ../../../Engine/Plugins/Media/ImgMedia/Binaries/Win64/UE4Editor-ImgMediaFactory.dll (API version 3709383).
LogModuleManager: Display: Found up-to-date module file ../../../Engine/Plugins/Media/ImgMedia/Binaries/Win64/UE4Editor-OpenExrWrapper.dll (API version 3709383).
LogModuleManager: Display: Found up-to-date module file ../../../Engine/Plugins/Media/MediaCompositing/Binaries/Win64/UE4Editor-MediaCompositing.dll (API version 3709383).
LogModuleManager: Display: Found up-to-date module file ../../../Engine/Plugins/Media/MediaCompositing/Binaries/Win64/UE4Editor-MediaCompositingEditor.dll (API version 3709383).
LogModuleManager: Display: Found up-to-date module file ../../../Engine/Plugins/Media/MediaPlayerEditor/Binaries/Win64/UE4Editor-MediaPlayerEditor.dll (API version 3709383).
LogModuleManager: Display: Found up-to-date module file ../../../Engine/Plugins/Media/WmfMedia/Binaries/Win64/UE4Editor-WmfMedia.dll (API version 3709383).
LogModuleManager: Display: Found up-to-date module file ../../../Engine/Plugins/Media/WmfMedia/Binaries/Win64/UE4Editor-WmfMediaEditor.dll (API version 3709383).
LogModuleManager: Display: Found up-to-date module file ../../../Engine/Plugins/Media/WmfMedia/Binaries/Win64/UE4Editor-WmfMediaFactory.dll (API version 3709383).
LogModuleManager: Display: Found up-to-date module file ../../../Engine/Plugins/Media/WmfMedia/Binaries/Win64/UE4Editor-WmfMediaFactory.dll (API version 3709383).
LogModuleManager: Display: Found up-to-date module file ../../../Engine/Plugins/Messaging/TcpMessaging/Binaries/Win64/UE4Editor-TcpMessaging.dll (API version 3709383).
LogModuleManager: Display: Found up-to-date module file ../../../Engine/Plugins/Messaging/UdpMessaging/Binaries/Win64/UE4Editor-UdpMessaging.dll (API version 3709383).
LogModuleManager: Display: Found up-to-date module file ../../../Engine/Plugins/MovieScene/ActorSequence/Binaries/Win64/UE4Editor-ActorSequence.dll (API version 3709383).
LogModuleManager: Display: Found up-to-date module file ../../../Engine/Plugins/MovieScene/LevelSequenceEditor/Binaries/Win64/UE4Editor-LevelSequenceEditor.dll (API version 3709383).
LogModuleManager: Display: Found up-to-date module file ../../../Engine/Plugins/MovieScene/MatineeToLevelSequence/Binaries/Win64/UE4Editor-MatineeToLevelSequence.dll (API version 3709383).
LogModuleManager: Display: Found up-to-date module file ../../../Engine/Plugins/Online/OnlineSubsystem/Binaries/Win64/UE4Editor-OnlineSubsystem.dll (API version 3709383).
LogModuleManager: Display: Found up-to-date module file ../../../Engine/Plugins/Runtime/AndroidPermission/Binaries/Win64/UE4Editor-AndroidPermission.dll (API version 3709383).
LogModuleManager: Display: Found up-to-date module file ../../../Engine/Plugins/Online/OnlineSubsystemNull/Binaries/Win64/UE4Editor-OnlineSubsystemNull.dll (API version 3709383).
LogModuleManager: Display: Found up-to-date module file ../../../Engine/Plugins/Online/OnlineSubsystemUtils/Binaries/Win64/UE4Editor-OnlineSubsystemUtils.dll (API version 3709383).
LogModuleManager: Display: Found up-to-date module file ../../../Engine/Plugins/Online/OnlineSubsystemUtils/Binaries/Win64/UE4Editor-OnlineBlueprintSupport.dll (API version 3709383).
LogModuleManager: Display: Found up-to-date module file ../../../Engine/Plugins/Runtime/AndroidDeviceProfileSelector/Binaries/Win64/UE4Editor-AndroidDeviceProfileSelector.dll (API version 3709383).
LogModuleManager: Display: Found up-to-date module file ../../../Engine/Plugins/Runtime/AppleARKit/Binaries/Win64/UE4Editor-AppleARKit.dll (API version 3709383).
LogModuleManager: Display: Found up-to-date module file ../../../Engine/Plugins/Runtime/ArchVisCharacter/Binaries/Win64/UE4Editor-ArchVisCharacter.dll (API version 3709383).
LogModuleManager: Display: Found up-to-date module file ../../../Engine/Plugins/Runtime/CableComponent/Binaries/Win64/UE4Editor-CableComponent.dll (API version 3709383).
LogModuleManager: Display: Found up-to-date module file ../../../Engine/Plugins/Runtime/CustomMeshComponent/Binaries/Win64/UE4Editor-CustomMeshComponent.dll (API version 3709383).
LogModuleManager: Display: Found up-to-date module file ../../../Engine/Plugins/Runtime/ExampleDeviceProfileSelector/Binaries/Win64/UE4Editor-ExampleDeviceProfileSelector.dll (API version 3709383).
LogModuleManager: Display: Found up-to-date module file ../../../Engine/Plugins/Runtime/ImmediatePhysics/Binaries/Win64/UE4Editor-ImmediatePhysics.dll (API version 3709383).
LogModuleManager: Display: Found up-to-date module file ../../../Engine/Plugins/Runtime/ImmediatePhysics/Binaries/Win64/UE4Editor-ImmediatePhysicsEditor.dll (API version 3709383).
LogModuleManager: Display: Found up-to-date module file ../../../Engine/Plugins/Runtime/LocationServicesBPLibrary/Binaries/Win64/UE4Editor-LocationServicesBPLibrary.dll (API version 3709383).
LogModuleManager: Display: Found up-to-date module file ../../../Engine/Plugins/Runtime/MobilePatchingUtils/Binaries/Win64/UE4Editor-MobilePatchingUtils.dll (API version 3709383).
LogModuleManager: Display: Found up-to-date module file ../../../Engine/Plugins/Runtime/Oculus/OculusVR/Binaries/Win64/UE4Editor-OculusHMD.dll (API version 3709383).
LogModuleManager: Display: Found up-to-date module file ../../../Engine/Plugins/Runtime/Oculus/OculusVR/Binaries/Win64/UE4Editor-OculusInput.dll (API version 3709383).
LogModuleManager: Display: Found up-to-date module file ../../../Engine/Plugins/Runtime/Oculus/OculusVR/Binaries/Win64/UE4Editor-OculusEditor.dll (API version 3709383).
LogModuleManager: Display: Found up-to-date module file ../../../Engine/Plugins/Runtime/PhysXVehicles/Binaries/Win64/UE4Editor-PhysXVehicles.dll (API version 3709383).
LogModuleManager: Display: Found up-to-date module file ../../../Engine/Plugins/Runtime/PhysXVehicles/Binaries/Win64/UE4Editor-PhysXVehiclesEditor.dll (API version 3709383).
LogModuleManager: Display: Found up-to-date module file ../../../Engine/Plugins/Runtime/ProceduralMeshComponent/Binaries/Win64/UE4Editor-ProceduralMeshComponent.dll (API version 3709383).
LogModuleManager: Display: Found up-to-date module file ../../../Engine/Plugins/Runtime/ProceduralMeshComponent/Binaries/Win64/UE4Editor-ProceduralMeshComponentEditor.dll (API version 3709383).
LogModuleManager: Display: Found up-to-date module file ../../../Engine/Plugins/Runtime/RuntimePhysXCooking/Binaries/Win64/UE4Editor-RuntimePhysXCooking.dll (API version 3709383).
LogModuleManager: Display: Found up-to-date module file ../../../Engine/Plugins/Runtime/Steam/SteamVR/Binaries/Win64/UE4Editor-SteamVR.dll (API version 3709383).
LogModuleManager: Display: Found up-to-date module file ../../../Engine/Plugins/Runtime/Steam/SteamVR/Binaries/Win64/UE4Editor-SteamVRController.dll (API version 3709383).
LogModuleManager: Display: Found up-to-date module file ../../../Engine/Plugins/Runtime/WindowsMoviePlayer/Binaries/Win64/UE4Editor-WindowsMoviePlayer.dll (API version 3709383).
LogPluginManager: Mounting plugin Paper2D
LogPluginManager: Mounting plugin LightPropagationVolume
LogPluginManager: Mounting plugin CodeLiteSourceCodeAccess
LogPluginManager: Mounting plugin GitSourceControl
LogPluginManager: Mounting plugin KDevelopSourceCodeAccess
LogPluginManager: Mounting plugin NullSourceCodeAccess
LogPluginManager: Mounting plugin PerforceSourceControl
LogPluginManager: Mounting plugin SubversionSourceControl
LogPluginManager: Mounting plugin UObjectPlugin
LogPluginManager: Mounting plugin VisualStudioCodeSourceCodeAccess
LogPluginManager: Mounting plugin VisualStudioSourceCodeAccess
LogPluginManager: Mounting plugin XCodeSourceCodeAccess
LogPluginManager: Mounting plugin AssetManagerEditor
LogPluginManager: Mounting plugin AudioCapture
LogPluginManager: Mounting plugin FacialAnimation
LogPluginManager: Mounting plugin GameplayTagsEditor
LogPluginManager: Mounting plugin MobileLauncherProfileWizard
LogPluginManager: Mounting plugin PluginBrowser
LogPluginManager: Mounting plugin SpeedTreeImporter
LogPluginManager: Mounting plugin AlembicImporter
LogPluginManager: Mounting plugin CharacterAI
LogPluginManager: Mounting plugin HTML5Networking
LogPluginManager: Mounting plugin AndroidMedia
LogPluginManager: Mounting plugin AvfMedia
LogPluginManager: Mounting plugin ImgMedia
LogPluginManager: Mounting plugin MediaCompositing
LogPluginManager: Mounting plugin MediaPlayerEditor
LogPluginManager: Mounting plugin WmfMedia
LogPluginManager: Mounting plugin TcpMessaging
LogPluginManager: Mounting plugin UdpMessaging
LogPluginManager: Mounting plugin ActorSequence
LogPluginManager: Mounting plugin LevelSequenceEditor
LogPluginManager: Mounting plugin MatineeToLevelSequence
LogPluginManager: Mounting plugin OnlineSubsystemGooglePlay
LogPluginManager: Mounting plugin OnlineSubsystemIOS
LogPluginManager: Mounting plugin OnlineSubsystem
LogPluginManager: Mounting plugin OnlineSubsystemNull
LogPluginManager: Mounting plugin OnlineSubsystemUtils
LogPluginManager: Mounting plugin AndroidDeviceProfileSelector
LogPluginManager: Mounting plugin AndroidMoviePlayer
LogPluginManager: Mounting plugin AndroidPermission
LogPluginManager: Mounting plugin AppleARKit
LogPluginManager: Mounting plugin AppleMoviePlayer
LogPluginManager: Mounting plugin ArchVisCharacter
LogPluginManager: Mounting plugin CableComponent
LogPluginManager: Mounting plugin CustomMeshComponent
LogPluginManager: Mounting plugin ExampleDeviceProfileSelector
LogPluginManager: Mounting plugin GoogleCloudMessaging
LogPluginManager: Mounting plugin ImmediatePhysics
LogPluginManager: Mounting plugin IOSDeviceProfileSelector
LogPluginManager: Mounting plugin LinuxDeviceProfileSelector
LogPluginManager: Mounting plugin LocationServicesBPLibrary
LogPluginManager: Mounting plugin MobilePatchingUtils
LogPluginManager: Mounting plugin OculusVR
LogPluginManager: Plugin shader directory ../../../Engine/Plugins/Runtime/Oculus/OculusVR/Shaders found
LogPluginManager: Mapping shader source directory ../../../Engine/Plugins/Runtime/Oculus/OculusVR/Shaders to virtual directory /Plugin/OculusVR
LogPluginManager: Mounting plugin PhysXVehicles
LogPluginManager: Mounting plugin ProceduralMeshComponent
LogPluginManager: Mounting plugin RuntimePhysXCooking
LogPluginManager: Mounting plugin SteamVR
LogPluginManager: Mounting plugin WindowsMoviePlayer
LogInit: Using libcurl 7.47.1
LogInit:  - built for x86_64-pc-win32
LogInit:  - supports SSL with OpenSSL/1.0.2g
LogInit:  - supports HTTP deflate (compression) using libz 1.2.8
LogInit:  - other features:
LogInit:      CURL_VERSION_SSL
LogInit:      CURL_VERSION_LIBZ
LogInit:      CURL_VERSION_IPV6
LogInit:      CURL_VERSION_ASYNCHDNS
LogInit:      CURL_VERSION_LARGEFILE
LogInit:      CURL_VERSION_IDN
LogInit:  CurlRequestOptions (configurable via config and command line):
LogInit:  - bVerifyPeer = false  - Libcurl will NOT verify peer certificate
LogInit:  - bUseHttpProxy = false  - Libcurl will NOT use HTTP proxy
LogInit:  - bDontReuseConnections = false  - Libcurl will reuse connections
LogInit:  - CertBundlePath = nullptr  - Libcurl will use whatever was configured at build time.
LogHMD: Failed initializing OVRPlugin 1.19.0
LogInit: Build: ++UE4+Release-4.18-CL-3794801
LogInit: Engine Version: 4.18.2-3794801+++UE4+Release-4.18
LogInit: Compatible Engine Version: 4.18.0-3709383+++UE4+Release-4.18
LogInit: Net CL: 3709383
LogDevObjectVersion: Number of dev versions registered: 16
LogDevObjectVersion:   Dev-Blueprints (B0D832E4-1F89-4F0D-ACCF-7EB736FD4AA2): 10
LogDevObjectVersion:   Dev-Build (E1C64328-A22C-4D53-A36C-8E866417BD8C): 0
LogDevObjectVersion:   Dev-Core (375EC13C-06E4-48FB-B500-84F0262A717E): 2
LogDevObjectVersion:   Dev-Editor (E4B068ED-F494-42E9-A231-DA0B2E46BB41): 20
LogDevObjectVersion:   Dev-Framework (CFFC743F-43B0-4480-9391-14DF171D2073): 30
LogDevObjectVersion:   Dev-Mobile (B02B49B5-BB20-44E9-A304-32B752E40360): 0
LogDevObjectVersion:   Dev-Networking (A4E4105C-59A1-49B5-A7C5-40C4547EDFEE): 0
LogDevObjectVersion:   Dev-Online (39C831C9-5AE6-47DC-9A44-9C173E1C8E7C): 0
LogDevObjectVersion:   Dev-Physics (78F01B33-EBEA-4F98-B9B4-84EACCB95AA2): 0
LogDevObjectVersion:   Dev-Platform (6631380F-2D4D-43E0-8009-CF276956A95A): 0
LogDevObjectVersion:   Dev-Rendering (12F88B9F-8875-4AFC-A67C-D90C383ABD29): 20
LogDevObjectVersion:   Dev-Sequencer (7B5AE74C-D270-4C10-A958-57980B212A5A): 4
LogDevObjectVersion:   Dev-VR (D7296918-1DD6-4BDD-9DE2-64A83CC13884): 0
LogDevObjectVersion:   Dev-LoadTimes (C2A15278-BFE7-4AFE-6C17-90FF531DF755): 1
LogDevObjectVersion:   Private-Geometry (6EACA3D4-40EC-4CC1-B786-8BED09428FC5): 1
LogDevObjectVersion:   Dev-AnimPhys (29E575DD-E0A3-4627-9D10-D276232CDCEA): 12
LogInit: Compiled (64-bit): Dec  8 2017 02:04:53
LogInit: Compiled with Visual C++: 19.00.24215.01
LogInit: Build Configuration: Development
LogInit: Branch Name: ++UE4+Release-4.18
LogInit: Command line:  
LogInit: Base directory: D:/Program files (x86)/Epic Games/UE_4.18/Engine/Binaries/Win64/
LogInit: Installed Engine Build: 1
LogInit: Presizing for max 8388607 objects, including 0 objects not considered by GC, pre-allocating 0 bytes for permanent pool.
LogInit: Object subsystem initialized
[2018.05.09-14.42.03:023][  0]LogInit: Selected Device Profile: [Windows]
[2018.05.09-14.42.03:023][  0]LogInit: Applying CVar settings loaded from the selected device profile: [Windows]
[2018.05.09-14.42.03:125][  0]LogInit: Computer: MSI
[2018.05.09-14.42.03:125][  0]LogInit: User: PaopuKid
[2018.05.09-14.42.03:125][  0]LogInit: CPU Page size=4096, Cores=4
[2018.05.09-14.42.03:125][  0]LogInit: High frequency timer resolution =2.742193 MHz
[2018.05.09-14.42.03:126][  0]LogMemory: Memory total: Physical=7.9GB (8GB approx)
[2018.05.09-14.42.03:126][  0]LogMemory: Platform Memory Stats for Windows
[2018.05.09-14.42.03:127][  0]LogMemory: Process Physical Memory: 279.68 MB used, 279.68 MB peak
[2018.05.09-14.42.03:127][  0]LogMemory: Process Virtual Memory: 276.04 MB used, 276.04 MB peak
[2018.05.09-14.42.03:127][  0]LogMemory: Physical Memory: 5381.78 MB used,  2695.38 MB free, 8077.16 MB total
[2018.05.09-14.42.03:127][  0]LogMemory: Virtual Memory: 730.83 MB used,  2695.38 MB free, 134217728.00 MB total
[2018.05.09-14.42.04:647][  0]LogInit: Overriding language with editor language configuration option (en).
[2018.05.09-14.42.04:647][  0]LogInit: Overriding locale with editor locale configuration option (en).
[2018.05.09-14.42.05:641][  0]LogInit: Setting process to per monitor DPI aware
[2018.05.09-14.42.06:867][  0]LogD3D11RHI: D3D11 adapters:
[2018.05.09-14.42.06:943][  0]LogD3D11RHI:    0. 'NVIDIA GeForce GTX 1060' (Feature Level 11_0)
[2018.05.09-14.42.06:943][  0]LogD3D11RHI:       3019/0/4038 MB DedicatedVideo/DedicatedSystem/SharedSystem, Outputs:1, VendorId:0x10de
[2018.05.09-14.42.06:954][  0]LogD3D11RHI:    1. 'Intel(R) HD Graphics 630' (Feature Level 11_0)
[2018.05.09-14.42.06:954][  0]LogD3D11RHI:       128/0/4038 MB DedicatedVideo/DedicatedSystem/SharedSystem, Outputs:0, VendorId:0x8086
[2018.05.09-14.42.06:957][  0]LogD3D11RHI:    2. 'Microsoft Basic Render Driver' (Feature Level 11_0)
[2018.05.09-14.42.06:957][  0]LogD3D11RHI:       0/0/4038 MB DedicatedVideo/DedicatedSystem/SharedSystem, Outputs:0, VendorId:0x1414
[2018.05.09-14.42.06:957][  0]LogD3D11RHI: Chosen D3D11 Adapter: 0
[2018.05.09-14.42.06:967][  0]LogD3D11RHI: Creating new Direct3DDevice
[2018.05.09-14.42.06:968][  0]LogD3D11RHI:     GPU DeviceId: 0x1c20 (for the marketing name, search the web for "GPU Device Id")
[2018.05.09-14.42.06:968][  0]LogWindows: EnumDisplayDevices:
[2018.05.09-14.42.06:968][  0]LogWindows:    0. 'Intel(R) HD Graphics 630' (P:1 D:1)
[2018.05.09-14.42.06:968][  0]LogWindows:    1. 'Intel(R) HD Graphics 630' (P:0 D:0)
[2018.05.09-14.42.06:968][  0]LogWindows:    2. 'Intel(R) HD Graphics 630' (P:0 D:0)
[2018.05.09-14.42.06:968][  0]LogWindows:    3. 'NVIDIA GeForce GTX 1060' (P:0 D:0)
[2018.05.09-14.42.06:969][  0]LogWindows:    4. 'NVIDIA GeForce GTX 1060' (P:0 D:0)
[2018.05.09-14.42.06:969][  0]LogWindows:    5. 'NVIDIA GeForce GTX 1060' (P:0 D:0)
[2018.05.09-14.42.06:969][  0]LogWindows:    6. 'NVIDIA GeForce GTX 1060' (P:0 D:0)
[2018.05.09-14.42.06:969][  0]LogWindows: DebugString: GetVideoDriverDetailsInvalid PrimaryIsNotTheChoosenAdapter GetVideoDriverDetailsInvalid PrimaryIsNotTheChoosenAdapter GetVideoDriverDetailsInvalid PrimaryIsNotTheChoosenAdapter GetVideoDriverDetailsInvalid PrimaryIsNotTheChoosenAdapter GetVideoDriverDetailsInvalid PrimaryIsNotTheChoosenAdapter GetVideoDriverDetailsInvalid PrimaryIsNotTheChoosenAdapter GetVideoDriverDetailsInvalid PrimaryIsNotTheChoosenAdapter FoundDriverCount:0 
[2018.05.09-14.42.06:969][  0]LogD3D11RHI:     Adapter Name: NVIDIA GeForce GTX 1060
[2018.05.09-14.42.06:969][  0]LogD3D11RHI:   Driver Version: Unknown (internal:Unknown, unified:Unknown)
[2018.05.09-14.42.06:969][  0]LogD3D11RHI:      Driver Date: Unknown
[2018.05.09-14.42.06:969][  0]LogRHI: Texture pool is 2113 MB (70% of 3019 MB)
[2018.05.09-14.42.07:009][  0]LogD3D11RHI: Async texture creation enabled
[2018.05.09-14.42.07:226][  0]LogD3D11RHI: GPU Timing Frequency: 1000.000000 (Debug: 2 1)
[2018.05.09-14.42.07:280][  0]LogShaderCompilers: Guid format shader working directory is -18 characters bigger than the processId version (../../../../../../Documentos/Unreal Projects/VRaporwave/VRaporwave/Intermediate/Shaders/WorkingDirectory/34636/).
[2018.05.09-14.42.07:281][  0]LogShaderCompilers: Cleaned the shader compiler working directory 'C:/Users/PaopuKid/AppData/Local/Temp/UnrealShaderWorkingDir/37B622FC4797E4E94894838268EA0D52/'.
[2018.05.09-14.42.07:291][  0]LogShaderCompilers: Display: Using Local Shader Compiler.
[2018.05.09-14.42.10:619][  0]LogTemp: Display: Loaded TP AllDesktopTargetPlatform
[2018.05.09-14.42.10:684][  0]LogTemp: Display: Loaded TP MacClientTargetPlatform
[2018.05.09-14.42.10:731][  0]LogTemp: Display: Loaded TP MacNoEditorTargetPlatform
[2018.05.09-14.42.10:777][  0]LogTemp: Display: Loaded TP MacServerTargetPlatform
[2018.05.09-14.42.10:833][  0]LogTemp: Display: Loaded TP MacTargetPlatform
[2018.05.09-14.42.10:879][  0]LogTemp: Display: Loaded TP WindowsClientTargetPlatform
[2018.05.09-14.42.10:935][  0]LogTemp: Display: Loaded TP WindowsNoEditorTargetPlatform
[2018.05.09-14.42.10:987][  0]LogTemp: Display: Loaded TP WindowsServerTargetPlatform
[2018.05.09-14.42.11:045][  0]LogTemp: Display: Loaded TP WindowsTargetPlatform
[2018.05.09-14.42.11:096][  0]LogTemp: Display: Loaded TP Android_ASTCTargetPlatform
[2018.05.09-14.42.11:141][  0]LogTemp: Display: Loaded TP Android_ATCTargetPlatform
[2018.05.09-14.42.11:207][  0]LogTemp: Display: Loaded TP Android_DXTTargetPlatform
[2018.05.09-14.42.11:258][  0]LogTemp: Display: Loaded TP Android_ETC1TargetPlatform
[2018.05.09-14.42.11:305][  0]LogTemp: Display: Loaded TP Android_ETC2TargetPlatform
[2018.05.09-14.42.11:458][  0]LogTemp: Display: Loaded TP Android_MultiTargetPlatform
[2018.05.09-14.42.11:459][  0]LogTemp: Display: Loaded TP Android_PVRTCTargetPlatform
[2018.05.09-14.42.11:590][  0]LogTemp: Display: Loaded TP AndroidTargetPlatform
[2018.05.09-14.42.11:633][  0]LogTemp: Display: Loaded TP HTML5TargetPlatform
[2018.05.09-14.42.11:804][  0]LogTemp: Display: Loaded TP IOSTargetPlatform
[2018.05.09-14.42.11:852][  0]LogTemp: Display: Loaded TP TVOSTargetPlatform
[2018.05.09-14.42.11:910][  0]LogTemp: Display: Loaded TP LinuxClientTargetPlatform
[2018.05.09-14.42.11:964][  0]LogTemp: Display: Loaded TP LinuxNoEditorTargetPlatform
[2018.05.09-14.42.12:010][  0]LogTemp: Display: Loaded TP LinuxServerTargetPlatform
[2018.05.09-14.42.12:075][  0]LogTemp: Display: Loaded TP LinuxTargetPlatform
[2018.05.09-14.42.12:075][  0]LogTargetPlatformManager: Display: Building Assets For Windows
[2018.05.09-14.42.13:774][  0]LogDerivedDataCache: Display: Max Cache Size: 512 MB
[2018.05.09-14.42.14:159][  0]LogDerivedDataCache: Loaded boot cache 0.38s 79MB C:/Users/PaopuKid/AppData/Local/UnrealEngine/4.18/DerivedDataCache/Boot.ddc.
[2018.05.09-14.42.14:159][  0]LogDerivedDataCache: Display: Loaded Boot cache: C:/Users/PaopuKid/AppData/Local/UnrealEngine/4.18/DerivedDataCache/Boot.ddc
[2018.05.09-14.42.14:159][  0]LogDerivedDataCache: FDerivedDataBackendGraph:  Pak pak cache file ../../../../../../Documentos/Unreal Projects/VRaporwave/VRaporwave/DerivedDataCache/DDC.ddp not found, will not use a pak cache.
[2018.05.09-14.42.14:159][  0]LogDerivedDataCache: Unable to find inner node Pak for hierarchical cache Hierarchy.
[2018.05.09-14.42.14:159][  0]LogDerivedDataCache: FDerivedDataBackendGraph:  CompressedPak pak cache file ../../../../../../Documentos/Unreal Projects/VRaporwave/VRaporwave/DerivedDataCache/Compressed.ddp not found, will not use a pak cache.
[2018.05.09-14.42.14:159][  0]LogDerivedDataCache: Unable to find inner node CompressedPak for hierarchical cache Hierarchy.
[2018.05.09-14.42.14:281][  0]LogDerivedDataCache: Display: Pak cache opened for reading ../../../Engine/DerivedDataCache/Compressed.ddp.
[2018.05.09-14.42.14:297][  0]LogDerivedDataCache: Using Local data cache path C:/Users/PaopuKid/AppData/Local/UnrealEngine/Common/DerivedDataCache: Writable
[2018.05.09-14.42.14:371][  0]LogMaterial: Verifying Global Shaders for PCD3D_SM5
[2018.05.09-14.42.14:425][  0]LogSlate: Using Freetype 2.6.0
[2018.05.09-14.42.14:476][  0]LogSlate: SlateFontCache - WITH_FREETYPE: 1, WITH_HARFBUZZ: 1
[2018.05.09-14.42.14:488][  0]LogSlate: SlateFontCache - WITH_FREETYPE: 1, WITH_HARFBUZZ: 1
[2018.05.09-14.42.25:087][  0]LogInit: Selected Device Profile: [Windows]
[2018.05.09-14.42.26:930][  0]LogSimplygon: Simplygon DLL not present - disabling.
[2018.05.09-14.42.27:049][  0]LogMeshReduction: Using SimplygonSwarm for distributed automatic mesh merging
[2018.05.09-14.42.27:049][  0]LogMeshReduction: Using QuadricMeshReduction for automatic static mesh reduction
[2018.05.09-14.42.27:049][  0]LogMeshReduction: No automatic skeletal mesh reduction module available
[2018.05.09-14.42.27:049][  0]LogMeshReduction: No automatic mesh merging module available
[2018.05.09-14.42.27:049][  0]LogMeshMerging: No automatic mesh merging module available
[2018.05.09-14.42.27:409][  0]LogNetVersion: VRaporwave , NetCL: 3709383, EngineNetVer: 2, GameNetVer: 0 (Checksum: 722213230)
[2018.05.09-14.42.28:690][  0]LogAssetRegistry: FAssetRegistry took 0.0365 seconds to start up
[2018.05.09-14.42.35:606][  0]LogPackageLocalizationCache: Processed 7 localized package path(s) for 1 prioritized culture(s) in 0.224083 seconds
[2018.05.09-14.42.35:651][  0]LogUObjectArray: 35900 objects as part of root set at end of initial load.
[2018.05.09-14.42.35:651][  0]LogUObjectAllocator: 7372024 out of 0 bytes used by permanent object pool.
[2018.05.09-14.42.35:651][  0]LogUObjectArray: CloseDisregardForGC: 0/0 objects in disregard for GC pool
[2018.05.09-14.42.35:789][  0]LogInit: WinSock: version 1.1 (2.2), MaxSocks=32767, MaxUdp=65467
[2018.05.09-14.43.06:494][  0]LogTcpMessaging: Initializing TcpMessaging bridge
[2018.05.09-14.43.06:561][  0]LogUdpMessaging: Initializing bridge on interface 0.0.0.0:0 to multicast group 230.0.0.1:6666.
[2018.05.09-14.43.08:586][  0]LogMaterial: Uniform references updated for custom material expression Custom.
[2018.05.09-14.43.09:511][  0]SourceControl: Source control is disabled
[2018.05.09-14.43.13:037][  0]LogAndroidPermission: UAndroidPermissionCallbackProxy::GetInstance
[2018.05.09-14.43.13:470][  0]LogOcInput: OculusInput pre-init called
[2018.05.09-14.43.14:379][  0]LogEngine: Initializing Engine...
[2018.05.09-14.43.14:460][  0]LogHMD: Failed to initialize OpenVR with code 110
[2018.05.09-14.43.14:930][  0]LogStats: UGameplayTagsManager::ConstructGameplayTagTree: Construct from data asset -  0.000 s
[2018.05.09-14.43.14:930][  0]LogStats: UGameplayTagsManager::ConstructGameplayTagTree: GameplayTagTreeChangedEvent.Broadcast -  0.000 s
[2018.05.09-14.43.15:586][  0]LogAIModule: Creating AISystem for world Untitled
[2018.05.09-14.43.15:902][  0]LogInit: XAudio2 using 'Altavoces (Realtek High Definition Audio)' : 6 channels at 48 kHz using 32 bits per sample (channel mask 0x3f)
[2018.05.09-14.43.16:020][  0]LogInit: FAudioDevice initialized.
[2018.05.09-14.43.16:176][  0]LogDerivedDataCache: Saved boot cache 0.12s 79MB C:/Users/PaopuKid/AppData/Local/UnrealEngine/4.18/DerivedDataCache/Boot.ddc.
[2018.05.09-14.43.16:188][  0]LogInit: Texture streaming: Enabled
[2018.05.09-14.43.16:535][  0]LogEngineSessionManager: EngineSessionManager initialized
[2018.05.09-14.43.16:991][  0]LogInit: Transaction tracking system initialized
[2018.05.09-14.43.17:696][  0]BlueprintLog: New page: Editor Load
[2018.05.09-14.43.20:444][  0]LocalizationService: Localization service is disabled
[2018.05.09-14.43.22:117][  0]LogConsoleResponse: Display: 
[2018.05.09-14.43.23:715][  0]LogFileCache: Scanning file cache for directory 'D:/Documentos/Unreal Projects/VRaporwave/VRaporwave/Content/' took 0.07s
[2018.05.09-14.43.23:715][  0]LogCook: Display: Max memory allowance for cook 16384mb min free memory 0mb
[2018.05.09-14.43.23:722][  0]LogCook: Display: Mobile HDR setting 1
[2018.05.09-14.43.23:736][  0]LogGameplayTags: Display: UGameplayTagsManager::DoneAddingNativeTags. DelegateIsBound: 0
[2018.05.09-14.43.26:754][  0]Cmd: MAP LOAD FILE="../../../../../../Documentos/Unreal Projects/VRaporwave/VRaporwave/Content/VirtualRealityBP/Maps/MotionControllerMap.umap" TEMPLATE=0 SHOWPROGRESS=1 FEATURELEVEL=3
[2018.05.09-14.43.26:762][  0]LightingResults: New page: Lighting Build
[2018.05.09-14.43.27:046][  0]MapCheck: New page: Map Check
[2018.05.09-14.43.27:046][  0]LightingResults: New page: Lighting Build
[2018.05.09-14.43.28:101][  0]LogLinker: Warning: Can't find file '/Engine/BasicShapes/SUNPlane'
[2018.05.09-14.43.28:101][  0]LogLinker: Warning: Can't find file for asset '/Engine/BasicShapes/SUNPlane' while loading ../../../../../../Documentos/Unreal Projects/VRaporwave/VRaporwave/Content/PortalsBP/Portal.uasset.
[2018.05.09-14.43.28:109][  0]LoadErrors: Error: /Game/PortalsBP/Portal : Can't find file for asset. /Engine/BasicShapes/SUNPlane
[2018.05.09-14.43.28:111][  0]LogLinker: Warning: Can't find file '/Game/StarterContent/Props/Materials/M_Frame'
[2018.05.09-14.43.28:111][  0]LogLinker: Warning: Can't find file for asset '/Game/StarterContent/Props/Materials/M_Frame' while loading ../../../../../../Documentos/Unreal Projects/VRaporwave/VRaporwave/Content/Modular_Room/SM_DoorFrame.uasset.
[2018.05.09-14.43.28:111][  0]LoadErrors: Error: /Game/Modular_Room/SM_DoorFrame : Can't find file for asset. /Game/StarterContent/Props/Materials/M_Frame
[2018.05.09-14.43.28:112][  0]LogLinker: Warning: Can't find file '/Game/StarterContent/Props/Materials/M_Frame'
[2018.05.09-14.43.28:112][  0]LogLinker: Warning: Can't find file for asset '/Game/StarterContent/Props/Materials/M_Frame' while loading ../../../../../../Documentos/Unreal Projects/VRaporwave/VRaporwave/Content/Modular_Room/SM_DoorFrame.uasset.
[2018.05.09-14.43.28:112][  0]LoadErrors: Error: /Game/Modular_Room/SM_DoorFrame : Can't find file for asset. /Game/StarterContent/Props/Materials/M_Frame
[2018.05.09-14.43.28:115][  0]LogLinker: Warning: Can't find file '/Engine/BasicShapes/SUNPlane'
[2018.05.09-14.43.28:116][  0]LogLinker: Warning: Can't find file for asset '/Engine/BasicShapes/SUNPlane' while loading ../../../../../../Documentos/Unreal Projects/VRaporwave/VRaporwave/Content/PortalsBP/Portal.uasset.
[2018.05.09-14.43.28:116][  0]LoadErrors: Error: /Game/PortalsBP/Portal : Can't find file for asset. /Engine/BasicShapes/SUNPlane
[2018.05.09-14.43.28:118][  0]LogLinker: Warning: Can't find file '/Engine/BasicShapes/SUNPlane'
[2018.05.09-14.43.28:118][  0]LogLinker: Warning: Can't find file for asset '/Engine/BasicShapes/SUNPlane' while loading ../../../../../../Documentos/Unreal Projects/VRaporwave/VRaporwave/Content/VirtualRealityBP/Blueprints/answeringMachineUV_Blueprint.uasset.
[2018.05.09-14.43.28:118][  0]LoadErrors: Error: /Game/VirtualRealityBP/Blueprints/answeringMachineUV_Blueprint : Can't find file for asset. /Engine/BasicShapes/SUNPlane
[2018.05.09-14.43.28:118][  0]LogLinker: Warning: Can't find file '/Engine/BasicShapes/SUNPlane'
[2018.05.09-14.43.28:118][  0]LogLinker: Warning: Can't find file for asset '/Engine/BasicShapes/SUNPlane' while loading ../../../../../../Documentos/Unreal Projects/VRaporwave/VRaporwave/Content/VirtualRealityBP/Blueprints/answeringMachineUV_Blueprint.uasset.
[2018.05.09-14.43.28:118][  0]LoadErrors: Error: /Game/VirtualRealityBP/Blueprints/answeringMachineUV_Blueprint : Can't find file for asset. /Engine/BasicShapes/SUNPlane
[2018.05.09-14.43.28:129][  0]LogLinker: Warning: Can't find file '/Engine/BasicShapes/SUNPlane'
[2018.05.09-14.43.28:130][  0]LoadErrors: Failed to load /Engine/BasicShapes/SUNPlane.SUNPlane Referenced by PortalMesh_GEN_VARIABLE
[2018.05.09-14.43.28:130][  0]LogLinker: Warning: Can't find file for asset '/Engine/BasicShapes/SUNPlane' while loading ../../../../../../Documentos/Unreal Projects/VRaporwave/VRaporwave/Content/VirtualRealityBP/Blueprints/answeringMachineUV_Blueprint.uasset.
[2018.05.09-14.43.28:130][  0]LoadErrors: Failed to load /Engine/BasicShapes/SUNPlane.SUNPlane Referenced by PortalMesh_GEN_VARIABLE
[2018.05.09-14.43.28:130][  0]LoadErrors: Error: /Game/VirtualRealityBP/Blueprints/answeringMachineUV_Blueprint : Can't find file for asset. /Engine/BasicShapes/SUNPlane
[2018.05.09-14.43.30:467][  0]LogLinker: Warning: Can't find file '/Engine/BasicShapes/SUNPlane'
[2018.05.09-14.43.30:467][  0]LogLinker: Warning: Can't find file for asset '/Engine/BasicShapes/SUNPlane' while loading ../../../../../../Documentos/Unreal Projects/VRaporwave/VRaporwave/Content/VirtualRealityBP/Blueprints/answeringMachineUV_Blueprint.uasset.
[2018.05.09-14.43.30:467][  0]LoadErrors: Error: /Game/VirtualRealityBP/Blueprints/answeringMachineUV_Blueprint : Can't find file for asset. /Engine/BasicShapes/SUNPlane
[2018.05.09-14.43.30:475][  0]LogLinker: Warning: Can't find file '/Engine/BasicShapes/SUNPlane'
[2018.05.09-14.43.30:475][  0]LogLinker: Warning: Can't find file for asset '/Engine/BasicShapes/SUNPlane' while loading ../../../../../../Documentos/Unreal Projects/VRaporwave/VRaporwave/Content/VirtualRealityBP/Blueprints/answeringMachineUV_Blueprint.uasset.
[2018.05.09-14.43.30:475][  0]LoadErrors: Error: /Game/VirtualRealityBP/Blueprints/answeringMachineUV_Blueprint : Can't find file for asset. /Engine/BasicShapes/SUNPlane
[2018.05.09-14.43.30:477][  0]LogLinker: Warning: Can't find file '/Engine/BasicShapes/SUNPlane'
[2018.05.09-14.43.30:478][  0]LogLinker: Warning: Can't find file for asset '/Engine/BasicShapes/SUNPlane' while loading ../../../../../../Documentos/Unreal Projects/VRaporwave/VRaporwave/Content/VirtualRealityBP/Maps/MotionControllerMap.umap.
[2018.05.09-14.43.30:478][  0]LoadErrors: Error: /Game/VirtualRealityBP/Maps/MotionControllerMap : Can't find file for asset. /Engine/BasicShapes/SUNPlane
[2018.05.09-14.43.30:478][  0]LogLinker: Warning: Can't find file '/Engine/BasicShapes/SUNPlane'
[2018.05.09-14.43.30:478][  0]LogLinker: Warning: Can't find file for asset '/Engine/BasicShapes/SUNPlane' while loading ../../../../../../Documentos/Unreal Projects/VRaporwave/VRaporwave/Content/VirtualRealityBP/Maps/MotionControllerMap.umap.
[2018.05.09-14.43.30:478][  0]LoadErrors: Error: /Game/VirtualRealityBP/Maps/MotionControllerMap : Can't find file for asset. /Engine/BasicShapes/SUNPlane
[2018.05.09-14.43.30:491][  0]LogLinker: Warning: Can't find file '/Engine/BasicShapes/SUNPlane'
[2018.05.09-14.43.30:492][  0]LoadErrors: Failed to load /Engine/BasicShapes/SUNPlane.SUNPlane Referenced by Plane_GEN_VARIABLE
[2018.05.09-14.43.30:492][  0]LogLinker: Warning: Can't find file for asset '/Engine/BasicShapes/SUNPlane' while loading ../../../../../../Documentos/Unreal Projects/VRaporwave/VRaporwave/Content/VirtualRealityBP/Maps/MotionControllerMap.umap.
[2018.05.09-14.43.30:492][  0]LoadErrors: Failed to load /Engine/BasicShapes/SUNPlane.SUNPlane Referenced by Plane_GEN_VARIABLE
[2018.05.09-14.43.30:492][  0]LoadErrors: Error: /Game/VirtualRealityBP/Maps/MotionControllerMap : Can't find file for asset. /Engine/BasicShapes/SUNPlane
[2018.05.09-14.43.30:533][  0]LogLinker: Warning: Can't find file '/Engine/BasicShapes/SUNPlane'
[2018.05.09-14.43.30:534][  0]LogLinker: Warning: Can't find file for asset '/Engine/BasicShapes/SUNPlane' while loading ../../../../../../Documentos/Unreal Projects/VRaporwave/VRaporwave/Content/PortalsBP/Portal2.uasset.
[2018.05.09-14.43.30:534][  0]LoadErrors: Error: /Game/PortalsBP/Portal2 : Can't find file for asset. /Engine/BasicShapes/SUNPlane
[2018.05.09-14.43.30:534][  0]LogLinker: Warning: Can't find file '/Engine/BasicShapes/SUNPlane'
[2018.05.09-14.43.30:534][  0]LogLinker: Warning: Can't find file for asset '/Engine/BasicShapes/SUNPlane' while loading ../../../../../../Documentos/Unreal Projects/VRaporwave/VRaporwave/Content/PortalsBP/Portal2.uasset.
[2018.05.09-14.43.30:534][  0]LoadErrors: Error: /Game/PortalsBP/Portal2 : Can't find file for asset. /Engine/BasicShapes/SUNPlane
[2018.05.09-14.43.30:535][  0]LogLinker: Warning: Can't find file '/Engine/BasicShapes/SUNPlane'
[2018.05.09-14.43.30:535][  0]LogLinker: Warning: Can't find file for asset '/Engine/BasicShapes/SUNPlane' while loading ../../../../../../Documentos/Unreal Projects/VRaporwave/VRaporwave/Content/VirtualRealityBP/Maps/MotionControllerMap.umap.
[2018.05.09-14.43.30:535][  0]LoadErrors: Error: /Game/VirtualRealityBP/Maps/MotionControllerMap : Can't find file for asset. /Engine/BasicShapes/SUNPlane
[2018.05.09-14.43.30:535][  0]LogLinker: Warning: Can't find file '/Engine/BasicShapes/SUNPlane'
[2018.05.09-14.43.30:535][  0]LogLinker: Warning: Can't find file for asset '/Engine/BasicShapes/SUNPlane' while loading ../../../../../../Documentos/Unreal Projects/VRaporwave/VRaporwave/Content/VirtualRealityBP/Maps/MotionControllerMap.umap.
[2018.05.09-14.43.30:535][  0]LoadErrors: Error: /Game/VirtualRealityBP/Maps/MotionControllerMap : Can't find file for asset. /Engine/BasicShapes/SUNPlane
[2018.05.09-14.43.30:536][  0]LogLinker: Warning: Can't find file '/Engine/BasicShapes/SUNPlane'
[2018.05.09-14.43.30:536][  0]LoadErrors: Failed to load /Engine/BasicShapes/SUNPlane.SUNPlane Referenced by PortalMesh_GEN_VARIABLE
[2018.05.09-14.43.30:536][  0]LogLinker: Warning: Can't find file for asset '/Engine/BasicShapes/SUNPlane' while loading ../../../../../../Documentos/Unreal Projects/VRaporwave/VRaporwave/Content/VirtualRealityBP/Maps/MotionControllerMap.umap.
[2018.05.09-14.43.30:536][  0]LoadErrors: Failed to load /Engine/BasicShapes/SUNPlane.SUNPlane Referenced by PortalMesh_GEN_VARIABLE
[2018.05.09-14.43.30:536][  0]LoadErrors: Error: /Game/VirtualRealityBP/Maps/MotionControllerMap : Can't find file for asset. /Engine/BasicShapes/SUNPlane
[2018.05.09-14.43.31:479][  0]LogLinker: Warning: Can't find file '/Engine/BasicShapes/SUNPlane'
[2018.05.09-14.43.31:480][  0]LoadErrors: Failed to load /Engine/BasicShapes/SUNPlane.SUNPlane Referenced by Plane_GEN_VARIABLE
[2018.05.09-14.43.31:480][  0]LogLinker: Warning: Can't find file for asset '/Engine/BasicShapes/SUNPlane' while loading ../../../../../../Documentos/Unreal Projects/VRaporwave/VRaporwave/Content/FirstPersonBP/Blueprints/VHSTape.uasset.
[2018.05.09-14.43.31:480][  0]LoadErrors: Failed to load /Engine/BasicShapes/SUNPlane.SUNPlane Referenced by Plane_GEN_VARIABLE
[2018.05.09-14.43.31:480][  0]LoadErrors: Error: /Game/FirstPersonBP/Blueprints/VHSTape : Can't find file for asset. /Engine/BasicShapes/SUNPlane
[2018.05.09-14.43.31:482][  0]LogLinker: Warning: Can't find file '/Engine/BasicShapes/SUNPlane'
[2018.05.09-14.43.31:483][  0]LoadErrors: Failed to load /Engine/BasicShapes/SUNPlane.SUNPlane Referenced by StaticMesh_GEN_VARIABLE
[2018.05.09-14.43.31:484][  0]LogLinker: Warning: Can't find file for asset '/Engine/BasicShapes/SUNPlane' while loading ../../../../../../Documentos/Unreal Projects/VRaporwave/VRaporwave/Content/FirstPersonBP/Blueprints/VHSTape.uasset.
[2018.05.09-14.43.31:485][  0]LoadErrors: Failed to load /Engine/BasicShapes/SUNPlane.SUNPlane Referenced by StaticMesh_GEN_VARIABLE
[2018.05.09-14.43.31:485][  0]LoadErrors: Error: /Game/FirstPersonBP/Blueprints/VHSTape : Can't find file for asset. /Engine/BasicShapes/SUNPlane
[2018.05.09-14.43.32:198][  0]LogLinker: Warning: Can't find file '/Engine/BasicShapes/SUNPlane'
[2018.05.09-14.43.32:198][  0]LogLinker: Warning: Can't find file for asset '/Engine/BasicShapes/SUNPlane' while loading ../../../../../../Documentos/Unreal Projects/VRaporwave/VRaporwave/Content/VirtualRealityBP/Blueprints/SpaceInvaderManager2.uasset.
[2018.05.09-14.43.32:198][  0]LoadErrors: Error: /Game/VirtualRealityBP/Blueprints/SpaceInvaderManager2 : Can't find file for asset. /Engine/BasicShapes/SUNPlane
[2018.05.09-14.43.32:198][  0]LogLinker: Warning: Can't find file '/Engine/BasicShapes/SUNPlane'
[2018.05.09-14.43.32:198][  0]LogLinker: Warning: Can't find file for asset '/Engine/BasicShapes/SUNPlane' while loading ../../../../../../Documentos/Unreal Projects/VRaporwave/VRaporwave/Content/VirtualRealityBP/Blueprints/SpaceInvaderManager2.uasset.
[2018.05.09-14.43.32:198][  0]LoadErrors: Error: /Game/VirtualRealityBP/Blueprints/SpaceInvaderManager2 : Can't find file for asset. /Engine/BasicShapes/SUNPlane
[2018.05.09-14.43.32:228][  0]LogLinker: Warning: Can't find file '/Engine/BasicShapes/SUNPlane'
[2018.05.09-14.43.32:228][  0]LoadErrors: Failed to load /Engine/BasicShapes/SUNPlane.SUNPlane Referenced by Yes_GEN_VARIABLE
[2018.05.09-14.43.32:228][  0]LogLinker: Warning: Can't find file for asset '/Engine/BasicShapes/SUNPlane' while loading ../../../../../../Documentos/Unreal Projects/VRaporwave/VRaporwave/Content/VirtualRealityBP/Blueprints/SpaceInvaderManager2.uasset.
[2018.05.09-14.43.32:228][  0]LoadErrors: Failed to load /Engine/BasicShapes/SUNPlane.SUNPlane Referenced by Yes_GEN_VARIABLE
[2018.05.09-14.43.32:228][  0]LoadErrors: Error: /Game/VirtualRealityBP/Blueprints/SpaceInvaderManager2 : Can't find file for asset. /Engine/BasicShapes/SUNPlane
[2018.05.09-14.43.32:288][  0]LogLinker: Warning: Can't find file '/Engine/BasicShapes/SUNPlane'
[2018.05.09-14.43.32:288][  0]LogLinker: Warning: Can't find file for asset '/Engine/BasicShapes/SUNPlane' while loading ../../../../../../Documentos/Unreal Projects/VRaporwave/VRaporwave/Content/VirtualRealityBP/Blueprints/SpaceInvaderManager2.uasset.
[2018.05.09-14.43.32:288][  0]LoadErrors: Error: /Game/VirtualRealityBP/Blueprints/SpaceInvaderManager2 : Can't find file for asset. /Engine/BasicShapes/SUNPlane
[2018.05.09-14.43.32:291][  0]LogLinker: Warning: Can't find file '/Engine/BasicShapes/SUNPlane'
[2018.05.09-14.43.32:291][  0]LogLinker: Warning: Can't find file for asset '/Engine/BasicShapes/SUNPlane' while loading ../../../../../../Documentos/Unreal Projects/VRaporwave/VRaporwave/Content/VirtualRealityBP/Blueprints/SpaceInvaderManager2.uasset.
[2018.05.09-14.43.32:291][  0]LoadErrors: Error: /Game/VirtualRealityBP/Blueprints/SpaceInvaderManager2 : Can't find file for asset. /Engine/BasicShapes/SUNPlane
[2018.05.09-14.43.32:434][  0]LogLinker: Warning: Can't find file '/Engine/BasicShapes/SUNPlane'
[2018.05.09-14.43.32:434][  0]LogLinker: Warning: Can't find file for asset '/Engine/BasicShapes/SUNPlane' while loading ../../../../../../Documentos/Unreal Projects/VRaporwave/VRaporwave/Content/FirstPersonBP/Blueprints/VHSTape.uasset.
[2018.05.09-14.43.32:434][  0]LoadErrors: Error: /Game/FirstPersonBP/Blueprints/VHSTape : Can't find file for asset. /Engine/BasicShapes/SUNPlane
[2018.05.09-14.43.32:434][  0]LogLinker: Warning: Can't find file '/Engine/BasicShapes/SUNPlane'
[2018.05.09-14.43.32:434][  0]LogLinker: Warning: Can't find file for asset '/Engine/BasicShapes/SUNPlane' while loading ../../../../../../Documentos/Unreal Projects/VRaporwave/VRaporwave/Content/FirstPersonBP/Blueprints/VHSTape.uasset.
[2018.05.09-14.43.32:435][  0]LoadErrors: Error: /Game/FirstPersonBP/Blueprints/VHSTape : Can't find file for asset. /Engine/BasicShapes/SUNPlane
[2018.05.09-14.43.32:828][  0]LogLinker: Warning: Can't find file '/Engine/BasicShapes/SUNPlane'
[2018.05.09-14.43.32:828][  0]LogLinker: Warning: Can't find file for asset '/Engine/BasicShapes/SUNPlane' while loading ../../../../../../Documentos/Unreal Projects/VRaporwave/VRaporwave/Content/FirstPersonBP/Blueprints/VHS.uasset.
[2018.05.09-14.43.32:828][  0]LoadErrors: Error: /Game/FirstPersonBP/Blueprints/VHS : Can't find file for asset. /Engine/BasicShapes/SUNPlane
[2018.05.09-14.43.32:831][  0]LogLinker: Warning: Can't find file '/Engine/BasicShapes/SUNPlane'
[2018.05.09-14.43.32:831][  0]LogLinker: Warning: Can't find file for asset '/Engine/BasicShapes/SUNPlane' while loading ../../../../../../Documentos/Unreal Projects/VRaporwave/VRaporwave/Content/FirstPersonBP/Blueprints/VHS.uasset.
[2018.05.09-14.43.32:831][  0]LoadErrors: Error: /Game/FirstPersonBP/Blueprints/VHS : Can't find file for asset. /Engine/BasicShapes/SUNPlane
[2018.05.09-14.43.32:834][  0]LogLinker: Warning: Can't find file '/Game/Assets/Ang/CoffeeTables/Rio1_SHD'
[2018.05.09-14.43.32:834][  0]LogLinker: Warning: Can't find file for asset '/Game/Assets/Ang/CoffeeTables/Rio1_SHD' while loading ../../../../../../Documentos/Unreal Projects/VRaporwave/VRaporwave/Content/VirtualRealityBP/Blueprints/Bottle.uasset.
[2018.05.09-14.43.32:834][  0]LoadErrors: Error: /Game/VirtualRealityBP/Blueprints/Bottle : Can't find file for asset. /Game/Assets/Ang/CoffeeTables/Rio1_SHD
[2018.05.09-14.43.32:846][  0]LogLinker: Warning: Can't find file '/Game/Assets/Ang/CoffeeTables/Rio1_SHD'
[2018.05.09-14.43.32:846][  0]LogLinker: Warning: Can't find file for asset '/Game/Assets/Ang/CoffeeTables/Rio1_SHD' while loading ../../../../../../Documentos/Unreal Projects/VRaporwave/VRaporwave/Content/VirtualRealityBP/Blueprints/Bottle.uasset.
[2018.05.09-14.43.32:847][  0]LoadErrors: Error: /Game/VirtualRealityBP/Blueprints/Bottle : Can't find file for asset. /Game/Assets/Ang/CoffeeTables/Rio1_SHD
[2018.05.09-14.43.32:848][  0]LogLinker: Warning: Can't find file '/Game/Assets/Ang/CoffeeTables/Rio1_SHD'
[2018.05.09-14.43.32:848][  0]LogLinker: Warning: Can't find file for asset '/Game/Assets/Ang/CoffeeTables/Rio1_SHD' while loading ../../../../../../Documentos/Unreal Projects/VRaporwave/VRaporwave/Content/VirtualRealityBP/Maps/MotionControllerMap.umap.
[2018.05.09-14.43.32:848][  0]LoadErrors: Error: /Game/VirtualRealityBP/Maps/MotionControllerMap : Can't find file for asset. /Game/Assets/Ang/CoffeeTables/Rio1_SHD
[2018.05.09-14.43.32:848][  0]LogLinker: Warning: Can't find file '/Game/Assets/Ang/CoffeeTables/Rio1_SHD'
[2018.05.09-14.43.32:848][  0]LogLinker: Warning: Can't find file for asset '/Game/Assets/Ang/CoffeeTables/Rio1_SHD' while loading ../../../../../../Documentos/Unreal Projects/VRaporwave/VRaporwave/Content/VirtualRealityBP/Maps/MotionControllerMap.umap.
[2018.05.09-14.43.32:848][  0]LoadErrors: Error: /Game/VirtualRealityBP/Maps/MotionControllerMap : Can't find file for asset. /Game/Assets/Ang/CoffeeTables/Rio1_SHD
[2018.05.09-14.43.32:849][  0]LogLinker: Warning: Can't find file '/Game/Assets/Ang/CoffeeTables/Rio1_SHD'
[2018.05.09-14.43.32:849][  0]LoadErrors: Failed to load /Game/Assets/Ang/CoffeeTables/Rio1_SHD.Rio1_SHD Referenced by StaticMeshComponent0
[2018.05.09-14.43.32:849][  0]LogLinker: Warning: Can't find file for asset '/Game/Assets/Ang/CoffeeTables/Rio1_SHD' while loading ../../../../../../Documentos/Unreal Projects/VRaporwave/VRaporwave/Content/VirtualRealityBP/Maps/MotionControllerMap.umap.
[2018.05.09-14.43.32:849][  0]LoadErrors: Failed to load /Game/Assets/Ang/CoffeeTables/Rio1_SHD.Rio1_SHD Referenced by StaticMeshComponent0
[2018.05.09-14.43.32:849][  0]LoadErrors: Error: /Game/VirtualRealityBP/Maps/MotionControllerMap : Can't find file for asset. /Game/Assets/Ang/CoffeeTables/Rio1_SHD
[2018.05.09-14.43.33:105][  0]LogLinker: Warning: Can't find file '/Engine/BasicShapes/SUNPlane'
[2018.05.09-14.43.33:105][  0]LogLinker: Warning: Can't find file for asset '/Engine/BasicShapes/SUNPlane' while loading ../../../../../../Documentos/Unreal Projects/VRaporwave/VRaporwave/Content/VirtualRealityBP/Blueprints/holobaseUV_Blueprint.uasset.
[2018.05.09-14.43.33:105][  0]LoadErrors: Error: /Game/VirtualRealityBP/Blueprints/holobaseUV_Blueprint : Can't find file for asset. /Engine/BasicShapes/SUNPlane
[2018.05.09-14.43.33:128][  0]LogLinker: Warning: Can't find file '/Engine/BasicShapes/SUNPlane'
[2018.05.09-14.43.33:129][  0]LogLinker: Warning: Can't find file for asset '/Engine/BasicShapes/SUNPlane' while loading ../../../../../../Documentos/Unreal Projects/VRaporwave/VRaporwave/Content/VirtualRealityBP/Blueprints/holobaseUV_Blueprint.uasset.
[2018.05.09-14.43.33:129][  0]LoadErrors: Error: /Game/VirtualRealityBP/Blueprints/holobaseUV_Blueprint : Can't find file for asset. /Engine/BasicShapes/SUNPlane
[2018.05.09-14.43.33:131][  0]LogLinker: Warning: Can't find file '/Engine/BasicShapes/SUNPlane'
[2018.05.09-14.43.33:131][  0]LogLinker: Warning: Can't find file for asset '/Engine/BasicShapes/SUNPlane' while loading ../../../../../../Documentos/Unreal Projects/VRaporwave/VRaporwave/Content/VirtualRealityBP/Maps/MotionControllerMap.umap.
[2018.05.09-14.43.33:131][  0]LoadErrors: Error: /Game/VirtualRealityBP/Maps/MotionControllerMap : Can't find file for asset. /Engine/BasicShapes/SUNPlane
[2018.05.09-14.43.33:132][  0]LogLinker: Warning: Can't find file '/Engine/BasicShapes/SUNPlane'
[2018.05.09-14.43.33:132][  0]LogLinker: Warning: Can't find file for asset '/Engine/BasicShapes/SUNPlane' while loading ../../../../../../Documentos/Unreal Projects/VRaporwave/VRaporwave/Content/VirtualRealityBP/Maps/MotionControllerMap.umap.
[2018.05.09-14.43.33:132][  0]LoadErrors: Error: /Game/VirtualRealityBP/Maps/MotionControllerMap : Can't find file for asset. /Engine/BasicShapes/SUNPlane
[2018.05.09-14.43.33:135][  0]LogLinker: Warning: Can't find file '/Engine/BasicShapes/SUNPlane'
[2018.05.09-14.43.33:136][  0]LoadErrors: Failed to load /Engine/BasicShapes/SUNPlane.SUNPlane Referenced by Plane_GEN_VARIABLE
[2018.05.09-14.43.33:136][  0]LogLinker: Warning: Can't find file for asset '/Engine/BasicShapes/SUNPlane' while loading ../../../../../../Documentos/Unreal Projects/VRaporwave/VRaporwave/Content/VirtualRealityBP/Maps/MotionControllerMap.umap.
[2018.05.09-14.43.33:136][  0]LoadErrors: Failed to load /Engine/BasicShapes/SUNPlane.SUNPlane Referenced by Plane_GEN_VARIABLE
[2018.05.09-14.43.33:136][  0]LoadErrors: Error: /Game/VirtualRealityBP/Maps/MotionControllerMap : Can't find file for asset. /Engine/BasicShapes/SUNPlane
[2018.05.09-14.43.33:136][  0]LogLinker: Warning: Can't find file '/Engine/BasicShapes/SUNPlane'
[2018.05.09-14.43.33:137][  0]LoadErrors: Failed to load /Engine/BasicShapes/SUNPlane.SUNPlane Referenced by StaticMesh_GEN_VARIABLE
[2018.05.09-14.43.33:137][  0]LogLinker: Warning: Can't find file for asset '/Engine/BasicShapes/SUNPlane' while loading ../../../../../../Documentos/Unreal Projects/VRaporwave/VRaporwave/Content/VirtualRealityBP/Maps/MotionControllerMap.umap.
[2018.05.09-14.43.33:137][  0]LoadErrors: Failed to load /Engine/BasicShapes/SUNPlane.SUNPlane Referenced by StaticMesh_GEN_VARIABLE
[2018.05.09-14.43.33:137][  0]LoadErrors: Error: /Game/VirtualRealityBP/Maps/MotionControllerMap : Can't find file for asset. /Engine/BasicShapes/SUNPlane
[2018.05.09-14.43.37:096][  0]LogLinker: Warning: Can't find file '/Engine/BasicShapes/SUNPlane'
[2018.05.09-14.43.37:097][  0]LogLinker: Warning: Can't find file for asset '/Engine/BasicShapes/SUNPlane' while loading ../../../../../../Documentos/Unreal Projects/VRaporwave/VRaporwave/Content/VirtualRealityBP/Maps/MotionControllerMap.umap.
[2018.05.09-14.43.37:097][  0]LoadErrors: Error: /Game/VirtualRealityBP/Maps/MotionControllerMap : Can't find file for asset. /Engine/BasicShapes/SUNPlane
[2018.05.09-14.43.38:262][  0]LogLinker: Warning: Can't find file '/Engine/BasicShapes/SUNPlane'
[2018.05.09-14.43.38:263][  0]LogLinker: Warning: Can't find file for asset '/Engine/BasicShapes/SUNPlane' while loading ../../../../../../Documentos/Unreal Projects/VRaporwave/VRaporwave/Content/VirtualRealityBP/Maps/MotionControllerMap.umap.
[2018.05.09-14.43.38:263][  0]LoadErrors: Error: /Game/VirtualRealityBP/Maps/MotionControllerMap : Can't find file for asset. /Engine/BasicShapes/SUNPlane
[2018.05.09-14.43.38:355][  0]LogLinker: Warning: Can't find file '/Engine/BasicShapes/SUNPlane'
[2018.05.09-14.43.38:355][  0]LogLinker: Warning: Can't find file for asset '/Engine/BasicShapes/SUNPlane' while loading NULL.
[2018.05.09-14.43.38:355][  0]LogLinker: Warning: Can't find file '/Engine/BasicShapes/SUNPlane'
[2018.05.09-14.43.38:356][  0]LogLinker: Warning: Can't find file for asset '/Engine/BasicShapes/SUNPlane' while loading NULL.
[2018.05.09-14.43.38:849][  0]LogLinker: Warning: Can't find file '/Engine/BasicShapes/SUNPlane'
[2018.05.09-14.43.38:850][  0]LoadErrors: Failed to load /Engine/BasicShapes/SUNPlane.SUNPlane Referenced by StaticMeshComponent0
[2018.05.09-14.43.38:850][  0]LogLinker: Warning: Can't find file for asset '/Engine/BasicShapes/SUNPlane' while loading NULL.
[2018.05.09-14.43.38:850][  0]LoadErrors: Failed to load /Engine/BasicShapes/SUNPlane.SUNPlane Referenced by StaticMeshComponent0
[2018.05.09-14.43.41:646][  0]LogTexture: Display: Building textures: fan_initialShadingGroup_OcclusionRoughnessMetallic (AutoDXT, 1024X1024)
[2018.05.09-14.43.41:646][  0]LogTexture: Display: Building textures: fan_initialShadingGroup_Normal (BC5, 1024X1024)
[2018.05.09-14.43.41:646][  0]LogTexture: Display: Building textures: fan_initialShadingGroup_BaseColor (AutoDXT, 1024X1024)
[2018.05.09-14.43.41:647][  0]LogLinker: Warning: Can't find file '/Game/StarterContent/Props/Materials/M_Frame'
[2018.05.09-14.43.41:647][  0]LoadErrors: Failed to load /Game/StarterContent/Props/Materials/M_Frame.M_Frame Referenced by SM_DoorFrame
[2018.05.09-14.43.41:647][  0]LogLinker: Warning: Can't find file for asset '/Game/StarterContent/Props/Materials/M_Frame' while loading NULL.
[2018.05.09-14.43.41:647][  0]LoadErrors: Failed to load /Game/StarterContent/Props/Materials/M_Frame.M_Frame Referenced by SM_DoorFrame
[2018.05.09-14.43.42:185][  0]LogTexture: Display: Building textures: leopardSkinRGB (AutoDXT, 3620X3620)
[2018.05.09-14.43.42:583][  0]LogTexture: Display: Building textures: leopardSkinGradeint (AutoDXT, 3620X3620)
[2018.05.09-14.43.42:583][  0]LogStaticMesh: Building static mesh fan_pCylinder1...
[2018.05.09-14.43.42:670][  0]LogStaticMesh: Built static mesh [0.09s] /Game/Assets/lateAdition/fan_pCylinder1.fan_pCylinder1
[2018.05.09-14.43.42:734][  0]LogStaticMesh: Building static mesh fan_polySurface6...
[2018.05.09-14.43.42:770][  0]LogStaticMesh: Built static mesh [0.04s] /Game/Assets/lateAdition/fan_polySurface6.fan_polySurface6
[2018.05.09-14.43.48:771][  0]LogMaterial: Missing cached shader map for material fan_initialShadingGroup_BaseColor_Mat, compiling. 
[2018.05.09-14.43.49:930][  0]LogMaterial: Missing cached shader map for material columns, compiling. 
[2018.05.09-14.43.51:441][  0]LogAIModule: Creating AISystem for world MotionControllerMap
[2018.05.09-14.43.54:723][  0]LogEditorServer: Finished looking for orphan Actors (0.001 secs)
[2018.05.09-14.43.55:720][  0]Cmd: MAP CHECKDEP NOCLEARLOG
[2018.05.09-14.43.58:631][  0]MapCheck: Map check complete: 0 Error(s), 0 Warning(s), took 2,903.555ms to complete.
[2018.05.09-14.43.58:631][  0]LogFileHelpers: Loading map 'MotionControllerMap' took 31.898
[2018.05.09-14.44.01:910][  0]LogCollectionManager: Loaded 0 collections in 0.001055 seconds
[2018.05.09-14.44.03:859][  0]LogFileCache: Scanning file cache for directory 'D:/Documentos/Unreal Projects/VRaporwave/VRaporwave/Saved/Collections/' took 0.01s
[2018.05.09-14.44.03:859][  0]LogFileCache: Scanning file cache for directory 'D:/Documentos/Unreal Projects/VRaporwave/VRaporwave/Content/Developers/PaopuKid/Collections/' took 0.01s
[2018.05.09-14.44.03:859][  0]LogFileCache: Scanning file cache for directory 'D:/Documentos/Unreal Projects/VRaporwave/VRaporwave/Content/Collections/' took 0.01s
[2018.05.09-14.44.03:859][  0]LogCollectionManager: Rebuilt the GUID cache for 0 collections in 0.000001 seconds
[2018.05.09-14.44.03:902][  0]LogContentBrowser: Native class hierarchy populated in 0.0272 seconds. Added 2363 classes and 519 folders.
[2018.05.09-14.44.04:113][  0]LogContentBrowser: Native class hierarchy updated for 'WidgetCarousel' in 0.0004 seconds. Added 0 classes and 0 folders.
[2018.05.09-14.44.05:399][  0]LogContentBrowser: Native class hierarchy updated for 'AddContentDialog' in 0.0006 seconds. Added 0 classes and 0 folders.
[2018.05.09-14.44.05:532][  0]LogContentBrowser: Native class hierarchy updated for 'SceneOutliner' in 0.0003 seconds. Added 1 classes and 2 folders.
[2018.05.09-14.44.07:011][  0]LogSlate: Took 0.015989 seconds to synchronously load lazily loaded font '../../../Engine/Content/Slate/Fonts/Roboto-Regular.ttf' (155K)
[2018.05.09-14.44.07:044][  0]LogSlate: Took 0.016055 seconds to synchronously load lazily loaded font '../../../Engine/Content/Slate/Fonts/Roboto-Bold.ttf' (160K)
[2018.05.09-14.44.07:121][  0]LogSlate: Took 0.034728 seconds to synchronously load lazily loaded font '../../../Engine/Content/Editor/Slate/Fonts/FontAwesome.ttf' (139K)
[2018.05.09-14.44.07:844][  0]LogRenderer: Reallocating scene render targets to support 1920x1080 Format 10 NumSamples 1 (Frame:1).
[2018.05.09-14.44.08:807][  0]LogContentBrowser: Native class hierarchy updated for 'HierarchicalLODOutliner' in 0.0003 seconds. Added 1 classes and 2 folders.
[2018.05.09-14.44.08:807][  0]LogLoad: (Engine Initialization) Total time: 143.28 seconds
[2018.05.09-14.44.08:807][  0]LogLoad: (Engine Initialization) Total Blueprint compile time: 0.00 seconds
[2018.05.09-14.44.08:819][  0]LogExternalProfiler: No external profilers were discovered.  External profiling features will not be available.
[2018.05.09-14.44.09:178][  0]SourceControl: On branch master
[2018.05.09-14.44.09:179][  0]SourceControl: Your branch is up-to-date with 'origin/master'.
[2018.05.09-14.44.09:179][  0]SourceControl: Changes not staged for commit:
[2018.05.09-14.44.09:179][  0]SourceControl:   (use "git add <file>..." to update what will be committed)
[2018.05.09-14.44.09:179][  0]SourceControl:   (use "git checkout -- <file>..." to discard changes in working directory)
[2018.05.09-14.44.09:179][  0]SourceControl: 	modified:   VRaporwave/Intermediate/CachedAssetRegistry.bin
[2018.05.09-14.44.09:179][  0]SourceControl: 	modified:   VRaporwave/Saved/Config/Windows/Editor.ini
[2018.05.09-14.44.09:179][  0]SourceControl: 	modified:   VRaporwave/Saved/Config/Windows/Engine.ini
[2018.05.09-14.44.09:179][  0]SourceControl: 	modified:   VRaporwave/Saved/Logs/VRaporwave.log
[2018.05.09-14.44.09:179][  0]SourceControl: Untracked files:
[2018.05.09-14.44.09:179][  0]SourceControl:   (use "git add <file>..." to include in what will be committed)
[2018.05.09-14.44.09:179][  0]SourceControl: 	VRaporwave/Saved/Config/CrashReportClient/UE4CC-Windows-3F7804244411BD0FCB059892DA7E56CE/
[2018.05.09-14.44.09:179][  0]SourceControl: no changes added to commit (use "git add" and/or "git commit -a")
[2018.05.09-14.44.09:198][  0]LogContentStreaming: Texture pool size now 1000 MB
[2018.05.09-14.44.09:834][  1]LogSlate: Took 0.013307 seconds to synchronously load lazily loaded font '../../../Engine/Content/Slate/Fonts/Roboto-Light.ttf' (159K)
[2018.05.09-14.44.10:176][  4]LogAssetRegistry: Asset discovery search completed in 101.5089 seconds
[2018.05.09-14.44.10:178][  4]LogCollectionManager: Rebuilt the object cache for 0 collections in 0.000000 seconds (found 0 objects)
[2018.05.09-14.44.10:179][  4]LogCollectionManager: Fixed up redirectors for 0 collections in 0.000065 seconds (updated 0 objects)
[2018.05.09-14.44.28:770][807]LogEditorViewport: Clicking on Actor (LMB): StaticMeshActor (TV_Flat_Bot)
[2018.05.09-14.44.30:237][843]Cmd: CAMERA ALIGN ACTIVEVIEWPORTONLY
[2018.05.09-14.44.32:269][921]LogEditorViewport: Clicking on Actor (LMB): StaticMeshActor (TV_Flat_Bot)
[2018.05.09-14.44.37:763][153]LogEditorViewport: Clicking on Actor (LMB): StaticMeshActor (Sehpa2)
[2018.05.09-14.44.38:893][196]Cmd: CAMERA ALIGN ACTIVEVIEWPORTONLY
[2018.05.09-14.48.52:805][ 39]LogEditorViewport: Clicking on Actor (LMB): Phone_C (Phone)
[2018.05.09-14.48.53:707][ 71]Cmd: CAMERA ALIGN ACTIVEVIEWPORTONLY
[2018.05.09-14.48.56:999][210]LogSlate: Took 0.014374 seconds to synchronously load lazily loaded font '../../../Engine/Content/Editor/Slate/Fonts/Roboto-Italic.ttf' (157K)
[2018.05.09-14.49.17:657][ 90]LogEditorViewport: Clicking on Actor (LMB): radio_Blueprint_C (radio_Blueprint)
[2018.05.09-14.49.21:904][266]LogSlate: Took 0.000384 seconds to synchronously load lazily loaded font '../../../Engine/Content/Slate/Fonts/Roboto-Light.ttf' (159K)
[2018.05.09-14.49.22:630][266]LogContentBrowser: Native class hierarchy updated for 'BlueprintGraph' in 0.0009 seconds. Added 116 classes and 0 folders.
[2018.05.09-14.49.24:397][266]LogSlate: Took 0.017548 seconds to synchronously load lazily loaded font '../../../Engine/Content/Editor/Slate/Fonts/Roboto-BoldCondensed.ttf' (158K)
[2018.05.09-14.49.39:435][836]LogSlate: Took 0.000154 seconds to synchronously load lazily loaded font '../../../Engine/Content/Slate/Fonts/Roboto-Light.ttf' (159K)
[2018.05.09-14.49.53:096][542]LogActorFactory: Actor Factory created Plane
[2018.05.09-14.49.53:462][557]LogActorFactory: Actor Factory created Plane
[2018.05.09-14.49.53:755][568]LogActorFactory: Actor Factory created Plane
[2018.05.09-14.50.43:251][781]Cmd: DELETE
[2018.05.09-14.50.43:251][781]Cmd: ACTOR DELETE
[2018.05.09-14.50.43:489][781]LogEditorActor: Deleted Actor: StaticMeshActor
[2018.05.09-14.50.43:525][781]LogEditorActor: Deleted 1 Actors (0.115 secs)
[2018.05.09-14.50.45:583][867]LogEditorViewport: Clicking on Actor (LMB): Phone_C (Phone)
[2018.05.09-14.52.21:168][ 13]LogEditorViewport: Clicking on Actor (LMB): MotionControllerPawn2_C (MotionControllerPawn2)
[2018.05.09-14.52.32:084][349]LogTemp: Repeating last play command: Simulate
[2018.05.09-14.52.35:004][349]LogBlueprintUserMessages: Early PlayInEditor Detection: Level '/Game/VirtualRealityBP/Maps/MotionControllerMap.MotionControllerMap:PersistentLevel' has LevelScriptBlueprint '/Game/VirtualRealityBP/Maps/MotionControllerMap.MotionControllerMap:PersistentLevel.MotionControllerMap' with GeneratedClass '/Game/VirtualRealityBP/Maps/MotionControllerMap.MotionControllerMap_C' with ClassGeneratedBy '/Game/VirtualRealityBP/Maps/MotionControllerMap.MotionControllerMap:PersistentLevel.MotionControllerMap'
[2018.05.09-14.52.35:028][349]LogPlayLevel: PlayLevel: No blueprints needed recompiling
[2018.05.09-14.52.35:152][349]PIE: New page: SIE session: MotionControllerMap (May 9, 2018, 2:52:35 PM)
[2018.05.09-14.52.35:161][349]LogPlayLevel: Creating play world package: /Game/VirtualRealityBP/Maps/UEDPIE_0_MotionControllerMap
[2018.05.09-14.52.35:275][349]LogPlayLevel: PIE: StaticDuplicateObject took: (0.113764s)
[2018.05.09-14.52.35:276][349]LogAIModule: Creating AISystem for world MotionControllerMap
[2018.05.09-14.52.35:276][349]LogPlayLevel: PIE: World Init took: (0.000932s)
[2018.05.09-14.52.35:282][349]LogPlayLevel: PIE: Created PIE world by copying editor world from /Game/VirtualRealityBP/Maps/MotionControllerMap.MotionControllerMap to /Game/VirtualRealityBP/Maps/UEDPIE_0_MotionControllerMap.MotionControllerMap (0.121121s)
[2018.05.09-14.52.35:380][349]LogInit: XAudio2 using 'Altavoces (Realtek High Definition Audio)' : 6 channels at 48 kHz using 32 bits per sample (channel mask 0x3f)
[2018.05.09-14.52.35:481][349]LogInit: FAudioDevice initialized.
[2018.05.09-14.52.35:537][349]LogUObjectGlobals: Warning: Failed to find object 'Class None.'
[2018.05.09-14.52.35:549][349]LogLoad: Game class is 'GameModeBase'
[2018.05.09-14.52.35:670][349]LogWorld: Bringing World /Game/VirtualRealityBP/Maps/UEDPIE_0_MotionControllerMap.MotionControllerMap up for play (max tick rate 60) at 2018.05.09-14.52.35
[2018.05.09-14.52.35:715][349]LogWorld: Bringing up level for play took: 0.091719
[2018.05.09-14.52.35:752][349]LogGameMode: FindPlayerStart: PATHS NOT DEFINED or NO PLAYERSTART with positive rating
[2018.05.09-14.52.35:869][349]LogContentBrowser: Native class hierarchy updated for 'MovieSceneCapture' in 0.0005 seconds. Added 11 classes and 0 folders.
[2018.05.09-14.52.36:027][349]PIE: Play in editor start time for /Game/VirtualRealityBP/Maps/UEDPIE_0_MotionControllerMap 0.965
[2018.05.09-14.52.36:207][349]LogBlueprintUserMessages: Late PlayInEditor Detection: Level '/Game/VirtualRealityBP/Maps/MotionControllerMap.MotionControllerMap:PersistentLevel' has LevelScriptBlueprint '/Game/VirtualRealityBP/Maps/MotionControllerMap.MotionControllerMap:PersistentLevel.MotionControllerMap' with GeneratedClass '/Game/VirtualRealityBP/Maps/MotionControllerMap.MotionControllerMap_C' with ClassGeneratedBy '/Game/VirtualRealityBP/Maps/MotionControllerMap.MotionControllerMap:PersistentLevel.MotionControllerMap'
[2018.05.09-14.52.39:445][506]LogBlueprintUserMessages: Early EndPlayMap Detection: Level '/Game/VirtualRealityBP/Maps/MotionControllerMap.MotionControllerMap:PersistentLevel' has LevelScriptBlueprint '/Game/VirtualRealityBP/Maps/MotionControllerMap.MotionControllerMap:PersistentLevel.MotionControllerMap' with GeneratedClass '/Game/VirtualRealityBP/Maps/MotionControllerMap.MotionControllerMap_C' with ClassGeneratedBy '/Game/VirtualRealityBP/Maps/MotionControllerMap.MotionControllerMap:PersistentLevel.MotionControllerMap'
[2018.05.09-14.52.39:637][506]LogBlueprintUserMessages: Late EndPlayMap Detection: Level '/Game/VirtualRealityBP/Maps/MotionControllerMap.MotionControllerMap:PersistentLevel' has LevelScriptBlueprint '/Game/VirtualRealityBP/Maps/MotionControllerMap.MotionControllerMap:PersistentLevel.MotionControllerMap' with GeneratedClass '/Game/VirtualRealityBP/Maps/MotionControllerMap.MotionControllerMap_C' with ClassGeneratedBy '/Game/VirtualRealityBP/Maps/MotionControllerMap.MotionControllerMap:PersistentLevel.MotionControllerMap'
[2018.05.09-14.52.39:831][506]LogActorComponent: ReregisterComponent: (/Game/VirtualRealityBP/Maps/MotionControllerMap.MotionControllerMap:PersistentLevel.Plane_2.MediaSound.AudioComponent_0) Not currently registered. Aborting.
[2018.05.09-14.52.39:831][506]LogActorComponent: ReregisterComponent: (/Game/VirtualRealityBP/Maps/MotionControllerMap.MotionControllerMap:PersistentLevel.Plane8_2.MediaSound.AudioComponent_1) Not currently registered. Aborting.
[2018.05.09-14.52.42:208][607]LogBlueprintUserMessages: Early PlayInEditor Detection: Level '/Game/VirtualRealityBP/Maps/MotionControllerMap.MotionControllerMap:PersistentLevel' has LevelScriptBlueprint '/Game/VirtualRealityBP/Maps/MotionControllerMap.MotionControllerMap:PersistentLevel.MotionControllerMap' with GeneratedClass '/Game/VirtualRealityBP/Maps/MotionControllerMap.MotionControllerMap_C' with ClassGeneratedBy '/Game/VirtualRealityBP/Maps/MotionControllerMap.MotionControllerMap:PersistentLevel.MotionControllerMap'
[2018.05.09-14.52.42:208][607]LogPlayLevel: PlayLevel: No blueprints needed recompiling
[2018.05.09-14.52.42:209][607]PIE: New page: PIE session: MotionControllerMap (May 9, 2018, 2:52:42 PM)
[2018.05.09-14.52.42:209][607]LogPlayLevel: Creating play world package: /Game/VirtualRealityBP/Maps/UEDPIE_0_MotionControllerMap
[2018.05.09-14.52.42:269][607]LogPlayLevel: PIE: StaticDuplicateObject took: (0.059790s)
[2018.05.09-14.52.42:270][607]LogAIModule: Creating AISystem for world MotionControllerMap
[2018.05.09-14.52.42:270][607]LogPlayLevel: PIE: World Init took: (0.001033s)
[2018.05.09-14.52.42:270][607]LogPlayLevel: PIE: Created PIE world by copying editor world from /Game/VirtualRealityBP/Maps/MotionControllerMap.MotionControllerMap to /Game/VirtualRealityBP/Maps/UEDPIE_0_MotionControllerMap.MotionControllerMap (0.061476s)
[2018.05.09-14.52.42:298][607]LogInit: XAudio2 using 'Altavoces (Realtek High Definition Audio)' : 6 channels at 48 kHz using 32 bits per sample (channel mask 0x3f)
[2018.05.09-14.52.42:396][607]LogInit: FAudioDevice initialized.
[2018.05.09-14.52.42:445][607]LogUObjectGlobals: Warning: Failed to find object 'Class None.'
[2018.05.09-14.52.42:445][607]LogLoad: Game class is 'GameModeBase'
[2018.05.09-14.52.42:467][607]LogWorld: Bringing World /Game/VirtualRealityBP/Maps/UEDPIE_0_MotionControllerMap.MotionControllerMap up for play (max tick rate 60) at 2018.05.09-14.52.42
[2018.05.09-14.52.42:469][607]LogWorld: Bringing up level for play took: 0.022463
[2018.05.09-14.52.42:475][607]PIE: Play in editor start time for /Game/VirtualRealityBP/Maps/UEDPIE_0_MotionControllerMap -0.586
[2018.05.09-14.52.42:476][607]LogBlueprintUserMessages: Late PlayInEditor Detection: Level '/Game/VirtualRealityBP/Maps/MotionControllerMap.MotionControllerMap:PersistentLevel' has LevelScriptBlueprint '/Game/VirtualRealityBP/Maps/MotionControllerMap.MotionControllerMap:PersistentLevel.MotionControllerMap' with GeneratedClass '/Game/VirtualRealityBP/Maps/MotionControllerMap.MotionControllerMap_C' with ClassGeneratedBy '/Game/VirtualRealityBP/Maps/MotionControllerMap.MotionControllerMap:PersistentLevel.MotionControllerMap'
[2018.05.09-14.52.46:061][813]LogBlueprintUserMessages: Early EndPlayMap Detection: Level '/Game/VirtualRealityBP/Maps/MotionControllerMap.MotionControllerMap:PersistentLevel' has LevelScriptBlueprint '/Game/VirtualRealityBP/Maps/MotionControllerMap.MotionControllerMap:PersistentLevel.MotionControllerMap' with GeneratedClass '/Game/VirtualRealityBP/Maps/MotionControllerMap.MotionControllerMap_C' with ClassGeneratedBy '/Game/VirtualRealityBP/Maps/MotionControllerMap.MotionControllerMap:PersistentLevel.MotionControllerMap'
[2018.05.09-14.52.46:108][813]LogBlueprintUserMessages: Late EndPlayMap Detection: Level '/Game/VirtualRealityBP/Maps/MotionControllerMap.MotionControllerMap:PersistentLevel' has LevelScriptBlueprint '/Game/VirtualRealityBP/Maps/MotionControllerMap.MotionControllerMap:PersistentLevel.MotionControllerMap' with GeneratedClass '/Game/VirtualRealityBP/Maps/MotionControllerMap.MotionControllerMap_C' with ClassGeneratedBy '/Game/VirtualRealityBP/Maps/MotionControllerMap.MotionControllerMap:PersistentLevel.MotionControllerMap'
[2018.05.09-14.52.46:157][813]LogActorComponent: ReregisterComponent: (/Game/VirtualRealityBP/Maps/MotionControllerMap.MotionControllerMap:PersistentLevel.Plane_2.MediaSound.AudioComponent_0) Not currently registered. Aborting.
[2018.05.09-14.52.46:157][813]LogActorComponent: ReregisterComponent: (/Game/VirtualRealityBP/Maps/MotionControllerMap.MotionControllerMap:PersistentLevel.Plane8_2.MediaSound.AudioComponent_1) Not currently registered. Aborting.
[2018.05.09-14.52.50:755][936]Cmd: OBJ SAVEPACKAGE PACKAGE="/Game/Assets/fromPablo/nokiacityman" FILE="../../../../../../Documentos/Unreal Projects/VRaporwave/VRaporwave/Content/Assets/fromPablo/nokiacityman.uasset" SILENT=true
[2018.05.09-14.52.50:853][936]LogSavePackage: Save=81.23ms
[2018.05.09-14.52.50:853][936]LogSavePackage: Moving '../../../../../../Documentos/Unreal Projects/VRaporwave/VRaporwave/Saved/nokiacitymanFD4CFFBB49DD404D5BA2BC893D10DC4B.tmp' to '../../../../../../Documentos/Unreal Projects/VRaporwave/VRaporwave/Content/Assets/fromPablo/nokiacityman.uasset'
[2018.05.09-14.52.50:898][936]LogSavePackage: Display: Finished SavePackage ../../../../../../Documentos/Unreal Projects/VRaporwave/VRaporwave/Content/Assets/fromPablo/nokiacityman.uasset
[2018.05.09-14.52.52:111][936]LogSavePackage: Save=981.98ms
[2018.05.09-14.52.52:112][936]LogSavePackage: Moving '../../../../../../Documentos/Unreal Projects/VRaporwave/VRaporwave/Saved/MotionControllerMap1F3A43F6450E890CFC3EC48860BE8663.tmp' to '../../../../../../Documentos/Unreal Projects/VRaporwave/VRaporwave/Content/VirtualRealityBP/Maps/MotionControllerMap.umap'
[2018.05.09-14.52.52:155][936]LogSavePackage: Display: Finished SavePackage ../../../../../../Documentos/Unreal Projects/VRaporwave/VRaporwave/Content/VirtualRealityBP/Maps/MotionControllerMap.umap
[2018.05.09-14.52.52:208][936]LogFileHelpers: Saving map 'MotionControllerMap' took 1.303
